[2023-11-21T08:05:50.236+0000] {processor.py:153} INFO - Started process (PID=76) to work on /home/airflow/.local/lib/python3.7/site-packages/airflow/example_dags/example_external_task_marker_dag.py
[2023-11-21T08:05:50.237+0000] {processor.py:743} INFO - Processing file /home/airflow/.local/lib/python3.7/site-packages/airflow/example_dags/example_external_task_marker_dag.py for tasks to queue
[2023-11-21T08:05:50.238+0000] {logging_mixin.py:137} INFO - [2023-11-21T08:05:50.238+0000] {dagbag.py:532} INFO - Filling up the DagBag from /home/airflow/.local/lib/python3.7/site-packages/airflow/example_dags/example_external_task_marker_dag.py
[2023-11-21T08:05:50.257+0000] {processor.py:753} INFO - DAG(s) dict_keys(['example_external_task_marker_child', 'example_external_task_marker_parent']) retrieved from /home/airflow/.local/lib/python3.7/site-packages/airflow/example_dags/example_external_task_marker_dag.py
[2023-11-21T08:05:50.275+0000] {logging_mixin.py:137} INFO - [2023-11-21T08:05:50.275+0000] {dag.py:2693} INFO - Sync 2 DAGs
[2023-11-21T08:05:50.316+0000] {logging_mixin.py:137} INFO - [2023-11-21T08:05:50.315+0000] {dag.py:3444} INFO - Setting next_dagrun for example_external_task_marker_child to None, run_after=None
[2023-11-21T08:05:50.321+0000] {logging_mixin.py:137} INFO - [2023-11-21T08:05:50.321+0000] {dag.py:3444} INFO - Setting next_dagrun for example_external_task_marker_parent to None, run_after=None
[2023-11-21T08:05:50.354+0000] {processor.py:175} INFO - Processing /home/airflow/.local/lib/python3.7/site-packages/airflow/example_dags/example_external_task_marker_dag.py took 0.121 seconds
[2023-11-21T08:06:20.472+0000] {processor.py:153} INFO - Started process (PID=126) to work on /home/airflow/.local/lib/python3.7/site-packages/airflow/example_dags/example_external_task_marker_dag.py
[2023-11-21T08:06:20.473+0000] {processor.py:743} INFO - Processing file /home/airflow/.local/lib/python3.7/site-packages/airflow/example_dags/example_external_task_marker_dag.py for tasks to queue
[2023-11-21T08:06:20.473+0000] {logging_mixin.py:137} INFO - [2023-11-21T08:06:20.473+0000] {dagbag.py:532} INFO - Filling up the DagBag from /home/airflow/.local/lib/python3.7/site-packages/airflow/example_dags/example_external_task_marker_dag.py
[2023-11-21T08:06:20.482+0000] {processor.py:753} INFO - DAG(s) dict_keys(['example_external_task_marker_child', 'example_external_task_marker_parent']) retrieved from /home/airflow/.local/lib/python3.7/site-packages/airflow/example_dags/example_external_task_marker_dag.py
[2023-11-21T08:06:20.501+0000] {logging_mixin.py:137} INFO - [2023-11-21T08:06:20.501+0000] {dag.py:2693} INFO - Sync 2 DAGs
[2023-11-21T08:06:20.518+0000] {logging_mixin.py:137} INFO - [2023-11-21T08:06:20.518+0000] {dag.py:3444} INFO - Setting next_dagrun for example_external_task_marker_child to None, run_after=None
[2023-11-21T08:06:20.520+0000] {logging_mixin.py:137} INFO - [2023-11-21T08:06:20.520+0000] {dag.py:3444} INFO - Setting next_dagrun for example_external_task_marker_parent to None, run_after=None
[2023-11-21T08:06:20.530+0000] {processor.py:175} INFO - Processing /home/airflow/.local/lib/python3.7/site-packages/airflow/example_dags/example_external_task_marker_dag.py took 0.061 seconds
[2023-11-21T08:06:51.209+0000] {processor.py:153} INFO - Started process (PID=174) to work on /home/airflow/.local/lib/python3.7/site-packages/airflow/example_dags/example_external_task_marker_dag.py
[2023-11-21T08:06:51.209+0000] {processor.py:743} INFO - Processing file /home/airflow/.local/lib/python3.7/site-packages/airflow/example_dags/example_external_task_marker_dag.py for tasks to queue
[2023-11-21T08:06:51.210+0000] {logging_mixin.py:137} INFO - [2023-11-21T08:06:51.210+0000] {dagbag.py:532} INFO - Filling up the DagBag from /home/airflow/.local/lib/python3.7/site-packages/airflow/example_dags/example_external_task_marker_dag.py
[2023-11-21T08:06:51.219+0000] {processor.py:753} INFO - DAG(s) dict_keys(['example_external_task_marker_child', 'example_external_task_marker_parent']) retrieved from /home/airflow/.local/lib/python3.7/site-packages/airflow/example_dags/example_external_task_marker_dag.py
[2023-11-21T08:06:51.238+0000] {logging_mixin.py:137} INFO - [2023-11-21T08:06:51.238+0000] {dag.py:2693} INFO - Sync 2 DAGs
[2023-11-21T08:06:51.253+0000] {logging_mixin.py:137} INFO - [2023-11-21T08:06:51.253+0000] {dag.py:3444} INFO - Setting next_dagrun for example_external_task_marker_child to None, run_after=None
[2023-11-21T08:06:51.255+0000] {logging_mixin.py:137} INFO - [2023-11-21T08:06:51.255+0000] {dag.py:3444} INFO - Setting next_dagrun for example_external_task_marker_parent to None, run_after=None
[2023-11-21T08:06:51.265+0000] {processor.py:175} INFO - Processing /home/airflow/.local/lib/python3.7/site-packages/airflow/example_dags/example_external_task_marker_dag.py took 0.058 seconds
[2023-11-21T08:07:21.972+0000] {processor.py:153} INFO - Started process (PID=223) to work on /home/airflow/.local/lib/python3.7/site-packages/airflow/example_dags/example_external_task_marker_dag.py
[2023-11-21T08:07:21.973+0000] {processor.py:743} INFO - Processing file /home/airflow/.local/lib/python3.7/site-packages/airflow/example_dags/example_external_task_marker_dag.py for tasks to queue
[2023-11-21T08:07:21.973+0000] {logging_mixin.py:137} INFO - [2023-11-21T08:07:21.973+0000] {dagbag.py:532} INFO - Filling up the DagBag from /home/airflow/.local/lib/python3.7/site-packages/airflow/example_dags/example_external_task_marker_dag.py
[2023-11-21T08:07:21.982+0000] {processor.py:753} INFO - DAG(s) dict_keys(['example_external_task_marker_child', 'example_external_task_marker_parent']) retrieved from /home/airflow/.local/lib/python3.7/site-packages/airflow/example_dags/example_external_task_marker_dag.py
[2023-11-21T08:07:22.001+0000] {logging_mixin.py:137} INFO - [2023-11-21T08:07:22.001+0000] {dag.py:2693} INFO - Sync 2 DAGs
[2023-11-21T08:07:22.016+0000] {logging_mixin.py:137} INFO - [2023-11-21T08:07:22.016+0000] {dag.py:3444} INFO - Setting next_dagrun for example_external_task_marker_child to None, run_after=None
[2023-11-21T08:07:22.018+0000] {logging_mixin.py:137} INFO - [2023-11-21T08:07:22.018+0000] {dag.py:3444} INFO - Setting next_dagrun for example_external_task_marker_parent to None, run_after=None
[2023-11-21T08:07:22.028+0000] {processor.py:175} INFO - Processing /home/airflow/.local/lib/python3.7/site-packages/airflow/example_dags/example_external_task_marker_dag.py took 0.058 seconds
[2023-11-21T08:07:52.802+0000] {processor.py:153} INFO - Started process (PID=272) to work on /home/airflow/.local/lib/python3.7/site-packages/airflow/example_dags/example_external_task_marker_dag.py
[2023-11-21T08:07:52.803+0000] {processor.py:743} INFO - Processing file /home/airflow/.local/lib/python3.7/site-packages/airflow/example_dags/example_external_task_marker_dag.py for tasks to queue
[2023-11-21T08:07:52.803+0000] {logging_mixin.py:137} INFO - [2023-11-21T08:07:52.803+0000] {dagbag.py:532} INFO - Filling up the DagBag from /home/airflow/.local/lib/python3.7/site-packages/airflow/example_dags/example_external_task_marker_dag.py
[2023-11-21T08:07:52.813+0000] {processor.py:753} INFO - DAG(s) dict_keys(['example_external_task_marker_child', 'example_external_task_marker_parent']) retrieved from /home/airflow/.local/lib/python3.7/site-packages/airflow/example_dags/example_external_task_marker_dag.py
[2023-11-21T08:07:52.831+0000] {logging_mixin.py:137} INFO - [2023-11-21T08:07:52.831+0000] {dag.py:2693} INFO - Sync 2 DAGs
[2023-11-21T08:07:52.848+0000] {logging_mixin.py:137} INFO - [2023-11-21T08:07:52.848+0000] {dag.py:3444} INFO - Setting next_dagrun for example_external_task_marker_child to None, run_after=None
[2023-11-21T08:07:52.850+0000] {logging_mixin.py:137} INFO - [2023-11-21T08:07:52.850+0000] {dag.py:3444} INFO - Setting next_dagrun for example_external_task_marker_parent to None, run_after=None
[2023-11-21T08:07:52.860+0000] {processor.py:175} INFO - Processing /home/airflow/.local/lib/python3.7/site-packages/airflow/example_dags/example_external_task_marker_dag.py took 0.060 seconds
[2023-11-21T08:08:23.588+0000] {processor.py:153} INFO - Started process (PID=321) to work on /home/airflow/.local/lib/python3.7/site-packages/airflow/example_dags/example_external_task_marker_dag.py
[2023-11-21T08:08:23.589+0000] {processor.py:743} INFO - Processing file /home/airflow/.local/lib/python3.7/site-packages/airflow/example_dags/example_external_task_marker_dag.py for tasks to queue
[2023-11-21T08:08:23.590+0000] {logging_mixin.py:137} INFO - [2023-11-21T08:08:23.589+0000] {dagbag.py:532} INFO - Filling up the DagBag from /home/airflow/.local/lib/python3.7/site-packages/airflow/example_dags/example_external_task_marker_dag.py
[2023-11-21T08:08:23.598+0000] {processor.py:753} INFO - DAG(s) dict_keys(['example_external_task_marker_child', 'example_external_task_marker_parent']) retrieved from /home/airflow/.local/lib/python3.7/site-packages/airflow/example_dags/example_external_task_marker_dag.py
[2023-11-21T08:08:23.615+0000] {logging_mixin.py:137} INFO - [2023-11-21T08:08:23.615+0000] {dag.py:2693} INFO - Sync 2 DAGs
[2023-11-21T08:08:23.631+0000] {logging_mixin.py:137} INFO - [2023-11-21T08:08:23.631+0000] {dag.py:3444} INFO - Setting next_dagrun for example_external_task_marker_child to None, run_after=None
[2023-11-21T08:08:23.633+0000] {logging_mixin.py:137} INFO - [2023-11-21T08:08:23.633+0000] {dag.py:3444} INFO - Setting next_dagrun for example_external_task_marker_parent to None, run_after=None
[2023-11-21T08:08:23.642+0000] {processor.py:175} INFO - Processing /home/airflow/.local/lib/python3.7/site-packages/airflow/example_dags/example_external_task_marker_dag.py took 0.056 seconds
[2023-11-21T08:08:54.374+0000] {processor.py:153} INFO - Started process (PID=370) to work on /home/airflow/.local/lib/python3.7/site-packages/airflow/example_dags/example_external_task_marker_dag.py
[2023-11-21T08:08:54.375+0000] {processor.py:743} INFO - Processing file /home/airflow/.local/lib/python3.7/site-packages/airflow/example_dags/example_external_task_marker_dag.py for tasks to queue
[2023-11-21T08:08:54.375+0000] {logging_mixin.py:137} INFO - [2023-11-21T08:08:54.375+0000] {dagbag.py:532} INFO - Filling up the DagBag from /home/airflow/.local/lib/python3.7/site-packages/airflow/example_dags/example_external_task_marker_dag.py
[2023-11-21T08:08:54.384+0000] {processor.py:753} INFO - DAG(s) dict_keys(['example_external_task_marker_child', 'example_external_task_marker_parent']) retrieved from /home/airflow/.local/lib/python3.7/site-packages/airflow/example_dags/example_external_task_marker_dag.py
[2023-11-21T08:08:54.401+0000] {logging_mixin.py:137} INFO - [2023-11-21T08:08:54.401+0000] {dag.py:2693} INFO - Sync 2 DAGs
[2023-11-21T08:08:54.416+0000] {logging_mixin.py:137} INFO - [2023-11-21T08:08:54.416+0000] {dag.py:3444} INFO - Setting next_dagrun for example_external_task_marker_child to None, run_after=None
[2023-11-21T08:08:54.418+0000] {logging_mixin.py:137} INFO - [2023-11-21T08:08:54.418+0000] {dag.py:3444} INFO - Setting next_dagrun for example_external_task_marker_parent to None, run_after=None
[2023-11-21T08:08:54.428+0000] {processor.py:175} INFO - Processing /home/airflow/.local/lib/python3.7/site-packages/airflow/example_dags/example_external_task_marker_dag.py took 0.056 seconds
[2023-11-21T08:09:25.116+0000] {processor.py:153} INFO - Started process (PID=419) to work on /home/airflow/.local/lib/python3.7/site-packages/airflow/example_dags/example_external_task_marker_dag.py
[2023-11-21T08:09:25.117+0000] {processor.py:743} INFO - Processing file /home/airflow/.local/lib/python3.7/site-packages/airflow/example_dags/example_external_task_marker_dag.py for tasks to queue
[2023-11-21T08:09:25.117+0000] {logging_mixin.py:137} INFO - [2023-11-21T08:09:25.117+0000] {dagbag.py:532} INFO - Filling up the DagBag from /home/airflow/.local/lib/python3.7/site-packages/airflow/example_dags/example_external_task_marker_dag.py
[2023-11-21T08:09:25.126+0000] {processor.py:753} INFO - DAG(s) dict_keys(['example_external_task_marker_parent', 'example_external_task_marker_child']) retrieved from /home/airflow/.local/lib/python3.7/site-packages/airflow/example_dags/example_external_task_marker_dag.py
[2023-11-21T08:09:25.144+0000] {logging_mixin.py:137} INFO - [2023-11-21T08:09:25.143+0000] {dag.py:2693} INFO - Sync 2 DAGs
[2023-11-21T08:09:25.159+0000] {logging_mixin.py:137} INFO - [2023-11-21T08:09:25.158+0000] {dag.py:3444} INFO - Setting next_dagrun for example_external_task_marker_child to None, run_after=None
[2023-11-21T08:09:25.161+0000] {logging_mixin.py:137} INFO - [2023-11-21T08:09:25.161+0000] {dag.py:3444} INFO - Setting next_dagrun for example_external_task_marker_parent to None, run_after=None
[2023-11-21T08:09:25.172+0000] {processor.py:175} INFO - Processing /home/airflow/.local/lib/python3.7/site-packages/airflow/example_dags/example_external_task_marker_dag.py took 0.058 seconds
[2023-11-21T08:09:55.911+0000] {processor.py:153} INFO - Started process (PID=468) to work on /home/airflow/.local/lib/python3.7/site-packages/airflow/example_dags/example_external_task_marker_dag.py
[2023-11-21T08:09:55.912+0000] {processor.py:743} INFO - Processing file /home/airflow/.local/lib/python3.7/site-packages/airflow/example_dags/example_external_task_marker_dag.py for tasks to queue
[2023-11-21T08:09:55.912+0000] {logging_mixin.py:137} INFO - [2023-11-21T08:09:55.912+0000] {dagbag.py:532} INFO - Filling up the DagBag from /home/airflow/.local/lib/python3.7/site-packages/airflow/example_dags/example_external_task_marker_dag.py
[2023-11-21T08:09:55.921+0000] {processor.py:753} INFO - DAG(s) dict_keys(['example_external_task_marker_parent', 'example_external_task_marker_child']) retrieved from /home/airflow/.local/lib/python3.7/site-packages/airflow/example_dags/example_external_task_marker_dag.py
[2023-11-21T08:09:55.939+0000] {logging_mixin.py:137} INFO - [2023-11-21T08:09:55.939+0000] {dag.py:2693} INFO - Sync 2 DAGs
[2023-11-21T08:09:55.954+0000] {logging_mixin.py:137} INFO - [2023-11-21T08:09:55.954+0000] {dag.py:3444} INFO - Setting next_dagrun for example_external_task_marker_child to None, run_after=None
[2023-11-21T08:09:55.956+0000] {logging_mixin.py:137} INFO - [2023-11-21T08:09:55.956+0000] {dag.py:3444} INFO - Setting next_dagrun for example_external_task_marker_parent to None, run_after=None
[2023-11-21T08:09:55.966+0000] {processor.py:175} INFO - Processing /home/airflow/.local/lib/python3.7/site-packages/airflow/example_dags/example_external_task_marker_dag.py took 0.057 seconds
[2023-11-21T08:10:26.947+0000] {processor.py:153} INFO - Started process (PID=517) to work on /home/airflow/.local/lib/python3.7/site-packages/airflow/example_dags/example_external_task_marker_dag.py
[2023-11-21T08:10:26.948+0000] {processor.py:743} INFO - Processing file /home/airflow/.local/lib/python3.7/site-packages/airflow/example_dags/example_external_task_marker_dag.py for tasks to queue
[2023-11-21T08:10:26.948+0000] {logging_mixin.py:137} INFO - [2023-11-21T08:10:26.948+0000] {dagbag.py:532} INFO - Filling up the DagBag from /home/airflow/.local/lib/python3.7/site-packages/airflow/example_dags/example_external_task_marker_dag.py
[2023-11-21T08:10:26.957+0000] {processor.py:753} INFO - DAG(s) dict_keys(['example_external_task_marker_child', 'example_external_task_marker_parent']) retrieved from /home/airflow/.local/lib/python3.7/site-packages/airflow/example_dags/example_external_task_marker_dag.py
[2023-11-21T08:10:26.975+0000] {logging_mixin.py:137} INFO - [2023-11-21T08:10:26.975+0000] {dag.py:2693} INFO - Sync 2 DAGs
[2023-11-21T08:10:26.991+0000] {logging_mixin.py:137} INFO - [2023-11-21T08:10:26.991+0000] {dag.py:3444} INFO - Setting next_dagrun for example_external_task_marker_child to None, run_after=None
[2023-11-21T08:10:26.993+0000] {logging_mixin.py:137} INFO - [2023-11-21T08:10:26.993+0000] {dag.py:3444} INFO - Setting next_dagrun for example_external_task_marker_parent to None, run_after=None
[2023-11-21T08:10:27.002+0000] {processor.py:175} INFO - Processing /home/airflow/.local/lib/python3.7/site-packages/airflow/example_dags/example_external_task_marker_dag.py took 0.058 seconds
[2023-11-21T08:10:57.097+0000] {processor.py:153} INFO - Started process (PID=566) to work on /home/airflow/.local/lib/python3.7/site-packages/airflow/example_dags/example_external_task_marker_dag.py
[2023-11-21T08:10:57.098+0000] {processor.py:743} INFO - Processing file /home/airflow/.local/lib/python3.7/site-packages/airflow/example_dags/example_external_task_marker_dag.py for tasks to queue
[2023-11-21T08:10:57.099+0000] {logging_mixin.py:137} INFO - [2023-11-21T08:10:57.099+0000] {dagbag.py:532} INFO - Filling up the DagBag from /home/airflow/.local/lib/python3.7/site-packages/airflow/example_dags/example_external_task_marker_dag.py
[2023-11-21T08:10:57.108+0000] {processor.py:753} INFO - DAG(s) dict_keys(['example_external_task_marker_parent', 'example_external_task_marker_child']) retrieved from /home/airflow/.local/lib/python3.7/site-packages/airflow/example_dags/example_external_task_marker_dag.py
[2023-11-21T08:10:57.125+0000] {logging_mixin.py:137} INFO - [2023-11-21T08:10:57.125+0000] {dag.py:2693} INFO - Sync 2 DAGs
[2023-11-21T08:10:57.141+0000] {logging_mixin.py:137} INFO - [2023-11-21T08:10:57.141+0000] {dag.py:3444} INFO - Setting next_dagrun for example_external_task_marker_child to None, run_after=None
[2023-11-21T08:10:57.143+0000] {logging_mixin.py:137} INFO - [2023-11-21T08:10:57.143+0000] {dag.py:3444} INFO - Setting next_dagrun for example_external_task_marker_parent to None, run_after=None
[2023-11-21T08:10:57.152+0000] {processor.py:175} INFO - Processing /home/airflow/.local/lib/python3.7/site-packages/airflow/example_dags/example_external_task_marker_dag.py took 0.057 seconds
[2023-11-21T08:11:27.264+0000] {processor.py:153} INFO - Started process (PID=615) to work on /home/airflow/.local/lib/python3.7/site-packages/airflow/example_dags/example_external_task_marker_dag.py
[2023-11-21T08:11:27.264+0000] {processor.py:743} INFO - Processing file /home/airflow/.local/lib/python3.7/site-packages/airflow/example_dags/example_external_task_marker_dag.py for tasks to queue
[2023-11-21T08:11:27.265+0000] {logging_mixin.py:137} INFO - [2023-11-21T08:11:27.265+0000] {dagbag.py:532} INFO - Filling up the DagBag from /home/airflow/.local/lib/python3.7/site-packages/airflow/example_dags/example_external_task_marker_dag.py
[2023-11-21T08:11:27.274+0000] {processor.py:753} INFO - DAG(s) dict_keys(['example_external_task_marker_parent', 'example_external_task_marker_child']) retrieved from /home/airflow/.local/lib/python3.7/site-packages/airflow/example_dags/example_external_task_marker_dag.py
[2023-11-21T08:11:27.292+0000] {logging_mixin.py:137} INFO - [2023-11-21T08:11:27.292+0000] {dag.py:2693} INFO - Sync 2 DAGs
[2023-11-21T08:11:27.309+0000] {logging_mixin.py:137} INFO - [2023-11-21T08:11:27.309+0000] {dag.py:3444} INFO - Setting next_dagrun for example_external_task_marker_child to None, run_after=None
[2023-11-21T08:11:27.311+0000] {logging_mixin.py:137} INFO - [2023-11-21T08:11:27.311+0000] {dag.py:3444} INFO - Setting next_dagrun for example_external_task_marker_parent to None, run_after=None
[2023-11-21T08:11:27.321+0000] {processor.py:175} INFO - Processing /home/airflow/.local/lib/python3.7/site-packages/airflow/example_dags/example_external_task_marker_dag.py took 0.060 seconds
[2023-11-21T08:11:57.549+0000] {processor.py:153} INFO - Started process (PID=664) to work on /home/airflow/.local/lib/python3.7/site-packages/airflow/example_dags/example_external_task_marker_dag.py
[2023-11-21T08:11:57.550+0000] {processor.py:743} INFO - Processing file /home/airflow/.local/lib/python3.7/site-packages/airflow/example_dags/example_external_task_marker_dag.py for tasks to queue
[2023-11-21T08:11:57.550+0000] {logging_mixin.py:137} INFO - [2023-11-21T08:11:57.550+0000] {dagbag.py:532} INFO - Filling up the DagBag from /home/airflow/.local/lib/python3.7/site-packages/airflow/example_dags/example_external_task_marker_dag.py
[2023-11-21T08:11:57.561+0000] {processor.py:753} INFO - DAG(s) dict_keys(['example_external_task_marker_child', 'example_external_task_marker_parent']) retrieved from /home/airflow/.local/lib/python3.7/site-packages/airflow/example_dags/example_external_task_marker_dag.py
[2023-11-21T08:11:57.582+0000] {logging_mixin.py:137} INFO - [2023-11-21T08:11:57.582+0000] {dag.py:2693} INFO - Sync 2 DAGs
[2023-11-21T08:11:57.600+0000] {logging_mixin.py:137} INFO - [2023-11-21T08:11:57.600+0000] {dag.py:3444} INFO - Setting next_dagrun for example_external_task_marker_child to None, run_after=None
[2023-11-21T08:11:57.603+0000] {logging_mixin.py:137} INFO - [2023-11-21T08:11:57.603+0000] {dag.py:3444} INFO - Setting next_dagrun for example_external_task_marker_parent to None, run_after=None
[2023-11-21T08:11:57.616+0000] {processor.py:175} INFO - Processing /home/airflow/.local/lib/python3.7/site-packages/airflow/example_dags/example_external_task_marker_dag.py took 0.071 seconds
[2023-11-21T08:12:28.450+0000] {processor.py:153} INFO - Started process (PID=713) to work on /home/airflow/.local/lib/python3.7/site-packages/airflow/example_dags/example_external_task_marker_dag.py
[2023-11-21T08:12:28.451+0000] {processor.py:743} INFO - Processing file /home/airflow/.local/lib/python3.7/site-packages/airflow/example_dags/example_external_task_marker_dag.py for tasks to queue
[2023-11-21T08:12:28.451+0000] {logging_mixin.py:137} INFO - [2023-11-21T08:12:28.451+0000] {dagbag.py:532} INFO - Filling up the DagBag from /home/airflow/.local/lib/python3.7/site-packages/airflow/example_dags/example_external_task_marker_dag.py
[2023-11-21T08:12:28.460+0000] {processor.py:753} INFO - DAG(s) dict_keys(['example_external_task_marker_parent', 'example_external_task_marker_child']) retrieved from /home/airflow/.local/lib/python3.7/site-packages/airflow/example_dags/example_external_task_marker_dag.py
[2023-11-21T08:12:28.478+0000] {logging_mixin.py:137} INFO - [2023-11-21T08:12:28.478+0000] {dag.py:2693} INFO - Sync 2 DAGs
[2023-11-21T08:12:28.496+0000] {logging_mixin.py:137} INFO - [2023-11-21T08:12:28.496+0000] {dag.py:3444} INFO - Setting next_dagrun for example_external_task_marker_child to None, run_after=None
[2023-11-21T08:12:28.499+0000] {logging_mixin.py:137} INFO - [2023-11-21T08:12:28.499+0000] {dag.py:3444} INFO - Setting next_dagrun for example_external_task_marker_parent to None, run_after=None
[2023-11-21T08:12:28.510+0000] {processor.py:175} INFO - Processing /home/airflow/.local/lib/python3.7/site-packages/airflow/example_dags/example_external_task_marker_dag.py took 0.064 seconds
[2023-11-21T08:19:23.367+0000] {processor.py:153} INFO - Started process (PID=76) to work on /home/airflow/.local/lib/python3.7/site-packages/airflow/example_dags/example_external_task_marker_dag.py
[2023-11-21T08:19:23.368+0000] {processor.py:743} INFO - Processing file /home/airflow/.local/lib/python3.7/site-packages/airflow/example_dags/example_external_task_marker_dag.py for tasks to queue
[2023-11-21T08:19:23.369+0000] {logging_mixin.py:137} INFO - [2023-11-21T08:19:23.369+0000] {dagbag.py:532} INFO - Filling up the DagBag from /home/airflow/.local/lib/python3.7/site-packages/airflow/example_dags/example_external_task_marker_dag.py
[2023-11-21T08:19:23.386+0000] {processor.py:753} INFO - DAG(s) dict_keys(['example_external_task_marker_parent', 'example_external_task_marker_child']) retrieved from /home/airflow/.local/lib/python3.7/site-packages/airflow/example_dags/example_external_task_marker_dag.py
[2023-11-21T08:19:23.471+0000] {logging_mixin.py:137} INFO - [2023-11-21T08:19:23.471+0000] {manager.py:504} INFO - Created Permission View: can edit on DAG:example_external_task_marker_parent
[2023-11-21T08:19:23.479+0000] {logging_mixin.py:137} INFO - [2023-11-21T08:19:23.479+0000] {manager.py:504} INFO - Created Permission View: can read on DAG:example_external_task_marker_parent
[2023-11-21T08:19:23.485+0000] {logging_mixin.py:137} INFO - [2023-11-21T08:19:23.485+0000] {manager.py:504} INFO - Created Permission View: can delete on DAG:example_external_task_marker_parent
[2023-11-21T08:19:23.496+0000] {logging_mixin.py:137} INFO - [2023-11-21T08:19:23.496+0000] {manager.py:504} INFO - Created Permission View: can edit on DAG:example_external_task_marker_child
[2023-11-21T08:19:23.503+0000] {logging_mixin.py:137} INFO - [2023-11-21T08:19:23.503+0000] {manager.py:504} INFO - Created Permission View: can read on DAG:example_external_task_marker_child
[2023-11-21T08:19:23.508+0000] {logging_mixin.py:137} INFO - [2023-11-21T08:19:23.508+0000] {manager.py:504} INFO - Created Permission View: can delete on DAG:example_external_task_marker_child
[2023-11-21T08:19:23.509+0000] {logging_mixin.py:137} INFO - [2023-11-21T08:19:23.509+0000] {dag.py:2693} INFO - Sync 2 DAGs
[2023-11-21T08:19:23.517+0000] {logging_mixin.py:137} INFO - [2023-11-21T08:19:23.517+0000] {dag.py:2714} INFO - Creating ORM DAG for example_external_task_marker_child
[2023-11-21T08:19:23.518+0000] {logging_mixin.py:137} INFO - [2023-11-21T08:19:23.518+0000] {dag.py:2714} INFO - Creating ORM DAG for example_external_task_marker_parent
[2023-11-21T08:19:23.525+0000] {logging_mixin.py:137} INFO - [2023-11-21T08:19:23.525+0000] {dag.py:3444} INFO - Setting next_dagrun for example_external_task_marker_child to None, run_after=None
[2023-11-21T08:19:23.526+0000] {logging_mixin.py:137} INFO - [2023-11-21T08:19:23.526+0000] {dag.py:3444} INFO - Setting next_dagrun for example_external_task_marker_parent to None, run_after=None
[2023-11-21T08:19:23.540+0000] {processor.py:175} INFO - Processing /home/airflow/.local/lib/python3.7/site-packages/airflow/example_dags/example_external_task_marker_dag.py took 0.176 seconds
[2023-11-21T08:19:53.769+0000] {processor.py:153} INFO - Started process (PID=126) to work on /home/airflow/.local/lib/python3.7/site-packages/airflow/example_dags/example_external_task_marker_dag.py
[2023-11-21T08:19:53.770+0000] {processor.py:743} INFO - Processing file /home/airflow/.local/lib/python3.7/site-packages/airflow/example_dags/example_external_task_marker_dag.py for tasks to queue
[2023-11-21T08:19:53.771+0000] {logging_mixin.py:137} INFO - [2023-11-21T08:19:53.771+0000] {dagbag.py:532} INFO - Filling up the DagBag from /home/airflow/.local/lib/python3.7/site-packages/airflow/example_dags/example_external_task_marker_dag.py
[2023-11-21T08:19:53.785+0000] {processor.py:753} INFO - DAG(s) dict_keys(['example_external_task_marker_child', 'example_external_task_marker_parent']) retrieved from /home/airflow/.local/lib/python3.7/site-packages/airflow/example_dags/example_external_task_marker_dag.py
[2023-11-21T08:19:53.820+0000] {logging_mixin.py:137} INFO - [2023-11-21T08:19:53.820+0000] {dag.py:2693} INFO - Sync 2 DAGs
[2023-11-21T08:19:53.846+0000] {logging_mixin.py:137} INFO - [2023-11-21T08:19:53.846+0000] {dag.py:3444} INFO - Setting next_dagrun for example_external_task_marker_child to None, run_after=None
[2023-11-21T08:19:53.849+0000] {logging_mixin.py:137} INFO - [2023-11-21T08:19:53.849+0000] {dag.py:3444} INFO - Setting next_dagrun for example_external_task_marker_parent to None, run_after=None
[2023-11-21T08:19:53.866+0000] {processor.py:175} INFO - Processing /home/airflow/.local/lib/python3.7/site-packages/airflow/example_dags/example_external_task_marker_dag.py took 0.100 seconds
[2023-11-21T08:20:24.558+0000] {processor.py:153} INFO - Started process (PID=175) to work on /home/airflow/.local/lib/python3.7/site-packages/airflow/example_dags/example_external_task_marker_dag.py
[2023-11-21T08:20:24.560+0000] {processor.py:743} INFO - Processing file /home/airflow/.local/lib/python3.7/site-packages/airflow/example_dags/example_external_task_marker_dag.py for tasks to queue
[2023-11-21T08:20:24.561+0000] {logging_mixin.py:137} INFO - [2023-11-21T08:20:24.560+0000] {dagbag.py:532} INFO - Filling up the DagBag from /home/airflow/.local/lib/python3.7/site-packages/airflow/example_dags/example_external_task_marker_dag.py
[2023-11-21T08:20:24.572+0000] {processor.py:753} INFO - DAG(s) dict_keys(['example_external_task_marker_parent', 'example_external_task_marker_child']) retrieved from /home/airflow/.local/lib/python3.7/site-packages/airflow/example_dags/example_external_task_marker_dag.py
[2023-11-21T08:20:24.611+0000] {logging_mixin.py:137} INFO - [2023-11-21T08:20:24.611+0000] {dag.py:2693} INFO - Sync 2 DAGs
[2023-11-21T08:20:24.650+0000] {logging_mixin.py:137} INFO - [2023-11-21T08:20:24.650+0000] {dag.py:3444} INFO - Setting next_dagrun for example_external_task_marker_child to None, run_after=None
[2023-11-21T08:20:24.654+0000] {logging_mixin.py:137} INFO - [2023-11-21T08:20:24.654+0000] {dag.py:3444} INFO - Setting next_dagrun for example_external_task_marker_parent to None, run_after=None
[2023-11-21T08:20:24.673+0000] {processor.py:175} INFO - Processing /home/airflow/.local/lib/python3.7/site-packages/airflow/example_dags/example_external_task_marker_dag.py took 0.118 seconds
[2023-11-21T08:20:55.772+0000] {processor.py:153} INFO - Started process (PID=224) to work on /home/airflow/.local/lib/python3.7/site-packages/airflow/example_dags/example_external_task_marker_dag.py
[2023-11-21T08:20:55.774+0000] {processor.py:743} INFO - Processing file /home/airflow/.local/lib/python3.7/site-packages/airflow/example_dags/example_external_task_marker_dag.py for tasks to queue
[2023-11-21T08:20:55.776+0000] {logging_mixin.py:137} INFO - [2023-11-21T08:20:55.776+0000] {dagbag.py:532} INFO - Filling up the DagBag from /home/airflow/.local/lib/python3.7/site-packages/airflow/example_dags/example_external_task_marker_dag.py
[2023-11-21T08:20:55.850+0000] {processor.py:753} INFO - DAG(s) dict_keys(['example_external_task_marker_child', 'example_external_task_marker_parent']) retrieved from /home/airflow/.local/lib/python3.7/site-packages/airflow/example_dags/example_external_task_marker_dag.py
[2023-11-21T08:20:55.967+0000] {logging_mixin.py:137} INFO - [2023-11-21T08:20:55.967+0000] {dag.py:2693} INFO - Sync 2 DAGs
[2023-11-21T08:20:56.013+0000] {logging_mixin.py:137} INFO - [2023-11-21T08:20:56.013+0000] {dag.py:3444} INFO - Setting next_dagrun for example_external_task_marker_child to None, run_after=None
[2023-11-21T08:20:56.018+0000] {logging_mixin.py:137} INFO - [2023-11-21T08:20:56.017+0000] {dag.py:3444} INFO - Setting next_dagrun for example_external_task_marker_parent to None, run_after=None
[2023-11-21T08:20:56.039+0000] {processor.py:175} INFO - Processing /home/airflow/.local/lib/python3.7/site-packages/airflow/example_dags/example_external_task_marker_dag.py took 0.276 seconds
