[2023-11-21T08:05:48.456+0000] {processor.py:153} INFO - Started process (PID=53) to work on /home/airflow/.local/lib/python3.7/site-packages/airflow/example_dags/example_python_operator.py
[2023-11-21T08:05:48.458+0000] {processor.py:743} INFO - Processing file /home/airflow/.local/lib/python3.7/site-packages/airflow/example_dags/example_python_operator.py for tasks to queue
[2023-11-21T08:05:48.458+0000] {logging_mixin.py:137} INFO - [2023-11-21T08:05:48.458+0000] {dagbag.py:532} INFO - Filling up the DagBag from /home/airflow/.local/lib/python3.7/site-packages/airflow/example_dags/example_python_operator.py
[2023-11-21T08:05:48.479+0000] {logging_mixin.py:137} INFO - [2023-11-21T08:05:48.479+0000] {taskmixin.py:211} WARNING - Dependency <Task(_PythonDecoratedOperator): print_the_context>, log_sql_query already registered for DAG: example_python_operator
[2023-11-21T08:05:48.480+0000] {logging_mixin.py:137} INFO - [2023-11-21T08:05:48.480+0000] {taskmixin.py:211} WARNING - Dependency <Task(_PythonDecoratedOperator): log_sql_query>, print_the_context already registered for DAG: example_python_operator
[2023-11-21T08:05:48.481+0000] {logging_mixin.py:137} INFO - [2023-11-21T08:05:48.481+0000] {taskmixin.py:211} WARNING - Dependency <Task(_PythonDecoratedOperator): print_the_context>, log_sql_query already registered for DAG: example_python_operator
[2023-11-21T08:05:48.481+0000] {logging_mixin.py:137} INFO - [2023-11-21T08:05:48.481+0000] {taskmixin.py:211} WARNING - Dependency <Task(_PythonDecoratedOperator): log_sql_query>, print_the_context already registered for DAG: example_python_operator
[2023-11-21T08:05:48.482+0000] {logging_mixin.py:137} INFO - [2023-11-21T08:05:48.482+0000] {taskmixin.py:211} WARNING - Dependency <Task(_PythonDecoratedOperator): print_the_context>, log_sql_query already registered for DAG: example_python_operator
[2023-11-21T08:05:48.482+0000] {logging_mixin.py:137} INFO - [2023-11-21T08:05:48.482+0000] {taskmixin.py:211} WARNING - Dependency <Task(_PythonDecoratedOperator): log_sql_query>, print_the_context already registered for DAG: example_python_operator
[2023-11-21T08:05:48.483+0000] {logging_mixin.py:137} INFO - [2023-11-21T08:05:48.483+0000] {taskmixin.py:211} WARNING - Dependency <Task(_PythonDecoratedOperator): print_the_context>, log_sql_query already registered for DAG: example_python_operator
[2023-11-21T08:05:48.483+0000] {logging_mixin.py:137} INFO - [2023-11-21T08:05:48.483+0000] {taskmixin.py:211} WARNING - Dependency <Task(_PythonDecoratedOperator): log_sql_query>, print_the_context already registered for DAG: example_python_operator
[2023-11-21T08:05:48.489+0000] {processor.py:753} INFO - DAG(s) dict_keys(['example_python_operator']) retrieved from /home/airflow/.local/lib/python3.7/site-packages/airflow/example_dags/example_python_operator.py
[2023-11-21T08:05:48.501+0000] {logging_mixin.py:137} INFO - [2023-11-21T08:05:48.501+0000] {dag.py:2693} INFO - Sync 1 DAGs
[2023-11-21T08:05:48.522+0000] {logging_mixin.py:137} INFO - [2023-11-21T08:05:48.522+0000] {dag.py:3444} INFO - Setting next_dagrun for example_python_operator to None, run_after=None
[2023-11-21T08:05:48.545+0000] {processor.py:175} INFO - Processing /home/airflow/.local/lib/python3.7/site-packages/airflow/example_dags/example_python_operator.py took 0.094 seconds
[2023-11-21T08:06:19.211+0000] {processor.py:153} INFO - Started process (PID=102) to work on /home/airflow/.local/lib/python3.7/site-packages/airflow/example_dags/example_python_operator.py
[2023-11-21T08:06:19.212+0000] {processor.py:743} INFO - Processing file /home/airflow/.local/lib/python3.7/site-packages/airflow/example_dags/example_python_operator.py for tasks to queue
[2023-11-21T08:06:19.212+0000] {logging_mixin.py:137} INFO - [2023-11-21T08:06:19.212+0000] {dagbag.py:532} INFO - Filling up the DagBag from /home/airflow/.local/lib/python3.7/site-packages/airflow/example_dags/example_python_operator.py
[2023-11-21T08:06:19.224+0000] {logging_mixin.py:137} INFO - [2023-11-21T08:06:19.224+0000] {taskmixin.py:211} WARNING - Dependency <Task(_PythonDecoratedOperator): print_the_context>, log_sql_query already registered for DAG: example_python_operator
[2023-11-21T08:06:19.225+0000] {logging_mixin.py:137} INFO - [2023-11-21T08:06:19.225+0000] {taskmixin.py:211} WARNING - Dependency <Task(_PythonDecoratedOperator): log_sql_query>, print_the_context already registered for DAG: example_python_operator
[2023-11-21T08:06:19.225+0000] {logging_mixin.py:137} INFO - [2023-11-21T08:06:19.225+0000] {taskmixin.py:211} WARNING - Dependency <Task(_PythonDecoratedOperator): print_the_context>, log_sql_query already registered for DAG: example_python_operator
[2023-11-21T08:06:19.225+0000] {logging_mixin.py:137} INFO - [2023-11-21T08:06:19.225+0000] {taskmixin.py:211} WARNING - Dependency <Task(_PythonDecoratedOperator): log_sql_query>, print_the_context already registered for DAG: example_python_operator
[2023-11-21T08:06:19.226+0000] {logging_mixin.py:137} INFO - [2023-11-21T08:06:19.226+0000] {taskmixin.py:211} WARNING - Dependency <Task(_PythonDecoratedOperator): print_the_context>, log_sql_query already registered for DAG: example_python_operator
[2023-11-21T08:06:19.226+0000] {logging_mixin.py:137} INFO - [2023-11-21T08:06:19.226+0000] {taskmixin.py:211} WARNING - Dependency <Task(_PythonDecoratedOperator): log_sql_query>, print_the_context already registered for DAG: example_python_operator
[2023-11-21T08:06:19.227+0000] {logging_mixin.py:137} INFO - [2023-11-21T08:06:19.227+0000] {taskmixin.py:211} WARNING - Dependency <Task(_PythonDecoratedOperator): print_the_context>, log_sql_query already registered for DAG: example_python_operator
[2023-11-21T08:06:19.227+0000] {logging_mixin.py:137} INFO - [2023-11-21T08:06:19.227+0000] {taskmixin.py:211} WARNING - Dependency <Task(_PythonDecoratedOperator): log_sql_query>, print_the_context already registered for DAG: example_python_operator
[2023-11-21T08:06:19.231+0000] {processor.py:753} INFO - DAG(s) dict_keys(['example_python_operator']) retrieved from /home/airflow/.local/lib/python3.7/site-packages/airflow/example_dags/example_python_operator.py
[2023-11-21T08:06:19.271+0000] {logging_mixin.py:137} INFO - [2023-11-21T08:06:19.271+0000] {dag.py:2693} INFO - Sync 1 DAGs
[2023-11-21T08:06:19.284+0000] {logging_mixin.py:137} INFO - [2023-11-21T08:06:19.284+0000] {dag.py:3444} INFO - Setting next_dagrun for example_python_operator to None, run_after=None
[2023-11-21T08:06:19.295+0000] {processor.py:175} INFO - Processing /home/airflow/.local/lib/python3.7/site-packages/airflow/example_dags/example_python_operator.py took 0.086 seconds
[2023-11-21T08:06:50.318+0000] {processor.py:153} INFO - Started process (PID=151) to work on /home/airflow/.local/lib/python3.7/site-packages/airflow/example_dags/example_python_operator.py
[2023-11-21T08:06:50.319+0000] {processor.py:743} INFO - Processing file /home/airflow/.local/lib/python3.7/site-packages/airflow/example_dags/example_python_operator.py for tasks to queue
[2023-11-21T08:06:50.320+0000] {logging_mixin.py:137} INFO - [2023-11-21T08:06:50.320+0000] {dagbag.py:532} INFO - Filling up the DagBag from /home/airflow/.local/lib/python3.7/site-packages/airflow/example_dags/example_python_operator.py
[2023-11-21T08:06:50.336+0000] {logging_mixin.py:137} INFO - [2023-11-21T08:06:50.336+0000] {taskmixin.py:211} WARNING - Dependency <Task(_PythonDecoratedOperator): print_the_context>, log_sql_query already registered for DAG: example_python_operator
[2023-11-21T08:06:50.337+0000] {logging_mixin.py:137} INFO - [2023-11-21T08:06:50.337+0000] {taskmixin.py:211} WARNING - Dependency <Task(_PythonDecoratedOperator): log_sql_query>, print_the_context already registered for DAG: example_python_operator
[2023-11-21T08:06:50.337+0000] {logging_mixin.py:137} INFO - [2023-11-21T08:06:50.337+0000] {taskmixin.py:211} WARNING - Dependency <Task(_PythonDecoratedOperator): print_the_context>, log_sql_query already registered for DAG: example_python_operator
[2023-11-21T08:06:50.338+0000] {logging_mixin.py:137} INFO - [2023-11-21T08:06:50.338+0000] {taskmixin.py:211} WARNING - Dependency <Task(_PythonDecoratedOperator): log_sql_query>, print_the_context already registered for DAG: example_python_operator
[2023-11-21T08:06:50.338+0000] {logging_mixin.py:137} INFO - [2023-11-21T08:06:50.338+0000] {taskmixin.py:211} WARNING - Dependency <Task(_PythonDecoratedOperator): print_the_context>, log_sql_query already registered for DAG: example_python_operator
[2023-11-21T08:06:50.339+0000] {logging_mixin.py:137} INFO - [2023-11-21T08:06:50.339+0000] {taskmixin.py:211} WARNING - Dependency <Task(_PythonDecoratedOperator): log_sql_query>, print_the_context already registered for DAG: example_python_operator
[2023-11-21T08:06:50.340+0000] {logging_mixin.py:137} INFO - [2023-11-21T08:06:50.339+0000] {taskmixin.py:211} WARNING - Dependency <Task(_PythonDecoratedOperator): print_the_context>, log_sql_query already registered for DAG: example_python_operator
[2023-11-21T08:06:50.340+0000] {logging_mixin.py:137} INFO - [2023-11-21T08:06:50.340+0000] {taskmixin.py:211} WARNING - Dependency <Task(_PythonDecoratedOperator): log_sql_query>, print_the_context already registered for DAG: example_python_operator
[2023-11-21T08:06:50.345+0000] {processor.py:753} INFO - DAG(s) dict_keys(['example_python_operator']) retrieved from /home/airflow/.local/lib/python3.7/site-packages/airflow/example_dags/example_python_operator.py
[2023-11-21T08:06:50.367+0000] {logging_mixin.py:137} INFO - [2023-11-21T08:06:50.367+0000] {dag.py:2693} INFO - Sync 1 DAGs
[2023-11-21T08:06:50.382+0000] {logging_mixin.py:137} INFO - [2023-11-21T08:06:50.382+0000] {dag.py:3444} INFO - Setting next_dagrun for example_python_operator to None, run_after=None
[2023-11-21T08:06:50.392+0000] {processor.py:175} INFO - Processing /home/airflow/.local/lib/python3.7/site-packages/airflow/example_dags/example_python_operator.py took 0.079 seconds
[2023-11-21T08:07:21.099+0000] {processor.py:153} INFO - Started process (PID=200) to work on /home/airflow/.local/lib/python3.7/site-packages/airflow/example_dags/example_python_operator.py
[2023-11-21T08:07:21.100+0000] {processor.py:743} INFO - Processing file /home/airflow/.local/lib/python3.7/site-packages/airflow/example_dags/example_python_operator.py for tasks to queue
[2023-11-21T08:07:21.101+0000] {logging_mixin.py:137} INFO - [2023-11-21T08:07:21.101+0000] {dagbag.py:532} INFO - Filling up the DagBag from /home/airflow/.local/lib/python3.7/site-packages/airflow/example_dags/example_python_operator.py
[2023-11-21T08:07:21.115+0000] {logging_mixin.py:137} INFO - [2023-11-21T08:07:21.115+0000] {taskmixin.py:211} WARNING - Dependency <Task(_PythonDecoratedOperator): print_the_context>, log_sql_query already registered for DAG: example_python_operator
[2023-11-21T08:07:21.115+0000] {logging_mixin.py:137} INFO - [2023-11-21T08:07:21.115+0000] {taskmixin.py:211} WARNING - Dependency <Task(_PythonDecoratedOperator): log_sql_query>, print_the_context already registered for DAG: example_python_operator
[2023-11-21T08:07:21.116+0000] {logging_mixin.py:137} INFO - [2023-11-21T08:07:21.116+0000] {taskmixin.py:211} WARNING - Dependency <Task(_PythonDecoratedOperator): print_the_context>, log_sql_query already registered for DAG: example_python_operator
[2023-11-21T08:07:21.116+0000] {logging_mixin.py:137} INFO - [2023-11-21T08:07:21.116+0000] {taskmixin.py:211} WARNING - Dependency <Task(_PythonDecoratedOperator): log_sql_query>, print_the_context already registered for DAG: example_python_operator
[2023-11-21T08:07:21.117+0000] {logging_mixin.py:137} INFO - [2023-11-21T08:07:21.117+0000] {taskmixin.py:211} WARNING - Dependency <Task(_PythonDecoratedOperator): print_the_context>, log_sql_query already registered for DAG: example_python_operator
[2023-11-21T08:07:21.117+0000] {logging_mixin.py:137} INFO - [2023-11-21T08:07:21.117+0000] {taskmixin.py:211} WARNING - Dependency <Task(_PythonDecoratedOperator): log_sql_query>, print_the_context already registered for DAG: example_python_operator
[2023-11-21T08:07:21.118+0000] {logging_mixin.py:137} INFO - [2023-11-21T08:07:21.118+0000] {taskmixin.py:211} WARNING - Dependency <Task(_PythonDecoratedOperator): print_the_context>, log_sql_query already registered for DAG: example_python_operator
[2023-11-21T08:07:21.118+0000] {logging_mixin.py:137} INFO - [2023-11-21T08:07:21.118+0000] {taskmixin.py:211} WARNING - Dependency <Task(_PythonDecoratedOperator): log_sql_query>, print_the_context already registered for DAG: example_python_operator
[2023-11-21T08:07:21.124+0000] {processor.py:753} INFO - DAG(s) dict_keys(['example_python_operator']) retrieved from /home/airflow/.local/lib/python3.7/site-packages/airflow/example_dags/example_python_operator.py
[2023-11-21T08:07:21.146+0000] {logging_mixin.py:137} INFO - [2023-11-21T08:07:21.146+0000] {dag.py:2693} INFO - Sync 1 DAGs
[2023-11-21T08:07:21.161+0000] {logging_mixin.py:137} INFO - [2023-11-21T08:07:21.161+0000] {dag.py:3444} INFO - Setting next_dagrun for example_python_operator to None, run_after=None
[2023-11-21T08:07:21.171+0000] {processor.py:175} INFO - Processing /home/airflow/.local/lib/python3.7/site-packages/airflow/example_dags/example_python_operator.py took 0.075 seconds
[2023-11-21T08:07:51.870+0000] {processor.py:153} INFO - Started process (PID=249) to work on /home/airflow/.local/lib/python3.7/site-packages/airflow/example_dags/example_python_operator.py
[2023-11-21T08:07:51.871+0000] {processor.py:743} INFO - Processing file /home/airflow/.local/lib/python3.7/site-packages/airflow/example_dags/example_python_operator.py for tasks to queue
[2023-11-21T08:07:51.872+0000] {logging_mixin.py:137} INFO - [2023-11-21T08:07:51.872+0000] {dagbag.py:532} INFO - Filling up the DagBag from /home/airflow/.local/lib/python3.7/site-packages/airflow/example_dags/example_python_operator.py
[2023-11-21T08:07:51.890+0000] {logging_mixin.py:137} INFO - [2023-11-21T08:07:51.890+0000] {taskmixin.py:211} WARNING - Dependency <Task(_PythonDecoratedOperator): print_the_context>, log_sql_query already registered for DAG: example_python_operator
[2023-11-21T08:07:51.890+0000] {logging_mixin.py:137} INFO - [2023-11-21T08:07:51.890+0000] {taskmixin.py:211} WARNING - Dependency <Task(_PythonDecoratedOperator): log_sql_query>, print_the_context already registered for DAG: example_python_operator
[2023-11-21T08:07:51.891+0000] {logging_mixin.py:137} INFO - [2023-11-21T08:07:51.891+0000] {taskmixin.py:211} WARNING - Dependency <Task(_PythonDecoratedOperator): print_the_context>, log_sql_query already registered for DAG: example_python_operator
[2023-11-21T08:07:51.891+0000] {logging_mixin.py:137} INFO - [2023-11-21T08:07:51.891+0000] {taskmixin.py:211} WARNING - Dependency <Task(_PythonDecoratedOperator): log_sql_query>, print_the_context already registered for DAG: example_python_operator
[2023-11-21T08:07:51.892+0000] {logging_mixin.py:137} INFO - [2023-11-21T08:07:51.892+0000] {taskmixin.py:211} WARNING - Dependency <Task(_PythonDecoratedOperator): print_the_context>, log_sql_query already registered for DAG: example_python_operator
[2023-11-21T08:07:51.893+0000] {logging_mixin.py:137} INFO - [2023-11-21T08:07:51.892+0000] {taskmixin.py:211} WARNING - Dependency <Task(_PythonDecoratedOperator): log_sql_query>, print_the_context already registered for DAG: example_python_operator
[2023-11-21T08:07:51.893+0000] {logging_mixin.py:137} INFO - [2023-11-21T08:07:51.893+0000] {taskmixin.py:211} WARNING - Dependency <Task(_PythonDecoratedOperator): print_the_context>, log_sql_query already registered for DAG: example_python_operator
[2023-11-21T08:07:51.893+0000] {logging_mixin.py:137} INFO - [2023-11-21T08:07:51.893+0000] {taskmixin.py:211} WARNING - Dependency <Task(_PythonDecoratedOperator): log_sql_query>, print_the_context already registered for DAG: example_python_operator
[2023-11-21T08:07:51.899+0000] {processor.py:753} INFO - DAG(s) dict_keys(['example_python_operator']) retrieved from /home/airflow/.local/lib/python3.7/site-packages/airflow/example_dags/example_python_operator.py
[2023-11-21T08:07:51.920+0000] {logging_mixin.py:137} INFO - [2023-11-21T08:07:51.920+0000] {dag.py:2693} INFO - Sync 1 DAGs
[2023-11-21T08:07:51.936+0000] {logging_mixin.py:137} INFO - [2023-11-21T08:07:51.936+0000] {dag.py:3444} INFO - Setting next_dagrun for example_python_operator to None, run_after=None
[2023-11-21T08:07:51.946+0000] {processor.py:175} INFO - Processing /home/airflow/.local/lib/python3.7/site-packages/airflow/example_dags/example_python_operator.py took 0.080 seconds
[2023-11-21T08:08:22.711+0000] {processor.py:153} INFO - Started process (PID=298) to work on /home/airflow/.local/lib/python3.7/site-packages/airflow/example_dags/example_python_operator.py
[2023-11-21T08:08:22.712+0000] {processor.py:743} INFO - Processing file /home/airflow/.local/lib/python3.7/site-packages/airflow/example_dags/example_python_operator.py for tasks to queue
[2023-11-21T08:08:22.713+0000] {logging_mixin.py:137} INFO - [2023-11-21T08:08:22.713+0000] {dagbag.py:532} INFO - Filling up the DagBag from /home/airflow/.local/lib/python3.7/site-packages/airflow/example_dags/example_python_operator.py
[2023-11-21T08:08:22.729+0000] {logging_mixin.py:137} INFO - [2023-11-21T08:08:22.729+0000] {taskmixin.py:211} WARNING - Dependency <Task(_PythonDecoratedOperator): print_the_context>, log_sql_query already registered for DAG: example_python_operator
[2023-11-21T08:08:22.730+0000] {logging_mixin.py:137} INFO - [2023-11-21T08:08:22.730+0000] {taskmixin.py:211} WARNING - Dependency <Task(_PythonDecoratedOperator): log_sql_query>, print_the_context already registered for DAG: example_python_operator
[2023-11-21T08:08:22.730+0000] {logging_mixin.py:137} INFO - [2023-11-21T08:08:22.730+0000] {taskmixin.py:211} WARNING - Dependency <Task(_PythonDecoratedOperator): print_the_context>, log_sql_query already registered for DAG: example_python_operator
[2023-11-21T08:08:22.731+0000] {logging_mixin.py:137} INFO - [2023-11-21T08:08:22.731+0000] {taskmixin.py:211} WARNING - Dependency <Task(_PythonDecoratedOperator): log_sql_query>, print_the_context already registered for DAG: example_python_operator
[2023-11-21T08:08:22.731+0000] {logging_mixin.py:137} INFO - [2023-11-21T08:08:22.731+0000] {taskmixin.py:211} WARNING - Dependency <Task(_PythonDecoratedOperator): print_the_context>, log_sql_query already registered for DAG: example_python_operator
[2023-11-21T08:08:22.732+0000] {logging_mixin.py:137} INFO - [2023-11-21T08:08:22.732+0000] {taskmixin.py:211} WARNING - Dependency <Task(_PythonDecoratedOperator): log_sql_query>, print_the_context already registered for DAG: example_python_operator
[2023-11-21T08:08:22.732+0000] {logging_mixin.py:137} INFO - [2023-11-21T08:08:22.732+0000] {taskmixin.py:211} WARNING - Dependency <Task(_PythonDecoratedOperator): print_the_context>, log_sql_query already registered for DAG: example_python_operator
[2023-11-21T08:08:22.733+0000] {logging_mixin.py:137} INFO - [2023-11-21T08:08:22.733+0000] {taskmixin.py:211} WARNING - Dependency <Task(_PythonDecoratedOperator): log_sql_query>, print_the_context already registered for DAG: example_python_operator
[2023-11-21T08:08:22.738+0000] {processor.py:753} INFO - DAG(s) dict_keys(['example_python_operator']) retrieved from /home/airflow/.local/lib/python3.7/site-packages/airflow/example_dags/example_python_operator.py
[2023-11-21T08:08:22.760+0000] {logging_mixin.py:137} INFO - [2023-11-21T08:08:22.760+0000] {dag.py:2693} INFO - Sync 1 DAGs
[2023-11-21T08:08:22.774+0000] {logging_mixin.py:137} INFO - [2023-11-21T08:08:22.774+0000] {dag.py:3444} INFO - Setting next_dagrun for example_python_operator to None, run_after=None
[2023-11-21T08:08:22.784+0000] {processor.py:175} INFO - Processing /home/airflow/.local/lib/python3.7/site-packages/airflow/example_dags/example_python_operator.py took 0.078 seconds
[2023-11-21T08:08:53.492+0000] {processor.py:153} INFO - Started process (PID=347) to work on /home/airflow/.local/lib/python3.7/site-packages/airflow/example_dags/example_python_operator.py
[2023-11-21T08:08:53.493+0000] {processor.py:743} INFO - Processing file /home/airflow/.local/lib/python3.7/site-packages/airflow/example_dags/example_python_operator.py for tasks to queue
[2023-11-21T08:08:53.494+0000] {logging_mixin.py:137} INFO - [2023-11-21T08:08:53.493+0000] {dagbag.py:532} INFO - Filling up the DagBag from /home/airflow/.local/lib/python3.7/site-packages/airflow/example_dags/example_python_operator.py
[2023-11-21T08:08:53.509+0000] {logging_mixin.py:137} INFO - [2023-11-21T08:08:53.509+0000] {taskmixin.py:211} WARNING - Dependency <Task(_PythonDecoratedOperator): print_the_context>, log_sql_query already registered for DAG: example_python_operator
[2023-11-21T08:08:53.510+0000] {logging_mixin.py:137} INFO - [2023-11-21T08:08:53.510+0000] {taskmixin.py:211} WARNING - Dependency <Task(_PythonDecoratedOperator): log_sql_query>, print_the_context already registered for DAG: example_python_operator
[2023-11-21T08:08:53.511+0000] {logging_mixin.py:137} INFO - [2023-11-21T08:08:53.510+0000] {taskmixin.py:211} WARNING - Dependency <Task(_PythonDecoratedOperator): print_the_context>, log_sql_query already registered for DAG: example_python_operator
[2023-11-21T08:08:53.511+0000] {logging_mixin.py:137} INFO - [2023-11-21T08:08:53.511+0000] {taskmixin.py:211} WARNING - Dependency <Task(_PythonDecoratedOperator): log_sql_query>, print_the_context already registered for DAG: example_python_operator
[2023-11-21T08:08:53.512+0000] {logging_mixin.py:137} INFO - [2023-11-21T08:08:53.512+0000] {taskmixin.py:211} WARNING - Dependency <Task(_PythonDecoratedOperator): print_the_context>, log_sql_query already registered for DAG: example_python_operator
[2023-11-21T08:08:53.512+0000] {logging_mixin.py:137} INFO - [2023-11-21T08:08:53.512+0000] {taskmixin.py:211} WARNING - Dependency <Task(_PythonDecoratedOperator): log_sql_query>, print_the_context already registered for DAG: example_python_operator
[2023-11-21T08:08:53.513+0000] {logging_mixin.py:137} INFO - [2023-11-21T08:08:53.513+0000] {taskmixin.py:211} WARNING - Dependency <Task(_PythonDecoratedOperator): print_the_context>, log_sql_query already registered for DAG: example_python_operator
[2023-11-21T08:08:53.513+0000] {logging_mixin.py:137} INFO - [2023-11-21T08:08:53.513+0000] {taskmixin.py:211} WARNING - Dependency <Task(_PythonDecoratedOperator): log_sql_query>, print_the_context already registered for DAG: example_python_operator
[2023-11-21T08:08:53.519+0000] {processor.py:753} INFO - DAG(s) dict_keys(['example_python_operator']) retrieved from /home/airflow/.local/lib/python3.7/site-packages/airflow/example_dags/example_python_operator.py
[2023-11-21T08:08:53.541+0000] {logging_mixin.py:137} INFO - [2023-11-21T08:08:53.541+0000] {dag.py:2693} INFO - Sync 1 DAGs
[2023-11-21T08:08:53.556+0000] {logging_mixin.py:137} INFO - [2023-11-21T08:08:53.556+0000] {dag.py:3444} INFO - Setting next_dagrun for example_python_operator to None, run_after=None
[2023-11-21T08:08:53.566+0000] {processor.py:175} INFO - Processing /home/airflow/.local/lib/python3.7/site-packages/airflow/example_dags/example_python_operator.py took 0.078 seconds
[2023-11-21T08:09:24.235+0000] {processor.py:153} INFO - Started process (PID=396) to work on /home/airflow/.local/lib/python3.7/site-packages/airflow/example_dags/example_python_operator.py
[2023-11-21T08:09:24.236+0000] {processor.py:743} INFO - Processing file /home/airflow/.local/lib/python3.7/site-packages/airflow/example_dags/example_python_operator.py for tasks to queue
[2023-11-21T08:09:24.237+0000] {logging_mixin.py:137} INFO - [2023-11-21T08:09:24.237+0000] {dagbag.py:532} INFO - Filling up the DagBag from /home/airflow/.local/lib/python3.7/site-packages/airflow/example_dags/example_python_operator.py
[2023-11-21T08:09:24.251+0000] {logging_mixin.py:137} INFO - [2023-11-21T08:09:24.251+0000] {taskmixin.py:211} WARNING - Dependency <Task(_PythonDecoratedOperator): print_the_context>, log_sql_query already registered for DAG: example_python_operator
[2023-11-21T08:09:24.252+0000] {logging_mixin.py:137} INFO - [2023-11-21T08:09:24.252+0000] {taskmixin.py:211} WARNING - Dependency <Task(_PythonDecoratedOperator): log_sql_query>, print_the_context already registered for DAG: example_python_operator
[2023-11-21T08:09:24.253+0000] {logging_mixin.py:137} INFO - [2023-11-21T08:09:24.253+0000] {taskmixin.py:211} WARNING - Dependency <Task(_PythonDecoratedOperator): print_the_context>, log_sql_query already registered for DAG: example_python_operator
[2023-11-21T08:09:24.253+0000] {logging_mixin.py:137} INFO - [2023-11-21T08:09:24.253+0000] {taskmixin.py:211} WARNING - Dependency <Task(_PythonDecoratedOperator): log_sql_query>, print_the_context already registered for DAG: example_python_operator
[2023-11-21T08:09:24.254+0000] {logging_mixin.py:137} INFO - [2023-11-21T08:09:24.254+0000] {taskmixin.py:211} WARNING - Dependency <Task(_PythonDecoratedOperator): print_the_context>, log_sql_query already registered for DAG: example_python_operator
[2023-11-21T08:09:24.254+0000] {logging_mixin.py:137} INFO - [2023-11-21T08:09:24.254+0000] {taskmixin.py:211} WARNING - Dependency <Task(_PythonDecoratedOperator): log_sql_query>, print_the_context already registered for DAG: example_python_operator
[2023-11-21T08:09:24.255+0000] {logging_mixin.py:137} INFO - [2023-11-21T08:09:24.255+0000] {taskmixin.py:211} WARNING - Dependency <Task(_PythonDecoratedOperator): print_the_context>, log_sql_query already registered for DAG: example_python_operator
[2023-11-21T08:09:24.255+0000] {logging_mixin.py:137} INFO - [2023-11-21T08:09:24.255+0000] {taskmixin.py:211} WARNING - Dependency <Task(_PythonDecoratedOperator): log_sql_query>, print_the_context already registered for DAG: example_python_operator
[2023-11-21T08:09:24.261+0000] {processor.py:753} INFO - DAG(s) dict_keys(['example_python_operator']) retrieved from /home/airflow/.local/lib/python3.7/site-packages/airflow/example_dags/example_python_operator.py
[2023-11-21T08:09:24.283+0000] {logging_mixin.py:137} INFO - [2023-11-21T08:09:24.283+0000] {dag.py:2693} INFO - Sync 1 DAGs
[2023-11-21T08:09:24.299+0000] {logging_mixin.py:137} INFO - [2023-11-21T08:09:24.299+0000] {dag.py:3444} INFO - Setting next_dagrun for example_python_operator to None, run_after=None
[2023-11-21T08:09:24.309+0000] {processor.py:175} INFO - Processing /home/airflow/.local/lib/python3.7/site-packages/airflow/example_dags/example_python_operator.py took 0.079 seconds
[2023-11-21T08:09:55.020+0000] {processor.py:153} INFO - Started process (PID=445) to work on /home/airflow/.local/lib/python3.7/site-packages/airflow/example_dags/example_python_operator.py
[2023-11-21T08:09:55.020+0000] {processor.py:743} INFO - Processing file /home/airflow/.local/lib/python3.7/site-packages/airflow/example_dags/example_python_operator.py for tasks to queue
[2023-11-21T08:09:55.021+0000] {logging_mixin.py:137} INFO - [2023-11-21T08:09:55.021+0000] {dagbag.py:532} INFO - Filling up the DagBag from /home/airflow/.local/lib/python3.7/site-packages/airflow/example_dags/example_python_operator.py
[2023-11-21T08:09:55.036+0000] {logging_mixin.py:137} INFO - [2023-11-21T08:09:55.036+0000] {taskmixin.py:211} WARNING - Dependency <Task(_PythonDecoratedOperator): print_the_context>, log_sql_query already registered for DAG: example_python_operator
[2023-11-21T08:09:55.037+0000] {logging_mixin.py:137} INFO - [2023-11-21T08:09:55.036+0000] {taskmixin.py:211} WARNING - Dependency <Task(_PythonDecoratedOperator): log_sql_query>, print_the_context already registered for DAG: example_python_operator
[2023-11-21T08:09:55.037+0000] {logging_mixin.py:137} INFO - [2023-11-21T08:09:55.037+0000] {taskmixin.py:211} WARNING - Dependency <Task(_PythonDecoratedOperator): print_the_context>, log_sql_query already registered for DAG: example_python_operator
[2023-11-21T08:09:55.038+0000] {logging_mixin.py:137} INFO - [2023-11-21T08:09:55.038+0000] {taskmixin.py:211} WARNING - Dependency <Task(_PythonDecoratedOperator): log_sql_query>, print_the_context already registered for DAG: example_python_operator
[2023-11-21T08:09:55.039+0000] {logging_mixin.py:137} INFO - [2023-11-21T08:09:55.038+0000] {taskmixin.py:211} WARNING - Dependency <Task(_PythonDecoratedOperator): print_the_context>, log_sql_query already registered for DAG: example_python_operator
[2023-11-21T08:09:55.039+0000] {logging_mixin.py:137} INFO - [2023-11-21T08:09:55.039+0000] {taskmixin.py:211} WARNING - Dependency <Task(_PythonDecoratedOperator): log_sql_query>, print_the_context already registered for DAG: example_python_operator
[2023-11-21T08:09:55.040+0000] {logging_mixin.py:137} INFO - [2023-11-21T08:09:55.040+0000] {taskmixin.py:211} WARNING - Dependency <Task(_PythonDecoratedOperator): print_the_context>, log_sql_query already registered for DAG: example_python_operator
[2023-11-21T08:09:55.040+0000] {logging_mixin.py:137} INFO - [2023-11-21T08:09:55.040+0000] {taskmixin.py:211} WARNING - Dependency <Task(_PythonDecoratedOperator): log_sql_query>, print_the_context already registered for DAG: example_python_operator
[2023-11-21T08:09:55.046+0000] {processor.py:753} INFO - DAG(s) dict_keys(['example_python_operator']) retrieved from /home/airflow/.local/lib/python3.7/site-packages/airflow/example_dags/example_python_operator.py
[2023-11-21T08:09:55.069+0000] {logging_mixin.py:137} INFO - [2023-11-21T08:09:55.069+0000] {dag.py:2693} INFO - Sync 1 DAGs
[2023-11-21T08:09:55.085+0000] {logging_mixin.py:137} INFO - [2023-11-21T08:09:55.085+0000] {dag.py:3444} INFO - Setting next_dagrun for example_python_operator to None, run_after=None
[2023-11-21T08:09:55.095+0000] {processor.py:175} INFO - Processing /home/airflow/.local/lib/python3.7/site-packages/airflow/example_dags/example_python_operator.py took 0.079 seconds
[2023-11-21T08:10:25.864+0000] {processor.py:153} INFO - Started process (PID=494) to work on /home/airflow/.local/lib/python3.7/site-packages/airflow/example_dags/example_python_operator.py
[2023-11-21T08:10:25.865+0000] {processor.py:743} INFO - Processing file /home/airflow/.local/lib/python3.7/site-packages/airflow/example_dags/example_python_operator.py for tasks to queue
[2023-11-21T08:10:25.866+0000] {logging_mixin.py:137} INFO - [2023-11-21T08:10:25.866+0000] {dagbag.py:532} INFO - Filling up the DagBag from /home/airflow/.local/lib/python3.7/site-packages/airflow/example_dags/example_python_operator.py
[2023-11-21T08:10:25.882+0000] {logging_mixin.py:137} INFO - [2023-11-21T08:10:25.882+0000] {taskmixin.py:211} WARNING - Dependency <Task(_PythonDecoratedOperator): print_the_context>, log_sql_query already registered for DAG: example_python_operator
[2023-11-21T08:10:25.883+0000] {logging_mixin.py:137} INFO - [2023-11-21T08:10:25.883+0000] {taskmixin.py:211} WARNING - Dependency <Task(_PythonDecoratedOperator): log_sql_query>, print_the_context already registered for DAG: example_python_operator
[2023-11-21T08:10:25.883+0000] {logging_mixin.py:137} INFO - [2023-11-21T08:10:25.883+0000] {taskmixin.py:211} WARNING - Dependency <Task(_PythonDecoratedOperator): print_the_context>, log_sql_query already registered for DAG: example_python_operator
[2023-11-21T08:10:25.883+0000] {logging_mixin.py:137} INFO - [2023-11-21T08:10:25.883+0000] {taskmixin.py:211} WARNING - Dependency <Task(_PythonDecoratedOperator): log_sql_query>, print_the_context already registered for DAG: example_python_operator
[2023-11-21T08:10:25.885+0000] {logging_mixin.py:137} INFO - [2023-11-21T08:10:25.884+0000] {taskmixin.py:211} WARNING - Dependency <Task(_PythonDecoratedOperator): print_the_context>, log_sql_query already registered for DAG: example_python_operator
[2023-11-21T08:10:25.885+0000] {logging_mixin.py:137} INFO - [2023-11-21T08:10:25.885+0000] {taskmixin.py:211} WARNING - Dependency <Task(_PythonDecoratedOperator): log_sql_query>, print_the_context already registered for DAG: example_python_operator
[2023-11-21T08:10:25.886+0000] {logging_mixin.py:137} INFO - [2023-11-21T08:10:25.886+0000] {taskmixin.py:211} WARNING - Dependency <Task(_PythonDecoratedOperator): print_the_context>, log_sql_query already registered for DAG: example_python_operator
[2023-11-21T08:10:25.887+0000] {logging_mixin.py:137} INFO - [2023-11-21T08:10:25.887+0000] {taskmixin.py:211} WARNING - Dependency <Task(_PythonDecoratedOperator): log_sql_query>, print_the_context already registered for DAG: example_python_operator
[2023-11-21T08:10:25.892+0000] {processor.py:753} INFO - DAG(s) dict_keys(['example_python_operator']) retrieved from /home/airflow/.local/lib/python3.7/site-packages/airflow/example_dags/example_python_operator.py
[2023-11-21T08:10:25.917+0000] {logging_mixin.py:137} INFO - [2023-11-21T08:10:25.917+0000] {dag.py:2693} INFO - Sync 1 DAGs
[2023-11-21T08:10:25.935+0000] {logging_mixin.py:137} INFO - [2023-11-21T08:10:25.935+0000] {dag.py:3444} INFO - Setting next_dagrun for example_python_operator to None, run_after=None
[2023-11-21T08:10:25.947+0000] {processor.py:175} INFO - Processing /home/airflow/.local/lib/python3.7/site-packages/airflow/example_dags/example_python_operator.py took 0.086 seconds
[2023-11-21T08:10:55.965+0000] {processor.py:153} INFO - Started process (PID=542) to work on /home/airflow/.local/lib/python3.7/site-packages/airflow/example_dags/example_python_operator.py
[2023-11-21T08:10:55.966+0000] {processor.py:743} INFO - Processing file /home/airflow/.local/lib/python3.7/site-packages/airflow/example_dags/example_python_operator.py for tasks to queue
[2023-11-21T08:10:55.966+0000] {logging_mixin.py:137} INFO - [2023-11-21T08:10:55.966+0000] {dagbag.py:532} INFO - Filling up the DagBag from /home/airflow/.local/lib/python3.7/site-packages/airflow/example_dags/example_python_operator.py
[2023-11-21T08:10:55.977+0000] {logging_mixin.py:137} INFO - [2023-11-21T08:10:55.977+0000] {taskmixin.py:211} WARNING - Dependency <Task(_PythonDecoratedOperator): print_the_context>, log_sql_query already registered for DAG: example_python_operator
[2023-11-21T08:10:55.977+0000] {logging_mixin.py:137} INFO - [2023-11-21T08:10:55.977+0000] {taskmixin.py:211} WARNING - Dependency <Task(_PythonDecoratedOperator): log_sql_query>, print_the_context already registered for DAG: example_python_operator
[2023-11-21T08:10:55.978+0000] {logging_mixin.py:137} INFO - [2023-11-21T08:10:55.978+0000] {taskmixin.py:211} WARNING - Dependency <Task(_PythonDecoratedOperator): print_the_context>, log_sql_query already registered for DAG: example_python_operator
[2023-11-21T08:10:55.978+0000] {logging_mixin.py:137} INFO - [2023-11-21T08:10:55.978+0000] {taskmixin.py:211} WARNING - Dependency <Task(_PythonDecoratedOperator): log_sql_query>, print_the_context already registered for DAG: example_python_operator
[2023-11-21T08:10:55.978+0000] {logging_mixin.py:137} INFO - [2023-11-21T08:10:55.978+0000] {taskmixin.py:211} WARNING - Dependency <Task(_PythonDecoratedOperator): print_the_context>, log_sql_query already registered for DAG: example_python_operator
[2023-11-21T08:10:55.979+0000] {logging_mixin.py:137} INFO - [2023-11-21T08:10:55.979+0000] {taskmixin.py:211} WARNING - Dependency <Task(_PythonDecoratedOperator): log_sql_query>, print_the_context already registered for DAG: example_python_operator
[2023-11-21T08:10:55.979+0000] {logging_mixin.py:137} INFO - [2023-11-21T08:10:55.979+0000] {taskmixin.py:211} WARNING - Dependency <Task(_PythonDecoratedOperator): print_the_context>, log_sql_query already registered for DAG: example_python_operator
[2023-11-21T08:10:55.979+0000] {logging_mixin.py:137} INFO - [2023-11-21T08:10:55.979+0000] {taskmixin.py:211} WARNING - Dependency <Task(_PythonDecoratedOperator): log_sql_query>, print_the_context already registered for DAG: example_python_operator
[2023-11-21T08:10:55.983+0000] {processor.py:753} INFO - DAG(s) dict_keys(['example_python_operator']) retrieved from /home/airflow/.local/lib/python3.7/site-packages/airflow/example_dags/example_python_operator.py
[2023-11-21T08:10:56.000+0000] {logging_mixin.py:137} INFO - [2023-11-21T08:10:56.000+0000] {dag.py:2693} INFO - Sync 1 DAGs
[2023-11-21T08:10:56.013+0000] {logging_mixin.py:137} INFO - [2023-11-21T08:10:56.013+0000] {dag.py:3444} INFO - Setting next_dagrun for example_python_operator to None, run_after=None
[2023-11-21T08:10:56.024+0000] {processor.py:175} INFO - Processing /home/airflow/.local/lib/python3.7/site-packages/airflow/example_dags/example_python_operator.py took 0.061 seconds
[2023-11-21T08:11:26.130+0000] {processor.py:153} INFO - Started process (PID=591) to work on /home/airflow/.local/lib/python3.7/site-packages/airflow/example_dags/example_python_operator.py
[2023-11-21T08:11:26.130+0000] {processor.py:743} INFO - Processing file /home/airflow/.local/lib/python3.7/site-packages/airflow/example_dags/example_python_operator.py for tasks to queue
[2023-11-21T08:11:26.131+0000] {logging_mixin.py:137} INFO - [2023-11-21T08:11:26.131+0000] {dagbag.py:532} INFO - Filling up the DagBag from /home/airflow/.local/lib/python3.7/site-packages/airflow/example_dags/example_python_operator.py
[2023-11-21T08:11:26.144+0000] {logging_mixin.py:137} INFO - [2023-11-21T08:11:26.144+0000] {taskmixin.py:211} WARNING - Dependency <Task(_PythonDecoratedOperator): print_the_context>, log_sql_query already registered for DAG: example_python_operator
[2023-11-21T08:11:26.144+0000] {logging_mixin.py:137} INFO - [2023-11-21T08:11:26.144+0000] {taskmixin.py:211} WARNING - Dependency <Task(_PythonDecoratedOperator): log_sql_query>, print_the_context already registered for DAG: example_python_operator
[2023-11-21T08:11:26.145+0000] {logging_mixin.py:137} INFO - [2023-11-21T08:11:26.145+0000] {taskmixin.py:211} WARNING - Dependency <Task(_PythonDecoratedOperator): print_the_context>, log_sql_query already registered for DAG: example_python_operator
[2023-11-21T08:11:26.145+0000] {logging_mixin.py:137} INFO - [2023-11-21T08:11:26.145+0000] {taskmixin.py:211} WARNING - Dependency <Task(_PythonDecoratedOperator): log_sql_query>, print_the_context already registered for DAG: example_python_operator
[2023-11-21T08:11:26.145+0000] {logging_mixin.py:137} INFO - [2023-11-21T08:11:26.145+0000] {taskmixin.py:211} WARNING - Dependency <Task(_PythonDecoratedOperator): print_the_context>, log_sql_query already registered for DAG: example_python_operator
[2023-11-21T08:11:26.145+0000] {logging_mixin.py:137} INFO - [2023-11-21T08:11:26.145+0000] {taskmixin.py:211} WARNING - Dependency <Task(_PythonDecoratedOperator): log_sql_query>, print_the_context already registered for DAG: example_python_operator
[2023-11-21T08:11:26.146+0000] {logging_mixin.py:137} INFO - [2023-11-21T08:11:26.146+0000] {taskmixin.py:211} WARNING - Dependency <Task(_PythonDecoratedOperator): print_the_context>, log_sql_query already registered for DAG: example_python_operator
[2023-11-21T08:11:26.146+0000] {logging_mixin.py:137} INFO - [2023-11-21T08:11:26.146+0000] {taskmixin.py:211} WARNING - Dependency <Task(_PythonDecoratedOperator): log_sql_query>, print_the_context already registered for DAG: example_python_operator
[2023-11-21T08:11:26.150+0000] {processor.py:753} INFO - DAG(s) dict_keys(['example_python_operator']) retrieved from /home/airflow/.local/lib/python3.7/site-packages/airflow/example_dags/example_python_operator.py
[2023-11-21T08:11:26.172+0000] {logging_mixin.py:137} INFO - [2023-11-21T08:11:26.172+0000] {dag.py:2693} INFO - Sync 1 DAGs
[2023-11-21T08:11:26.191+0000] {logging_mixin.py:137} INFO - [2023-11-21T08:11:26.190+0000] {dag.py:3444} INFO - Setting next_dagrun for example_python_operator to None, run_after=None
[2023-11-21T08:11:26.203+0000] {processor.py:175} INFO - Processing /home/airflow/.local/lib/python3.7/site-packages/airflow/example_dags/example_python_operator.py took 0.077 seconds
[2023-11-21T08:11:56.261+0000] {processor.py:153} INFO - Started process (PID=640) to work on /home/airflow/.local/lib/python3.7/site-packages/airflow/example_dags/example_python_operator.py
[2023-11-21T08:11:56.261+0000] {processor.py:743} INFO - Processing file /home/airflow/.local/lib/python3.7/site-packages/airflow/example_dags/example_python_operator.py for tasks to queue
[2023-11-21T08:11:56.262+0000] {logging_mixin.py:137} INFO - [2023-11-21T08:11:56.262+0000] {dagbag.py:532} INFO - Filling up the DagBag from /home/airflow/.local/lib/python3.7/site-packages/airflow/example_dags/example_python_operator.py
[2023-11-21T08:11:56.273+0000] {logging_mixin.py:137} INFO - [2023-11-21T08:11:56.272+0000] {taskmixin.py:211} WARNING - Dependency <Task(_PythonDecoratedOperator): print_the_context>, log_sql_query already registered for DAG: example_python_operator
[2023-11-21T08:11:56.273+0000] {logging_mixin.py:137} INFO - [2023-11-21T08:11:56.273+0000] {taskmixin.py:211} WARNING - Dependency <Task(_PythonDecoratedOperator): log_sql_query>, print_the_context already registered for DAG: example_python_operator
[2023-11-21T08:11:56.273+0000] {logging_mixin.py:137} INFO - [2023-11-21T08:11:56.273+0000] {taskmixin.py:211} WARNING - Dependency <Task(_PythonDecoratedOperator): print_the_context>, log_sql_query already registered for DAG: example_python_operator
[2023-11-21T08:11:56.274+0000] {logging_mixin.py:137} INFO - [2023-11-21T08:11:56.273+0000] {taskmixin.py:211} WARNING - Dependency <Task(_PythonDecoratedOperator): log_sql_query>, print_the_context already registered for DAG: example_python_operator
[2023-11-21T08:11:56.274+0000] {logging_mixin.py:137} INFO - [2023-11-21T08:11:56.274+0000] {taskmixin.py:211} WARNING - Dependency <Task(_PythonDecoratedOperator): print_the_context>, log_sql_query already registered for DAG: example_python_operator
[2023-11-21T08:11:56.274+0000] {logging_mixin.py:137} INFO - [2023-11-21T08:11:56.274+0000] {taskmixin.py:211} WARNING - Dependency <Task(_PythonDecoratedOperator): log_sql_query>, print_the_context already registered for DAG: example_python_operator
[2023-11-21T08:11:56.275+0000] {logging_mixin.py:137} INFO - [2023-11-21T08:11:56.275+0000] {taskmixin.py:211} WARNING - Dependency <Task(_PythonDecoratedOperator): print_the_context>, log_sql_query already registered for DAG: example_python_operator
[2023-11-21T08:11:56.275+0000] {logging_mixin.py:137} INFO - [2023-11-21T08:11:56.275+0000] {taskmixin.py:211} WARNING - Dependency <Task(_PythonDecoratedOperator): log_sql_query>, print_the_context already registered for DAG: example_python_operator
[2023-11-21T08:11:56.280+0000] {processor.py:753} INFO - DAG(s) dict_keys(['example_python_operator']) retrieved from /home/airflow/.local/lib/python3.7/site-packages/airflow/example_dags/example_python_operator.py
[2023-11-21T08:11:56.300+0000] {logging_mixin.py:137} INFO - [2023-11-21T08:11:56.299+0000] {dag.py:2693} INFO - Sync 1 DAGs
[2023-11-21T08:11:56.315+0000] {logging_mixin.py:137} INFO - [2023-11-21T08:11:56.315+0000] {dag.py:3444} INFO - Setting next_dagrun for example_python_operator to None, run_after=None
[2023-11-21T08:11:56.325+0000] {processor.py:175} INFO - Processing /home/airflow/.local/lib/python3.7/site-packages/airflow/example_dags/example_python_operator.py took 0.067 seconds
[2023-11-21T08:12:26.457+0000] {processor.py:153} INFO - Started process (PID=689) to work on /home/airflow/.local/lib/python3.7/site-packages/airflow/example_dags/example_python_operator.py
[2023-11-21T08:12:26.458+0000] {processor.py:743} INFO - Processing file /home/airflow/.local/lib/python3.7/site-packages/airflow/example_dags/example_python_operator.py for tasks to queue
[2023-11-21T08:12:26.459+0000] {logging_mixin.py:137} INFO - [2023-11-21T08:12:26.459+0000] {dagbag.py:532} INFO - Filling up the DagBag from /home/airflow/.local/lib/python3.7/site-packages/airflow/example_dags/example_python_operator.py
[2023-11-21T08:12:26.469+0000] {logging_mixin.py:137} INFO - [2023-11-21T08:12:26.469+0000] {taskmixin.py:211} WARNING - Dependency <Task(_PythonDecoratedOperator): print_the_context>, log_sql_query already registered for DAG: example_python_operator
[2023-11-21T08:12:26.470+0000] {logging_mixin.py:137} INFO - [2023-11-21T08:12:26.469+0000] {taskmixin.py:211} WARNING - Dependency <Task(_PythonDecoratedOperator): log_sql_query>, print_the_context already registered for DAG: example_python_operator
[2023-11-21T08:12:26.470+0000] {logging_mixin.py:137} INFO - [2023-11-21T08:12:26.470+0000] {taskmixin.py:211} WARNING - Dependency <Task(_PythonDecoratedOperator): print_the_context>, log_sql_query already registered for DAG: example_python_operator
[2023-11-21T08:12:26.470+0000] {logging_mixin.py:137} INFO - [2023-11-21T08:12:26.470+0000] {taskmixin.py:211} WARNING - Dependency <Task(_PythonDecoratedOperator): log_sql_query>, print_the_context already registered for DAG: example_python_operator
[2023-11-21T08:12:26.471+0000] {logging_mixin.py:137} INFO - [2023-11-21T08:12:26.471+0000] {taskmixin.py:211} WARNING - Dependency <Task(_PythonDecoratedOperator): print_the_context>, log_sql_query already registered for DAG: example_python_operator
[2023-11-21T08:12:26.471+0000] {logging_mixin.py:137} INFO - [2023-11-21T08:12:26.471+0000] {taskmixin.py:211} WARNING - Dependency <Task(_PythonDecoratedOperator): log_sql_query>, print_the_context already registered for DAG: example_python_operator
[2023-11-21T08:12:26.471+0000] {logging_mixin.py:137} INFO - [2023-11-21T08:12:26.471+0000] {taskmixin.py:211} WARNING - Dependency <Task(_PythonDecoratedOperator): print_the_context>, log_sql_query already registered for DAG: example_python_operator
[2023-11-21T08:12:26.471+0000] {logging_mixin.py:137} INFO - [2023-11-21T08:12:26.471+0000] {taskmixin.py:211} WARNING - Dependency <Task(_PythonDecoratedOperator): log_sql_query>, print_the_context already registered for DAG: example_python_operator
[2023-11-21T08:12:26.476+0000] {processor.py:753} INFO - DAG(s) dict_keys(['example_python_operator']) retrieved from /home/airflow/.local/lib/python3.7/site-packages/airflow/example_dags/example_python_operator.py
[2023-11-21T08:12:26.493+0000] {logging_mixin.py:137} INFO - [2023-11-21T08:12:26.493+0000] {dag.py:2693} INFO - Sync 1 DAGs
[2023-11-21T08:12:26.508+0000] {logging_mixin.py:137} INFO - [2023-11-21T08:12:26.508+0000] {dag.py:3444} INFO - Setting next_dagrun for example_python_operator to None, run_after=None
[2023-11-21T08:12:26.519+0000] {processor.py:175} INFO - Processing /home/airflow/.local/lib/python3.7/site-packages/airflow/example_dags/example_python_operator.py took 0.064 seconds
[2023-11-21T08:19:19.317+0000] {processor.py:153} INFO - Started process (PID=53) to work on /home/airflow/.local/lib/python3.7/site-packages/airflow/example_dags/example_python_operator.py
[2023-11-21T08:19:19.319+0000] {processor.py:743} INFO - Processing file /home/airflow/.local/lib/python3.7/site-packages/airflow/example_dags/example_python_operator.py for tasks to queue
[2023-11-21T08:19:19.320+0000] {logging_mixin.py:137} INFO - [2023-11-21T08:19:19.320+0000] {dagbag.py:532} INFO - Filling up the DagBag from /home/airflow/.local/lib/python3.7/site-packages/airflow/example_dags/example_python_operator.py
[2023-11-21T08:19:19.351+0000] {logging_mixin.py:137} INFO - [2023-11-21T08:19:19.350+0000] {taskmixin.py:211} WARNING - Dependency <Task(_PythonDecoratedOperator): print_the_context>, log_sql_query already registered for DAG: example_python_operator
[2023-11-21T08:19:19.352+0000] {logging_mixin.py:137} INFO - [2023-11-21T08:19:19.351+0000] {taskmixin.py:211} WARNING - Dependency <Task(_PythonDecoratedOperator): log_sql_query>, print_the_context already registered for DAG: example_python_operator
[2023-11-21T08:19:19.353+0000] {logging_mixin.py:137} INFO - [2023-11-21T08:19:19.353+0000] {taskmixin.py:211} WARNING - Dependency <Task(_PythonDecoratedOperator): print_the_context>, log_sql_query already registered for DAG: example_python_operator
[2023-11-21T08:19:19.354+0000] {logging_mixin.py:137} INFO - [2023-11-21T08:19:19.354+0000] {taskmixin.py:211} WARNING - Dependency <Task(_PythonDecoratedOperator): log_sql_query>, print_the_context already registered for DAG: example_python_operator
[2023-11-21T08:19:19.359+0000] {logging_mixin.py:137} INFO - [2023-11-21T08:19:19.359+0000] {taskmixin.py:211} WARNING - Dependency <Task(_PythonDecoratedOperator): print_the_context>, log_sql_query already registered for DAG: example_python_operator
[2023-11-21T08:19:19.360+0000] {logging_mixin.py:137} INFO - [2023-11-21T08:19:19.359+0000] {taskmixin.py:211} WARNING - Dependency <Task(_PythonDecoratedOperator): log_sql_query>, print_the_context already registered for DAG: example_python_operator
[2023-11-21T08:19:19.361+0000] {logging_mixin.py:137} INFO - [2023-11-21T08:19:19.361+0000] {taskmixin.py:211} WARNING - Dependency <Task(_PythonDecoratedOperator): print_the_context>, log_sql_query already registered for DAG: example_python_operator
[2023-11-21T08:19:19.362+0000] {logging_mixin.py:137} INFO - [2023-11-21T08:19:19.362+0000] {taskmixin.py:211} WARNING - Dependency <Task(_PythonDecoratedOperator): log_sql_query>, print_the_context already registered for DAG: example_python_operator
[2023-11-21T08:19:19.368+0000] {processor.py:753} INFO - DAG(s) dict_keys(['example_python_operator']) retrieved from /home/airflow/.local/lib/python3.7/site-packages/airflow/example_dags/example_python_operator.py
[2023-11-21T08:19:19.509+0000] {logging_mixin.py:137} INFO - [2023-11-21T08:19:19.508+0000] {manager.py:504} INFO - Created Permission View: can edit on DAG:example_python_operator
[2023-11-21T08:19:19.520+0000] {logging_mixin.py:137} INFO - [2023-11-21T08:19:19.520+0000] {manager.py:504} INFO - Created Permission View: can read on DAG:example_python_operator
[2023-11-21T08:19:19.535+0000] {logging_mixin.py:137} INFO - [2023-11-21T08:19:19.535+0000] {manager.py:504} INFO - Created Permission View: can delete on DAG:example_python_operator
[2023-11-21T08:19:19.536+0000] {logging_mixin.py:137} INFO - [2023-11-21T08:19:19.535+0000] {dag.py:2693} INFO - Sync 1 DAGs
[2023-11-21T08:19:19.553+0000] {logging_mixin.py:137} INFO - [2023-11-21T08:19:19.553+0000] {dag.py:2714} INFO - Creating ORM DAG for example_python_operator
[2023-11-21T08:19:19.572+0000] {logging_mixin.py:137} INFO - [2023-11-21T08:19:19.572+0000] {dag.py:3444} INFO - Setting next_dagrun for example_python_operator to None, run_after=None
[2023-11-21T08:19:19.589+0000] {processor.py:175} INFO - Processing /home/airflow/.local/lib/python3.7/site-packages/airflow/example_dags/example_python_operator.py took 0.275 seconds
[2023-11-21T08:19:50.281+0000] {processor.py:153} INFO - Started process (PID=102) to work on /home/airflow/.local/lib/python3.7/site-packages/airflow/example_dags/example_python_operator.py
[2023-11-21T08:19:50.283+0000] {processor.py:743} INFO - Processing file /home/airflow/.local/lib/python3.7/site-packages/airflow/example_dags/example_python_operator.py for tasks to queue
[2023-11-21T08:19:50.284+0000] {logging_mixin.py:137} INFO - [2023-11-21T08:19:50.284+0000] {dagbag.py:532} INFO - Filling up the DagBag from /home/airflow/.local/lib/python3.7/site-packages/airflow/example_dags/example_python_operator.py
[2023-11-21T08:19:50.305+0000] {logging_mixin.py:137} INFO - [2023-11-21T08:19:50.305+0000] {taskmixin.py:211} WARNING - Dependency <Task(_PythonDecoratedOperator): print_the_context>, log_sql_query already registered for DAG: example_python_operator
[2023-11-21T08:19:50.305+0000] {logging_mixin.py:137} INFO - [2023-11-21T08:19:50.305+0000] {taskmixin.py:211} WARNING - Dependency <Task(_PythonDecoratedOperator): log_sql_query>, print_the_context already registered for DAG: example_python_operator
[2023-11-21T08:19:50.306+0000] {logging_mixin.py:137} INFO - [2023-11-21T08:19:50.306+0000] {taskmixin.py:211} WARNING - Dependency <Task(_PythonDecoratedOperator): print_the_context>, log_sql_query already registered for DAG: example_python_operator
[2023-11-21T08:19:50.306+0000] {logging_mixin.py:137} INFO - [2023-11-21T08:19:50.306+0000] {taskmixin.py:211} WARNING - Dependency <Task(_PythonDecoratedOperator): log_sql_query>, print_the_context already registered for DAG: example_python_operator
[2023-11-21T08:19:50.307+0000] {logging_mixin.py:137} INFO - [2023-11-21T08:19:50.307+0000] {taskmixin.py:211} WARNING - Dependency <Task(_PythonDecoratedOperator): print_the_context>, log_sql_query already registered for DAG: example_python_operator
[2023-11-21T08:19:50.308+0000] {logging_mixin.py:137} INFO - [2023-11-21T08:19:50.308+0000] {taskmixin.py:211} WARNING - Dependency <Task(_PythonDecoratedOperator): log_sql_query>, print_the_context already registered for DAG: example_python_operator
[2023-11-21T08:19:50.308+0000] {logging_mixin.py:137} INFO - [2023-11-21T08:19:50.308+0000] {taskmixin.py:211} WARNING - Dependency <Task(_PythonDecoratedOperator): print_the_context>, log_sql_query already registered for DAG: example_python_operator
[2023-11-21T08:19:50.309+0000] {logging_mixin.py:137} INFO - [2023-11-21T08:19:50.309+0000] {taskmixin.py:211} WARNING - Dependency <Task(_PythonDecoratedOperator): log_sql_query>, print_the_context already registered for DAG: example_python_operator
[2023-11-21T08:19:50.315+0000] {processor.py:753} INFO - DAG(s) dict_keys(['example_python_operator']) retrieved from /home/airflow/.local/lib/python3.7/site-packages/airflow/example_dags/example_python_operator.py
[2023-11-21T08:19:50.421+0000] {logging_mixin.py:137} INFO - [2023-11-21T08:19:50.421+0000] {dag.py:2693} INFO - Sync 1 DAGs
[2023-11-21T08:19:50.470+0000] {logging_mixin.py:137} INFO - [2023-11-21T08:19:50.470+0000] {dag.py:3444} INFO - Setting next_dagrun for example_python_operator to None, run_after=None
[2023-11-21T08:19:50.505+0000] {processor.py:175} INFO - Processing /home/airflow/.local/lib/python3.7/site-packages/airflow/example_dags/example_python_operator.py took 0.228 seconds
[2023-11-21T08:20:21.117+0000] {processor.py:153} INFO - Started process (PID=151) to work on /home/airflow/.local/lib/python3.7/site-packages/airflow/example_dags/example_python_operator.py
[2023-11-21T08:20:21.118+0000] {processor.py:743} INFO - Processing file /home/airflow/.local/lib/python3.7/site-packages/airflow/example_dags/example_python_operator.py for tasks to queue
[2023-11-21T08:20:21.119+0000] {logging_mixin.py:137} INFO - [2023-11-21T08:20:21.119+0000] {dagbag.py:532} INFO - Filling up the DagBag from /home/airflow/.local/lib/python3.7/site-packages/airflow/example_dags/example_python_operator.py
[2023-11-21T08:20:21.131+0000] {logging_mixin.py:137} INFO - [2023-11-21T08:20:21.131+0000] {taskmixin.py:211} WARNING - Dependency <Task(_PythonDecoratedOperator): print_the_context>, log_sql_query already registered for DAG: example_python_operator
[2023-11-21T08:20:21.131+0000] {logging_mixin.py:137} INFO - [2023-11-21T08:20:21.131+0000] {taskmixin.py:211} WARNING - Dependency <Task(_PythonDecoratedOperator): log_sql_query>, print_the_context already registered for DAG: example_python_operator
[2023-11-21T08:20:21.131+0000] {logging_mixin.py:137} INFO - [2023-11-21T08:20:21.131+0000] {taskmixin.py:211} WARNING - Dependency <Task(_PythonDecoratedOperator): print_the_context>, log_sql_query already registered for DAG: example_python_operator
[2023-11-21T08:20:21.132+0000] {logging_mixin.py:137} INFO - [2023-11-21T08:20:21.132+0000] {taskmixin.py:211} WARNING - Dependency <Task(_PythonDecoratedOperator): log_sql_query>, print_the_context already registered for DAG: example_python_operator
[2023-11-21T08:20:21.132+0000] {logging_mixin.py:137} INFO - [2023-11-21T08:20:21.132+0000] {taskmixin.py:211} WARNING - Dependency <Task(_PythonDecoratedOperator): print_the_context>, log_sql_query already registered for DAG: example_python_operator
[2023-11-21T08:20:21.132+0000] {logging_mixin.py:137} INFO - [2023-11-21T08:20:21.132+0000] {taskmixin.py:211} WARNING - Dependency <Task(_PythonDecoratedOperator): log_sql_query>, print_the_context already registered for DAG: example_python_operator
[2023-11-21T08:20:21.133+0000] {logging_mixin.py:137} INFO - [2023-11-21T08:20:21.133+0000] {taskmixin.py:211} WARNING - Dependency <Task(_PythonDecoratedOperator): print_the_context>, log_sql_query already registered for DAG: example_python_operator
[2023-11-21T08:20:21.133+0000] {logging_mixin.py:137} INFO - [2023-11-21T08:20:21.133+0000] {taskmixin.py:211} WARNING - Dependency <Task(_PythonDecoratedOperator): log_sql_query>, print_the_context already registered for DAG: example_python_operator
[2023-11-21T08:20:21.139+0000] {processor.py:753} INFO - DAG(s) dict_keys(['example_python_operator']) retrieved from /home/airflow/.local/lib/python3.7/site-packages/airflow/example_dags/example_python_operator.py
[2023-11-21T08:20:21.164+0000] {logging_mixin.py:137} INFO - [2023-11-21T08:20:21.164+0000] {dag.py:2693} INFO - Sync 1 DAGs
[2023-11-21T08:20:21.185+0000] {logging_mixin.py:137} INFO - [2023-11-21T08:20:21.185+0000] {dag.py:3444} INFO - Setting next_dagrun for example_python_operator to None, run_after=None
[2023-11-21T08:20:21.204+0000] {processor.py:175} INFO - Processing /home/airflow/.local/lib/python3.7/site-packages/airflow/example_dags/example_python_operator.py took 0.090 seconds
[2023-11-21T08:20:51.325+0000] {processor.py:153} INFO - Started process (PID=201) to work on /home/airflow/.local/lib/python3.7/site-packages/airflow/example_dags/example_python_operator.py
[2023-11-21T08:20:51.326+0000] {processor.py:743} INFO - Processing file /home/airflow/.local/lib/python3.7/site-packages/airflow/example_dags/example_python_operator.py for tasks to queue
[2023-11-21T08:20:51.327+0000] {logging_mixin.py:137} INFO - [2023-11-21T08:20:51.327+0000] {dagbag.py:532} INFO - Filling up the DagBag from /home/airflow/.local/lib/python3.7/site-packages/airflow/example_dags/example_python_operator.py
[2023-11-21T08:20:51.365+0000] {logging_mixin.py:137} INFO - [2023-11-21T08:20:51.365+0000] {taskmixin.py:211} WARNING - Dependency <Task(_PythonDecoratedOperator): print_the_context>, log_sql_query already registered for DAG: example_python_operator
[2023-11-21T08:20:51.366+0000] {logging_mixin.py:137} INFO - [2023-11-21T08:20:51.366+0000] {taskmixin.py:211} WARNING - Dependency <Task(_PythonDecoratedOperator): log_sql_query>, print_the_context already registered for DAG: example_python_operator
[2023-11-21T08:20:51.367+0000] {logging_mixin.py:137} INFO - [2023-11-21T08:20:51.367+0000] {taskmixin.py:211} WARNING - Dependency <Task(_PythonDecoratedOperator): print_the_context>, log_sql_query already registered for DAG: example_python_operator
[2023-11-21T08:20:51.368+0000] {logging_mixin.py:137} INFO - [2023-11-21T08:20:51.368+0000] {taskmixin.py:211} WARNING - Dependency <Task(_PythonDecoratedOperator): log_sql_query>, print_the_context already registered for DAG: example_python_operator
[2023-11-21T08:20:51.369+0000] {logging_mixin.py:137} INFO - [2023-11-21T08:20:51.369+0000] {taskmixin.py:211} WARNING - Dependency <Task(_PythonDecoratedOperator): print_the_context>, log_sql_query already registered for DAG: example_python_operator
[2023-11-21T08:20:51.369+0000] {logging_mixin.py:137} INFO - [2023-11-21T08:20:51.369+0000] {taskmixin.py:211} WARNING - Dependency <Task(_PythonDecoratedOperator): log_sql_query>, print_the_context already registered for DAG: example_python_operator
[2023-11-21T08:20:51.370+0000] {logging_mixin.py:137} INFO - [2023-11-21T08:20:51.370+0000] {taskmixin.py:211} WARNING - Dependency <Task(_PythonDecoratedOperator): print_the_context>, log_sql_query already registered for DAG: example_python_operator
[2023-11-21T08:20:51.370+0000] {logging_mixin.py:137} INFO - [2023-11-21T08:20:51.370+0000] {taskmixin.py:211} WARNING - Dependency <Task(_PythonDecoratedOperator): log_sql_query>, print_the_context already registered for DAG: example_python_operator
[2023-11-21T08:20:51.379+0000] {processor.py:753} INFO - DAG(s) dict_keys(['example_python_operator']) retrieved from /home/airflow/.local/lib/python3.7/site-packages/airflow/example_dags/example_python_operator.py
[2023-11-21T08:20:51.410+0000] {logging_mixin.py:137} INFO - [2023-11-21T08:20:51.410+0000] {dag.py:2693} INFO - Sync 1 DAGs
[2023-11-21T08:20:51.433+0000] {logging_mixin.py:137} INFO - [2023-11-21T08:20:51.433+0000] {dag.py:3444} INFO - Setting next_dagrun for example_python_operator to None, run_after=None
[2023-11-21T08:20:51.450+0000] {processor.py:175} INFO - Processing /home/airflow/.local/lib/python3.7/site-packages/airflow/example_dags/example_python_operator.py took 0.127 seconds
