[2023-11-21T08:05:49.663+0000] {processor.py:153} INFO - Started process (PID=70) to work on /home/airflow/.local/lib/python3.7/site-packages/airflow/example_dags/example_datasets.py
[2023-11-21T08:05:49.666+0000] {processor.py:743} INFO - Processing file /home/airflow/.local/lib/python3.7/site-packages/airflow/example_dags/example_datasets.py for tasks to queue
[2023-11-21T08:05:49.668+0000] {logging_mixin.py:137} INFO - [2023-11-21T08:05:49.668+0000] {dagbag.py:532} INFO - Filling up the DagBag from /home/airflow/.local/lib/python3.7/site-packages/airflow/example_dags/example_datasets.py
[2023-11-21T08:05:49.694+0000] {processor.py:753} INFO - DAG(s) dict_keys(['dataset_produces_2', 'dataset_consumes_unknown_never_scheduled', 'dataset_consumes_1_and_2', 'dataset_consumes_1', 'dataset_consumes_1_never_scheduled', 'dataset_produces_1']) retrieved from /home/airflow/.local/lib/python3.7/site-packages/airflow/example_dags/example_datasets.py
[2023-11-21T08:05:49.740+0000] {logging_mixin.py:137} INFO - [2023-11-21T08:05:49.740+0000] {dag.py:2693} INFO - Sync 6 DAGs
[2023-11-21T08:05:49.780+0000] {logging_mixin.py:137} INFO - [2023-11-21T08:05:49.779+0000] {dag.py:3444} INFO - Setting next_dagrun for dataset_consumes_1 to None, run_after=None
[2023-11-21T08:05:49.786+0000] {logging_mixin.py:137} INFO - [2023-11-21T08:05:49.786+0000] {dag.py:3444} INFO - Setting next_dagrun for dataset_consumes_1_and_2 to None, run_after=None
[2023-11-21T08:05:49.790+0000] {logging_mixin.py:137} INFO - [2023-11-21T08:05:49.790+0000] {dag.py:3444} INFO - Setting next_dagrun for dataset_consumes_1_never_scheduled to None, run_after=None
[2023-11-21T08:05:49.793+0000] {logging_mixin.py:137} INFO - [2023-11-21T08:05:49.793+0000] {dag.py:3444} INFO - Setting next_dagrun for dataset_consumes_unknown_never_scheduled to None, run_after=None
[2023-11-21T08:05:49.798+0000] {logging_mixin.py:137} INFO - [2023-11-21T08:05:49.798+0000] {dag.py:3444} INFO - Setting next_dagrun for dataset_produces_1 to 2023-11-20T00:00:00+00:00, run_after=2023-11-21T00:00:00+00:00
[2023-11-21T08:05:49.802+0000] {logging_mixin.py:137} INFO - [2023-11-21T08:05:49.801+0000] {dag.py:3444} INFO - Setting next_dagrun for dataset_produces_2 to None, run_after=None
[2023-11-21T08:05:49.870+0000] {processor.py:175} INFO - Processing /home/airflow/.local/lib/python3.7/site-packages/airflow/example_dags/example_datasets.py took 0.211 seconds
[2023-11-21T08:06:20.092+0000] {processor.py:153} INFO - Started process (PID=119) to work on /home/airflow/.local/lib/python3.7/site-packages/airflow/example_dags/example_datasets.py
[2023-11-21T08:06:20.093+0000] {processor.py:743} INFO - Processing file /home/airflow/.local/lib/python3.7/site-packages/airflow/example_dags/example_datasets.py for tasks to queue
[2023-11-21T08:06:20.093+0000] {logging_mixin.py:137} INFO - [2023-11-21T08:06:20.093+0000] {dagbag.py:532} INFO - Filling up the DagBag from /home/airflow/.local/lib/python3.7/site-packages/airflow/example_dags/example_datasets.py
[2023-11-21T08:06:20.103+0000] {processor.py:753} INFO - DAG(s) dict_keys(['dataset_consumes_1_never_scheduled', 'dataset_consumes_1', 'dataset_consumes_1_and_2', 'dataset_produces_2', 'dataset_produces_1', 'dataset_consumes_unknown_never_scheduled']) retrieved from /home/airflow/.local/lib/python3.7/site-packages/airflow/example_dags/example_datasets.py
[2023-11-21T08:06:20.154+0000] {logging_mixin.py:137} INFO - [2023-11-21T08:06:20.154+0000] {dag.py:2693} INFO - Sync 6 DAGs
[2023-11-21T08:06:20.167+0000] {logging_mixin.py:137} INFO - [2023-11-21T08:06:20.167+0000] {dag.py:3444} INFO - Setting next_dagrun for dataset_consumes_1 to None, run_after=None
[2023-11-21T08:06:20.168+0000] {logging_mixin.py:137} INFO - [2023-11-21T08:06:20.168+0000] {dag.py:3444} INFO - Setting next_dagrun for dataset_consumes_1_and_2 to None, run_after=None
[2023-11-21T08:06:20.169+0000] {logging_mixin.py:137} INFO - [2023-11-21T08:06:20.169+0000] {dag.py:3444} INFO - Setting next_dagrun for dataset_consumes_1_never_scheduled to None, run_after=None
[2023-11-21T08:06:20.170+0000] {logging_mixin.py:137} INFO - [2023-11-21T08:06:20.170+0000] {dag.py:3444} INFO - Setting next_dagrun for dataset_consumes_unknown_never_scheduled to None, run_after=None
[2023-11-21T08:06:20.171+0000] {logging_mixin.py:137} INFO - [2023-11-21T08:06:20.171+0000] {dag.py:3444} INFO - Setting next_dagrun for dataset_produces_1 to 2023-11-20T00:00:00+00:00, run_after=2023-11-21T00:00:00+00:00
[2023-11-21T08:06:20.172+0000] {logging_mixin.py:137} INFO - [2023-11-21T08:06:20.172+0000] {dag.py:3444} INFO - Setting next_dagrun for dataset_produces_2 to None, run_after=None
[2023-11-21T08:06:20.189+0000] {processor.py:175} INFO - Processing /home/airflow/.local/lib/python3.7/site-packages/airflow/example_dags/example_datasets.py took 0.100 seconds
[2023-11-21T08:06:50.972+0000] {processor.py:153} INFO - Started process (PID=168) to work on /home/airflow/.local/lib/python3.7/site-packages/airflow/example_dags/example_datasets.py
[2023-11-21T08:06:50.973+0000] {processor.py:743} INFO - Processing file /home/airflow/.local/lib/python3.7/site-packages/airflow/example_dags/example_datasets.py for tasks to queue
[2023-11-21T08:06:50.974+0000] {logging_mixin.py:137} INFO - [2023-11-21T08:06:50.973+0000] {dagbag.py:532} INFO - Filling up the DagBag from /home/airflow/.local/lib/python3.7/site-packages/airflow/example_dags/example_datasets.py
[2023-11-21T08:06:50.983+0000] {processor.py:753} INFO - DAG(s) dict_keys(['dataset_consumes_1_and_2', 'dataset_consumes_unknown_never_scheduled', 'dataset_consumes_1', 'dataset_produces_2', 'dataset_consumes_1_never_scheduled', 'dataset_produces_1']) retrieved from /home/airflow/.local/lib/python3.7/site-packages/airflow/example_dags/example_datasets.py
[2023-11-21T08:06:51.007+0000] {logging_mixin.py:137} INFO - [2023-11-21T08:06:51.007+0000] {dag.py:2693} INFO - Sync 6 DAGs
[2023-11-21T08:06:51.024+0000] {logging_mixin.py:137} INFO - [2023-11-21T08:06:51.023+0000] {dag.py:3444} INFO - Setting next_dagrun for dataset_consumes_1 to None, run_after=None
[2023-11-21T08:06:51.025+0000] {logging_mixin.py:137} INFO - [2023-11-21T08:06:51.025+0000] {dag.py:3444} INFO - Setting next_dagrun for dataset_consumes_1_and_2 to None, run_after=None
[2023-11-21T08:06:51.026+0000] {logging_mixin.py:137} INFO - [2023-11-21T08:06:51.026+0000] {dag.py:3444} INFO - Setting next_dagrun for dataset_consumes_1_never_scheduled to None, run_after=None
[2023-11-21T08:06:51.027+0000] {logging_mixin.py:137} INFO - [2023-11-21T08:06:51.027+0000] {dag.py:3444} INFO - Setting next_dagrun for dataset_consumes_unknown_never_scheduled to None, run_after=None
[2023-11-21T08:06:51.028+0000] {logging_mixin.py:137} INFO - [2023-11-21T08:06:51.028+0000] {dag.py:3444} INFO - Setting next_dagrun for dataset_produces_1 to 2023-11-20T00:00:00+00:00, run_after=2023-11-21T00:00:00+00:00
[2023-11-21T08:06:51.029+0000] {logging_mixin.py:137} INFO - [2023-11-21T08:06:51.029+0000] {dag.py:3444} INFO - Setting next_dagrun for dataset_produces_2 to None, run_after=None
[2023-11-21T08:06:51.046+0000] {processor.py:175} INFO - Processing /home/airflow/.local/lib/python3.7/site-packages/airflow/example_dags/example_datasets.py took 0.077 seconds
[2023-11-21T08:07:21.739+0000] {processor.py:153} INFO - Started process (PID=217) to work on /home/airflow/.local/lib/python3.7/site-packages/airflow/example_dags/example_datasets.py
[2023-11-21T08:07:21.740+0000] {processor.py:743} INFO - Processing file /home/airflow/.local/lib/python3.7/site-packages/airflow/example_dags/example_datasets.py for tasks to queue
[2023-11-21T08:07:21.740+0000] {logging_mixin.py:137} INFO - [2023-11-21T08:07:21.740+0000] {dagbag.py:532} INFO - Filling up the DagBag from /home/airflow/.local/lib/python3.7/site-packages/airflow/example_dags/example_datasets.py
[2023-11-21T08:07:21.750+0000] {processor.py:753} INFO - DAG(s) dict_keys(['dataset_produces_2', 'dataset_consumes_1', 'dataset_consumes_1_and_2', 'dataset_consumes_1_never_scheduled', 'dataset_produces_1', 'dataset_consumes_unknown_never_scheduled']) retrieved from /home/airflow/.local/lib/python3.7/site-packages/airflow/example_dags/example_datasets.py
[2023-11-21T08:07:21.774+0000] {logging_mixin.py:137} INFO - [2023-11-21T08:07:21.774+0000] {dag.py:2693} INFO - Sync 6 DAGs
[2023-11-21T08:07:21.790+0000] {logging_mixin.py:137} INFO - [2023-11-21T08:07:21.790+0000] {dag.py:3444} INFO - Setting next_dagrun for dataset_consumes_1 to None, run_after=None
[2023-11-21T08:07:21.792+0000] {logging_mixin.py:137} INFO - [2023-11-21T08:07:21.792+0000] {dag.py:3444} INFO - Setting next_dagrun for dataset_consumes_1_and_2 to None, run_after=None
[2023-11-21T08:07:21.793+0000] {logging_mixin.py:137} INFO - [2023-11-21T08:07:21.793+0000] {dag.py:3444} INFO - Setting next_dagrun for dataset_consumes_1_never_scheduled to None, run_after=None
[2023-11-21T08:07:21.793+0000] {logging_mixin.py:137} INFO - [2023-11-21T08:07:21.793+0000] {dag.py:3444} INFO - Setting next_dagrun for dataset_consumes_unknown_never_scheduled to None, run_after=None
[2023-11-21T08:07:21.795+0000] {logging_mixin.py:137} INFO - [2023-11-21T08:07:21.795+0000] {dag.py:3444} INFO - Setting next_dagrun for dataset_produces_1 to 2023-11-20T00:00:00+00:00, run_after=2023-11-21T00:00:00+00:00
[2023-11-21T08:07:21.795+0000] {logging_mixin.py:137} INFO - [2023-11-21T08:07:21.795+0000] {dag.py:3444} INFO - Setting next_dagrun for dataset_produces_2 to None, run_after=None
[2023-11-21T08:07:21.813+0000] {processor.py:175} INFO - Processing /home/airflow/.local/lib/python3.7/site-packages/airflow/example_dags/example_datasets.py took 0.076 seconds
[2023-11-21T08:07:52.564+0000] {processor.py:153} INFO - Started process (PID=266) to work on /home/airflow/.local/lib/python3.7/site-packages/airflow/example_dags/example_datasets.py
[2023-11-21T08:07:52.565+0000] {processor.py:743} INFO - Processing file /home/airflow/.local/lib/python3.7/site-packages/airflow/example_dags/example_datasets.py for tasks to queue
[2023-11-21T08:07:52.565+0000] {logging_mixin.py:137} INFO - [2023-11-21T08:07:52.565+0000] {dagbag.py:532} INFO - Filling up the DagBag from /home/airflow/.local/lib/python3.7/site-packages/airflow/example_dags/example_datasets.py
[2023-11-21T08:07:52.575+0000] {processor.py:753} INFO - DAG(s) dict_keys(['dataset_consumes_unknown_never_scheduled', 'dataset_consumes_1_never_scheduled', 'dataset_produces_2', 'dataset_consumes_1', 'dataset_consumes_1_and_2', 'dataset_produces_1']) retrieved from /home/airflow/.local/lib/python3.7/site-packages/airflow/example_dags/example_datasets.py
[2023-11-21T08:07:52.598+0000] {logging_mixin.py:137} INFO - [2023-11-21T08:07:52.598+0000] {dag.py:2693} INFO - Sync 6 DAGs
[2023-11-21T08:07:52.614+0000] {logging_mixin.py:137} INFO - [2023-11-21T08:07:52.614+0000] {dag.py:3444} INFO - Setting next_dagrun for dataset_consumes_1 to None, run_after=None
[2023-11-21T08:07:52.616+0000] {logging_mixin.py:137} INFO - [2023-11-21T08:07:52.616+0000] {dag.py:3444} INFO - Setting next_dagrun for dataset_consumes_1_and_2 to None, run_after=None
[2023-11-21T08:07:52.617+0000] {logging_mixin.py:137} INFO - [2023-11-21T08:07:52.617+0000] {dag.py:3444} INFO - Setting next_dagrun for dataset_consumes_1_never_scheduled to None, run_after=None
[2023-11-21T08:07:52.618+0000] {logging_mixin.py:137} INFO - [2023-11-21T08:07:52.618+0000] {dag.py:3444} INFO - Setting next_dagrun for dataset_consumes_unknown_never_scheduled to None, run_after=None
[2023-11-21T08:07:52.619+0000] {logging_mixin.py:137} INFO - [2023-11-21T08:07:52.619+0000] {dag.py:3444} INFO - Setting next_dagrun for dataset_produces_1 to 2023-11-20T00:00:00+00:00, run_after=2023-11-21T00:00:00+00:00
[2023-11-21T08:07:52.620+0000] {logging_mixin.py:137} INFO - [2023-11-21T08:07:52.620+0000] {dag.py:3444} INFO - Setting next_dagrun for dataset_produces_2 to None, run_after=None
[2023-11-21T08:07:52.637+0000] {processor.py:175} INFO - Processing /home/airflow/.local/lib/python3.7/site-packages/airflow/example_dags/example_datasets.py took 0.076 seconds
[2023-11-21T08:08:23.354+0000] {processor.py:153} INFO - Started process (PID=315) to work on /home/airflow/.local/lib/python3.7/site-packages/airflow/example_dags/example_datasets.py
[2023-11-21T08:08:23.354+0000] {processor.py:743} INFO - Processing file /home/airflow/.local/lib/python3.7/site-packages/airflow/example_dags/example_datasets.py for tasks to queue
[2023-11-21T08:08:23.355+0000] {logging_mixin.py:137} INFO - [2023-11-21T08:08:23.355+0000] {dagbag.py:532} INFO - Filling up the DagBag from /home/airflow/.local/lib/python3.7/site-packages/airflow/example_dags/example_datasets.py
[2023-11-21T08:08:23.365+0000] {processor.py:753} INFO - DAG(s) dict_keys(['dataset_consumes_1', 'dataset_consumes_1_and_2', 'dataset_produces_2', 'dataset_consumes_unknown_never_scheduled', 'dataset_consumes_1_never_scheduled', 'dataset_produces_1']) retrieved from /home/airflow/.local/lib/python3.7/site-packages/airflow/example_dags/example_datasets.py
[2023-11-21T08:08:23.388+0000] {logging_mixin.py:137} INFO - [2023-11-21T08:08:23.388+0000] {dag.py:2693} INFO - Sync 6 DAGs
[2023-11-21T08:08:23.405+0000] {logging_mixin.py:137} INFO - [2023-11-21T08:08:23.405+0000] {dag.py:3444} INFO - Setting next_dagrun for dataset_consumes_1 to None, run_after=None
[2023-11-21T08:08:23.407+0000] {logging_mixin.py:137} INFO - [2023-11-21T08:08:23.407+0000] {dag.py:3444} INFO - Setting next_dagrun for dataset_consumes_1_and_2 to None, run_after=None
[2023-11-21T08:08:23.407+0000] {logging_mixin.py:137} INFO - [2023-11-21T08:08:23.407+0000] {dag.py:3444} INFO - Setting next_dagrun for dataset_consumes_1_never_scheduled to None, run_after=None
[2023-11-21T08:08:23.408+0000] {logging_mixin.py:137} INFO - [2023-11-21T08:08:23.408+0000] {dag.py:3444} INFO - Setting next_dagrun for dataset_consumes_unknown_never_scheduled to None, run_after=None
[2023-11-21T08:08:23.410+0000] {logging_mixin.py:137} INFO - [2023-11-21T08:08:23.410+0000] {dag.py:3444} INFO - Setting next_dagrun for dataset_produces_1 to 2023-11-20T00:00:00+00:00, run_after=2023-11-21T00:00:00+00:00
[2023-11-21T08:08:23.410+0000] {logging_mixin.py:137} INFO - [2023-11-21T08:08:23.410+0000] {dag.py:3444} INFO - Setting next_dagrun for dataset_produces_2 to None, run_after=None
[2023-11-21T08:08:23.428+0000] {processor.py:175} INFO - Processing /home/airflow/.local/lib/python3.7/site-packages/airflow/example_dags/example_datasets.py took 0.077 seconds
[2023-11-21T08:08:54.139+0000] {processor.py:153} INFO - Started process (PID=364) to work on /home/airflow/.local/lib/python3.7/site-packages/airflow/example_dags/example_datasets.py
[2023-11-21T08:08:54.140+0000] {processor.py:743} INFO - Processing file /home/airflow/.local/lib/python3.7/site-packages/airflow/example_dags/example_datasets.py for tasks to queue
[2023-11-21T08:08:54.140+0000] {logging_mixin.py:137} INFO - [2023-11-21T08:08:54.140+0000] {dagbag.py:532} INFO - Filling up the DagBag from /home/airflow/.local/lib/python3.7/site-packages/airflow/example_dags/example_datasets.py
[2023-11-21T08:08:54.150+0000] {processor.py:753} INFO - DAG(s) dict_keys(['dataset_consumes_1', 'dataset_produces_2', 'dataset_consumes_1_and_2', 'dataset_produces_1', 'dataset_consumes_1_never_scheduled', 'dataset_consumes_unknown_never_scheduled']) retrieved from /home/airflow/.local/lib/python3.7/site-packages/airflow/example_dags/example_datasets.py
[2023-11-21T08:08:54.174+0000] {logging_mixin.py:137} INFO - [2023-11-21T08:08:54.174+0000] {dag.py:2693} INFO - Sync 6 DAGs
[2023-11-21T08:08:54.189+0000] {logging_mixin.py:137} INFO - [2023-11-21T08:08:54.189+0000] {dag.py:3444} INFO - Setting next_dagrun for dataset_consumes_1 to None, run_after=None
[2023-11-21T08:08:54.192+0000] {logging_mixin.py:137} INFO - [2023-11-21T08:08:54.192+0000] {dag.py:3444} INFO - Setting next_dagrun for dataset_consumes_1_and_2 to None, run_after=None
[2023-11-21T08:08:54.192+0000] {logging_mixin.py:137} INFO - [2023-11-21T08:08:54.192+0000] {dag.py:3444} INFO - Setting next_dagrun for dataset_consumes_1_never_scheduled to None, run_after=None
[2023-11-21T08:08:54.193+0000] {logging_mixin.py:137} INFO - [2023-11-21T08:08:54.193+0000] {dag.py:3444} INFO - Setting next_dagrun for dataset_consumes_unknown_never_scheduled to None, run_after=None
[2023-11-21T08:08:54.195+0000] {logging_mixin.py:137} INFO - [2023-11-21T08:08:54.195+0000] {dag.py:3444} INFO - Setting next_dagrun for dataset_produces_1 to 2023-11-20T00:00:00+00:00, run_after=2023-11-21T00:00:00+00:00
[2023-11-21T08:08:54.195+0000] {logging_mixin.py:137} INFO - [2023-11-21T08:08:54.195+0000] {dag.py:3444} INFO - Setting next_dagrun for dataset_produces_2 to None, run_after=None
[2023-11-21T08:08:54.214+0000] {processor.py:175} INFO - Processing /home/airflow/.local/lib/python3.7/site-packages/airflow/example_dags/example_datasets.py took 0.077 seconds
[2023-11-21T08:09:24.883+0000] {processor.py:153} INFO - Started process (PID=413) to work on /home/airflow/.local/lib/python3.7/site-packages/airflow/example_dags/example_datasets.py
[2023-11-21T08:09:24.883+0000] {processor.py:743} INFO - Processing file /home/airflow/.local/lib/python3.7/site-packages/airflow/example_dags/example_datasets.py for tasks to queue
[2023-11-21T08:09:24.884+0000] {logging_mixin.py:137} INFO - [2023-11-21T08:09:24.884+0000] {dagbag.py:532} INFO - Filling up the DagBag from /home/airflow/.local/lib/python3.7/site-packages/airflow/example_dags/example_datasets.py
[2023-11-21T08:09:24.894+0000] {processor.py:753} INFO - DAG(s) dict_keys(['dataset_consumes_unknown_never_scheduled', 'dataset_consumes_1', 'dataset_consumes_1_and_2', 'dataset_produces_2', 'dataset_produces_1', 'dataset_consumes_1_never_scheduled']) retrieved from /home/airflow/.local/lib/python3.7/site-packages/airflow/example_dags/example_datasets.py
[2023-11-21T08:09:24.917+0000] {logging_mixin.py:137} INFO - [2023-11-21T08:09:24.917+0000] {dag.py:2693} INFO - Sync 6 DAGs
[2023-11-21T08:09:24.933+0000] {logging_mixin.py:137} INFO - [2023-11-21T08:09:24.933+0000] {dag.py:3444} INFO - Setting next_dagrun for dataset_consumes_1 to None, run_after=None
[2023-11-21T08:09:24.936+0000] {logging_mixin.py:137} INFO - [2023-11-21T08:09:24.935+0000] {dag.py:3444} INFO - Setting next_dagrun for dataset_consumes_1_and_2 to None, run_after=None
[2023-11-21T08:09:24.936+0000] {logging_mixin.py:137} INFO - [2023-11-21T08:09:24.936+0000] {dag.py:3444} INFO - Setting next_dagrun for dataset_consumes_1_never_scheduled to None, run_after=None
[2023-11-21T08:09:24.937+0000] {logging_mixin.py:137} INFO - [2023-11-21T08:09:24.937+0000] {dag.py:3444} INFO - Setting next_dagrun for dataset_consumes_unknown_never_scheduled to None, run_after=None
[2023-11-21T08:09:24.938+0000] {logging_mixin.py:137} INFO - [2023-11-21T08:09:24.938+0000] {dag.py:3444} INFO - Setting next_dagrun for dataset_produces_1 to 2023-11-20T00:00:00+00:00, run_after=2023-11-21T00:00:00+00:00
[2023-11-21T08:09:24.939+0000] {logging_mixin.py:137} INFO - [2023-11-21T08:09:24.939+0000] {dag.py:3444} INFO - Setting next_dagrun for dataset_produces_2 to None, run_after=None
[2023-11-21T08:09:24.956+0000] {processor.py:175} INFO - Processing /home/airflow/.local/lib/python3.7/site-packages/airflow/example_dags/example_datasets.py took 0.076 seconds
[2023-11-21T08:09:55.675+0000] {processor.py:153} INFO - Started process (PID=462) to work on /home/airflow/.local/lib/python3.7/site-packages/airflow/example_dags/example_datasets.py
[2023-11-21T08:09:55.676+0000] {processor.py:743} INFO - Processing file /home/airflow/.local/lib/python3.7/site-packages/airflow/example_dags/example_datasets.py for tasks to queue
[2023-11-21T08:09:55.677+0000] {logging_mixin.py:137} INFO - [2023-11-21T08:09:55.677+0000] {dagbag.py:532} INFO - Filling up the DagBag from /home/airflow/.local/lib/python3.7/site-packages/airflow/example_dags/example_datasets.py
[2023-11-21T08:09:55.686+0000] {processor.py:753} INFO - DAG(s) dict_keys(['dataset_consumes_1_and_2', 'dataset_consumes_unknown_never_scheduled', 'dataset_produces_1', 'dataset_consumes_1', 'dataset_produces_2', 'dataset_consumes_1_never_scheduled']) retrieved from /home/airflow/.local/lib/python3.7/site-packages/airflow/example_dags/example_datasets.py
[2023-11-21T08:09:55.709+0000] {logging_mixin.py:137} INFO - [2023-11-21T08:09:55.709+0000] {dag.py:2693} INFO - Sync 6 DAGs
[2023-11-21T08:09:55.725+0000] {logging_mixin.py:137} INFO - [2023-11-21T08:09:55.725+0000] {dag.py:3444} INFO - Setting next_dagrun for dataset_consumes_1 to None, run_after=None
[2023-11-21T08:09:55.728+0000] {logging_mixin.py:137} INFO - [2023-11-21T08:09:55.728+0000] {dag.py:3444} INFO - Setting next_dagrun for dataset_consumes_1_and_2 to None, run_after=None
[2023-11-21T08:09:55.728+0000] {logging_mixin.py:137} INFO - [2023-11-21T08:09:55.728+0000] {dag.py:3444} INFO - Setting next_dagrun for dataset_consumes_1_never_scheduled to None, run_after=None
[2023-11-21T08:09:55.729+0000] {logging_mixin.py:137} INFO - [2023-11-21T08:09:55.729+0000] {dag.py:3444} INFO - Setting next_dagrun for dataset_consumes_unknown_never_scheduled to None, run_after=None
[2023-11-21T08:09:55.730+0000] {logging_mixin.py:137} INFO - [2023-11-21T08:09:55.730+0000] {dag.py:3444} INFO - Setting next_dagrun for dataset_produces_1 to 2023-11-20T00:00:00+00:00, run_after=2023-11-21T00:00:00+00:00
[2023-11-21T08:09:55.731+0000] {logging_mixin.py:137} INFO - [2023-11-21T08:09:55.731+0000] {dag.py:3444} INFO - Setting next_dagrun for dataset_produces_2 to None, run_after=None
[2023-11-21T08:09:55.751+0000] {processor.py:175} INFO - Processing /home/airflow/.local/lib/python3.7/site-packages/airflow/example_dags/example_datasets.py took 0.078 seconds
[2023-11-21T08:10:26.639+0000] {processor.py:153} INFO - Started process (PID=511) to work on /home/airflow/.local/lib/python3.7/site-packages/airflow/example_dags/example_datasets.py
[2023-11-21T08:10:26.639+0000] {processor.py:743} INFO - Processing file /home/airflow/.local/lib/python3.7/site-packages/airflow/example_dags/example_datasets.py for tasks to queue
[2023-11-21T08:10:26.640+0000] {logging_mixin.py:137} INFO - [2023-11-21T08:10:26.640+0000] {dagbag.py:532} INFO - Filling up the DagBag from /home/airflow/.local/lib/python3.7/site-packages/airflow/example_dags/example_datasets.py
[2023-11-21T08:10:26.650+0000] {processor.py:753} INFO - DAG(s) dict_keys(['dataset_produces_2', 'dataset_produces_1', 'dataset_consumes_1_never_scheduled', 'dataset_consumes_1', 'dataset_consumes_unknown_never_scheduled', 'dataset_consumes_1_and_2']) retrieved from /home/airflow/.local/lib/python3.7/site-packages/airflow/example_dags/example_datasets.py
[2023-11-21T08:10:26.682+0000] {logging_mixin.py:137} INFO - [2023-11-21T08:10:26.682+0000] {dag.py:2693} INFO - Sync 6 DAGs
[2023-11-21T08:10:26.707+0000] {logging_mixin.py:137} INFO - [2023-11-21T08:10:26.707+0000] {dag.py:3444} INFO - Setting next_dagrun for dataset_consumes_1 to None, run_after=None
[2023-11-21T08:10:26.710+0000] {logging_mixin.py:137} INFO - [2023-11-21T08:10:26.710+0000] {dag.py:3444} INFO - Setting next_dagrun for dataset_consumes_1_and_2 to None, run_after=None
[2023-11-21T08:10:26.712+0000] {logging_mixin.py:137} INFO - [2023-11-21T08:10:26.712+0000] {dag.py:3444} INFO - Setting next_dagrun for dataset_consumes_1_never_scheduled to None, run_after=None
[2023-11-21T08:10:26.714+0000] {logging_mixin.py:137} INFO - [2023-11-21T08:10:26.713+0000] {dag.py:3444} INFO - Setting next_dagrun for dataset_consumes_unknown_never_scheduled to None, run_after=None
[2023-11-21T08:10:26.715+0000] {logging_mixin.py:137} INFO - [2023-11-21T08:10:26.715+0000] {dag.py:3444} INFO - Setting next_dagrun for dataset_produces_1 to 2023-11-20T00:00:00+00:00, run_after=2023-11-21T00:00:00+00:00
[2023-11-21T08:10:26.716+0000] {logging_mixin.py:137} INFO - [2023-11-21T08:10:26.716+0000] {dag.py:3444} INFO - Setting next_dagrun for dataset_produces_2 to None, run_after=None
[2023-11-21T08:10:26.747+0000] {processor.py:175} INFO - Processing /home/airflow/.local/lib/python3.7/site-packages/airflow/example_dags/example_datasets.py took 0.111 seconds
[2023-11-21T08:10:56.871+0000] {processor.py:153} INFO - Started process (PID=560) to work on /home/airflow/.local/lib/python3.7/site-packages/airflow/example_dags/example_datasets.py
[2023-11-21T08:10:56.872+0000] {processor.py:743} INFO - Processing file /home/airflow/.local/lib/python3.7/site-packages/airflow/example_dags/example_datasets.py for tasks to queue
[2023-11-21T08:10:56.873+0000] {logging_mixin.py:137} INFO - [2023-11-21T08:10:56.873+0000] {dagbag.py:532} INFO - Filling up the DagBag from /home/airflow/.local/lib/python3.7/site-packages/airflow/example_dags/example_datasets.py
[2023-11-21T08:10:56.884+0000] {processor.py:753} INFO - DAG(s) dict_keys(['dataset_produces_1', 'dataset_produces_2', 'dataset_consumes_unknown_never_scheduled', 'dataset_consumes_1_never_scheduled', 'dataset_consumes_1', 'dataset_consumes_1_and_2']) retrieved from /home/airflow/.local/lib/python3.7/site-packages/airflow/example_dags/example_datasets.py
[2023-11-21T08:10:56.909+0000] {logging_mixin.py:137} INFO - [2023-11-21T08:10:56.909+0000] {dag.py:2693} INFO - Sync 6 DAGs
[2023-11-21T08:10:56.924+0000] {logging_mixin.py:137} INFO - [2023-11-21T08:10:56.924+0000] {dag.py:3444} INFO - Setting next_dagrun for dataset_consumes_1 to None, run_after=None
[2023-11-21T08:10:56.926+0000] {logging_mixin.py:137} INFO - [2023-11-21T08:10:56.926+0000] {dag.py:3444} INFO - Setting next_dagrun for dataset_consumes_1_and_2 to None, run_after=None
[2023-11-21T08:10:56.927+0000] {logging_mixin.py:137} INFO - [2023-11-21T08:10:56.927+0000] {dag.py:3444} INFO - Setting next_dagrun for dataset_consumes_1_never_scheduled to None, run_after=None
[2023-11-21T08:10:56.928+0000] {logging_mixin.py:137} INFO - [2023-11-21T08:10:56.928+0000] {dag.py:3444} INFO - Setting next_dagrun for dataset_consumes_unknown_never_scheduled to None, run_after=None
[2023-11-21T08:10:56.929+0000] {logging_mixin.py:137} INFO - [2023-11-21T08:10:56.929+0000] {dag.py:3444} INFO - Setting next_dagrun for dataset_produces_1 to 2023-11-20T00:00:00+00:00, run_after=2023-11-21T00:00:00+00:00
[2023-11-21T08:10:56.930+0000] {logging_mixin.py:137} INFO - [2023-11-21T08:10:56.930+0000] {dag.py:3444} INFO - Setting next_dagrun for dataset_produces_2 to None, run_after=None
[2023-11-21T08:10:56.950+0000] {processor.py:175} INFO - Processing /home/airflow/.local/lib/python3.7/site-packages/airflow/example_dags/example_datasets.py took 0.081 seconds
[2023-11-21T08:11:26.968+0000] {processor.py:153} INFO - Started process (PID=609) to work on /home/airflow/.local/lib/python3.7/site-packages/airflow/example_dags/example_datasets.py
[2023-11-21T08:11:26.968+0000] {processor.py:743} INFO - Processing file /home/airflow/.local/lib/python3.7/site-packages/airflow/example_dags/example_datasets.py for tasks to queue
[2023-11-21T08:11:26.969+0000] {logging_mixin.py:137} INFO - [2023-11-21T08:11:26.969+0000] {dagbag.py:532} INFO - Filling up the DagBag from /home/airflow/.local/lib/python3.7/site-packages/airflow/example_dags/example_datasets.py
[2023-11-21T08:11:26.979+0000] {processor.py:753} INFO - DAG(s) dict_keys(['dataset_produces_2', 'dataset_consumes_1', 'dataset_consumes_unknown_never_scheduled', 'dataset_produces_1', 'dataset_consumes_1_never_scheduled', 'dataset_consumes_1_and_2']) retrieved from /home/airflow/.local/lib/python3.7/site-packages/airflow/example_dags/example_datasets.py
[2023-11-21T08:11:27.007+0000] {logging_mixin.py:137} INFO - [2023-11-21T08:11:27.007+0000] {dag.py:2693} INFO - Sync 6 DAGs
[2023-11-21T08:11:27.029+0000] {logging_mixin.py:137} INFO - [2023-11-21T08:11:27.029+0000] {dag.py:3444} INFO - Setting next_dagrun for dataset_consumes_1 to None, run_after=None
[2023-11-21T08:11:27.037+0000] {logging_mixin.py:137} INFO - [2023-11-21T08:11:27.037+0000] {dag.py:3444} INFO - Setting next_dagrun for dataset_consumes_1_and_2 to None, run_after=None
[2023-11-21T08:11:27.038+0000] {logging_mixin.py:137} INFO - [2023-11-21T08:11:27.038+0000] {dag.py:3444} INFO - Setting next_dagrun for dataset_consumes_1_never_scheduled to None, run_after=None
[2023-11-21T08:11:27.039+0000] {logging_mixin.py:137} INFO - [2023-11-21T08:11:27.039+0000] {dag.py:3444} INFO - Setting next_dagrun for dataset_consumes_unknown_never_scheduled to None, run_after=None
[2023-11-21T08:11:27.040+0000] {logging_mixin.py:137} INFO - [2023-11-21T08:11:27.040+0000] {dag.py:3444} INFO - Setting next_dagrun for dataset_produces_1 to 2023-11-20T00:00:00+00:00, run_after=2023-11-21T00:00:00+00:00
[2023-11-21T08:11:27.042+0000] {logging_mixin.py:137} INFO - [2023-11-21T08:11:27.042+0000] {dag.py:3444} INFO - Setting next_dagrun for dataset_produces_2 to None, run_after=None
[2023-11-21T08:11:27.076+0000] {processor.py:175} INFO - Processing /home/airflow/.local/lib/python3.7/site-packages/airflow/example_dags/example_datasets.py took 0.112 seconds
[2023-11-21T08:11:57.118+0000] {processor.py:153} INFO - Started process (PID=658) to work on /home/airflow/.local/lib/python3.7/site-packages/airflow/example_dags/example_datasets.py
[2023-11-21T08:11:57.118+0000] {processor.py:743} INFO - Processing file /home/airflow/.local/lib/python3.7/site-packages/airflow/example_dags/example_datasets.py for tasks to queue
[2023-11-21T08:11:57.119+0000] {logging_mixin.py:137} INFO - [2023-11-21T08:11:57.119+0000] {dagbag.py:532} INFO - Filling up the DagBag from /home/airflow/.local/lib/python3.7/site-packages/airflow/example_dags/example_datasets.py
[2023-11-21T08:11:57.128+0000] {processor.py:753} INFO - DAG(s) dict_keys(['dataset_consumes_1_never_scheduled', 'dataset_produces_2', 'dataset_consumes_unknown_never_scheduled', 'dataset_consumes_1_and_2', 'dataset_consumes_1', 'dataset_produces_1']) retrieved from /home/airflow/.local/lib/python3.7/site-packages/airflow/example_dags/example_datasets.py
[2023-11-21T08:11:57.152+0000] {logging_mixin.py:137} INFO - [2023-11-21T08:11:57.152+0000] {dag.py:2693} INFO - Sync 6 DAGs
[2023-11-21T08:11:57.197+0000] {logging_mixin.py:137} INFO - [2023-11-21T08:11:57.197+0000] {dag.py:3444} INFO - Setting next_dagrun for dataset_consumes_1 to None, run_after=None
[2023-11-21T08:11:57.200+0000] {logging_mixin.py:137} INFO - [2023-11-21T08:11:57.200+0000] {dag.py:3444} INFO - Setting next_dagrun for dataset_consumes_1_and_2 to None, run_after=None
[2023-11-21T08:11:57.202+0000] {logging_mixin.py:137} INFO - [2023-11-21T08:11:57.201+0000] {dag.py:3444} INFO - Setting next_dagrun for dataset_consumes_1_never_scheduled to None, run_after=None
[2023-11-21T08:11:57.203+0000] {logging_mixin.py:137} INFO - [2023-11-21T08:11:57.203+0000] {dag.py:3444} INFO - Setting next_dagrun for dataset_consumes_unknown_never_scheduled to None, run_after=None
[2023-11-21T08:11:57.205+0000] {logging_mixin.py:137} INFO - [2023-11-21T08:11:57.204+0000] {dag.py:3444} INFO - Setting next_dagrun for dataset_produces_1 to 2023-11-20T00:00:00+00:00, run_after=2023-11-21T00:00:00+00:00
[2023-11-21T08:11:57.206+0000] {logging_mixin.py:137} INFO - [2023-11-21T08:11:57.205+0000] {dag.py:3444} INFO - Setting next_dagrun for dataset_produces_2 to None, run_after=None
[2023-11-21T08:11:57.228+0000] {processor.py:175} INFO - Processing /home/airflow/.local/lib/python3.7/site-packages/airflow/example_dags/example_datasets.py took 0.113 seconds
[2023-11-21T08:12:28.222+0000] {processor.py:153} INFO - Started process (PID=707) to work on /home/airflow/.local/lib/python3.7/site-packages/airflow/example_dags/example_datasets.py
[2023-11-21T08:12:28.222+0000] {processor.py:743} INFO - Processing file /home/airflow/.local/lib/python3.7/site-packages/airflow/example_dags/example_datasets.py for tasks to queue
[2023-11-21T08:12:28.223+0000] {logging_mixin.py:137} INFO - [2023-11-21T08:12:28.223+0000] {dagbag.py:532} INFO - Filling up the DagBag from /home/airflow/.local/lib/python3.7/site-packages/airflow/example_dags/example_datasets.py
[2023-11-21T08:12:28.233+0000] {processor.py:753} INFO - DAG(s) dict_keys(['dataset_produces_1', 'dataset_consumes_1', 'dataset_consumes_unknown_never_scheduled', 'dataset_consumes_1_and_2', 'dataset_produces_2', 'dataset_consumes_1_never_scheduled']) retrieved from /home/airflow/.local/lib/python3.7/site-packages/airflow/example_dags/example_datasets.py
[2023-11-21T08:12:28.258+0000] {logging_mixin.py:137} INFO - [2023-11-21T08:12:28.258+0000] {dag.py:2693} INFO - Sync 6 DAGs
[2023-11-21T08:12:28.273+0000] {logging_mixin.py:137} INFO - [2023-11-21T08:12:28.272+0000] {dag.py:3444} INFO - Setting next_dagrun for dataset_consumes_1 to None, run_after=None
[2023-11-21T08:12:28.275+0000] {logging_mixin.py:137} INFO - [2023-11-21T08:12:28.275+0000] {dag.py:3444} INFO - Setting next_dagrun for dataset_consumes_1_and_2 to None, run_after=None
[2023-11-21T08:12:28.276+0000] {logging_mixin.py:137} INFO - [2023-11-21T08:12:28.276+0000] {dag.py:3444} INFO - Setting next_dagrun for dataset_consumes_1_never_scheduled to None, run_after=None
[2023-11-21T08:12:28.276+0000] {logging_mixin.py:137} INFO - [2023-11-21T08:12:28.276+0000] {dag.py:3444} INFO - Setting next_dagrun for dataset_consumes_unknown_never_scheduled to None, run_after=None
[2023-11-21T08:12:28.278+0000] {logging_mixin.py:137} INFO - [2023-11-21T08:12:28.278+0000] {dag.py:3444} INFO - Setting next_dagrun for dataset_produces_1 to 2023-11-20T00:00:00+00:00, run_after=2023-11-21T00:00:00+00:00
[2023-11-21T08:12:28.279+0000] {logging_mixin.py:137} INFO - [2023-11-21T08:12:28.279+0000] {dag.py:3444} INFO - Setting next_dagrun for dataset_produces_2 to None, run_after=None
[2023-11-21T08:12:28.298+0000] {processor.py:175} INFO - Processing /home/airflow/.local/lib/python3.7/site-packages/airflow/example_dags/example_datasets.py took 0.079 seconds
[2023-11-21T08:19:22.525+0000] {processor.py:153} INFO - Started process (PID=70) to work on /home/airflow/.local/lib/python3.7/site-packages/airflow/example_dags/example_datasets.py
[2023-11-21T08:19:22.527+0000] {processor.py:743} INFO - Processing file /home/airflow/.local/lib/python3.7/site-packages/airflow/example_dags/example_datasets.py for tasks to queue
[2023-11-21T08:19:22.528+0000] {logging_mixin.py:137} INFO - [2023-11-21T08:19:22.528+0000] {dagbag.py:532} INFO - Filling up the DagBag from /home/airflow/.local/lib/python3.7/site-packages/airflow/example_dags/example_datasets.py
[2023-11-21T08:19:22.557+0000] {processor.py:753} INFO - DAG(s) dict_keys(['dataset_consumes_1', 'dataset_consumes_1_never_scheduled', 'dataset_produces_2', 'dataset_consumes_unknown_never_scheduled', 'dataset_produces_1', 'dataset_consumes_1_and_2']) retrieved from /home/airflow/.local/lib/python3.7/site-packages/airflow/example_dags/example_datasets.py
[2023-11-21T08:19:22.778+0000] {logging_mixin.py:137} INFO - [2023-11-21T08:19:22.778+0000] {manager.py:504} INFO - Created Permission View: can edit on DAG:dataset_consumes_1
[2023-11-21T08:19:22.787+0000] {logging_mixin.py:137} INFO - [2023-11-21T08:19:22.787+0000] {manager.py:504} INFO - Created Permission View: can read on DAG:dataset_consumes_1
[2023-11-21T08:19:22.800+0000] {logging_mixin.py:137} INFO - [2023-11-21T08:19:22.799+0000] {manager.py:504} INFO - Created Permission View: can delete on DAG:dataset_consumes_1
[2023-11-21T08:19:22.818+0000] {logging_mixin.py:137} INFO - [2023-11-21T08:19:22.818+0000] {manager.py:504} INFO - Created Permission View: can edit on DAG:dataset_consumes_1_never_scheduled
[2023-11-21T08:19:22.826+0000] {logging_mixin.py:137} INFO - [2023-11-21T08:19:22.826+0000] {manager.py:504} INFO - Created Permission View: can read on DAG:dataset_consumes_1_never_scheduled
[2023-11-21T08:19:22.834+0000] {logging_mixin.py:137} INFO - [2023-11-21T08:19:22.833+0000] {manager.py:504} INFO - Created Permission View: can delete on DAG:dataset_consumes_1_never_scheduled
[2023-11-21T08:19:22.851+0000] {logging_mixin.py:137} INFO - [2023-11-21T08:19:22.851+0000] {manager.py:504} INFO - Created Permission View: can edit on DAG:dataset_produces_2
[2023-11-21T08:19:22.859+0000] {logging_mixin.py:137} INFO - [2023-11-21T08:19:22.859+0000] {manager.py:504} INFO - Created Permission View: can read on DAG:dataset_produces_2
[2023-11-21T08:19:22.865+0000] {logging_mixin.py:137} INFO - [2023-11-21T08:19:22.865+0000] {manager.py:504} INFO - Created Permission View: can delete on DAG:dataset_produces_2
[2023-11-21T08:19:22.877+0000] {logging_mixin.py:137} INFO - [2023-11-21T08:19:22.877+0000] {manager.py:504} INFO - Created Permission View: can edit on DAG:dataset_consumes_unknown_never_scheduled
[2023-11-21T08:19:22.883+0000] {logging_mixin.py:137} INFO - [2023-11-21T08:19:22.883+0000] {manager.py:504} INFO - Created Permission View: can read on DAG:dataset_consumes_unknown_never_scheduled
[2023-11-21T08:19:22.893+0000] {logging_mixin.py:137} INFO - [2023-11-21T08:19:22.892+0000] {manager.py:504} INFO - Created Permission View: can delete on DAG:dataset_consumes_unknown_never_scheduled
[2023-11-21T08:19:22.910+0000] {logging_mixin.py:137} INFO - [2023-11-21T08:19:22.910+0000] {manager.py:504} INFO - Created Permission View: can edit on DAG:dataset_produces_1
[2023-11-21T08:19:22.917+0000] {logging_mixin.py:137} INFO - [2023-11-21T08:19:22.917+0000] {manager.py:504} INFO - Created Permission View: can read on DAG:dataset_produces_1
[2023-11-21T08:19:22.922+0000] {logging_mixin.py:137} INFO - [2023-11-21T08:19:22.921+0000] {manager.py:504} INFO - Created Permission View: can delete on DAG:dataset_produces_1
[2023-11-21T08:19:22.933+0000] {logging_mixin.py:137} INFO - [2023-11-21T08:19:22.933+0000] {manager.py:504} INFO - Created Permission View: can edit on DAG:dataset_consumes_1_and_2
[2023-11-21T08:19:22.949+0000] {logging_mixin.py:137} INFO - [2023-11-21T08:19:22.948+0000] {manager.py:504} INFO - Created Permission View: can read on DAG:dataset_consumes_1_and_2
[2023-11-21T08:19:22.956+0000] {logging_mixin.py:137} INFO - [2023-11-21T08:19:22.956+0000] {manager.py:504} INFO - Created Permission View: can delete on DAG:dataset_consumes_1_and_2
[2023-11-21T08:19:22.956+0000] {logging_mixin.py:137} INFO - [2023-11-21T08:19:22.956+0000] {dag.py:2693} INFO - Sync 6 DAGs
[2023-11-21T08:19:22.968+0000] {logging_mixin.py:137} INFO - [2023-11-21T08:19:22.968+0000] {dag.py:2714} INFO - Creating ORM DAG for dataset_consumes_1_and_2
[2023-11-21T08:19:22.969+0000] {logging_mixin.py:137} INFO - [2023-11-21T08:19:22.969+0000] {dag.py:2714} INFO - Creating ORM DAG for dataset_produces_2
[2023-11-21T08:19:22.970+0000] {logging_mixin.py:137} INFO - [2023-11-21T08:19:22.970+0000] {dag.py:2714} INFO - Creating ORM DAG for dataset_produces_1
[2023-11-21T08:19:22.971+0000] {logging_mixin.py:137} INFO - [2023-11-21T08:19:22.971+0000] {dag.py:2714} INFO - Creating ORM DAG for dataset_consumes_unknown_never_scheduled
[2023-11-21T08:19:22.972+0000] {logging_mixin.py:137} INFO - [2023-11-21T08:19:22.971+0000] {dag.py:2714} INFO - Creating ORM DAG for dataset_consumes_1_never_scheduled
[2023-11-21T08:19:22.972+0000] {logging_mixin.py:137} INFO - [2023-11-21T08:19:22.972+0000] {dag.py:2714} INFO - Creating ORM DAG for dataset_consumes_1
[2023-11-21T08:19:22.984+0000] {logging_mixin.py:137} INFO - [2023-11-21T08:19:22.983+0000] {dag.py:3444} INFO - Setting next_dagrun for dataset_consumes_1 to None, run_after=None
[2023-11-21T08:19:22.985+0000] {logging_mixin.py:137} INFO - [2023-11-21T08:19:22.985+0000] {dag.py:3444} INFO - Setting next_dagrun for dataset_consumes_1_and_2 to None, run_after=None
[2023-11-21T08:19:22.985+0000] {logging_mixin.py:137} INFO - [2023-11-21T08:19:22.985+0000] {dag.py:3444} INFO - Setting next_dagrun for dataset_consumes_1_never_scheduled to None, run_after=None
[2023-11-21T08:19:22.986+0000] {logging_mixin.py:137} INFO - [2023-11-21T08:19:22.986+0000] {dag.py:3444} INFO - Setting next_dagrun for dataset_consumes_unknown_never_scheduled to None, run_after=None
[2023-11-21T08:19:22.987+0000] {logging_mixin.py:137} INFO - [2023-11-21T08:19:22.987+0000] {dag.py:3444} INFO - Setting next_dagrun for dataset_produces_1 to 2023-11-20T00:00:00+00:00, run_after=2023-11-21T00:00:00+00:00
[2023-11-21T08:19:22.988+0000] {logging_mixin.py:137} INFO - [2023-11-21T08:19:22.988+0000] {dag.py:3444} INFO - Setting next_dagrun for dataset_produces_2 to None, run_after=None
[2023-11-21T08:19:23.030+0000] {processor.py:175} INFO - Processing /home/airflow/.local/lib/python3.7/site-packages/airflow/example_dags/example_datasets.py took 0.508 seconds
[2023-11-21T08:19:53.257+0000] {processor.py:153} INFO - Started process (PID=119) to work on /home/airflow/.local/lib/python3.7/site-packages/airflow/example_dags/example_datasets.py
[2023-11-21T08:19:53.259+0000] {processor.py:743} INFO - Processing file /home/airflow/.local/lib/python3.7/site-packages/airflow/example_dags/example_datasets.py for tasks to queue
[2023-11-21T08:19:53.260+0000] {logging_mixin.py:137} INFO - [2023-11-21T08:19:53.260+0000] {dagbag.py:532} INFO - Filling up the DagBag from /home/airflow/.local/lib/python3.7/site-packages/airflow/example_dags/example_datasets.py
[2023-11-21T08:19:53.281+0000] {processor.py:753} INFO - DAG(s) dict_keys(['dataset_consumes_1_never_scheduled', 'dataset_consumes_1_and_2', 'dataset_produces_2', 'dataset_consumes_unknown_never_scheduled', 'dataset_consumes_1', 'dataset_produces_1']) retrieved from /home/airflow/.local/lib/python3.7/site-packages/airflow/example_dags/example_datasets.py
[2023-11-21T08:19:53.324+0000] {logging_mixin.py:137} INFO - [2023-11-21T08:19:53.324+0000] {dag.py:2693} INFO - Sync 6 DAGs
[2023-11-21T08:19:53.357+0000] {logging_mixin.py:137} INFO - [2023-11-21T08:19:53.357+0000] {dag.py:3444} INFO - Setting next_dagrun for dataset_consumes_1 to None, run_after=None
[2023-11-21T08:19:53.366+0000] {logging_mixin.py:137} INFO - [2023-11-21T08:19:53.366+0000] {dag.py:3444} INFO - Setting next_dagrun for dataset_consumes_1_and_2 to None, run_after=None
[2023-11-21T08:19:53.367+0000] {logging_mixin.py:137} INFO - [2023-11-21T08:19:53.367+0000] {dag.py:3444} INFO - Setting next_dagrun for dataset_consumes_1_never_scheduled to None, run_after=None
[2023-11-21T08:19:53.367+0000] {logging_mixin.py:137} INFO - [2023-11-21T08:19:53.367+0000] {dag.py:3444} INFO - Setting next_dagrun for dataset_consumes_unknown_never_scheduled to None, run_after=None
[2023-11-21T08:19:53.370+0000] {logging_mixin.py:137} INFO - [2023-11-21T08:19:53.370+0000] {dag.py:3444} INFO - Setting next_dagrun for dataset_produces_1 to 2023-11-20T00:00:00+00:00, run_after=2023-11-21T00:00:00+00:00
[2023-11-21T08:19:53.371+0000] {logging_mixin.py:137} INFO - [2023-11-21T08:19:53.371+0000] {dag.py:3444} INFO - Setting next_dagrun for dataset_produces_2 to None, run_after=None
[2023-11-21T08:19:53.416+0000] {processor.py:175} INFO - Processing /home/airflow/.local/lib/python3.7/site-packages/airflow/example_dags/example_datasets.py took 0.162 seconds
[2023-11-21T08:20:24.102+0000] {processor.py:153} INFO - Started process (PID=168) to work on /home/airflow/.local/lib/python3.7/site-packages/airflow/example_dags/example_datasets.py
[2023-11-21T08:20:24.104+0000] {processor.py:743} INFO - Processing file /home/airflow/.local/lib/python3.7/site-packages/airflow/example_dags/example_datasets.py for tasks to queue
[2023-11-21T08:20:24.106+0000] {logging_mixin.py:137} INFO - [2023-11-21T08:20:24.106+0000] {dagbag.py:532} INFO - Filling up the DagBag from /home/airflow/.local/lib/python3.7/site-packages/airflow/example_dags/example_datasets.py
[2023-11-21T08:20:24.118+0000] {processor.py:753} INFO - DAG(s) dict_keys(['dataset_consumes_1_and_2', 'dataset_produces_2', 'dataset_consumes_1_never_scheduled', 'dataset_produces_1', 'dataset_consumes_unknown_never_scheduled', 'dataset_consumes_1']) retrieved from /home/airflow/.local/lib/python3.7/site-packages/airflow/example_dags/example_datasets.py
[2023-11-21T08:20:24.153+0000] {logging_mixin.py:137} INFO - [2023-11-21T08:20:24.153+0000] {dag.py:2693} INFO - Sync 6 DAGs
[2023-11-21T08:20:24.181+0000] {logging_mixin.py:137} INFO - [2023-11-21T08:20:24.180+0000] {dag.py:3444} INFO - Setting next_dagrun for dataset_consumes_1 to None, run_after=None
[2023-11-21T08:20:24.185+0000] {logging_mixin.py:137} INFO - [2023-11-21T08:20:24.185+0000] {dag.py:3444} INFO - Setting next_dagrun for dataset_consumes_1_and_2 to None, run_after=None
[2023-11-21T08:20:24.187+0000] {logging_mixin.py:137} INFO - [2023-11-21T08:20:24.187+0000] {dag.py:3444} INFO - Setting next_dagrun for dataset_consumes_1_never_scheduled to None, run_after=None
[2023-11-21T08:20:24.188+0000] {logging_mixin.py:137} INFO - [2023-11-21T08:20:24.188+0000] {dag.py:3444} INFO - Setting next_dagrun for dataset_consumes_unknown_never_scheduled to None, run_after=None
[2023-11-21T08:20:24.190+0000] {logging_mixin.py:137} INFO - [2023-11-21T08:20:24.190+0000] {dag.py:3444} INFO - Setting next_dagrun for dataset_produces_1 to 2023-11-20T00:00:00+00:00, run_after=2023-11-21T00:00:00+00:00
[2023-11-21T08:20:24.191+0000] {logging_mixin.py:137} INFO - [2023-11-21T08:20:24.191+0000] {dag.py:3444} INFO - Setting next_dagrun for dataset_produces_2 to None, run_after=None
[2023-11-21T08:20:24.221+0000] {processor.py:175} INFO - Processing /home/airflow/.local/lib/python3.7/site-packages/airflow/example_dags/example_datasets.py took 0.121 seconds
[2023-11-21T08:20:54.928+0000] {processor.py:153} INFO - Started process (PID=218) to work on /home/airflow/.local/lib/python3.7/site-packages/airflow/example_dags/example_datasets.py
[2023-11-21T08:20:54.929+0000] {processor.py:743} INFO - Processing file /home/airflow/.local/lib/python3.7/site-packages/airflow/example_dags/example_datasets.py for tasks to queue
[2023-11-21T08:20:54.930+0000] {logging_mixin.py:137} INFO - [2023-11-21T08:20:54.930+0000] {dagbag.py:532} INFO - Filling up the DagBag from /home/airflow/.local/lib/python3.7/site-packages/airflow/example_dags/example_datasets.py
[2023-11-21T08:20:54.944+0000] {processor.py:753} INFO - DAG(s) dict_keys(['dataset_consumes_1_and_2', 'dataset_produces_2', 'dataset_produces_1', 'dataset_consumes_unknown_never_scheduled', 'dataset_consumes_1_never_scheduled', 'dataset_consumes_1']) retrieved from /home/airflow/.local/lib/python3.7/site-packages/airflow/example_dags/example_datasets.py
[2023-11-21T08:20:55.011+0000] {logging_mixin.py:137} INFO - [2023-11-21T08:20:55.010+0000] {dag.py:2693} INFO - Sync 6 DAGs
[2023-11-21T08:20:55.100+0000] {logging_mixin.py:137} INFO - [2023-11-21T08:20:55.099+0000] {dag.py:3444} INFO - Setting next_dagrun for dataset_consumes_1 to None, run_after=None
[2023-11-21T08:20:55.109+0000] {logging_mixin.py:137} INFO - [2023-11-21T08:20:55.109+0000] {dag.py:3444} INFO - Setting next_dagrun for dataset_consumes_1_and_2 to None, run_after=None
[2023-11-21T08:20:55.117+0000] {logging_mixin.py:137} INFO - [2023-11-21T08:20:55.117+0000] {dag.py:3444} INFO - Setting next_dagrun for dataset_consumes_1_never_scheduled to None, run_after=None
[2023-11-21T08:20:55.120+0000] {logging_mixin.py:137} INFO - [2023-11-21T08:20:55.119+0000] {dag.py:3444} INFO - Setting next_dagrun for dataset_consumes_unknown_never_scheduled to None, run_after=None
[2023-11-21T08:20:55.124+0000] {logging_mixin.py:137} INFO - [2023-11-21T08:20:55.123+0000] {dag.py:3444} INFO - Setting next_dagrun for dataset_produces_1 to 2023-11-20T00:00:00+00:00, run_after=2023-11-21T00:00:00+00:00
[2023-11-21T08:20:55.127+0000] {logging_mixin.py:137} INFO - [2023-11-21T08:20:55.126+0000] {dag.py:3444} INFO - Setting next_dagrun for dataset_produces_2 to None, run_after=None
[2023-11-21T08:20:55.181+0000] {processor.py:175} INFO - Processing /home/airflow/.local/lib/python3.7/site-packages/airflow/example_dags/example_datasets.py took 0.257 seconds
