[2023-11-21T08:05:49.470+0000] {processor.py:153} INFO - Started process (PID=67) to work on /home/airflow/.local/lib/python3.7/site-packages/airflow/example_dags/example_subdag_operator.py
[2023-11-21T08:05:49.475+0000] {processor.py:743} INFO - Processing file /home/airflow/.local/lib/python3.7/site-packages/airflow/example_dags/example_subdag_operator.py for tasks to queue
[2023-11-21T08:05:49.477+0000] {logging_mixin.py:137} INFO - [2023-11-21T08:05:49.477+0000] {dagbag.py:532} INFO - Filling up the DagBag from /home/airflow/.local/lib/python3.7/site-packages/airflow/example_dags/example_subdag_operator.py
[2023-11-21T08:05:49.525+0000] {processor.py:753} INFO - DAG(s) dict_keys(['example_subdag_operator.section-1', 'example_subdag_operator.section-2', 'example_subdag_operator']) retrieved from /home/airflow/.local/lib/python3.7/site-packages/airflow/example_dags/example_subdag_operator.py
[2023-11-21T08:05:49.529+0000] {logging_mixin.py:137} INFO - [2023-11-21T08:05:49.529+0000] {dag.py:2693} INFO - Sync 3 DAGs
[2023-11-21T08:05:49.556+0000] {logging_mixin.py:137} INFO - [2023-11-21T08:05:49.555+0000] {dag.py:3444} INFO - Setting next_dagrun for example_subdag_operator to 2022-01-01T00:00:00+00:00, run_after=2022-01-01T00:00:00+00:00
[2023-11-21T08:05:49.560+0000] {logging_mixin.py:137} INFO - [2023-11-21T08:05:49.560+0000] {dag.py:3444} INFO - Setting next_dagrun for example_subdag_operator.section-1 to None, run_after=None
[2023-11-21T08:05:49.561+0000] {logging_mixin.py:137} INFO - [2023-11-21T08:05:49.561+0000] {dag.py:3444} INFO - Setting next_dagrun for example_subdag_operator.section-2 to None, run_after=None
[2023-11-21T08:05:49.568+0000] {logging_mixin.py:137} INFO - [2023-11-21T08:05:49.568+0000] {dag.py:2693} INFO - Sync 2 DAGs
[2023-11-21T08:05:49.574+0000] {logging_mixin.py:137} INFO - [2023-11-21T08:05:49.574+0000] {dag.py:3444} INFO - Setting next_dagrun for example_subdag_operator.section-1 to None, run_after=None
[2023-11-21T08:05:49.575+0000] {logging_mixin.py:137} INFO - [2023-11-21T08:05:49.575+0000] {dag.py:3444} INFO - Setting next_dagrun for example_subdag_operator.section-2 to None, run_after=None
[2023-11-21T08:05:49.585+0000] {processor.py:175} INFO - Processing /home/airflow/.local/lib/python3.7/site-packages/airflow/example_dags/example_subdag_operator.py took 0.126 seconds
[2023-11-21T08:06:19.938+0000] {processor.py:153} INFO - Started process (PID=116) to work on /home/airflow/.local/lib/python3.7/site-packages/airflow/example_dags/example_subdag_operator.py
[2023-11-21T08:06:19.939+0000] {processor.py:743} INFO - Processing file /home/airflow/.local/lib/python3.7/site-packages/airflow/example_dags/example_subdag_operator.py for tasks to queue
[2023-11-21T08:06:19.939+0000] {logging_mixin.py:137} INFO - [2023-11-21T08:06:19.939+0000] {dagbag.py:532} INFO - Filling up the DagBag from /home/airflow/.local/lib/python3.7/site-packages/airflow/example_dags/example_subdag_operator.py
[2023-11-21T08:06:19.959+0000] {processor.py:753} INFO - DAG(s) dict_keys(['example_subdag_operator.section-1', 'example_subdag_operator.section-2', 'example_subdag_operator']) retrieved from /home/airflow/.local/lib/python3.7/site-packages/airflow/example_dags/example_subdag_operator.py
[2023-11-21T08:06:19.971+0000] {logging_mixin.py:137} INFO - [2023-11-21T08:06:19.970+0000] {dag.py:2693} INFO - Sync 3 DAGs
[2023-11-21T08:06:19.987+0000] {logging_mixin.py:137} INFO - [2023-11-21T08:06:19.987+0000] {dag.py:3444} INFO - Setting next_dagrun for example_subdag_operator to 2022-01-01T00:00:00+00:00, run_after=2022-01-01T00:00:00+00:00
[2023-11-21T08:06:19.989+0000] {logging_mixin.py:137} INFO - [2023-11-21T08:06:19.989+0000] {dag.py:3444} INFO - Setting next_dagrun for example_subdag_operator.section-1 to None, run_after=None
[2023-11-21T08:06:19.990+0000] {logging_mixin.py:137} INFO - [2023-11-21T08:06:19.990+0000] {dag.py:3444} INFO - Setting next_dagrun for example_subdag_operator.section-2 to None, run_after=None
[2023-11-21T08:06:19.994+0000] {logging_mixin.py:137} INFO - [2023-11-21T08:06:19.994+0000] {dag.py:2693} INFO - Sync 2 DAGs
[2023-11-21T08:06:19.997+0000] {logging_mixin.py:137} INFO - [2023-11-21T08:06:19.997+0000] {dag.py:3444} INFO - Setting next_dagrun for example_subdag_operator.section-1 to None, run_after=None
[2023-11-21T08:06:19.998+0000] {logging_mixin.py:137} INFO - [2023-11-21T08:06:19.998+0000] {dag.py:3444} INFO - Setting next_dagrun for example_subdag_operator.section-2 to None, run_after=None
[2023-11-21T08:06:20.004+0000] {processor.py:175} INFO - Processing /home/airflow/.local/lib/python3.7/site-packages/airflow/example_dags/example_subdag_operator.py took 0.068 seconds
[2023-11-21T08:06:50.859+0000] {processor.py:153} INFO - Started process (PID=165) to work on /home/airflow/.local/lib/python3.7/site-packages/airflow/example_dags/example_subdag_operator.py
[2023-11-21T08:06:50.859+0000] {processor.py:743} INFO - Processing file /home/airflow/.local/lib/python3.7/site-packages/airflow/example_dags/example_subdag_operator.py for tasks to queue
[2023-11-21T08:06:50.860+0000] {logging_mixin.py:137} INFO - [2023-11-21T08:06:50.860+0000] {dagbag.py:532} INFO - Filling up the DagBag from /home/airflow/.local/lib/python3.7/site-packages/airflow/example_dags/example_subdag_operator.py
[2023-11-21T08:06:50.879+0000] {processor.py:753} INFO - DAG(s) dict_keys(['example_subdag_operator.section-1', 'example_subdag_operator.section-2', 'example_subdag_operator']) retrieved from /home/airflow/.local/lib/python3.7/site-packages/airflow/example_dags/example_subdag_operator.py
[2023-11-21T08:06:50.892+0000] {logging_mixin.py:137} INFO - [2023-11-21T08:06:50.891+0000] {dag.py:2693} INFO - Sync 3 DAGs
[2023-11-21T08:06:50.907+0000] {logging_mixin.py:137} INFO - [2023-11-21T08:06:50.907+0000] {dag.py:3444} INFO - Setting next_dagrun for example_subdag_operator to 2022-01-01T00:00:00+00:00, run_after=2022-01-01T00:00:00+00:00
[2023-11-21T08:06:50.909+0000] {logging_mixin.py:137} INFO - [2023-11-21T08:06:50.909+0000] {dag.py:3444} INFO - Setting next_dagrun for example_subdag_operator.section-1 to None, run_after=None
[2023-11-21T08:06:50.910+0000] {logging_mixin.py:137} INFO - [2023-11-21T08:06:50.910+0000] {dag.py:3444} INFO - Setting next_dagrun for example_subdag_operator.section-2 to None, run_after=None
[2023-11-21T08:06:50.914+0000] {logging_mixin.py:137} INFO - [2023-11-21T08:06:50.914+0000] {dag.py:2693} INFO - Sync 2 DAGs
[2023-11-21T08:06:50.917+0000] {logging_mixin.py:137} INFO - [2023-11-21T08:06:50.917+0000] {dag.py:3444} INFO - Setting next_dagrun for example_subdag_operator.section-1 to None, run_after=None
[2023-11-21T08:06:50.917+0000] {logging_mixin.py:137} INFO - [2023-11-21T08:06:50.917+0000] {dag.py:3444} INFO - Setting next_dagrun for example_subdag_operator.section-2 to None, run_after=None
[2023-11-21T08:06:50.924+0000] {processor.py:175} INFO - Processing /home/airflow/.local/lib/python3.7/site-packages/airflow/example_dags/example_subdag_operator.py took 0.067 seconds
[2023-11-21T08:07:21.631+0000] {processor.py:153} INFO - Started process (PID=214) to work on /home/airflow/.local/lib/python3.7/site-packages/airflow/example_dags/example_subdag_operator.py
[2023-11-21T08:07:21.632+0000] {processor.py:743} INFO - Processing file /home/airflow/.local/lib/python3.7/site-packages/airflow/example_dags/example_subdag_operator.py for tasks to queue
[2023-11-21T08:07:21.632+0000] {logging_mixin.py:137} INFO - [2023-11-21T08:07:21.632+0000] {dagbag.py:532} INFO - Filling up the DagBag from /home/airflow/.local/lib/python3.7/site-packages/airflow/example_dags/example_subdag_operator.py
[2023-11-21T08:07:21.652+0000] {processor.py:753} INFO - DAG(s) dict_keys(['example_subdag_operator.section-1', 'example_subdag_operator.section-2', 'example_subdag_operator']) retrieved from /home/airflow/.local/lib/python3.7/site-packages/airflow/example_dags/example_subdag_operator.py
[2023-11-21T08:07:21.664+0000] {logging_mixin.py:137} INFO - [2023-11-21T08:07:21.664+0000] {dag.py:2693} INFO - Sync 3 DAGs
[2023-11-21T08:07:21.679+0000] {logging_mixin.py:137} INFO - [2023-11-21T08:07:21.678+0000] {dag.py:3444} INFO - Setting next_dagrun for example_subdag_operator to 2022-01-01T00:00:00+00:00, run_after=2022-01-01T00:00:00+00:00
[2023-11-21T08:07:21.681+0000] {logging_mixin.py:137} INFO - [2023-11-21T08:07:21.681+0000] {dag.py:3444} INFO - Setting next_dagrun for example_subdag_operator.section-1 to None, run_after=None
[2023-11-21T08:07:21.681+0000] {logging_mixin.py:137} INFO - [2023-11-21T08:07:21.681+0000] {dag.py:3444} INFO - Setting next_dagrun for example_subdag_operator.section-2 to None, run_after=None
[2023-11-21T08:07:21.686+0000] {logging_mixin.py:137} INFO - [2023-11-21T08:07:21.685+0000] {dag.py:2693} INFO - Sync 2 DAGs
[2023-11-21T08:07:21.689+0000] {logging_mixin.py:137} INFO - [2023-11-21T08:07:21.689+0000] {dag.py:3444} INFO - Setting next_dagrun for example_subdag_operator.section-1 to None, run_after=None
[2023-11-21T08:07:21.689+0000] {logging_mixin.py:137} INFO - [2023-11-21T08:07:21.689+0000] {dag.py:3444} INFO - Setting next_dagrun for example_subdag_operator.section-2 to None, run_after=None
[2023-11-21T08:07:21.695+0000] {processor.py:175} INFO - Processing /home/airflow/.local/lib/python3.7/site-packages/airflow/example_dags/example_subdag_operator.py took 0.066 seconds
[2023-11-21T08:07:52.447+0000] {processor.py:153} INFO - Started process (PID=263) to work on /home/airflow/.local/lib/python3.7/site-packages/airflow/example_dags/example_subdag_operator.py
[2023-11-21T08:07:52.447+0000] {processor.py:743} INFO - Processing file /home/airflow/.local/lib/python3.7/site-packages/airflow/example_dags/example_subdag_operator.py for tasks to queue
[2023-11-21T08:07:52.448+0000] {logging_mixin.py:137} INFO - [2023-11-21T08:07:52.448+0000] {dagbag.py:532} INFO - Filling up the DagBag from /home/airflow/.local/lib/python3.7/site-packages/airflow/example_dags/example_subdag_operator.py
[2023-11-21T08:07:52.467+0000] {processor.py:753} INFO - DAG(s) dict_keys(['example_subdag_operator.section-1', 'example_subdag_operator.section-2', 'example_subdag_operator']) retrieved from /home/airflow/.local/lib/python3.7/site-packages/airflow/example_dags/example_subdag_operator.py
[2023-11-21T08:07:52.479+0000] {logging_mixin.py:137} INFO - [2023-11-21T08:07:52.479+0000] {dag.py:2693} INFO - Sync 3 DAGs
[2023-11-21T08:07:52.495+0000] {logging_mixin.py:137} INFO - [2023-11-21T08:07:52.495+0000] {dag.py:3444} INFO - Setting next_dagrun for example_subdag_operator to 2022-01-01T00:00:00+00:00, run_after=2022-01-01T00:00:00+00:00
[2023-11-21T08:07:52.497+0000] {logging_mixin.py:137} INFO - [2023-11-21T08:07:52.497+0000] {dag.py:3444} INFO - Setting next_dagrun for example_subdag_operator.section-1 to None, run_after=None
[2023-11-21T08:07:52.498+0000] {logging_mixin.py:137} INFO - [2023-11-21T08:07:52.498+0000] {dag.py:3444} INFO - Setting next_dagrun for example_subdag_operator.section-2 to None, run_after=None
[2023-11-21T08:07:52.502+0000] {logging_mixin.py:137} INFO - [2023-11-21T08:07:52.502+0000] {dag.py:2693} INFO - Sync 2 DAGs
[2023-11-21T08:07:52.506+0000] {logging_mixin.py:137} INFO - [2023-11-21T08:07:52.506+0000] {dag.py:3444} INFO - Setting next_dagrun for example_subdag_operator.section-1 to None, run_after=None
[2023-11-21T08:07:52.506+0000] {logging_mixin.py:137} INFO - [2023-11-21T08:07:52.506+0000] {dag.py:3444} INFO - Setting next_dagrun for example_subdag_operator.section-2 to None, run_after=None
[2023-11-21T08:07:52.512+0000] {processor.py:175} INFO - Processing /home/airflow/.local/lib/python3.7/site-packages/airflow/example_dags/example_subdag_operator.py took 0.068 seconds
[2023-11-21T08:08:23.245+0000] {processor.py:153} INFO - Started process (PID=312) to work on /home/airflow/.local/lib/python3.7/site-packages/airflow/example_dags/example_subdag_operator.py
[2023-11-21T08:08:23.246+0000] {processor.py:743} INFO - Processing file /home/airflow/.local/lib/python3.7/site-packages/airflow/example_dags/example_subdag_operator.py for tasks to queue
[2023-11-21T08:08:23.246+0000] {logging_mixin.py:137} INFO - [2023-11-21T08:08:23.246+0000] {dagbag.py:532} INFO - Filling up the DagBag from /home/airflow/.local/lib/python3.7/site-packages/airflow/example_dags/example_subdag_operator.py
[2023-11-21T08:08:23.265+0000] {processor.py:753} INFO - DAG(s) dict_keys(['example_subdag_operator.section-1', 'example_subdag_operator.section-2', 'example_subdag_operator']) retrieved from /home/airflow/.local/lib/python3.7/site-packages/airflow/example_dags/example_subdag_operator.py
[2023-11-21T08:08:23.277+0000] {logging_mixin.py:137} INFO - [2023-11-21T08:08:23.277+0000] {dag.py:2693} INFO - Sync 3 DAGs
[2023-11-21T08:08:23.292+0000] {logging_mixin.py:137} INFO - [2023-11-21T08:08:23.292+0000] {dag.py:3444} INFO - Setting next_dagrun for example_subdag_operator to 2022-01-01T00:00:00+00:00, run_after=2022-01-01T00:00:00+00:00
[2023-11-21T08:08:23.294+0000] {logging_mixin.py:137} INFO - [2023-11-21T08:08:23.294+0000] {dag.py:3444} INFO - Setting next_dagrun for example_subdag_operator.section-1 to None, run_after=None
[2023-11-21T08:08:23.295+0000] {logging_mixin.py:137} INFO - [2023-11-21T08:08:23.295+0000] {dag.py:3444} INFO - Setting next_dagrun for example_subdag_operator.section-2 to None, run_after=None
[2023-11-21T08:08:23.299+0000] {logging_mixin.py:137} INFO - [2023-11-21T08:08:23.299+0000] {dag.py:2693} INFO - Sync 2 DAGs
[2023-11-21T08:08:23.302+0000] {logging_mixin.py:137} INFO - [2023-11-21T08:08:23.302+0000] {dag.py:3444} INFO - Setting next_dagrun for example_subdag_operator.section-1 to None, run_after=None
[2023-11-21T08:08:23.302+0000] {logging_mixin.py:137} INFO - [2023-11-21T08:08:23.302+0000] {dag.py:3444} INFO - Setting next_dagrun for example_subdag_operator.section-2 to None, run_after=None
[2023-11-21T08:08:23.308+0000] {processor.py:175} INFO - Processing /home/airflow/.local/lib/python3.7/site-packages/airflow/example_dags/example_subdag_operator.py took 0.065 seconds
[2023-11-21T08:08:54.027+0000] {processor.py:153} INFO - Started process (PID=361) to work on /home/airflow/.local/lib/python3.7/site-packages/airflow/example_dags/example_subdag_operator.py
[2023-11-21T08:08:54.028+0000] {processor.py:743} INFO - Processing file /home/airflow/.local/lib/python3.7/site-packages/airflow/example_dags/example_subdag_operator.py for tasks to queue
[2023-11-21T08:08:54.028+0000] {logging_mixin.py:137} INFO - [2023-11-21T08:08:54.028+0000] {dagbag.py:532} INFO - Filling up the DagBag from /home/airflow/.local/lib/python3.7/site-packages/airflow/example_dags/example_subdag_operator.py
[2023-11-21T08:08:54.047+0000] {processor.py:753} INFO - DAG(s) dict_keys(['example_subdag_operator.section-1', 'example_subdag_operator.section-2', 'example_subdag_operator']) retrieved from /home/airflow/.local/lib/python3.7/site-packages/airflow/example_dags/example_subdag_operator.py
[2023-11-21T08:08:54.059+0000] {logging_mixin.py:137} INFO - [2023-11-21T08:08:54.059+0000] {dag.py:2693} INFO - Sync 3 DAGs
[2023-11-21T08:08:54.074+0000] {logging_mixin.py:137} INFO - [2023-11-21T08:08:54.074+0000] {dag.py:3444} INFO - Setting next_dagrun for example_subdag_operator to 2022-01-01T00:00:00+00:00, run_after=2022-01-01T00:00:00+00:00
[2023-11-21T08:08:54.076+0000] {logging_mixin.py:137} INFO - [2023-11-21T08:08:54.076+0000] {dag.py:3444} INFO - Setting next_dagrun for example_subdag_operator.section-1 to None, run_after=None
[2023-11-21T08:08:54.077+0000] {logging_mixin.py:137} INFO - [2023-11-21T08:08:54.077+0000] {dag.py:3444} INFO - Setting next_dagrun for example_subdag_operator.section-2 to None, run_after=None
[2023-11-21T08:08:54.081+0000] {logging_mixin.py:137} INFO - [2023-11-21T08:08:54.081+0000] {dag.py:2693} INFO - Sync 2 DAGs
[2023-11-21T08:08:54.084+0000] {logging_mixin.py:137} INFO - [2023-11-21T08:08:54.084+0000] {dag.py:3444} INFO - Setting next_dagrun for example_subdag_operator.section-1 to None, run_after=None
[2023-11-21T08:08:54.085+0000] {logging_mixin.py:137} INFO - [2023-11-21T08:08:54.084+0000] {dag.py:3444} INFO - Setting next_dagrun for example_subdag_operator.section-2 to None, run_after=None
[2023-11-21T08:08:54.091+0000] {processor.py:175} INFO - Processing /home/airflow/.local/lib/python3.7/site-packages/airflow/example_dags/example_subdag_operator.py took 0.066 seconds
[2023-11-21T08:09:24.768+0000] {processor.py:153} INFO - Started process (PID=410) to work on /home/airflow/.local/lib/python3.7/site-packages/airflow/example_dags/example_subdag_operator.py
[2023-11-21T08:09:24.768+0000] {processor.py:743} INFO - Processing file /home/airflow/.local/lib/python3.7/site-packages/airflow/example_dags/example_subdag_operator.py for tasks to queue
[2023-11-21T08:09:24.769+0000] {logging_mixin.py:137} INFO - [2023-11-21T08:09:24.769+0000] {dagbag.py:532} INFO - Filling up the DagBag from /home/airflow/.local/lib/python3.7/site-packages/airflow/example_dags/example_subdag_operator.py
[2023-11-21T08:09:24.788+0000] {processor.py:753} INFO - DAG(s) dict_keys(['example_subdag_operator.section-1', 'example_subdag_operator.section-2', 'example_subdag_operator']) retrieved from /home/airflow/.local/lib/python3.7/site-packages/airflow/example_dags/example_subdag_operator.py
[2023-11-21T08:09:24.800+0000] {logging_mixin.py:137} INFO - [2023-11-21T08:09:24.800+0000] {dag.py:2693} INFO - Sync 3 DAGs
[2023-11-21T08:09:24.817+0000] {logging_mixin.py:137} INFO - [2023-11-21T08:09:24.816+0000] {dag.py:3444} INFO - Setting next_dagrun for example_subdag_operator to 2022-01-01T00:00:00+00:00, run_after=2022-01-01T00:00:00+00:00
[2023-11-21T08:09:24.818+0000] {logging_mixin.py:137} INFO - [2023-11-21T08:09:24.818+0000] {dag.py:3444} INFO - Setting next_dagrun for example_subdag_operator.section-1 to None, run_after=None
[2023-11-21T08:09:24.819+0000] {logging_mixin.py:137} INFO - [2023-11-21T08:09:24.819+0000] {dag.py:3444} INFO - Setting next_dagrun for example_subdag_operator.section-2 to None, run_after=None
[2023-11-21T08:09:24.824+0000] {logging_mixin.py:137} INFO - [2023-11-21T08:09:24.824+0000] {dag.py:2693} INFO - Sync 2 DAGs
[2023-11-21T08:09:24.827+0000] {logging_mixin.py:137} INFO - [2023-11-21T08:09:24.827+0000] {dag.py:3444} INFO - Setting next_dagrun for example_subdag_operator.section-1 to None, run_after=None
[2023-11-21T08:09:24.827+0000] {logging_mixin.py:137} INFO - [2023-11-21T08:09:24.827+0000] {dag.py:3444} INFO - Setting next_dagrun for example_subdag_operator.section-2 to None, run_after=None
[2023-11-21T08:09:24.834+0000] {processor.py:175} INFO - Processing /home/airflow/.local/lib/python3.7/site-packages/airflow/example_dags/example_subdag_operator.py took 0.069 seconds
[2023-11-21T08:09:55.561+0000] {processor.py:153} INFO - Started process (PID=459) to work on /home/airflow/.local/lib/python3.7/site-packages/airflow/example_dags/example_subdag_operator.py
[2023-11-21T08:09:55.562+0000] {processor.py:743} INFO - Processing file /home/airflow/.local/lib/python3.7/site-packages/airflow/example_dags/example_subdag_operator.py for tasks to queue
[2023-11-21T08:09:55.562+0000] {logging_mixin.py:137} INFO - [2023-11-21T08:09:55.562+0000] {dagbag.py:532} INFO - Filling up the DagBag from /home/airflow/.local/lib/python3.7/site-packages/airflow/example_dags/example_subdag_operator.py
[2023-11-21T08:09:55.582+0000] {processor.py:753} INFO - DAG(s) dict_keys(['example_subdag_operator.section-1', 'example_subdag_operator.section-2', 'example_subdag_operator']) retrieved from /home/airflow/.local/lib/python3.7/site-packages/airflow/example_dags/example_subdag_operator.py
[2023-11-21T08:09:55.594+0000] {logging_mixin.py:137} INFO - [2023-11-21T08:09:55.593+0000] {dag.py:2693} INFO - Sync 3 DAGs
[2023-11-21T08:09:55.610+0000] {logging_mixin.py:137} INFO - [2023-11-21T08:09:55.610+0000] {dag.py:3444} INFO - Setting next_dagrun for example_subdag_operator to 2022-01-01T00:00:00+00:00, run_after=2022-01-01T00:00:00+00:00
[2023-11-21T08:09:55.612+0000] {logging_mixin.py:137} INFO - [2023-11-21T08:09:55.612+0000] {dag.py:3444} INFO - Setting next_dagrun for example_subdag_operator.section-1 to None, run_after=None
[2023-11-21T08:09:55.613+0000] {logging_mixin.py:137} INFO - [2023-11-21T08:09:55.613+0000] {dag.py:3444} INFO - Setting next_dagrun for example_subdag_operator.section-2 to None, run_after=None
[2023-11-21T08:09:55.617+0000] {logging_mixin.py:137} INFO - [2023-11-21T08:09:55.617+0000] {dag.py:2693} INFO - Sync 2 DAGs
[2023-11-21T08:09:55.620+0000] {logging_mixin.py:137} INFO - [2023-11-21T08:09:55.620+0000] {dag.py:3444} INFO - Setting next_dagrun for example_subdag_operator.section-1 to None, run_after=None
[2023-11-21T08:09:55.620+0000] {logging_mixin.py:137} INFO - [2023-11-21T08:09:55.620+0000] {dag.py:3444} INFO - Setting next_dagrun for example_subdag_operator.section-2 to None, run_after=None
[2023-11-21T08:09:55.626+0000] {processor.py:175} INFO - Processing /home/airflow/.local/lib/python3.7/site-packages/airflow/example_dags/example_subdag_operator.py took 0.068 seconds
[2023-11-21T08:10:26.520+0000] {processor.py:153} INFO - Started process (PID=508) to work on /home/airflow/.local/lib/python3.7/site-packages/airflow/example_dags/example_subdag_operator.py
[2023-11-21T08:10:26.521+0000] {processor.py:743} INFO - Processing file /home/airflow/.local/lib/python3.7/site-packages/airflow/example_dags/example_subdag_operator.py for tasks to queue
[2023-11-21T08:10:26.522+0000] {logging_mixin.py:137} INFO - [2023-11-21T08:10:26.522+0000] {dagbag.py:532} INFO - Filling up the DagBag from /home/airflow/.local/lib/python3.7/site-packages/airflow/example_dags/example_subdag_operator.py
[2023-11-21T08:10:26.542+0000] {processor.py:753} INFO - DAG(s) dict_keys(['example_subdag_operator.section-1', 'example_subdag_operator.section-2', 'example_subdag_operator']) retrieved from /home/airflow/.local/lib/python3.7/site-packages/airflow/example_dags/example_subdag_operator.py
[2023-11-21T08:10:26.554+0000] {logging_mixin.py:137} INFO - [2023-11-21T08:10:26.554+0000] {dag.py:2693} INFO - Sync 3 DAGs
[2023-11-21T08:10:26.570+0000] {logging_mixin.py:137} INFO - [2023-11-21T08:10:26.570+0000] {dag.py:3444} INFO - Setting next_dagrun for example_subdag_operator to 2022-01-01T00:00:00+00:00, run_after=2022-01-01T00:00:00+00:00
[2023-11-21T08:10:26.572+0000] {logging_mixin.py:137} INFO - [2023-11-21T08:10:26.571+0000] {dag.py:3444} INFO - Setting next_dagrun for example_subdag_operator.section-1 to None, run_after=None
[2023-11-21T08:10:26.572+0000] {logging_mixin.py:137} INFO - [2023-11-21T08:10:26.572+0000] {dag.py:3444} INFO - Setting next_dagrun for example_subdag_operator.section-2 to None, run_after=None
[2023-11-21T08:10:26.577+0000] {logging_mixin.py:137} INFO - [2023-11-21T08:10:26.577+0000] {dag.py:2693} INFO - Sync 2 DAGs
[2023-11-21T08:10:26.580+0000] {logging_mixin.py:137} INFO - [2023-11-21T08:10:26.580+0000] {dag.py:3444} INFO - Setting next_dagrun for example_subdag_operator.section-1 to None, run_after=None
[2023-11-21T08:10:26.580+0000] {logging_mixin.py:137} INFO - [2023-11-21T08:10:26.580+0000] {dag.py:3444} INFO - Setting next_dagrun for example_subdag_operator.section-2 to None, run_after=None
[2023-11-21T08:10:26.587+0000] {processor.py:175} INFO - Processing /home/airflow/.local/lib/python3.7/site-packages/airflow/example_dags/example_subdag_operator.py took 0.069 seconds
[2023-11-21T08:10:56.708+0000] {processor.py:153} INFO - Started process (PID=557) to work on /home/airflow/.local/lib/python3.7/site-packages/airflow/example_dags/example_subdag_operator.py
[2023-11-21T08:10:56.708+0000] {processor.py:743} INFO - Processing file /home/airflow/.local/lib/python3.7/site-packages/airflow/example_dags/example_subdag_operator.py for tasks to queue
[2023-11-21T08:10:56.709+0000] {logging_mixin.py:137} INFO - [2023-11-21T08:10:56.709+0000] {dagbag.py:532} INFO - Filling up the DagBag from /home/airflow/.local/lib/python3.7/site-packages/airflow/example_dags/example_subdag_operator.py
[2023-11-21T08:10:56.729+0000] {processor.py:753} INFO - DAG(s) dict_keys(['example_subdag_operator.section-1', 'example_subdag_operator.section-2', 'example_subdag_operator']) retrieved from /home/airflow/.local/lib/python3.7/site-packages/airflow/example_dags/example_subdag_operator.py
[2023-11-21T08:10:56.740+0000] {logging_mixin.py:137} INFO - [2023-11-21T08:10:56.740+0000] {dag.py:2693} INFO - Sync 3 DAGs
[2023-11-21T08:10:56.754+0000] {logging_mixin.py:137} INFO - [2023-11-21T08:10:56.754+0000] {dag.py:3444} INFO - Setting next_dagrun for example_subdag_operator to 2022-01-01T00:00:00+00:00, run_after=2022-01-01T00:00:00+00:00
[2023-11-21T08:10:56.756+0000] {logging_mixin.py:137} INFO - [2023-11-21T08:10:56.756+0000] {dag.py:3444} INFO - Setting next_dagrun for example_subdag_operator.section-1 to None, run_after=None
[2023-11-21T08:10:56.757+0000] {logging_mixin.py:137} INFO - [2023-11-21T08:10:56.757+0000] {dag.py:3444} INFO - Setting next_dagrun for example_subdag_operator.section-2 to None, run_after=None
[2023-11-21T08:10:56.761+0000] {logging_mixin.py:137} INFO - [2023-11-21T08:10:56.761+0000] {dag.py:2693} INFO - Sync 2 DAGs
[2023-11-21T08:10:56.764+0000] {logging_mixin.py:137} INFO - [2023-11-21T08:10:56.764+0000] {dag.py:3444} INFO - Setting next_dagrun for example_subdag_operator.section-1 to None, run_after=None
[2023-11-21T08:10:56.764+0000] {logging_mixin.py:137} INFO - [2023-11-21T08:10:56.764+0000] {dag.py:3444} INFO - Setting next_dagrun for example_subdag_operator.section-2 to None, run_after=None
[2023-11-21T08:10:56.770+0000] {processor.py:175} INFO - Processing /home/airflow/.local/lib/python3.7/site-packages/airflow/example_dags/example_subdag_operator.py took 0.065 seconds
[2023-11-21T08:11:26.828+0000] {processor.py:153} INFO - Started process (PID=606) to work on /home/airflow/.local/lib/python3.7/site-packages/airflow/example_dags/example_subdag_operator.py
[2023-11-21T08:11:26.829+0000] {processor.py:743} INFO - Processing file /home/airflow/.local/lib/python3.7/site-packages/airflow/example_dags/example_subdag_operator.py for tasks to queue
[2023-11-21T08:11:26.830+0000] {logging_mixin.py:137} INFO - [2023-11-21T08:11:26.829+0000] {dagbag.py:532} INFO - Filling up the DagBag from /home/airflow/.local/lib/python3.7/site-packages/airflow/example_dags/example_subdag_operator.py
[2023-11-21T08:11:26.850+0000] {processor.py:753} INFO - DAG(s) dict_keys(['example_subdag_operator.section-1', 'example_subdag_operator.section-2', 'example_subdag_operator']) retrieved from /home/airflow/.local/lib/python3.7/site-packages/airflow/example_dags/example_subdag_operator.py
[2023-11-21T08:11:26.861+0000] {logging_mixin.py:137} INFO - [2023-11-21T08:11:26.861+0000] {dag.py:2693} INFO - Sync 3 DAGs
[2023-11-21T08:11:26.877+0000] {logging_mixin.py:137} INFO - [2023-11-21T08:11:26.877+0000] {dag.py:3444} INFO - Setting next_dagrun for example_subdag_operator to 2022-01-01T00:00:00+00:00, run_after=2022-01-01T00:00:00+00:00
[2023-11-21T08:11:26.879+0000] {logging_mixin.py:137} INFO - [2023-11-21T08:11:26.879+0000] {dag.py:3444} INFO - Setting next_dagrun for example_subdag_operator.section-1 to None, run_after=None
[2023-11-21T08:11:26.880+0000] {logging_mixin.py:137} INFO - [2023-11-21T08:11:26.880+0000] {dag.py:3444} INFO - Setting next_dagrun for example_subdag_operator.section-2 to None, run_after=None
[2023-11-21T08:11:26.885+0000] {logging_mixin.py:137} INFO - [2023-11-21T08:11:26.885+0000] {dag.py:2693} INFO - Sync 2 DAGs
[2023-11-21T08:11:26.888+0000] {logging_mixin.py:137} INFO - [2023-11-21T08:11:26.888+0000] {dag.py:3444} INFO - Setting next_dagrun for example_subdag_operator.section-1 to None, run_after=None
[2023-11-21T08:11:26.889+0000] {logging_mixin.py:137} INFO - [2023-11-21T08:11:26.889+0000] {dag.py:3444} INFO - Setting next_dagrun for example_subdag_operator.section-2 to None, run_after=None
[2023-11-21T08:11:26.896+0000] {processor.py:175} INFO - Processing /home/airflow/.local/lib/python3.7/site-packages/airflow/example_dags/example_subdag_operator.py took 0.070 seconds
[2023-11-21T08:11:56.950+0000] {processor.py:153} INFO - Started process (PID=655) to work on /home/airflow/.local/lib/python3.7/site-packages/airflow/example_dags/example_subdag_operator.py
[2023-11-21T08:11:56.950+0000] {processor.py:743} INFO - Processing file /home/airflow/.local/lib/python3.7/site-packages/airflow/example_dags/example_subdag_operator.py for tasks to queue
[2023-11-21T08:11:56.951+0000] {logging_mixin.py:137} INFO - [2023-11-21T08:11:56.951+0000] {dagbag.py:532} INFO - Filling up the DagBag from /home/airflow/.local/lib/python3.7/site-packages/airflow/example_dags/example_subdag_operator.py
[2023-11-21T08:11:56.971+0000] {processor.py:753} INFO - DAG(s) dict_keys(['example_subdag_operator.section-1', 'example_subdag_operator.section-2', 'example_subdag_operator']) retrieved from /home/airflow/.local/lib/python3.7/site-packages/airflow/example_dags/example_subdag_operator.py
[2023-11-21T08:11:56.983+0000] {logging_mixin.py:137} INFO - [2023-11-21T08:11:56.983+0000] {dag.py:2693} INFO - Sync 3 DAGs
[2023-11-21T08:11:56.998+0000] {logging_mixin.py:137} INFO - [2023-11-21T08:11:56.998+0000] {dag.py:3444} INFO - Setting next_dagrun for example_subdag_operator to 2022-01-01T00:00:00+00:00, run_after=2022-01-01T00:00:00+00:00
[2023-11-21T08:11:57.001+0000] {logging_mixin.py:137} INFO - [2023-11-21T08:11:57.001+0000] {dag.py:3444} INFO - Setting next_dagrun for example_subdag_operator.section-1 to None, run_after=None
[2023-11-21T08:11:57.001+0000] {logging_mixin.py:137} INFO - [2023-11-21T08:11:57.001+0000] {dag.py:3444} INFO - Setting next_dagrun for example_subdag_operator.section-2 to None, run_after=None
[2023-11-21T08:11:57.006+0000] {logging_mixin.py:137} INFO - [2023-11-21T08:11:57.006+0000] {dag.py:2693} INFO - Sync 2 DAGs
[2023-11-21T08:11:57.010+0000] {logging_mixin.py:137} INFO - [2023-11-21T08:11:57.010+0000] {dag.py:3444} INFO - Setting next_dagrun for example_subdag_operator.section-1 to None, run_after=None
[2023-11-21T08:11:57.010+0000] {logging_mixin.py:137} INFO - [2023-11-21T08:11:57.010+0000] {dag.py:3444} INFO - Setting next_dagrun for example_subdag_operator.section-2 to None, run_after=None
[2023-11-21T08:11:57.017+0000] {processor.py:175} INFO - Processing /home/airflow/.local/lib/python3.7/site-packages/airflow/example_dags/example_subdag_operator.py took 0.070 seconds
[2023-11-21T08:12:27.070+0000] {processor.py:153} INFO - Started process (PID=704) to work on /home/airflow/.local/lib/python3.7/site-packages/airflow/example_dags/example_subdag_operator.py
[2023-11-21T08:12:27.070+0000] {processor.py:743} INFO - Processing file /home/airflow/.local/lib/python3.7/site-packages/airflow/example_dags/example_subdag_operator.py for tasks to queue
[2023-11-21T08:12:27.071+0000] {logging_mixin.py:137} INFO - [2023-11-21T08:12:27.071+0000] {dagbag.py:532} INFO - Filling up the DagBag from /home/airflow/.local/lib/python3.7/site-packages/airflow/example_dags/example_subdag_operator.py
[2023-11-21T08:12:27.099+0000] {processor.py:753} INFO - DAG(s) dict_keys(['example_subdag_operator.section-1', 'example_subdag_operator.section-2', 'example_subdag_operator']) retrieved from /home/airflow/.local/lib/python3.7/site-packages/airflow/example_dags/example_subdag_operator.py
[2023-11-21T08:12:27.110+0000] {logging_mixin.py:137} INFO - [2023-11-21T08:12:27.110+0000] {dag.py:2693} INFO - Sync 3 DAGs
[2023-11-21T08:12:27.124+0000] {logging_mixin.py:137} INFO - [2023-11-21T08:12:27.124+0000] {dag.py:3444} INFO - Setting next_dagrun for example_subdag_operator to 2022-01-01T00:00:00+00:00, run_after=2022-01-01T00:00:00+00:00
[2023-11-21T08:12:27.126+0000] {logging_mixin.py:137} INFO - [2023-11-21T08:12:27.126+0000] {dag.py:3444} INFO - Setting next_dagrun for example_subdag_operator.section-1 to None, run_after=None
[2023-11-21T08:12:27.127+0000] {logging_mixin.py:137} INFO - [2023-11-21T08:12:27.127+0000] {dag.py:3444} INFO - Setting next_dagrun for example_subdag_operator.section-2 to None, run_after=None
[2023-11-21T08:12:27.131+0000] {logging_mixin.py:137} INFO - [2023-11-21T08:12:27.131+0000] {dag.py:2693} INFO - Sync 2 DAGs
[2023-11-21T08:12:27.134+0000] {logging_mixin.py:137} INFO - [2023-11-21T08:12:27.134+0000] {dag.py:3444} INFO - Setting next_dagrun for example_subdag_operator.section-1 to None, run_after=None
[2023-11-21T08:12:27.134+0000] {logging_mixin.py:137} INFO - [2023-11-21T08:12:27.134+0000] {dag.py:3444} INFO - Setting next_dagrun for example_subdag_operator.section-2 to None, run_after=None
[2023-11-21T08:12:27.140+0000] {processor.py:175} INFO - Processing /home/airflow/.local/lib/python3.7/site-packages/airflow/example_dags/example_subdag_operator.py took 0.073 seconds
[2023-11-21T08:19:21.633+0000] {processor.py:153} INFO - Started process (PID=67) to work on /home/airflow/.local/lib/python3.7/site-packages/airflow/example_dags/example_subdag_operator.py
[2023-11-21T08:19:21.634+0000] {processor.py:743} INFO - Processing file /home/airflow/.local/lib/python3.7/site-packages/airflow/example_dags/example_subdag_operator.py for tasks to queue
[2023-11-21T08:19:21.635+0000] {logging_mixin.py:137} INFO - [2023-11-21T08:19:21.635+0000] {dagbag.py:532} INFO - Filling up the DagBag from /home/airflow/.local/lib/python3.7/site-packages/airflow/example_dags/example_subdag_operator.py
[2023-11-21T08:19:21.667+0000] {processor.py:753} INFO - DAG(s) dict_keys(['example_subdag_operator.section-1', 'example_subdag_operator.section-2', 'example_subdag_operator']) retrieved from /home/airflow/.local/lib/python3.7/site-packages/airflow/example_dags/example_subdag_operator.py
[2023-11-21T08:19:22.057+0000] {logging_mixin.py:137} INFO - [2023-11-21T08:19:22.057+0000] {manager.py:504} INFO - Created Permission View: can edit on DAG:example_subdag_operator
[2023-11-21T08:19:22.065+0000] {logging_mixin.py:137} INFO - [2023-11-21T08:19:22.065+0000] {manager.py:504} INFO - Created Permission View: can read on DAG:example_subdag_operator
[2023-11-21T08:19:22.078+0000] {logging_mixin.py:137} INFO - [2023-11-21T08:19:22.078+0000] {manager.py:504} INFO - Created Permission View: can delete on DAG:example_subdag_operator
[2023-11-21T08:19:22.079+0000] {logging_mixin.py:137} INFO - [2023-11-21T08:19:22.079+0000] {dag.py:2693} INFO - Sync 3 DAGs
[2023-11-21T08:19:22.094+0000] {logging_mixin.py:137} INFO - [2023-11-21T08:19:22.094+0000] {dag.py:2714} INFO - Creating ORM DAG for example_subdag_operator
[2023-11-21T08:19:22.095+0000] {logging_mixin.py:137} INFO - [2023-11-21T08:19:22.095+0000] {dag.py:2714} INFO - Creating ORM DAG for example_subdag_operator.section-2
[2023-11-21T08:19:22.096+0000] {logging_mixin.py:137} INFO - [2023-11-21T08:19:22.096+0000] {dag.py:2714} INFO - Creating ORM DAG for example_subdag_operator.section-1
[2023-11-21T08:19:22.105+0000] {logging_mixin.py:137} INFO - [2023-11-21T08:19:22.105+0000] {dag.py:3444} INFO - Setting next_dagrun for example_subdag_operator to 2022-01-01T00:00:00+00:00, run_after=2022-01-01T00:00:00+00:00
[2023-11-21T08:19:22.106+0000] {logging_mixin.py:137} INFO - [2023-11-21T08:19:22.106+0000] {dag.py:3444} INFO - Setting next_dagrun for example_subdag_operator.section-1 to None, run_after=None
[2023-11-21T08:19:22.106+0000] {logging_mixin.py:137} INFO - [2023-11-21T08:19:22.106+0000] {dag.py:3444} INFO - Setting next_dagrun for example_subdag_operator.section-2 to None, run_after=None
[2023-11-21T08:19:22.118+0000] {logging_mixin.py:137} INFO - [2023-11-21T08:19:22.118+0000] {dag.py:2693} INFO - Sync 2 DAGs
[2023-11-21T08:19:22.124+0000] {logging_mixin.py:137} INFO - [2023-11-21T08:19:22.124+0000] {dag.py:3444} INFO - Setting next_dagrun for example_subdag_operator.section-1 to None, run_after=None
[2023-11-21T08:19:22.126+0000] {logging_mixin.py:137} INFO - [2023-11-21T08:19:22.126+0000] {dag.py:3444} INFO - Setting next_dagrun for example_subdag_operator.section-2 to None, run_after=None
[2023-11-21T08:19:22.142+0000] {processor.py:175} INFO - Processing /home/airflow/.local/lib/python3.7/site-packages/airflow/example_dags/example_subdag_operator.py took 0.512 seconds
[2023-11-21T08:19:53.065+0000] {processor.py:153} INFO - Started process (PID=116) to work on /home/airflow/.local/lib/python3.7/site-packages/airflow/example_dags/example_subdag_operator.py
[2023-11-21T08:19:53.067+0000] {processor.py:743} INFO - Processing file /home/airflow/.local/lib/python3.7/site-packages/airflow/example_dags/example_subdag_operator.py for tasks to queue
[2023-11-21T08:19:53.068+0000] {logging_mixin.py:137} INFO - [2023-11-21T08:19:53.068+0000] {dagbag.py:532} INFO - Filling up the DagBag from /home/airflow/.local/lib/python3.7/site-packages/airflow/example_dags/example_subdag_operator.py
[2023-11-21T08:19:53.119+0000] {processor.py:753} INFO - DAG(s) dict_keys(['example_subdag_operator.section-1', 'example_subdag_operator.section-2', 'example_subdag_operator']) retrieved from /home/airflow/.local/lib/python3.7/site-packages/airflow/example_dags/example_subdag_operator.py
[2023-11-21T08:19:53.151+0000] {logging_mixin.py:137} INFO - [2023-11-21T08:19:53.151+0000] {dag.py:2693} INFO - Sync 3 DAGs
[2023-11-21T08:19:53.183+0000] {logging_mixin.py:137} INFO - [2023-11-21T08:19:53.183+0000] {dag.py:3444} INFO - Setting next_dagrun for example_subdag_operator to 2022-01-01T00:00:00+00:00, run_after=2022-01-01T00:00:00+00:00
[2023-11-21T08:19:53.187+0000] {logging_mixin.py:137} INFO - [2023-11-21T08:19:53.187+0000] {dag.py:3444} INFO - Setting next_dagrun for example_subdag_operator.section-1 to None, run_after=None
[2023-11-21T08:19:53.189+0000] {logging_mixin.py:137} INFO - [2023-11-21T08:19:53.189+0000] {dag.py:3444} INFO - Setting next_dagrun for example_subdag_operator.section-2 to None, run_after=None
[2023-11-21T08:19:53.199+0000] {logging_mixin.py:137} INFO - [2023-11-21T08:19:53.198+0000] {dag.py:2693} INFO - Sync 2 DAGs
[2023-11-21T08:19:53.206+0000] {logging_mixin.py:137} INFO - [2023-11-21T08:19:53.206+0000] {dag.py:3444} INFO - Setting next_dagrun for example_subdag_operator.section-1 to None, run_after=None
[2023-11-21T08:19:53.207+0000] {logging_mixin.py:137} INFO - [2023-11-21T08:19:53.207+0000] {dag.py:3444} INFO - Setting next_dagrun for example_subdag_operator.section-2 to None, run_after=None
[2023-11-21T08:19:53.224+0000] {processor.py:175} INFO - Processing /home/airflow/.local/lib/python3.7/site-packages/airflow/example_dags/example_subdag_operator.py took 0.163 seconds
[2023-11-21T08:20:23.947+0000] {processor.py:153} INFO - Started process (PID=165) to work on /home/airflow/.local/lib/python3.7/site-packages/airflow/example_dags/example_subdag_operator.py
[2023-11-21T08:20:23.949+0000] {processor.py:743} INFO - Processing file /home/airflow/.local/lib/python3.7/site-packages/airflow/example_dags/example_subdag_operator.py for tasks to queue
[2023-11-21T08:20:23.950+0000] {logging_mixin.py:137} INFO - [2023-11-21T08:20:23.950+0000] {dagbag.py:532} INFO - Filling up the DagBag from /home/airflow/.local/lib/python3.7/site-packages/airflow/example_dags/example_subdag_operator.py
[2023-11-21T08:20:23.970+0000] {processor.py:753} INFO - DAG(s) dict_keys(['example_subdag_operator.section-1', 'example_subdag_operator.section-2', 'example_subdag_operator']) retrieved from /home/airflow/.local/lib/python3.7/site-packages/airflow/example_dags/example_subdag_operator.py
[2023-11-21T08:20:23.982+0000] {logging_mixin.py:137} INFO - [2023-11-21T08:20:23.982+0000] {dag.py:2693} INFO - Sync 3 DAGs
[2023-11-21T08:20:23.996+0000] {logging_mixin.py:137} INFO - [2023-11-21T08:20:23.996+0000] {dag.py:3444} INFO - Setting next_dagrun for example_subdag_operator to 2022-01-01T00:00:00+00:00, run_after=2022-01-01T00:00:00+00:00
[2023-11-21T08:20:23.998+0000] {logging_mixin.py:137} INFO - [2023-11-21T08:20:23.998+0000] {dag.py:3444} INFO - Setting next_dagrun for example_subdag_operator.section-1 to None, run_after=None
[2023-11-21T08:20:23.999+0000] {logging_mixin.py:137} INFO - [2023-11-21T08:20:23.999+0000] {dag.py:3444} INFO - Setting next_dagrun for example_subdag_operator.section-2 to None, run_after=None
[2023-11-21T08:20:24.004+0000] {logging_mixin.py:137} INFO - [2023-11-21T08:20:24.004+0000] {dag.py:2693} INFO - Sync 2 DAGs
[2023-11-21T08:20:24.007+0000] {logging_mixin.py:137} INFO - [2023-11-21T08:20:24.007+0000] {dag.py:3444} INFO - Setting next_dagrun for example_subdag_operator.section-1 to None, run_after=None
[2023-11-21T08:20:24.008+0000] {logging_mixin.py:137} INFO - [2023-11-21T08:20:24.008+0000] {dag.py:3444} INFO - Setting next_dagrun for example_subdag_operator.section-2 to None, run_after=None
[2023-11-21T08:20:24.020+0000] {processor.py:175} INFO - Processing /home/airflow/.local/lib/python3.7/site-packages/airflow/example_dags/example_subdag_operator.py took 0.075 seconds
[2023-11-21T08:20:54.655+0000] {processor.py:153} INFO - Started process (PID=215) to work on /home/airflow/.local/lib/python3.7/site-packages/airflow/example_dags/example_subdag_operator.py
[2023-11-21T08:20:54.658+0000] {processor.py:743} INFO - Processing file /home/airflow/.local/lib/python3.7/site-packages/airflow/example_dags/example_subdag_operator.py for tasks to queue
[2023-11-21T08:20:54.661+0000] {logging_mixin.py:137} INFO - [2023-11-21T08:20:54.661+0000] {dagbag.py:532} INFO - Filling up the DagBag from /home/airflow/.local/lib/python3.7/site-packages/airflow/example_dags/example_subdag_operator.py
[2023-11-21T08:20:54.704+0000] {processor.py:753} INFO - DAG(s) dict_keys(['example_subdag_operator.section-1', 'example_subdag_operator.section-2', 'example_subdag_operator']) retrieved from /home/airflow/.local/lib/python3.7/site-packages/airflow/example_dags/example_subdag_operator.py
[2023-11-21T08:20:54.733+0000] {logging_mixin.py:137} INFO - [2023-11-21T08:20:54.733+0000] {dag.py:2693} INFO - Sync 3 DAGs
[2023-11-21T08:20:54.760+0000] {logging_mixin.py:137} INFO - [2023-11-21T08:20:54.760+0000] {dag.py:3444} INFO - Setting next_dagrun for example_subdag_operator to 2022-01-01T00:00:00+00:00, run_after=2022-01-01T00:00:00+00:00
[2023-11-21T08:20:54.764+0000] {logging_mixin.py:137} INFO - [2023-11-21T08:20:54.764+0000] {dag.py:3444} INFO - Setting next_dagrun for example_subdag_operator.section-1 to None, run_after=None
[2023-11-21T08:20:54.766+0000] {logging_mixin.py:137} INFO - [2023-11-21T08:20:54.765+0000] {dag.py:3444} INFO - Setting next_dagrun for example_subdag_operator.section-2 to None, run_after=None
[2023-11-21T08:20:54.774+0000] {logging_mixin.py:137} INFO - [2023-11-21T08:20:54.774+0000] {dag.py:2693} INFO - Sync 2 DAGs
[2023-11-21T08:20:54.783+0000] {logging_mixin.py:137} INFO - [2023-11-21T08:20:54.782+0000] {dag.py:3444} INFO - Setting next_dagrun for example_subdag_operator.section-1 to None, run_after=None
[2023-11-21T08:20:54.784+0000] {logging_mixin.py:137} INFO - [2023-11-21T08:20:54.784+0000] {dag.py:3444} INFO - Setting next_dagrun for example_subdag_operator.section-2 to None, run_after=None
[2023-11-21T08:20:54.800+0000] {processor.py:175} INFO - Processing /home/airflow/.local/lib/python3.7/site-packages/airflow/example_dags/example_subdag_operator.py took 0.154 seconds
