[2023-11-21T08:05:48.570+0000] {processor.py:153} INFO - Started process (PID=55) to work on /home/airflow/.local/lib/python3.7/site-packages/airflow/example_dags/example_branch_labels.py
[2023-11-21T08:05:48.571+0000] {processor.py:743} INFO - Processing file /home/airflow/.local/lib/python3.7/site-packages/airflow/example_dags/example_branch_labels.py for tasks to queue
[2023-11-21T08:05:48.571+0000] {logging_mixin.py:137} INFO - [2023-11-21T08:05:48.571+0000] {dagbag.py:532} INFO - Filling up the DagBag from /home/airflow/.local/lib/python3.7/site-packages/airflow/example_dags/example_branch_labels.py
[2023-11-21T08:05:48.589+0000] {processor.py:753} INFO - DAG(s) dict_keys(['example_branch_labels']) retrieved from /home/airflow/.local/lib/python3.7/site-packages/airflow/example_dags/example_branch_labels.py
[2023-11-21T08:05:48.603+0000] {logging_mixin.py:137} INFO - [2023-11-21T08:05:48.603+0000] {dag.py:2693} INFO - Sync 1 DAGs
[2023-11-21T08:05:48.626+0000] {logging_mixin.py:137} INFO - [2023-11-21T08:05:48.626+0000] {dag.py:3444} INFO - Setting next_dagrun for example_branch_labels to 2023-11-20T00:00:00+00:00, run_after=2023-11-21T00:00:00+00:00
[2023-11-21T08:05:48.643+0000] {processor.py:175} INFO - Processing /home/airflow/.local/lib/python3.7/site-packages/airflow/example_dags/example_branch_labels.py took 0.077 seconds
[2023-11-21T08:06:19.372+0000] {processor.py:153} INFO - Started process (PID=104) to work on /home/airflow/.local/lib/python3.7/site-packages/airflow/example_dags/example_branch_labels.py
[2023-11-21T08:06:19.373+0000] {processor.py:743} INFO - Processing file /home/airflow/.local/lib/python3.7/site-packages/airflow/example_dags/example_branch_labels.py for tasks to queue
[2023-11-21T08:06:19.373+0000] {logging_mixin.py:137} INFO - [2023-11-21T08:06:19.373+0000] {dagbag.py:532} INFO - Filling up the DagBag from /home/airflow/.local/lib/python3.7/site-packages/airflow/example_dags/example_branch_labels.py
[2023-11-21T08:06:19.383+0000] {processor.py:753} INFO - DAG(s) dict_keys(['example_branch_labels']) retrieved from /home/airflow/.local/lib/python3.7/site-packages/airflow/example_dags/example_branch_labels.py
[2023-11-21T08:06:19.399+0000] {logging_mixin.py:137} INFO - [2023-11-21T08:06:19.399+0000] {dag.py:2693} INFO - Sync 1 DAGs
[2023-11-21T08:06:19.414+0000] {logging_mixin.py:137} INFO - [2023-11-21T08:06:19.414+0000] {dag.py:3444} INFO - Setting next_dagrun for example_branch_labels to 2023-11-20T00:00:00+00:00, run_after=2023-11-21T00:00:00+00:00
[2023-11-21T08:06:19.424+0000] {processor.py:175} INFO - Processing /home/airflow/.local/lib/python3.7/site-packages/airflow/example_dags/example_branch_labels.py took 0.055 seconds
[2023-11-21T08:06:50.436+0000] {processor.py:153} INFO - Started process (PID=153) to work on /home/airflow/.local/lib/python3.7/site-packages/airflow/example_dags/example_branch_labels.py
[2023-11-21T08:06:50.437+0000] {processor.py:743} INFO - Processing file /home/airflow/.local/lib/python3.7/site-packages/airflow/example_dags/example_branch_labels.py for tasks to queue
[2023-11-21T08:06:50.437+0000] {logging_mixin.py:137} INFO - [2023-11-21T08:06:50.437+0000] {dagbag.py:532} INFO - Filling up the DagBag from /home/airflow/.local/lib/python3.7/site-packages/airflow/example_dags/example_branch_labels.py
[2023-11-21T08:06:50.447+0000] {processor.py:753} INFO - DAG(s) dict_keys(['example_branch_labels']) retrieved from /home/airflow/.local/lib/python3.7/site-packages/airflow/example_dags/example_branch_labels.py
[2023-11-21T08:06:50.463+0000] {logging_mixin.py:137} INFO - [2023-11-21T08:06:50.463+0000] {dag.py:2693} INFO - Sync 1 DAGs
[2023-11-21T08:06:50.479+0000] {logging_mixin.py:137} INFO - [2023-11-21T08:06:50.479+0000] {dag.py:3444} INFO - Setting next_dagrun for example_branch_labels to 2023-11-20T00:00:00+00:00, run_after=2023-11-21T00:00:00+00:00
[2023-11-21T08:06:50.490+0000] {processor.py:175} INFO - Processing /home/airflow/.local/lib/python3.7/site-packages/airflow/example_dags/example_branch_labels.py took 0.056 seconds
[2023-11-21T08:07:21.214+0000] {processor.py:153} INFO - Started process (PID=202) to work on /home/airflow/.local/lib/python3.7/site-packages/airflow/example_dags/example_branch_labels.py
[2023-11-21T08:07:21.215+0000] {processor.py:743} INFO - Processing file /home/airflow/.local/lib/python3.7/site-packages/airflow/example_dags/example_branch_labels.py for tasks to queue
[2023-11-21T08:07:21.215+0000] {logging_mixin.py:137} INFO - [2023-11-21T08:07:21.215+0000] {dagbag.py:532} INFO - Filling up the DagBag from /home/airflow/.local/lib/python3.7/site-packages/airflow/example_dags/example_branch_labels.py
[2023-11-21T08:07:21.224+0000] {processor.py:753} INFO - DAG(s) dict_keys(['example_branch_labels']) retrieved from /home/airflow/.local/lib/python3.7/site-packages/airflow/example_dags/example_branch_labels.py
[2023-11-21T08:07:21.240+0000] {logging_mixin.py:137} INFO - [2023-11-21T08:07:21.240+0000] {dag.py:2693} INFO - Sync 1 DAGs
[2023-11-21T08:07:21.257+0000] {logging_mixin.py:137} INFO - [2023-11-21T08:07:21.257+0000] {dag.py:3444} INFO - Setting next_dagrun for example_branch_labels to 2023-11-20T00:00:00+00:00, run_after=2023-11-21T00:00:00+00:00
[2023-11-21T08:07:21.267+0000] {processor.py:175} INFO - Processing /home/airflow/.local/lib/python3.7/site-packages/airflow/example_dags/example_branch_labels.py took 0.055 seconds
[2023-11-21T08:07:51.989+0000] {processor.py:153} INFO - Started process (PID=251) to work on /home/airflow/.local/lib/python3.7/site-packages/airflow/example_dags/example_branch_labels.py
[2023-11-21T08:07:51.990+0000] {processor.py:743} INFO - Processing file /home/airflow/.local/lib/python3.7/site-packages/airflow/example_dags/example_branch_labels.py for tasks to queue
[2023-11-21T08:07:51.990+0000] {logging_mixin.py:137} INFO - [2023-11-21T08:07:51.990+0000] {dagbag.py:532} INFO - Filling up the DagBag from /home/airflow/.local/lib/python3.7/site-packages/airflow/example_dags/example_branch_labels.py
[2023-11-21T08:07:51.999+0000] {processor.py:753} INFO - DAG(s) dict_keys(['example_branch_labels']) retrieved from /home/airflow/.local/lib/python3.7/site-packages/airflow/example_dags/example_branch_labels.py
[2023-11-21T08:07:52.016+0000] {logging_mixin.py:137} INFO - [2023-11-21T08:07:52.016+0000] {dag.py:2693} INFO - Sync 1 DAGs
[2023-11-21T08:07:52.031+0000] {logging_mixin.py:137} INFO - [2023-11-21T08:07:52.031+0000] {dag.py:3444} INFO - Setting next_dagrun for example_branch_labels to 2023-11-20T00:00:00+00:00, run_after=2023-11-21T00:00:00+00:00
[2023-11-21T08:07:52.043+0000] {processor.py:175} INFO - Processing /home/airflow/.local/lib/python3.7/site-packages/airflow/example_dags/example_branch_labels.py took 0.056 seconds
[2023-11-21T08:08:22.828+0000] {processor.py:153} INFO - Started process (PID=300) to work on /home/airflow/.local/lib/python3.7/site-packages/airflow/example_dags/example_branch_labels.py
[2023-11-21T08:08:22.829+0000] {processor.py:743} INFO - Processing file /home/airflow/.local/lib/python3.7/site-packages/airflow/example_dags/example_branch_labels.py for tasks to queue
[2023-11-21T08:08:22.830+0000] {logging_mixin.py:137} INFO - [2023-11-21T08:08:22.830+0000] {dagbag.py:532} INFO - Filling up the DagBag from /home/airflow/.local/lib/python3.7/site-packages/airflow/example_dags/example_branch_labels.py
[2023-11-21T08:08:22.838+0000] {processor.py:753} INFO - DAG(s) dict_keys(['example_branch_labels']) retrieved from /home/airflow/.local/lib/python3.7/site-packages/airflow/example_dags/example_branch_labels.py
[2023-11-21T08:08:22.854+0000] {logging_mixin.py:137} INFO - [2023-11-21T08:08:22.854+0000] {dag.py:2693} INFO - Sync 1 DAGs
[2023-11-21T08:08:22.871+0000] {logging_mixin.py:137} INFO - [2023-11-21T08:08:22.870+0000] {dag.py:3444} INFO - Setting next_dagrun for example_branch_labels to 2023-11-20T00:00:00+00:00, run_after=2023-11-21T00:00:00+00:00
[2023-11-21T08:08:22.880+0000] {processor.py:175} INFO - Processing /home/airflow/.local/lib/python3.7/site-packages/airflow/example_dags/example_branch_labels.py took 0.055 seconds
[2023-11-21T08:08:53.609+0000] {processor.py:153} INFO - Started process (PID=349) to work on /home/airflow/.local/lib/python3.7/site-packages/airflow/example_dags/example_branch_labels.py
[2023-11-21T08:08:53.610+0000] {processor.py:743} INFO - Processing file /home/airflow/.local/lib/python3.7/site-packages/airflow/example_dags/example_branch_labels.py for tasks to queue
[2023-11-21T08:08:53.610+0000] {logging_mixin.py:137} INFO - [2023-11-21T08:08:53.610+0000] {dagbag.py:532} INFO - Filling up the DagBag from /home/airflow/.local/lib/python3.7/site-packages/airflow/example_dags/example_branch_labels.py
[2023-11-21T08:08:53.619+0000] {processor.py:753} INFO - DAG(s) dict_keys(['example_branch_labels']) retrieved from /home/airflow/.local/lib/python3.7/site-packages/airflow/example_dags/example_branch_labels.py
[2023-11-21T08:08:53.636+0000] {logging_mixin.py:137} INFO - [2023-11-21T08:08:53.636+0000] {dag.py:2693} INFO - Sync 1 DAGs
[2023-11-21T08:08:53.653+0000] {logging_mixin.py:137} INFO - [2023-11-21T08:08:53.652+0000] {dag.py:3444} INFO - Setting next_dagrun for example_branch_labels to 2023-11-20T00:00:00+00:00, run_after=2023-11-21T00:00:00+00:00
[2023-11-21T08:08:53.663+0000] {processor.py:175} INFO - Processing /home/airflow/.local/lib/python3.7/site-packages/airflow/example_dags/example_branch_labels.py took 0.056 seconds
[2023-11-21T08:09:24.352+0000] {processor.py:153} INFO - Started process (PID=398) to work on /home/airflow/.local/lib/python3.7/site-packages/airflow/example_dags/example_branch_labels.py
[2023-11-21T08:09:24.352+0000] {processor.py:743} INFO - Processing file /home/airflow/.local/lib/python3.7/site-packages/airflow/example_dags/example_branch_labels.py for tasks to queue
[2023-11-21T08:09:24.353+0000] {logging_mixin.py:137} INFO - [2023-11-21T08:09:24.353+0000] {dagbag.py:532} INFO - Filling up the DagBag from /home/airflow/.local/lib/python3.7/site-packages/airflow/example_dags/example_branch_labels.py
[2023-11-21T08:09:24.362+0000] {processor.py:753} INFO - DAG(s) dict_keys(['example_branch_labels']) retrieved from /home/airflow/.local/lib/python3.7/site-packages/airflow/example_dags/example_branch_labels.py
[2023-11-21T08:09:24.379+0000] {logging_mixin.py:137} INFO - [2023-11-21T08:09:24.379+0000] {dag.py:2693} INFO - Sync 1 DAGs
[2023-11-21T08:09:24.394+0000] {logging_mixin.py:137} INFO - [2023-11-21T08:09:24.394+0000] {dag.py:3444} INFO - Setting next_dagrun for example_branch_labels to 2023-11-20T00:00:00+00:00, run_after=2023-11-21T00:00:00+00:00
[2023-11-21T08:09:24.405+0000] {processor.py:175} INFO - Processing /home/airflow/.local/lib/python3.7/site-packages/airflow/example_dags/example_branch_labels.py took 0.056 seconds
[2023-11-21T08:09:55.139+0000] {processor.py:153} INFO - Started process (PID=447) to work on /home/airflow/.local/lib/python3.7/site-packages/airflow/example_dags/example_branch_labels.py
[2023-11-21T08:09:55.140+0000] {processor.py:743} INFO - Processing file /home/airflow/.local/lib/python3.7/site-packages/airflow/example_dags/example_branch_labels.py for tasks to queue
[2023-11-21T08:09:55.141+0000] {logging_mixin.py:137} INFO - [2023-11-21T08:09:55.141+0000] {dagbag.py:532} INFO - Filling up the DagBag from /home/airflow/.local/lib/python3.7/site-packages/airflow/example_dags/example_branch_labels.py
[2023-11-21T08:09:55.150+0000] {processor.py:753} INFO - DAG(s) dict_keys(['example_branch_labels']) retrieved from /home/airflow/.local/lib/python3.7/site-packages/airflow/example_dags/example_branch_labels.py
[2023-11-21T08:09:55.166+0000] {logging_mixin.py:137} INFO - [2023-11-21T08:09:55.166+0000] {dag.py:2693} INFO - Sync 1 DAGs
[2023-11-21T08:09:55.182+0000] {logging_mixin.py:137} INFO - [2023-11-21T08:09:55.182+0000] {dag.py:3444} INFO - Setting next_dagrun for example_branch_labels to 2023-11-20T00:00:00+00:00, run_after=2023-11-21T00:00:00+00:00
[2023-11-21T08:09:55.192+0000] {processor.py:175} INFO - Processing /home/airflow/.local/lib/python3.7/site-packages/airflow/example_dags/example_branch_labels.py took 0.056 seconds
[2023-11-21T08:10:25.994+0000] {processor.py:153} INFO - Started process (PID=496) to work on /home/airflow/.local/lib/python3.7/site-packages/airflow/example_dags/example_branch_labels.py
[2023-11-21T08:10:25.995+0000] {processor.py:743} INFO - Processing file /home/airflow/.local/lib/python3.7/site-packages/airflow/example_dags/example_branch_labels.py for tasks to queue
[2023-11-21T08:10:25.996+0000] {logging_mixin.py:137} INFO - [2023-11-21T08:10:25.995+0000] {dagbag.py:532} INFO - Filling up the DagBag from /home/airflow/.local/lib/python3.7/site-packages/airflow/example_dags/example_branch_labels.py
[2023-11-21T08:10:26.006+0000] {processor.py:753} INFO - DAG(s) dict_keys(['example_branch_labels']) retrieved from /home/airflow/.local/lib/python3.7/site-packages/airflow/example_dags/example_branch_labels.py
[2023-11-21T08:10:26.028+0000] {logging_mixin.py:137} INFO - [2023-11-21T08:10:26.028+0000] {dag.py:2693} INFO - Sync 1 DAGs
[2023-11-21T08:10:26.048+0000] {logging_mixin.py:137} INFO - [2023-11-21T08:10:26.048+0000] {dag.py:3444} INFO - Setting next_dagrun for example_branch_labels to 2023-11-20T00:00:00+00:00, run_after=2023-11-21T00:00:00+00:00
[2023-11-21T08:10:26.063+0000] {processor.py:175} INFO - Processing /home/airflow/.local/lib/python3.7/site-packages/airflow/example_dags/example_branch_labels.py took 0.072 seconds
[2023-11-21T08:10:56.163+0000] {processor.py:153} INFO - Started process (PID=545) to work on /home/airflow/.local/lib/python3.7/site-packages/airflow/example_dags/example_branch_labels.py
[2023-11-21T08:10:56.164+0000] {processor.py:743} INFO - Processing file /home/airflow/.local/lib/python3.7/site-packages/airflow/example_dags/example_branch_labels.py for tasks to queue
[2023-11-21T08:10:56.164+0000] {logging_mixin.py:137} INFO - [2023-11-21T08:10:56.164+0000] {dagbag.py:532} INFO - Filling up the DagBag from /home/airflow/.local/lib/python3.7/site-packages/airflow/example_dags/example_branch_labels.py
[2023-11-21T08:10:56.176+0000] {processor.py:753} INFO - DAG(s) dict_keys(['example_branch_labels']) retrieved from /home/airflow/.local/lib/python3.7/site-packages/airflow/example_dags/example_branch_labels.py
[2023-11-21T08:10:56.204+0000] {logging_mixin.py:137} INFO - [2023-11-21T08:10:56.204+0000] {dag.py:2693} INFO - Sync 1 DAGs
[2023-11-21T08:10:56.229+0000] {logging_mixin.py:137} INFO - [2023-11-21T08:10:56.229+0000] {dag.py:3444} INFO - Setting next_dagrun for example_branch_labels to 2023-11-20T00:00:00+00:00, run_after=2023-11-21T00:00:00+00:00
[2023-11-21T08:10:56.243+0000] {processor.py:175} INFO - Processing /home/airflow/.local/lib/python3.7/site-packages/airflow/example_dags/example_branch_labels.py took 0.082 seconds
[2023-11-21T08:11:26.326+0000] {processor.py:153} INFO - Started process (PID=594) to work on /home/airflow/.local/lib/python3.7/site-packages/airflow/example_dags/example_branch_labels.py
[2023-11-21T08:11:26.327+0000] {processor.py:743} INFO - Processing file /home/airflow/.local/lib/python3.7/site-packages/airflow/example_dags/example_branch_labels.py for tasks to queue
[2023-11-21T08:11:26.327+0000] {logging_mixin.py:137} INFO - [2023-11-21T08:11:26.327+0000] {dagbag.py:532} INFO - Filling up the DagBag from /home/airflow/.local/lib/python3.7/site-packages/airflow/example_dags/example_branch_labels.py
[2023-11-21T08:11:26.336+0000] {processor.py:753} INFO - DAG(s) dict_keys(['example_branch_labels']) retrieved from /home/airflow/.local/lib/python3.7/site-packages/airflow/example_dags/example_branch_labels.py
[2023-11-21T08:11:26.352+0000] {logging_mixin.py:137} INFO - [2023-11-21T08:11:26.352+0000] {dag.py:2693} INFO - Sync 1 DAGs
[2023-11-21T08:11:26.368+0000] {logging_mixin.py:137} INFO - [2023-11-21T08:11:26.368+0000] {dag.py:3444} INFO - Setting next_dagrun for example_branch_labels to 2023-11-20T00:00:00+00:00, run_after=2023-11-21T00:00:00+00:00
[2023-11-21T08:11:26.379+0000] {processor.py:175} INFO - Processing /home/airflow/.local/lib/python3.7/site-packages/airflow/example_dags/example_branch_labels.py took 0.055 seconds
[2023-11-21T08:11:56.450+0000] {processor.py:153} INFO - Started process (PID=643) to work on /home/airflow/.local/lib/python3.7/site-packages/airflow/example_dags/example_branch_labels.py
[2023-11-21T08:11:56.451+0000] {processor.py:743} INFO - Processing file /home/airflow/.local/lib/python3.7/site-packages/airflow/example_dags/example_branch_labels.py for tasks to queue
[2023-11-21T08:11:56.452+0000] {logging_mixin.py:137} INFO - [2023-11-21T08:11:56.452+0000] {dagbag.py:532} INFO - Filling up the DagBag from /home/airflow/.local/lib/python3.7/site-packages/airflow/example_dags/example_branch_labels.py
[2023-11-21T08:11:56.461+0000] {processor.py:753} INFO - DAG(s) dict_keys(['example_branch_labels']) retrieved from /home/airflow/.local/lib/python3.7/site-packages/airflow/example_dags/example_branch_labels.py
[2023-11-21T08:11:56.476+0000] {logging_mixin.py:137} INFO - [2023-11-21T08:11:56.476+0000] {dag.py:2693} INFO - Sync 1 DAGs
[2023-11-21T08:11:56.493+0000] {logging_mixin.py:137} INFO - [2023-11-21T08:11:56.493+0000] {dag.py:3444} INFO - Setting next_dagrun for example_branch_labels to 2023-11-20T00:00:00+00:00, run_after=2023-11-21T00:00:00+00:00
[2023-11-21T08:11:56.503+0000] {processor.py:175} INFO - Processing /home/airflow/.local/lib/python3.7/site-packages/airflow/example_dags/example_branch_labels.py took 0.055 seconds
[2023-11-21T08:12:26.599+0000] {processor.py:153} INFO - Started process (PID=692) to work on /home/airflow/.local/lib/python3.7/site-packages/airflow/example_dags/example_branch_labels.py
[2023-11-21T08:12:26.599+0000] {processor.py:743} INFO - Processing file /home/airflow/.local/lib/python3.7/site-packages/airflow/example_dags/example_branch_labels.py for tasks to queue
[2023-11-21T08:12:26.600+0000] {logging_mixin.py:137} INFO - [2023-11-21T08:12:26.600+0000] {dagbag.py:532} INFO - Filling up the DagBag from /home/airflow/.local/lib/python3.7/site-packages/airflow/example_dags/example_branch_labels.py
[2023-11-21T08:12:26.609+0000] {processor.py:753} INFO - DAG(s) dict_keys(['example_branch_labels']) retrieved from /home/airflow/.local/lib/python3.7/site-packages/airflow/example_dags/example_branch_labels.py
[2023-11-21T08:12:26.625+0000] {logging_mixin.py:137} INFO - [2023-11-21T08:12:26.625+0000] {dag.py:2693} INFO - Sync 1 DAGs
[2023-11-21T08:12:26.640+0000] {logging_mixin.py:137} INFO - [2023-11-21T08:12:26.640+0000] {dag.py:3444} INFO - Setting next_dagrun for example_branch_labels to 2023-11-20T00:00:00+00:00, run_after=2023-11-21T00:00:00+00:00
[2023-11-21T08:12:26.650+0000] {processor.py:175} INFO - Processing /home/airflow/.local/lib/python3.7/site-packages/airflow/example_dags/example_branch_labels.py took 0.053 seconds
[2023-11-21T08:19:19.617+0000] {processor.py:153} INFO - Started process (PID=55) to work on /home/airflow/.local/lib/python3.7/site-packages/airflow/example_dags/example_branch_labels.py
[2023-11-21T08:19:19.619+0000] {processor.py:743} INFO - Processing file /home/airflow/.local/lib/python3.7/site-packages/airflow/example_dags/example_branch_labels.py for tasks to queue
[2023-11-21T08:19:19.620+0000] {logging_mixin.py:137} INFO - [2023-11-21T08:19:19.620+0000] {dagbag.py:532} INFO - Filling up the DagBag from /home/airflow/.local/lib/python3.7/site-packages/airflow/example_dags/example_branch_labels.py
[2023-11-21T08:19:19.637+0000] {processor.py:753} INFO - DAG(s) dict_keys(['example_branch_labels']) retrieved from /home/airflow/.local/lib/python3.7/site-packages/airflow/example_dags/example_branch_labels.py
[2023-11-21T08:19:19.788+0000] {logging_mixin.py:137} INFO - [2023-11-21T08:19:19.788+0000] {manager.py:504} INFO - Created Permission View: can edit on DAG:example_branch_labels
[2023-11-21T08:19:19.797+0000] {logging_mixin.py:137} INFO - [2023-11-21T08:19:19.796+0000] {manager.py:504} INFO - Created Permission View: can read on DAG:example_branch_labels
[2023-11-21T08:19:19.805+0000] {logging_mixin.py:137} INFO - [2023-11-21T08:19:19.805+0000] {manager.py:504} INFO - Created Permission View: can delete on DAG:example_branch_labels
[2023-11-21T08:19:19.806+0000] {logging_mixin.py:137} INFO - [2023-11-21T08:19:19.806+0000] {dag.py:2693} INFO - Sync 1 DAGs
[2023-11-21T08:19:19.829+0000] {logging_mixin.py:137} INFO - [2023-11-21T08:19:19.829+0000] {dag.py:2714} INFO - Creating ORM DAG for example_branch_labels
[2023-11-21T08:19:19.845+0000] {logging_mixin.py:137} INFO - [2023-11-21T08:19:19.845+0000] {dag.py:3444} INFO - Setting next_dagrun for example_branch_labels to 2023-11-20T00:00:00+00:00, run_after=2023-11-21T00:00:00+00:00
[2023-11-21T08:19:19.878+0000] {processor.py:175} INFO - Processing /home/airflow/.local/lib/python3.7/site-packages/airflow/example_dags/example_branch_labels.py took 0.263 seconds
[2023-11-21T08:19:50.531+0000] {processor.py:153} INFO - Started process (PID=104) to work on /home/airflow/.local/lib/python3.7/site-packages/airflow/example_dags/example_branch_labels.py
[2023-11-21T08:19:50.532+0000] {processor.py:743} INFO - Processing file /home/airflow/.local/lib/python3.7/site-packages/airflow/example_dags/example_branch_labels.py for tasks to queue
[2023-11-21T08:19:50.533+0000] {logging_mixin.py:137} INFO - [2023-11-21T08:19:50.533+0000] {dagbag.py:532} INFO - Filling up the DagBag from /home/airflow/.local/lib/python3.7/site-packages/airflow/example_dags/example_branch_labels.py
[2023-11-21T08:19:50.554+0000] {processor.py:753} INFO - DAG(s) dict_keys(['example_branch_labels']) retrieved from /home/airflow/.local/lib/python3.7/site-packages/airflow/example_dags/example_branch_labels.py
[2023-11-21T08:19:50.586+0000] {logging_mixin.py:137} INFO - [2023-11-21T08:19:50.586+0000] {dag.py:2693} INFO - Sync 1 DAGs
[2023-11-21T08:19:50.625+0000] {logging_mixin.py:137} INFO - [2023-11-21T08:19:50.625+0000] {dag.py:3444} INFO - Setting next_dagrun for example_branch_labels to 2023-11-20T00:00:00+00:00, run_after=2023-11-21T00:00:00+00:00
[2023-11-21T08:19:50.646+0000] {processor.py:175} INFO - Processing /home/airflow/.local/lib/python3.7/site-packages/airflow/example_dags/example_branch_labels.py took 0.119 seconds
[2023-11-21T08:20:21.223+0000] {processor.py:153} INFO - Started process (PID=153) to work on /home/airflow/.local/lib/python3.7/site-packages/airflow/example_dags/example_branch_labels.py
[2023-11-21T08:20:21.224+0000] {processor.py:743} INFO - Processing file /home/airflow/.local/lib/python3.7/site-packages/airflow/example_dags/example_branch_labels.py for tasks to queue
[2023-11-21T08:20:21.224+0000] {logging_mixin.py:137} INFO - [2023-11-21T08:20:21.224+0000] {dagbag.py:532} INFO - Filling up the DagBag from /home/airflow/.local/lib/python3.7/site-packages/airflow/example_dags/example_branch_labels.py
[2023-11-21T08:20:21.234+0000] {processor.py:753} INFO - DAG(s) dict_keys(['example_branch_labels']) retrieved from /home/airflow/.local/lib/python3.7/site-packages/airflow/example_dags/example_branch_labels.py
[2023-11-21T08:20:21.255+0000] {logging_mixin.py:137} INFO - [2023-11-21T08:20:21.255+0000] {dag.py:2693} INFO - Sync 1 DAGs
[2023-11-21T08:20:21.276+0000] {logging_mixin.py:137} INFO - [2023-11-21T08:20:21.276+0000] {dag.py:3444} INFO - Setting next_dagrun for example_branch_labels to 2023-11-20T00:00:00+00:00, run_after=2023-11-21T00:00:00+00:00
[2023-11-21T08:20:21.289+0000] {processor.py:175} INFO - Processing /home/airflow/.local/lib/python3.7/site-packages/airflow/example_dags/example_branch_labels.py took 0.068 seconds
[2023-11-21T08:20:51.469+0000] {processor.py:153} INFO - Started process (PID=203) to work on /home/airflow/.local/lib/python3.7/site-packages/airflow/example_dags/example_branch_labels.py
[2023-11-21T08:20:51.470+0000] {processor.py:743} INFO - Processing file /home/airflow/.local/lib/python3.7/site-packages/airflow/example_dags/example_branch_labels.py for tasks to queue
[2023-11-21T08:20:51.471+0000] {logging_mixin.py:137} INFO - [2023-11-21T08:20:51.471+0000] {dagbag.py:532} INFO - Filling up the DagBag from /home/airflow/.local/lib/python3.7/site-packages/airflow/example_dags/example_branch_labels.py
[2023-11-21T08:20:51.483+0000] {processor.py:753} INFO - DAG(s) dict_keys(['example_branch_labels']) retrieved from /home/airflow/.local/lib/python3.7/site-packages/airflow/example_dags/example_branch_labels.py
[2023-11-21T08:20:51.506+0000] {logging_mixin.py:137} INFO - [2023-11-21T08:20:51.506+0000] {dag.py:2693} INFO - Sync 1 DAGs
[2023-11-21T08:20:51.531+0000] {logging_mixin.py:137} INFO - [2023-11-21T08:20:51.531+0000] {dag.py:3444} INFO - Setting next_dagrun for example_branch_labels to 2023-11-20T00:00:00+00:00, run_after=2023-11-21T00:00:00+00:00
[2023-11-21T08:20:51.555+0000] {processor.py:175} INFO - Processing /home/airflow/.local/lib/python3.7/site-packages/airflow/example_dags/example_branch_labels.py took 0.089 seconds
