[2023-11-21T08:05:50.086+0000] {processor.py:153} INFO - Started process (PID=74) to work on /home/airflow/.local/lib/python3.7/site-packages/airflow/example_dags/example_branch_datetime_operator.py
[2023-11-21T08:05:50.088+0000] {processor.py:743} INFO - Processing file /home/airflow/.local/lib/python3.7/site-packages/airflow/example_dags/example_branch_datetime_operator.py for tasks to queue
[2023-11-21T08:05:50.089+0000] {logging_mixin.py:137} INFO - [2023-11-21T08:05:50.089+0000] {dagbag.py:532} INFO - Filling up the DagBag from /home/airflow/.local/lib/python3.7/site-packages/airflow/example_dags/example_branch_datetime_operator.py
[2023-11-21T08:05:50.115+0000] {processor.py:753} INFO - DAG(s) dict_keys(['example_branch_datetime_operator', 'example_branch_datetime_operator_3', 'example_branch_datetime_operator_2']) retrieved from /home/airflow/.local/lib/python3.7/site-packages/airflow/example_dags/example_branch_datetime_operator.py
[2023-11-21T08:05:50.140+0000] {logging_mixin.py:137} INFO - [2023-11-21T08:05:50.140+0000] {dag.py:2693} INFO - Sync 3 DAGs
[2023-11-21T08:05:50.175+0000] {logging_mixin.py:137} INFO - [2023-11-21T08:05:50.174+0000] {dag.py:3444} INFO - Setting next_dagrun for example_branch_datetime_operator to 2023-11-20T00:00:00+00:00, run_after=2023-11-21T00:00:00+00:00
[2023-11-21T08:05:50.181+0000] {logging_mixin.py:137} INFO - [2023-11-21T08:05:50.180+0000] {dag.py:3444} INFO - Setting next_dagrun for example_branch_datetime_operator_2 to 2023-11-20T00:00:00+00:00, run_after=2023-11-21T00:00:00+00:00
[2023-11-21T08:05:50.183+0000] {logging_mixin.py:137} INFO - [2023-11-21T08:05:50.183+0000] {dag.py:3444} INFO - Setting next_dagrun for example_branch_datetime_operator_3 to 2023-11-20T00:00:00+00:00, run_after=2023-11-21T00:00:00+00:00
[2023-11-21T08:05:50.209+0000] {processor.py:175} INFO - Processing /home/airflow/.local/lib/python3.7/site-packages/airflow/example_dags/example_branch_datetime_operator.py took 0.129 seconds
[2023-11-21T08:06:20.364+0000] {processor.py:153} INFO - Started process (PID=123) to work on /home/airflow/.local/lib/python3.7/site-packages/airflow/example_dags/example_branch_datetime_operator.py
[2023-11-21T08:06:20.364+0000] {processor.py:743} INFO - Processing file /home/airflow/.local/lib/python3.7/site-packages/airflow/example_dags/example_branch_datetime_operator.py for tasks to queue
[2023-11-21T08:06:20.365+0000] {logging_mixin.py:137} INFO - [2023-11-21T08:06:20.365+0000] {dagbag.py:532} INFO - Filling up the DagBag from /home/airflow/.local/lib/python3.7/site-packages/airflow/example_dags/example_branch_datetime_operator.py
[2023-11-21T08:06:20.377+0000] {processor.py:753} INFO - DAG(s) dict_keys(['example_branch_datetime_operator_3', 'example_branch_datetime_operator', 'example_branch_datetime_operator_2']) retrieved from /home/airflow/.local/lib/python3.7/site-packages/airflow/example_dags/example_branch_datetime_operator.py
[2023-11-21T08:06:20.398+0000] {logging_mixin.py:137} INFO - [2023-11-21T08:06:20.398+0000] {dag.py:2693} INFO - Sync 3 DAGs
[2023-11-21T08:06:20.415+0000] {logging_mixin.py:137} INFO - [2023-11-21T08:06:20.415+0000] {dag.py:3444} INFO - Setting next_dagrun for example_branch_datetime_operator to 2023-11-20T00:00:00+00:00, run_after=2023-11-21T00:00:00+00:00
[2023-11-21T08:06:20.418+0000] {logging_mixin.py:137} INFO - [2023-11-21T08:06:20.418+0000] {dag.py:3444} INFO - Setting next_dagrun for example_branch_datetime_operator_2 to 2023-11-20T00:00:00+00:00, run_after=2023-11-21T00:00:00+00:00
[2023-11-21T08:06:20.420+0000] {logging_mixin.py:137} INFO - [2023-11-21T08:06:20.420+0000] {dag.py:3444} INFO - Setting next_dagrun for example_branch_datetime_operator_3 to 2023-11-20T00:00:00+00:00, run_after=2023-11-21T00:00:00+00:00
[2023-11-21T08:06:20.431+0000] {processor.py:175} INFO - Processing /home/airflow/.local/lib/python3.7/site-packages/airflow/example_dags/example_branch_datetime_operator.py took 0.070 seconds
[2023-11-21T08:06:51.132+0000] {processor.py:153} INFO - Started process (PID=172) to work on /home/airflow/.local/lib/python3.7/site-packages/airflow/example_dags/example_branch_datetime_operator.py
[2023-11-21T08:06:51.133+0000] {processor.py:743} INFO - Processing file /home/airflow/.local/lib/python3.7/site-packages/airflow/example_dags/example_branch_datetime_operator.py for tasks to queue
[2023-11-21T08:06:51.134+0000] {logging_mixin.py:137} INFO - [2023-11-21T08:06:51.134+0000] {dagbag.py:532} INFO - Filling up the DagBag from /home/airflow/.local/lib/python3.7/site-packages/airflow/example_dags/example_branch_datetime_operator.py
[2023-11-21T08:06:51.144+0000] {processor.py:753} INFO - DAG(s) dict_keys(['example_branch_datetime_operator_2', 'example_branch_datetime_operator_3', 'example_branch_datetime_operator']) retrieved from /home/airflow/.local/lib/python3.7/site-packages/airflow/example_dags/example_branch_datetime_operator.py
[2023-11-21T08:06:51.165+0000] {logging_mixin.py:137} INFO - [2023-11-21T08:06:51.165+0000] {dag.py:2693} INFO - Sync 3 DAGs
[2023-11-21T08:06:51.180+0000] {logging_mixin.py:137} INFO - [2023-11-21T08:06:51.180+0000] {dag.py:3444} INFO - Setting next_dagrun for example_branch_datetime_operator to 2023-11-20T00:00:00+00:00, run_after=2023-11-21T00:00:00+00:00
[2023-11-21T08:06:51.183+0000] {logging_mixin.py:137} INFO - [2023-11-21T08:06:51.183+0000] {dag.py:3444} INFO - Setting next_dagrun for example_branch_datetime_operator_2 to 2023-11-20T00:00:00+00:00, run_after=2023-11-21T00:00:00+00:00
[2023-11-21T08:06:51.185+0000] {logging_mixin.py:137} INFO - [2023-11-21T08:06:51.185+0000] {dag.py:3444} INFO - Setting next_dagrun for example_branch_datetime_operator_3 to 2023-11-20T00:00:00+00:00, run_after=2023-11-21T00:00:00+00:00
[2023-11-21T08:06:51.194+0000] {processor.py:175} INFO - Processing /home/airflow/.local/lib/python3.7/site-packages/airflow/example_dags/example_branch_datetime_operator.py took 0.064 seconds
[2023-11-21T08:07:21.898+0000] {processor.py:153} INFO - Started process (PID=221) to work on /home/airflow/.local/lib/python3.7/site-packages/airflow/example_dags/example_branch_datetime_operator.py
[2023-11-21T08:07:21.899+0000] {processor.py:743} INFO - Processing file /home/airflow/.local/lib/python3.7/site-packages/airflow/example_dags/example_branch_datetime_operator.py for tasks to queue
[2023-11-21T08:07:21.899+0000] {logging_mixin.py:137} INFO - [2023-11-21T08:07:21.899+0000] {dagbag.py:532} INFO - Filling up the DagBag from /home/airflow/.local/lib/python3.7/site-packages/airflow/example_dags/example_branch_datetime_operator.py
[2023-11-21T08:07:21.910+0000] {processor.py:753} INFO - DAG(s) dict_keys(['example_branch_datetime_operator_2', 'example_branch_datetime_operator_3', 'example_branch_datetime_operator']) retrieved from /home/airflow/.local/lib/python3.7/site-packages/airflow/example_dags/example_branch_datetime_operator.py
[2023-11-21T08:07:21.929+0000] {logging_mixin.py:137} INFO - [2023-11-21T08:07:21.929+0000] {dag.py:2693} INFO - Sync 3 DAGs
[2023-11-21T08:07:21.945+0000] {logging_mixin.py:137} INFO - [2023-11-21T08:07:21.945+0000] {dag.py:3444} INFO - Setting next_dagrun for example_branch_datetime_operator to 2023-11-20T00:00:00+00:00, run_after=2023-11-21T00:00:00+00:00
[2023-11-21T08:07:21.947+0000] {logging_mixin.py:137} INFO - [2023-11-21T08:07:21.947+0000] {dag.py:3444} INFO - Setting next_dagrun for example_branch_datetime_operator_2 to 2023-11-20T00:00:00+00:00, run_after=2023-11-21T00:00:00+00:00
[2023-11-21T08:07:21.949+0000] {logging_mixin.py:137} INFO - [2023-11-21T08:07:21.949+0000] {dag.py:3444} INFO - Setting next_dagrun for example_branch_datetime_operator_3 to 2023-11-20T00:00:00+00:00, run_after=2023-11-21T00:00:00+00:00
[2023-11-21T08:07:21.958+0000] {processor.py:175} INFO - Processing /home/airflow/.local/lib/python3.7/site-packages/airflow/example_dags/example_branch_datetime_operator.py took 0.062 seconds
[2023-11-21T08:07:52.720+0000] {processor.py:153} INFO - Started process (PID=270) to work on /home/airflow/.local/lib/python3.7/site-packages/airflow/example_dags/example_branch_datetime_operator.py
[2023-11-21T08:07:52.721+0000] {processor.py:743} INFO - Processing file /home/airflow/.local/lib/python3.7/site-packages/airflow/example_dags/example_branch_datetime_operator.py for tasks to queue
[2023-11-21T08:07:52.722+0000] {logging_mixin.py:137} INFO - [2023-11-21T08:07:52.721+0000] {dagbag.py:532} INFO - Filling up the DagBag from /home/airflow/.local/lib/python3.7/site-packages/airflow/example_dags/example_branch_datetime_operator.py
[2023-11-21T08:07:52.733+0000] {processor.py:753} INFO - DAG(s) dict_keys(['example_branch_datetime_operator_3', 'example_branch_datetime_operator_2', 'example_branch_datetime_operator']) retrieved from /home/airflow/.local/lib/python3.7/site-packages/airflow/example_dags/example_branch_datetime_operator.py
[2023-11-21T08:07:52.754+0000] {logging_mixin.py:137} INFO - [2023-11-21T08:07:52.754+0000] {dag.py:2693} INFO - Sync 3 DAGs
[2023-11-21T08:07:52.771+0000] {logging_mixin.py:137} INFO - [2023-11-21T08:07:52.771+0000] {dag.py:3444} INFO - Setting next_dagrun for example_branch_datetime_operator to 2023-11-20T00:00:00+00:00, run_after=2023-11-21T00:00:00+00:00
[2023-11-21T08:07:52.774+0000] {logging_mixin.py:137} INFO - [2023-11-21T08:07:52.774+0000] {dag.py:3444} INFO - Setting next_dagrun for example_branch_datetime_operator_2 to 2023-11-20T00:00:00+00:00, run_after=2023-11-21T00:00:00+00:00
[2023-11-21T08:07:52.776+0000] {logging_mixin.py:137} INFO - [2023-11-21T08:07:52.776+0000] {dag.py:3444} INFO - Setting next_dagrun for example_branch_datetime_operator_3 to 2023-11-20T00:00:00+00:00, run_after=2023-11-21T00:00:00+00:00
[2023-11-21T08:07:52.787+0000] {processor.py:175} INFO - Processing /home/airflow/.local/lib/python3.7/site-packages/airflow/example_dags/example_branch_datetime_operator.py took 0.069 seconds
[2023-11-21T08:08:23.513+0000] {processor.py:153} INFO - Started process (PID=319) to work on /home/airflow/.local/lib/python3.7/site-packages/airflow/example_dags/example_branch_datetime_operator.py
[2023-11-21T08:08:23.514+0000] {processor.py:743} INFO - Processing file /home/airflow/.local/lib/python3.7/site-packages/airflow/example_dags/example_branch_datetime_operator.py for tasks to queue
[2023-11-21T08:08:23.515+0000] {logging_mixin.py:137} INFO - [2023-11-21T08:08:23.515+0000] {dagbag.py:532} INFO - Filling up the DagBag from /home/airflow/.local/lib/python3.7/site-packages/airflow/example_dags/example_branch_datetime_operator.py
[2023-11-21T08:08:23.525+0000] {processor.py:753} INFO - DAG(s) dict_keys(['example_branch_datetime_operator', 'example_branch_datetime_operator_2', 'example_branch_datetime_operator_3']) retrieved from /home/airflow/.local/lib/python3.7/site-packages/airflow/example_dags/example_branch_datetime_operator.py
[2023-11-21T08:08:23.545+0000] {logging_mixin.py:137} INFO - [2023-11-21T08:08:23.545+0000] {dag.py:2693} INFO - Sync 3 DAGs
[2023-11-21T08:08:23.561+0000] {logging_mixin.py:137} INFO - [2023-11-21T08:08:23.561+0000] {dag.py:3444} INFO - Setting next_dagrun for example_branch_datetime_operator to 2023-11-20T00:00:00+00:00, run_after=2023-11-21T00:00:00+00:00
[2023-11-21T08:08:23.564+0000] {logging_mixin.py:137} INFO - [2023-11-21T08:08:23.564+0000] {dag.py:3444} INFO - Setting next_dagrun for example_branch_datetime_operator_2 to 2023-11-20T00:00:00+00:00, run_after=2023-11-21T00:00:00+00:00
[2023-11-21T08:08:23.565+0000] {logging_mixin.py:137} INFO - [2023-11-21T08:08:23.565+0000] {dag.py:3444} INFO - Setting next_dagrun for example_branch_datetime_operator_3 to 2023-11-20T00:00:00+00:00, run_after=2023-11-21T00:00:00+00:00
[2023-11-21T08:08:23.574+0000] {processor.py:175} INFO - Processing /home/airflow/.local/lib/python3.7/site-packages/airflow/example_dags/example_branch_datetime_operator.py took 0.063 seconds
[2023-11-21T08:08:54.299+0000] {processor.py:153} INFO - Started process (PID=368) to work on /home/airflow/.local/lib/python3.7/site-packages/airflow/example_dags/example_branch_datetime_operator.py
[2023-11-21T08:08:54.300+0000] {processor.py:743} INFO - Processing file /home/airflow/.local/lib/python3.7/site-packages/airflow/example_dags/example_branch_datetime_operator.py for tasks to queue
[2023-11-21T08:08:54.301+0000] {logging_mixin.py:137} INFO - [2023-11-21T08:08:54.300+0000] {dagbag.py:532} INFO - Filling up the DagBag from /home/airflow/.local/lib/python3.7/site-packages/airflow/example_dags/example_branch_datetime_operator.py
[2023-11-21T08:08:54.311+0000] {processor.py:753} INFO - DAG(s) dict_keys(['example_branch_datetime_operator_3', 'example_branch_datetime_operator', 'example_branch_datetime_operator_2']) retrieved from /home/airflow/.local/lib/python3.7/site-packages/airflow/example_dags/example_branch_datetime_operator.py
[2023-11-21T08:08:54.331+0000] {logging_mixin.py:137} INFO - [2023-11-21T08:08:54.331+0000] {dag.py:2693} INFO - Sync 3 DAGs
[2023-11-21T08:08:54.347+0000] {logging_mixin.py:137} INFO - [2023-11-21T08:08:54.347+0000] {dag.py:3444} INFO - Setting next_dagrun for example_branch_datetime_operator to 2023-11-20T00:00:00+00:00, run_after=2023-11-21T00:00:00+00:00
[2023-11-21T08:08:54.350+0000] {logging_mixin.py:137} INFO - [2023-11-21T08:08:54.350+0000] {dag.py:3444} INFO - Setting next_dagrun for example_branch_datetime_operator_2 to 2023-11-20T00:00:00+00:00, run_after=2023-11-21T00:00:00+00:00
[2023-11-21T08:08:54.351+0000] {logging_mixin.py:137} INFO - [2023-11-21T08:08:54.351+0000] {dag.py:3444} INFO - Setting next_dagrun for example_branch_datetime_operator_3 to 2023-11-20T00:00:00+00:00, run_after=2023-11-21T00:00:00+00:00
[2023-11-21T08:08:54.360+0000] {processor.py:175} INFO - Processing /home/airflow/.local/lib/python3.7/site-packages/airflow/example_dags/example_branch_datetime_operator.py took 0.063 seconds
[2023-11-21T08:09:25.041+0000] {processor.py:153} INFO - Started process (PID=417) to work on /home/airflow/.local/lib/python3.7/site-packages/airflow/example_dags/example_branch_datetime_operator.py
[2023-11-21T08:09:25.042+0000] {processor.py:743} INFO - Processing file /home/airflow/.local/lib/python3.7/site-packages/airflow/example_dags/example_branch_datetime_operator.py for tasks to queue
[2023-11-21T08:09:25.042+0000] {logging_mixin.py:137} INFO - [2023-11-21T08:09:25.042+0000] {dagbag.py:532} INFO - Filling up the DagBag from /home/airflow/.local/lib/python3.7/site-packages/airflow/example_dags/example_branch_datetime_operator.py
[2023-11-21T08:09:25.053+0000] {processor.py:753} INFO - DAG(s) dict_keys(['example_branch_datetime_operator_2', 'example_branch_datetime_operator_3', 'example_branch_datetime_operator']) retrieved from /home/airflow/.local/lib/python3.7/site-packages/airflow/example_dags/example_branch_datetime_operator.py
[2023-11-21T08:09:25.072+0000] {logging_mixin.py:137} INFO - [2023-11-21T08:09:25.072+0000] {dag.py:2693} INFO - Sync 3 DAGs
[2023-11-21T08:09:25.088+0000] {logging_mixin.py:137} INFO - [2023-11-21T08:09:25.088+0000] {dag.py:3444} INFO - Setting next_dagrun for example_branch_datetime_operator to 2023-11-20T00:00:00+00:00, run_after=2023-11-21T00:00:00+00:00
[2023-11-21T08:09:25.091+0000] {logging_mixin.py:137} INFO - [2023-11-21T08:09:25.091+0000] {dag.py:3444} INFO - Setting next_dagrun for example_branch_datetime_operator_2 to 2023-11-20T00:00:00+00:00, run_after=2023-11-21T00:00:00+00:00
[2023-11-21T08:09:25.092+0000] {logging_mixin.py:137} INFO - [2023-11-21T08:09:25.092+0000] {dag.py:3444} INFO - Setting next_dagrun for example_branch_datetime_operator_3 to 2023-11-20T00:00:00+00:00, run_after=2023-11-21T00:00:00+00:00
[2023-11-21T08:09:25.102+0000] {processor.py:175} INFO - Processing /home/airflow/.local/lib/python3.7/site-packages/airflow/example_dags/example_branch_datetime_operator.py took 0.063 seconds
[2023-11-21T08:09:55.836+0000] {processor.py:153} INFO - Started process (PID=466) to work on /home/airflow/.local/lib/python3.7/site-packages/airflow/example_dags/example_branch_datetime_operator.py
[2023-11-21T08:09:55.836+0000] {processor.py:743} INFO - Processing file /home/airflow/.local/lib/python3.7/site-packages/airflow/example_dags/example_branch_datetime_operator.py for tasks to queue
[2023-11-21T08:09:55.837+0000] {logging_mixin.py:137} INFO - [2023-11-21T08:09:55.837+0000] {dagbag.py:532} INFO - Filling up the DagBag from /home/airflow/.local/lib/python3.7/site-packages/airflow/example_dags/example_branch_datetime_operator.py
[2023-11-21T08:09:55.848+0000] {processor.py:753} INFO - DAG(s) dict_keys(['example_branch_datetime_operator', 'example_branch_datetime_operator_3', 'example_branch_datetime_operator_2']) retrieved from /home/airflow/.local/lib/python3.7/site-packages/airflow/example_dags/example_branch_datetime_operator.py
[2023-11-21T08:09:55.868+0000] {logging_mixin.py:137} INFO - [2023-11-21T08:09:55.868+0000] {dag.py:2693} INFO - Sync 3 DAGs
[2023-11-21T08:09:55.884+0000] {logging_mixin.py:137} INFO - [2023-11-21T08:09:55.884+0000] {dag.py:3444} INFO - Setting next_dagrun for example_branch_datetime_operator to 2023-11-20T00:00:00+00:00, run_after=2023-11-21T00:00:00+00:00
[2023-11-21T08:09:55.887+0000] {logging_mixin.py:137} INFO - [2023-11-21T08:09:55.887+0000] {dag.py:3444} INFO - Setting next_dagrun for example_branch_datetime_operator_2 to 2023-11-20T00:00:00+00:00, run_after=2023-11-21T00:00:00+00:00
[2023-11-21T08:09:55.888+0000] {logging_mixin.py:137} INFO - [2023-11-21T08:09:55.888+0000] {dag.py:3444} INFO - Setting next_dagrun for example_branch_datetime_operator_3 to 2023-11-20T00:00:00+00:00, run_after=2023-11-21T00:00:00+00:00
[2023-11-21T08:09:55.897+0000] {processor.py:175} INFO - Processing /home/airflow/.local/lib/python3.7/site-packages/airflow/example_dags/example_branch_datetime_operator.py took 0.063 seconds
[2023-11-21T08:10:26.870+0000] {processor.py:153} INFO - Started process (PID=515) to work on /home/airflow/.local/lib/python3.7/site-packages/airflow/example_dags/example_branch_datetime_operator.py
[2023-11-21T08:10:26.870+0000] {processor.py:743} INFO - Processing file /home/airflow/.local/lib/python3.7/site-packages/airflow/example_dags/example_branch_datetime_operator.py for tasks to queue
[2023-11-21T08:10:26.871+0000] {logging_mixin.py:137} INFO - [2023-11-21T08:10:26.871+0000] {dagbag.py:532} INFO - Filling up the DagBag from /home/airflow/.local/lib/python3.7/site-packages/airflow/example_dags/example_branch_datetime_operator.py
[2023-11-21T08:10:26.882+0000] {processor.py:753} INFO - DAG(s) dict_keys(['example_branch_datetime_operator_2', 'example_branch_datetime_operator_3', 'example_branch_datetime_operator']) retrieved from /home/airflow/.local/lib/python3.7/site-packages/airflow/example_dags/example_branch_datetime_operator.py
[2023-11-21T08:10:26.903+0000] {logging_mixin.py:137} INFO - [2023-11-21T08:10:26.903+0000] {dag.py:2693} INFO - Sync 3 DAGs
[2023-11-21T08:10:26.919+0000] {logging_mixin.py:137} INFO - [2023-11-21T08:10:26.919+0000] {dag.py:3444} INFO - Setting next_dagrun for example_branch_datetime_operator to 2023-11-20T00:00:00+00:00, run_after=2023-11-21T00:00:00+00:00
[2023-11-21T08:10:26.922+0000] {logging_mixin.py:137} INFO - [2023-11-21T08:10:26.922+0000] {dag.py:3444} INFO - Setting next_dagrun for example_branch_datetime_operator_2 to 2023-11-20T00:00:00+00:00, run_after=2023-11-21T00:00:00+00:00
[2023-11-21T08:10:26.923+0000] {logging_mixin.py:137} INFO - [2023-11-21T08:10:26.923+0000] {dag.py:3444} INFO - Setting next_dagrun for example_branch_datetime_operator_3 to 2023-11-20T00:00:00+00:00, run_after=2023-11-21T00:00:00+00:00
[2023-11-21T08:10:26.933+0000] {processor.py:175} INFO - Processing /home/airflow/.local/lib/python3.7/site-packages/airflow/example_dags/example_branch_datetime_operator.py took 0.066 seconds
[2023-11-21T08:10:57.022+0000] {processor.py:153} INFO - Started process (PID=564) to work on /home/airflow/.local/lib/python3.7/site-packages/airflow/example_dags/example_branch_datetime_operator.py
[2023-11-21T08:10:57.023+0000] {processor.py:743} INFO - Processing file /home/airflow/.local/lib/python3.7/site-packages/airflow/example_dags/example_branch_datetime_operator.py for tasks to queue
[2023-11-21T08:10:57.023+0000] {logging_mixin.py:137} INFO - [2023-11-21T08:10:57.023+0000] {dagbag.py:532} INFO - Filling up the DagBag from /home/airflow/.local/lib/python3.7/site-packages/airflow/example_dags/example_branch_datetime_operator.py
[2023-11-21T08:10:57.034+0000] {processor.py:753} INFO - DAG(s) dict_keys(['example_branch_datetime_operator', 'example_branch_datetime_operator_2', 'example_branch_datetime_operator_3']) retrieved from /home/airflow/.local/lib/python3.7/site-packages/airflow/example_dags/example_branch_datetime_operator.py
[2023-11-21T08:10:57.054+0000] {logging_mixin.py:137} INFO - [2023-11-21T08:10:57.053+0000] {dag.py:2693} INFO - Sync 3 DAGs
[2023-11-21T08:10:57.069+0000] {logging_mixin.py:137} INFO - [2023-11-21T08:10:57.069+0000] {dag.py:3444} INFO - Setting next_dagrun for example_branch_datetime_operator to 2023-11-20T00:00:00+00:00, run_after=2023-11-21T00:00:00+00:00
[2023-11-21T08:10:57.071+0000] {logging_mixin.py:137} INFO - [2023-11-21T08:10:57.071+0000] {dag.py:3444} INFO - Setting next_dagrun for example_branch_datetime_operator_2 to 2023-11-20T00:00:00+00:00, run_after=2023-11-21T00:00:00+00:00
[2023-11-21T08:10:57.073+0000] {logging_mixin.py:137} INFO - [2023-11-21T08:10:57.073+0000] {dag.py:3444} INFO - Setting next_dagrun for example_branch_datetime_operator_3 to 2023-11-20T00:00:00+00:00, run_after=2023-11-21T00:00:00+00:00
[2023-11-21T08:10:57.082+0000] {processor.py:175} INFO - Processing /home/airflow/.local/lib/python3.7/site-packages/airflow/example_dags/example_branch_datetime_operator.py took 0.062 seconds
[2023-11-21T08:11:27.185+0000] {processor.py:153} INFO - Started process (PID=613) to work on /home/airflow/.local/lib/python3.7/site-packages/airflow/example_dags/example_branch_datetime_operator.py
[2023-11-21T08:11:27.186+0000] {processor.py:743} INFO - Processing file /home/airflow/.local/lib/python3.7/site-packages/airflow/example_dags/example_branch_datetime_operator.py for tasks to queue
[2023-11-21T08:11:27.186+0000] {logging_mixin.py:137} INFO - [2023-11-21T08:11:27.186+0000] {dagbag.py:532} INFO - Filling up the DagBag from /home/airflow/.local/lib/python3.7/site-packages/airflow/example_dags/example_branch_datetime_operator.py
[2023-11-21T08:11:27.198+0000] {processor.py:753} INFO - DAG(s) dict_keys(['example_branch_datetime_operator_3', 'example_branch_datetime_operator_2', 'example_branch_datetime_operator']) retrieved from /home/airflow/.local/lib/python3.7/site-packages/airflow/example_dags/example_branch_datetime_operator.py
[2023-11-21T08:11:27.218+0000] {logging_mixin.py:137} INFO - [2023-11-21T08:11:27.218+0000] {dag.py:2693} INFO - Sync 3 DAGs
[2023-11-21T08:11:27.235+0000] {logging_mixin.py:137} INFO - [2023-11-21T08:11:27.235+0000] {dag.py:3444} INFO - Setting next_dagrun for example_branch_datetime_operator to 2023-11-20T00:00:00+00:00, run_after=2023-11-21T00:00:00+00:00
[2023-11-21T08:11:27.238+0000] {logging_mixin.py:137} INFO - [2023-11-21T08:11:27.238+0000] {dag.py:3444} INFO - Setting next_dagrun for example_branch_datetime_operator_2 to 2023-11-20T00:00:00+00:00, run_after=2023-11-21T00:00:00+00:00
[2023-11-21T08:11:27.239+0000] {logging_mixin.py:137} INFO - [2023-11-21T08:11:27.239+0000] {dag.py:3444} INFO - Setting next_dagrun for example_branch_datetime_operator_3 to 2023-11-20T00:00:00+00:00, run_after=2023-11-21T00:00:00+00:00
[2023-11-21T08:11:27.249+0000] {processor.py:175} INFO - Processing /home/airflow/.local/lib/python3.7/site-packages/airflow/example_dags/example_branch_datetime_operator.py took 0.066 seconds
[2023-11-21T08:11:57.457+0000] {processor.py:153} INFO - Started process (PID=662) to work on /home/airflow/.local/lib/python3.7/site-packages/airflow/example_dags/example_branch_datetime_operator.py
[2023-11-21T08:11:57.458+0000] {processor.py:743} INFO - Processing file /home/airflow/.local/lib/python3.7/site-packages/airflow/example_dags/example_branch_datetime_operator.py for tasks to queue
[2023-11-21T08:11:57.459+0000] {logging_mixin.py:137} INFO - [2023-11-21T08:11:57.459+0000] {dagbag.py:532} INFO - Filling up the DagBag from /home/airflow/.local/lib/python3.7/site-packages/airflow/example_dags/example_branch_datetime_operator.py
[2023-11-21T08:11:57.471+0000] {processor.py:753} INFO - DAG(s) dict_keys(['example_branch_datetime_operator_3', 'example_branch_datetime_operator', 'example_branch_datetime_operator_2']) retrieved from /home/airflow/.local/lib/python3.7/site-packages/airflow/example_dags/example_branch_datetime_operator.py
[2023-11-21T08:11:57.493+0000] {logging_mixin.py:137} INFO - [2023-11-21T08:11:57.493+0000] {dag.py:2693} INFO - Sync 3 DAGs
[2023-11-21T08:11:57.510+0000] {logging_mixin.py:137} INFO - [2023-11-21T08:11:57.510+0000] {dag.py:3444} INFO - Setting next_dagrun for example_branch_datetime_operator to 2023-11-20T00:00:00+00:00, run_after=2023-11-21T00:00:00+00:00
[2023-11-21T08:11:57.513+0000] {logging_mixin.py:137} INFO - [2023-11-21T08:11:57.513+0000] {dag.py:3444} INFO - Setting next_dagrun for example_branch_datetime_operator_2 to 2023-11-20T00:00:00+00:00, run_after=2023-11-21T00:00:00+00:00
[2023-11-21T08:11:57.515+0000] {logging_mixin.py:137} INFO - [2023-11-21T08:11:57.515+0000] {dag.py:3444} INFO - Setting next_dagrun for example_branch_datetime_operator_3 to 2023-11-20T00:00:00+00:00, run_after=2023-11-21T00:00:00+00:00
[2023-11-21T08:11:57.528+0000] {processor.py:175} INFO - Processing /home/airflow/.local/lib/python3.7/site-packages/airflow/example_dags/example_branch_datetime_operator.py took 0.073 seconds
[2023-11-21T08:12:28.372+0000] {processor.py:153} INFO - Started process (PID=711) to work on /home/airflow/.local/lib/python3.7/site-packages/airflow/example_dags/example_branch_datetime_operator.py
[2023-11-21T08:12:28.372+0000] {processor.py:743} INFO - Processing file /home/airflow/.local/lib/python3.7/site-packages/airflow/example_dags/example_branch_datetime_operator.py for tasks to queue
[2023-11-21T08:12:28.373+0000] {logging_mixin.py:137} INFO - [2023-11-21T08:12:28.373+0000] {dagbag.py:532} INFO - Filling up the DagBag from /home/airflow/.local/lib/python3.7/site-packages/airflow/example_dags/example_branch_datetime_operator.py
[2023-11-21T08:12:28.384+0000] {processor.py:753} INFO - DAG(s) dict_keys(['example_branch_datetime_operator', 'example_branch_datetime_operator_2', 'example_branch_datetime_operator_3']) retrieved from /home/airflow/.local/lib/python3.7/site-packages/airflow/example_dags/example_branch_datetime_operator.py
[2023-11-21T08:12:28.404+0000] {logging_mixin.py:137} INFO - [2023-11-21T08:12:28.404+0000] {dag.py:2693} INFO - Sync 3 DAGs
[2023-11-21T08:12:28.420+0000] {logging_mixin.py:137} INFO - [2023-11-21T08:12:28.420+0000] {dag.py:3444} INFO - Setting next_dagrun for example_branch_datetime_operator to 2023-11-20T00:00:00+00:00, run_after=2023-11-21T00:00:00+00:00
[2023-11-21T08:12:28.423+0000] {logging_mixin.py:137} INFO - [2023-11-21T08:12:28.423+0000] {dag.py:3444} INFO - Setting next_dagrun for example_branch_datetime_operator_2 to 2023-11-20T00:00:00+00:00, run_after=2023-11-21T00:00:00+00:00
[2023-11-21T08:12:28.425+0000] {logging_mixin.py:137} INFO - [2023-11-21T08:12:28.425+0000] {dag.py:3444} INFO - Setting next_dagrun for example_branch_datetime_operator_3 to 2023-11-20T00:00:00+00:00, run_after=2023-11-21T00:00:00+00:00
[2023-11-21T08:12:28.434+0000] {processor.py:175} INFO - Processing /home/airflow/.local/lib/python3.7/site-packages/airflow/example_dags/example_branch_datetime_operator.py took 0.065 seconds
[2023-11-21T08:19:23.091+0000] {processor.py:153} INFO - Started process (PID=74) to work on /home/airflow/.local/lib/python3.7/site-packages/airflow/example_dags/example_branch_datetime_operator.py
[2023-11-21T08:19:23.093+0000] {processor.py:743} INFO - Processing file /home/airflow/.local/lib/python3.7/site-packages/airflow/example_dags/example_branch_datetime_operator.py for tasks to queue
[2023-11-21T08:19:23.094+0000] {logging_mixin.py:137} INFO - [2023-11-21T08:19:23.094+0000] {dagbag.py:532} INFO - Filling up the DagBag from /home/airflow/.local/lib/python3.7/site-packages/airflow/example_dags/example_branch_datetime_operator.py
[2023-11-21T08:19:23.111+0000] {processor.py:753} INFO - DAG(s) dict_keys(['example_branch_datetime_operator', 'example_branch_datetime_operator_3', 'example_branch_datetime_operator_2']) retrieved from /home/airflow/.local/lib/python3.7/site-packages/airflow/example_dags/example_branch_datetime_operator.py
[2023-11-21T08:19:23.204+0000] {logging_mixin.py:137} INFO - [2023-11-21T08:19:23.204+0000] {manager.py:504} INFO - Created Permission View: can edit on DAG:example_branch_datetime_operator
[2023-11-21T08:19:23.212+0000] {logging_mixin.py:137} INFO - [2023-11-21T08:19:23.212+0000] {manager.py:504} INFO - Created Permission View: can read on DAG:example_branch_datetime_operator
[2023-11-21T08:19:23.220+0000] {logging_mixin.py:137} INFO - [2023-11-21T08:19:23.220+0000] {manager.py:504} INFO - Created Permission View: can delete on DAG:example_branch_datetime_operator
[2023-11-21T08:19:23.238+0000] {logging_mixin.py:137} INFO - [2023-11-21T08:19:23.238+0000] {manager.py:504} INFO - Created Permission View: can edit on DAG:example_branch_datetime_operator_3
[2023-11-21T08:19:23.246+0000] {logging_mixin.py:137} INFO - [2023-11-21T08:19:23.246+0000] {manager.py:504} INFO - Created Permission View: can read on DAG:example_branch_datetime_operator_3
[2023-11-21T08:19:23.255+0000] {logging_mixin.py:137} INFO - [2023-11-21T08:19:23.255+0000] {manager.py:504} INFO - Created Permission View: can delete on DAG:example_branch_datetime_operator_3
[2023-11-21T08:19:23.277+0000] {logging_mixin.py:137} INFO - [2023-11-21T08:19:23.276+0000] {manager.py:504} INFO - Created Permission View: can edit on DAG:example_branch_datetime_operator_2
[2023-11-21T08:19:23.284+0000] {logging_mixin.py:137} INFO - [2023-11-21T08:19:23.283+0000] {manager.py:504} INFO - Created Permission View: can read on DAG:example_branch_datetime_operator_2
[2023-11-21T08:19:23.295+0000] {logging_mixin.py:137} INFO - [2023-11-21T08:19:23.295+0000] {manager.py:504} INFO - Created Permission View: can delete on DAG:example_branch_datetime_operator_2
[2023-11-21T08:19:23.296+0000] {logging_mixin.py:137} INFO - [2023-11-21T08:19:23.296+0000] {dag.py:2693} INFO - Sync 3 DAGs
[2023-11-21T08:19:23.307+0000] {logging_mixin.py:137} INFO - [2023-11-21T08:19:23.307+0000] {dag.py:2714} INFO - Creating ORM DAG for example_branch_datetime_operator
[2023-11-21T08:19:23.308+0000] {logging_mixin.py:137} INFO - [2023-11-21T08:19:23.308+0000] {dag.py:2714} INFO - Creating ORM DAG for example_branch_datetime_operator_3
[2023-11-21T08:19:23.309+0000] {logging_mixin.py:137} INFO - [2023-11-21T08:19:23.309+0000] {dag.py:2714} INFO - Creating ORM DAG for example_branch_datetime_operator_2
[2023-11-21T08:19:23.321+0000] {logging_mixin.py:137} INFO - [2023-11-21T08:19:23.321+0000] {dag.py:3444} INFO - Setting next_dagrun for example_branch_datetime_operator to 2023-11-20T00:00:00+00:00, run_after=2023-11-21T00:00:00+00:00
[2023-11-21T08:19:23.324+0000] {logging_mixin.py:137} INFO - [2023-11-21T08:19:23.323+0000] {dag.py:3444} INFO - Setting next_dagrun for example_branch_datetime_operator_2 to 2023-11-20T00:00:00+00:00, run_after=2023-11-21T00:00:00+00:00
[2023-11-21T08:19:23.325+0000] {logging_mixin.py:137} INFO - [2023-11-21T08:19:23.325+0000] {dag.py:3444} INFO - Setting next_dagrun for example_branch_datetime_operator_3 to 2023-11-20T00:00:00+00:00, run_after=2023-11-21T00:00:00+00:00
[2023-11-21T08:19:23.346+0000] {processor.py:175} INFO - Processing /home/airflow/.local/lib/python3.7/site-packages/airflow/example_dags/example_branch_datetime_operator.py took 0.258 seconds
[2023-11-21T08:19:53.568+0000] {processor.py:153} INFO - Started process (PID=123) to work on /home/airflow/.local/lib/python3.7/site-packages/airflow/example_dags/example_branch_datetime_operator.py
[2023-11-21T08:19:53.569+0000] {processor.py:743} INFO - Processing file /home/airflow/.local/lib/python3.7/site-packages/airflow/example_dags/example_branch_datetime_operator.py for tasks to queue
[2023-11-21T08:19:53.570+0000] {logging_mixin.py:137} INFO - [2023-11-21T08:19:53.570+0000] {dagbag.py:532} INFO - Filling up the DagBag from /home/airflow/.local/lib/python3.7/site-packages/airflow/example_dags/example_branch_datetime_operator.py
[2023-11-21T08:19:53.589+0000] {processor.py:753} INFO - DAG(s) dict_keys(['example_branch_datetime_operator', 'example_branch_datetime_operator_2', 'example_branch_datetime_operator_3']) retrieved from /home/airflow/.local/lib/python3.7/site-packages/airflow/example_dags/example_branch_datetime_operator.py
[2023-11-21T08:19:53.631+0000] {logging_mixin.py:137} INFO - [2023-11-21T08:19:53.631+0000] {dag.py:2693} INFO - Sync 3 DAGs
[2023-11-21T08:19:53.667+0000] {logging_mixin.py:137} INFO - [2023-11-21T08:19:53.667+0000] {dag.py:3444} INFO - Setting next_dagrun for example_branch_datetime_operator to 2023-11-20T00:00:00+00:00, run_after=2023-11-21T00:00:00+00:00
[2023-11-21T08:19:53.675+0000] {logging_mixin.py:137} INFO - [2023-11-21T08:19:53.675+0000] {dag.py:3444} INFO - Setting next_dagrun for example_branch_datetime_operator_2 to 2023-11-20T00:00:00+00:00, run_after=2023-11-21T00:00:00+00:00
[2023-11-21T08:19:53.678+0000] {logging_mixin.py:137} INFO - [2023-11-21T08:19:53.677+0000] {dag.py:3444} INFO - Setting next_dagrun for example_branch_datetime_operator_3 to 2023-11-20T00:00:00+00:00, run_after=2023-11-21T00:00:00+00:00
[2023-11-21T08:19:53.712+0000] {processor.py:175} INFO - Processing /home/airflow/.local/lib/python3.7/site-packages/airflow/example_dags/example_branch_datetime_operator.py took 0.148 seconds
[2023-11-21T08:20:24.350+0000] {processor.py:153} INFO - Started process (PID=172) to work on /home/airflow/.local/lib/python3.7/site-packages/airflow/example_dags/example_branch_datetime_operator.py
[2023-11-21T08:20:24.351+0000] {processor.py:743} INFO - Processing file /home/airflow/.local/lib/python3.7/site-packages/airflow/example_dags/example_branch_datetime_operator.py for tasks to queue
[2023-11-21T08:20:24.351+0000] {logging_mixin.py:137} INFO - [2023-11-21T08:20:24.351+0000] {dagbag.py:532} INFO - Filling up the DagBag from /home/airflow/.local/lib/python3.7/site-packages/airflow/example_dags/example_branch_datetime_operator.py
[2023-11-21T08:20:24.364+0000] {processor.py:753} INFO - DAG(s) dict_keys(['example_branch_datetime_operator_2', 'example_branch_datetime_operator', 'example_branch_datetime_operator_3']) retrieved from /home/airflow/.local/lib/python3.7/site-packages/airflow/example_dags/example_branch_datetime_operator.py
[2023-11-21T08:20:24.398+0000] {logging_mixin.py:137} INFO - [2023-11-21T08:20:24.398+0000] {dag.py:2693} INFO - Sync 3 DAGs
[2023-11-21T08:20:24.449+0000] {logging_mixin.py:137} INFO - [2023-11-21T08:20:24.449+0000] {dag.py:3444} INFO - Setting next_dagrun for example_branch_datetime_operator to 2023-11-20T00:00:00+00:00, run_after=2023-11-21T00:00:00+00:00
[2023-11-21T08:20:24.454+0000] {logging_mixin.py:137} INFO - [2023-11-21T08:20:24.454+0000] {dag.py:3444} INFO - Setting next_dagrun for example_branch_datetime_operator_2 to 2023-11-20T00:00:00+00:00, run_after=2023-11-21T00:00:00+00:00
[2023-11-21T08:20:24.456+0000] {logging_mixin.py:137} INFO - [2023-11-21T08:20:24.456+0000] {dag.py:3444} INFO - Setting next_dagrun for example_branch_datetime_operator_3 to 2023-11-20T00:00:00+00:00, run_after=2023-11-21T00:00:00+00:00
[2023-11-21T08:20:24.517+0000] {processor.py:175} INFO - Processing /home/airflow/.local/lib/python3.7/site-packages/airflow/example_dags/example_branch_datetime_operator.py took 0.170 seconds
[2023-11-21T08:20:55.473+0000] {processor.py:153} INFO - Started process (PID=222) to work on /home/airflow/.local/lib/python3.7/site-packages/airflow/example_dags/example_branch_datetime_operator.py
[2023-11-21T08:20:55.476+0000] {processor.py:743} INFO - Processing file /home/airflow/.local/lib/python3.7/site-packages/airflow/example_dags/example_branch_datetime_operator.py for tasks to queue
[2023-11-21T08:20:55.479+0000] {logging_mixin.py:137} INFO - [2023-11-21T08:20:55.478+0000] {dagbag.py:532} INFO - Filling up the DagBag from /home/airflow/.local/lib/python3.7/site-packages/airflow/example_dags/example_branch_datetime_operator.py
[2023-11-21T08:20:55.495+0000] {processor.py:753} INFO - DAG(s) dict_keys(['example_branch_datetime_operator', 'example_branch_datetime_operator_2', 'example_branch_datetime_operator_3']) retrieved from /home/airflow/.local/lib/python3.7/site-packages/airflow/example_dags/example_branch_datetime_operator.py
[2023-11-21T08:20:55.550+0000] {logging_mixin.py:137} INFO - [2023-11-21T08:20:55.549+0000] {dag.py:2693} INFO - Sync 3 DAGs
[2023-11-21T08:20:55.574+0000] {logging_mixin.py:137} INFO - [2023-11-21T08:20:55.574+0000] {dag.py:3444} INFO - Setting next_dagrun for example_branch_datetime_operator to 2023-11-20T00:00:00+00:00, run_after=2023-11-21T00:00:00+00:00
[2023-11-21T08:20:55.579+0000] {logging_mixin.py:137} INFO - [2023-11-21T08:20:55.579+0000] {dag.py:3444} INFO - Setting next_dagrun for example_branch_datetime_operator_2 to 2023-11-20T00:00:00+00:00, run_after=2023-11-21T00:00:00+00:00
[2023-11-21T08:20:55.582+0000] {logging_mixin.py:137} INFO - [2023-11-21T08:20:55.582+0000] {dag.py:3444} INFO - Setting next_dagrun for example_branch_datetime_operator_3 to 2023-11-20T00:00:00+00:00, run_after=2023-11-21T00:00:00+00:00
[2023-11-21T08:20:55.728+0000] {processor.py:175} INFO - Processing /home/airflow/.local/lib/python3.7/site-packages/airflow/example_dags/example_branch_datetime_operator.py took 0.265 seconds
