[2023-11-21T08:05:49.615+0000] {processor.py:153} INFO - Started process (PID=69) to work on /home/airflow/.local/lib/python3.7/site-packages/airflow/example_dags/example_task_group_decorator.py
[2023-11-21T08:05:49.618+0000] {processor.py:743} INFO - Processing file /home/airflow/.local/lib/python3.7/site-packages/airflow/example_dags/example_task_group_decorator.py for tasks to queue
[2023-11-21T08:05:49.620+0000] {logging_mixin.py:137} INFO - [2023-11-21T08:05:49.619+0000] {dagbag.py:532} INFO - Filling up the DagBag from /home/airflow/.local/lib/python3.7/site-packages/airflow/example_dags/example_task_group_decorator.py
[2023-11-21T08:05:49.659+0000] {processor.py:753} INFO - DAG(s) dict_keys(['example_task_group_decorator']) retrieved from /home/airflow/.local/lib/python3.7/site-packages/airflow/example_dags/example_task_group_decorator.py
[2023-11-21T08:05:49.681+0000] {logging_mixin.py:137} INFO - [2023-11-21T08:05:49.681+0000] {dag.py:2693} INFO - Sync 1 DAGs
[2023-11-21T08:05:49.715+0000] {logging_mixin.py:137} INFO - [2023-11-21T08:05:49.715+0000] {dag.py:3444} INFO - Setting next_dagrun for example_task_group_decorator to 2023-11-20T08:05:49.714656+00:00, run_after=2023-11-21T08:05:49.714656+00:00
[2023-11-21T08:05:49.754+0000] {processor.py:175} INFO - Processing /home/airflow/.local/lib/python3.7/site-packages/airflow/example_dags/example_task_group_decorator.py took 0.144 seconds
[2023-11-21T08:06:20.021+0000] {processor.py:153} INFO - Started process (PID=118) to work on /home/airflow/.local/lib/python3.7/site-packages/airflow/example_dags/example_task_group_decorator.py
[2023-11-21T08:06:20.021+0000] {processor.py:743} INFO - Processing file /home/airflow/.local/lib/python3.7/site-packages/airflow/example_dags/example_task_group_decorator.py for tasks to queue
[2023-11-21T08:06:20.022+0000] {logging_mixin.py:137} INFO - [2023-11-21T08:06:20.022+0000] {dagbag.py:532} INFO - Filling up the DagBag from /home/airflow/.local/lib/python3.7/site-packages/airflow/example_dags/example_task_group_decorator.py
[2023-11-21T08:06:20.038+0000] {processor.py:753} INFO - DAG(s) dict_keys(['example_task_group_decorator']) retrieved from /home/airflow/.local/lib/python3.7/site-packages/airflow/example_dags/example_task_group_decorator.py
[2023-11-21T08:06:20.056+0000] {logging_mixin.py:137} INFO - [2023-11-21T08:06:20.056+0000] {dag.py:2693} INFO - Sync 1 DAGs
[2023-11-21T08:06:20.070+0000] {logging_mixin.py:137} INFO - [2023-11-21T08:06:20.070+0000] {dag.py:3444} INFO - Setting next_dagrun for example_task_group_decorator to 2023-11-20T08:06:20.070326+00:00, run_after=2023-11-21T08:06:20.070326+00:00
[2023-11-21T08:06:20.080+0000] {processor.py:175} INFO - Processing /home/airflow/.local/lib/python3.7/site-packages/airflow/example_dags/example_task_group_decorator.py took 0.062 seconds
[2023-11-21T08:06:50.939+0000] {processor.py:153} INFO - Started process (PID=167) to work on /home/airflow/.local/lib/python3.7/site-packages/airflow/example_dags/example_task_group_decorator.py
[2023-11-21T08:06:50.939+0000] {processor.py:743} INFO - Processing file /home/airflow/.local/lib/python3.7/site-packages/airflow/example_dags/example_task_group_decorator.py for tasks to queue
[2023-11-21T08:06:50.940+0000] {logging_mixin.py:137} INFO - [2023-11-21T08:06:50.940+0000] {dagbag.py:532} INFO - Filling up the DagBag from /home/airflow/.local/lib/python3.7/site-packages/airflow/example_dags/example_task_group_decorator.py
[2023-11-21T08:06:50.957+0000] {processor.py:753} INFO - DAG(s) dict_keys(['example_task_group_decorator']) retrieved from /home/airflow/.local/lib/python3.7/site-packages/airflow/example_dags/example_task_group_decorator.py
[2023-11-21T08:06:50.975+0000] {logging_mixin.py:137} INFO - [2023-11-21T08:06:50.975+0000] {dag.py:2693} INFO - Sync 1 DAGs
[2023-11-21T08:06:50.990+0000] {logging_mixin.py:137} INFO - [2023-11-21T08:06:50.990+0000] {dag.py:3444} INFO - Setting next_dagrun for example_task_group_decorator to 2023-11-20T08:06:50.990583+00:00, run_after=2023-11-21T08:06:50.990583+00:00
[2023-11-21T08:06:51.001+0000] {processor.py:175} INFO - Processing /home/airflow/.local/lib/python3.7/site-packages/airflow/example_dags/example_task_group_decorator.py took 0.065 seconds
[2023-11-21T08:07:21.709+0000] {processor.py:153} INFO - Started process (PID=216) to work on /home/airflow/.local/lib/python3.7/site-packages/airflow/example_dags/example_task_group_decorator.py
[2023-11-21T08:07:21.710+0000] {processor.py:743} INFO - Processing file /home/airflow/.local/lib/python3.7/site-packages/airflow/example_dags/example_task_group_decorator.py for tasks to queue
[2023-11-21T08:07:21.710+0000] {logging_mixin.py:137} INFO - [2023-11-21T08:07:21.710+0000] {dagbag.py:532} INFO - Filling up the DagBag from /home/airflow/.local/lib/python3.7/site-packages/airflow/example_dags/example_task_group_decorator.py
[2023-11-21T08:07:21.727+0000] {processor.py:753} INFO - DAG(s) dict_keys(['example_task_group_decorator']) retrieved from /home/airflow/.local/lib/python3.7/site-packages/airflow/example_dags/example_task_group_decorator.py
[2023-11-21T08:07:21.745+0000] {logging_mixin.py:137} INFO - [2023-11-21T08:07:21.745+0000] {dag.py:2693} INFO - Sync 1 DAGs
[2023-11-21T08:07:21.759+0000] {logging_mixin.py:137} INFO - [2023-11-21T08:07:21.759+0000] {dag.py:3444} INFO - Setting next_dagrun for example_task_group_decorator to 2023-11-20T08:07:21.759473+00:00, run_after=2023-11-21T08:07:21.759473+00:00
[2023-11-21T08:07:21.770+0000] {processor.py:175} INFO - Processing /home/airflow/.local/lib/python3.7/site-packages/airflow/example_dags/example_task_group_decorator.py took 0.063 seconds
[2023-11-21T08:07:52.527+0000] {processor.py:153} INFO - Started process (PID=265) to work on /home/airflow/.local/lib/python3.7/site-packages/airflow/example_dags/example_task_group_decorator.py
[2023-11-21T08:07:52.527+0000] {processor.py:743} INFO - Processing file /home/airflow/.local/lib/python3.7/site-packages/airflow/example_dags/example_task_group_decorator.py for tasks to queue
[2023-11-21T08:07:52.528+0000] {logging_mixin.py:137} INFO - [2023-11-21T08:07:52.528+0000] {dagbag.py:532} INFO - Filling up the DagBag from /home/airflow/.local/lib/python3.7/site-packages/airflow/example_dags/example_task_group_decorator.py
[2023-11-21T08:07:52.544+0000] {processor.py:753} INFO - DAG(s) dict_keys(['example_task_group_decorator']) retrieved from /home/airflow/.local/lib/python3.7/site-packages/airflow/example_dags/example_task_group_decorator.py
[2023-11-21T08:07:52.561+0000] {logging_mixin.py:137} INFO - [2023-11-21T08:07:52.561+0000] {dag.py:2693} INFO - Sync 1 DAGs
[2023-11-21T08:07:52.576+0000] {logging_mixin.py:137} INFO - [2023-11-21T08:07:52.576+0000] {dag.py:3444} INFO - Setting next_dagrun for example_task_group_decorator to 2023-11-20T08:07:52.576659+00:00, run_after=2023-11-21T08:07:52.576659+00:00
[2023-11-21T08:07:52.587+0000] {processor.py:175} INFO - Processing /home/airflow/.local/lib/python3.7/site-packages/airflow/example_dags/example_task_group_decorator.py took 0.062 seconds
[2023-11-21T08:08:23.322+0000] {processor.py:153} INFO - Started process (PID=314) to work on /home/airflow/.local/lib/python3.7/site-packages/airflow/example_dags/example_task_group_decorator.py
[2023-11-21T08:08:23.323+0000] {processor.py:743} INFO - Processing file /home/airflow/.local/lib/python3.7/site-packages/airflow/example_dags/example_task_group_decorator.py for tasks to queue
[2023-11-21T08:08:23.323+0000] {logging_mixin.py:137} INFO - [2023-11-21T08:08:23.323+0000] {dagbag.py:532} INFO - Filling up the DagBag from /home/airflow/.local/lib/python3.7/site-packages/airflow/example_dags/example_task_group_decorator.py
[2023-11-21T08:08:23.340+0000] {processor.py:753} INFO - DAG(s) dict_keys(['example_task_group_decorator']) retrieved from /home/airflow/.local/lib/python3.7/site-packages/airflow/example_dags/example_task_group_decorator.py
[2023-11-21T08:08:23.358+0000] {logging_mixin.py:137} INFO - [2023-11-21T08:08:23.358+0000] {dag.py:2693} INFO - Sync 1 DAGs
[2023-11-21T08:08:23.373+0000] {logging_mixin.py:137} INFO - [2023-11-21T08:08:23.372+0000] {dag.py:3444} INFO - Setting next_dagrun for example_task_group_decorator to 2023-11-20T08:08:23.372826+00:00, run_after=2023-11-21T08:08:23.372826+00:00
[2023-11-21T08:08:23.383+0000] {processor.py:175} INFO - Processing /home/airflow/.local/lib/python3.7/site-packages/airflow/example_dags/example_task_group_decorator.py took 0.063 seconds
[2023-11-21T08:08:54.106+0000] {processor.py:153} INFO - Started process (PID=363) to work on /home/airflow/.local/lib/python3.7/site-packages/airflow/example_dags/example_task_group_decorator.py
[2023-11-21T08:08:54.106+0000] {processor.py:743} INFO - Processing file /home/airflow/.local/lib/python3.7/site-packages/airflow/example_dags/example_task_group_decorator.py for tasks to queue
[2023-11-21T08:08:54.107+0000] {logging_mixin.py:137} INFO - [2023-11-21T08:08:54.107+0000] {dagbag.py:532} INFO - Filling up the DagBag from /home/airflow/.local/lib/python3.7/site-packages/airflow/example_dags/example_task_group_decorator.py
[2023-11-21T08:08:54.123+0000] {processor.py:753} INFO - DAG(s) dict_keys(['example_task_group_decorator']) retrieved from /home/airflow/.local/lib/python3.7/site-packages/airflow/example_dags/example_task_group_decorator.py
[2023-11-21T08:08:54.141+0000] {logging_mixin.py:137} INFO - [2023-11-21T08:08:54.141+0000] {dag.py:2693} INFO - Sync 1 DAGs
[2023-11-21T08:08:54.156+0000] {logging_mixin.py:137} INFO - [2023-11-21T08:08:54.156+0000] {dag.py:3444} INFO - Setting next_dagrun for example_task_group_decorator to 2023-11-20T08:08:54.155860+00:00, run_after=2023-11-21T08:08:54.155860+00:00
[2023-11-21T08:08:54.166+0000] {processor.py:175} INFO - Processing /home/airflow/.local/lib/python3.7/site-packages/airflow/example_dags/example_task_group_decorator.py took 0.063 seconds
[2023-11-21T08:09:24.848+0000] {processor.py:153} INFO - Started process (PID=412) to work on /home/airflow/.local/lib/python3.7/site-packages/airflow/example_dags/example_task_group_decorator.py
[2023-11-21T08:09:24.849+0000] {processor.py:743} INFO - Processing file /home/airflow/.local/lib/python3.7/site-packages/airflow/example_dags/example_task_group_decorator.py for tasks to queue
[2023-11-21T08:09:24.849+0000] {logging_mixin.py:137} INFO - [2023-11-21T08:09:24.849+0000] {dagbag.py:532} INFO - Filling up the DagBag from /home/airflow/.local/lib/python3.7/site-packages/airflow/example_dags/example_task_group_decorator.py
[2023-11-21T08:09:24.866+0000] {processor.py:753} INFO - DAG(s) dict_keys(['example_task_group_decorator']) retrieved from /home/airflow/.local/lib/python3.7/site-packages/airflow/example_dags/example_task_group_decorator.py
[2023-11-21T08:09:24.883+0000] {logging_mixin.py:137} INFO - [2023-11-21T08:09:24.883+0000] {dag.py:2693} INFO - Sync 1 DAGs
[2023-11-21T08:09:24.899+0000] {logging_mixin.py:137} INFO - [2023-11-21T08:09:24.899+0000] {dag.py:3444} INFO - Setting next_dagrun for example_task_group_decorator to 2023-11-20T08:09:24.899113+00:00, run_after=2023-11-21T08:09:24.899113+00:00
[2023-11-21T08:09:24.909+0000] {processor.py:175} INFO - Processing /home/airflow/.local/lib/python3.7/site-packages/airflow/example_dags/example_task_group_decorator.py took 0.063 seconds
[2023-11-21T08:09:55.642+0000] {processor.py:153} INFO - Started process (PID=461) to work on /home/airflow/.local/lib/python3.7/site-packages/airflow/example_dags/example_task_group_decorator.py
[2023-11-21T08:09:55.642+0000] {processor.py:743} INFO - Processing file /home/airflow/.local/lib/python3.7/site-packages/airflow/example_dags/example_task_group_decorator.py for tasks to queue
[2023-11-21T08:09:55.643+0000] {logging_mixin.py:137} INFO - [2023-11-21T08:09:55.643+0000] {dagbag.py:532} INFO - Filling up the DagBag from /home/airflow/.local/lib/python3.7/site-packages/airflow/example_dags/example_task_group_decorator.py
[2023-11-21T08:09:55.659+0000] {processor.py:753} INFO - DAG(s) dict_keys(['example_task_group_decorator']) retrieved from /home/airflow/.local/lib/python3.7/site-packages/airflow/example_dags/example_task_group_decorator.py
[2023-11-21T08:09:55.677+0000] {logging_mixin.py:137} INFO - [2023-11-21T08:09:55.677+0000] {dag.py:2693} INFO - Sync 1 DAGs
[2023-11-21T08:09:55.692+0000] {logging_mixin.py:137} INFO - [2023-11-21T08:09:55.692+0000] {dag.py:3444} INFO - Setting next_dagrun for example_task_group_decorator to 2023-11-20T08:09:55.691961+00:00, run_after=2023-11-21T08:09:55.691961+00:00
[2023-11-21T08:09:55.702+0000] {processor.py:175} INFO - Processing /home/airflow/.local/lib/python3.7/site-packages/airflow/example_dags/example_task_group_decorator.py took 0.063 seconds
[2023-11-21T08:10:26.601+0000] {processor.py:153} INFO - Started process (PID=510) to work on /home/airflow/.local/lib/python3.7/site-packages/airflow/example_dags/example_task_group_decorator.py
[2023-11-21T08:10:26.602+0000] {processor.py:743} INFO - Processing file /home/airflow/.local/lib/python3.7/site-packages/airflow/example_dags/example_task_group_decorator.py for tasks to queue
[2023-11-21T08:10:26.602+0000] {logging_mixin.py:137} INFO - [2023-11-21T08:10:26.602+0000] {dagbag.py:532} INFO - Filling up the DagBag from /home/airflow/.local/lib/python3.7/site-packages/airflow/example_dags/example_task_group_decorator.py
[2023-11-21T08:10:26.620+0000] {processor.py:753} INFO - DAG(s) dict_keys(['example_task_group_decorator']) retrieved from /home/airflow/.local/lib/python3.7/site-packages/airflow/example_dags/example_task_group_decorator.py
[2023-11-21T08:10:26.637+0000] {logging_mixin.py:137} INFO - [2023-11-21T08:10:26.637+0000] {dag.py:2693} INFO - Sync 1 DAGs
[2023-11-21T08:10:26.652+0000] {logging_mixin.py:137} INFO - [2023-11-21T08:10:26.652+0000] {dag.py:3444} INFO - Setting next_dagrun for example_task_group_decorator to 2023-11-20T08:10:26.652740+00:00, run_after=2023-11-21T08:10:26.652740+00:00
[2023-11-21T08:10:26.663+0000] {processor.py:175} INFO - Processing /home/airflow/.local/lib/python3.7/site-packages/airflow/example_dags/example_task_group_decorator.py took 0.065 seconds
[2023-11-21T08:10:56.780+0000] {processor.py:153} INFO - Started process (PID=559) to work on /home/airflow/.local/lib/python3.7/site-packages/airflow/example_dags/example_task_group_decorator.py
[2023-11-21T08:10:56.780+0000] {processor.py:743} INFO - Processing file /home/airflow/.local/lib/python3.7/site-packages/airflow/example_dags/example_task_group_decorator.py for tasks to queue
[2023-11-21T08:10:56.781+0000] {logging_mixin.py:137} INFO - [2023-11-21T08:10:56.780+0000] {dagbag.py:532} INFO - Filling up the DagBag from /home/airflow/.local/lib/python3.7/site-packages/airflow/example_dags/example_task_group_decorator.py
[2023-11-21T08:10:56.797+0000] {processor.py:753} INFO - DAG(s) dict_keys(['example_task_group_decorator']) retrieved from /home/airflow/.local/lib/python3.7/site-packages/airflow/example_dags/example_task_group_decorator.py
[2023-11-21T08:10:56.813+0000] {logging_mixin.py:137} INFO - [2023-11-21T08:10:56.813+0000] {dag.py:2693} INFO - Sync 1 DAGs
[2023-11-21T08:10:56.832+0000] {logging_mixin.py:137} INFO - [2023-11-21T08:10:56.832+0000] {dag.py:3444} INFO - Setting next_dagrun for example_task_group_decorator to 2023-11-20T08:10:56.832655+00:00, run_after=2023-11-21T08:10:56.832655+00:00
[2023-11-21T08:10:56.853+0000] {processor.py:175} INFO - Processing /home/airflow/.local/lib/python3.7/site-packages/airflow/example_dags/example_task_group_decorator.py took 0.076 seconds
[2023-11-21T08:11:26.912+0000] {processor.py:153} INFO - Started process (PID=608) to work on /home/airflow/.local/lib/python3.7/site-packages/airflow/example_dags/example_task_group_decorator.py
[2023-11-21T08:11:26.913+0000] {processor.py:743} INFO - Processing file /home/airflow/.local/lib/python3.7/site-packages/airflow/example_dags/example_task_group_decorator.py for tasks to queue
[2023-11-21T08:11:26.914+0000] {logging_mixin.py:137} INFO - [2023-11-21T08:11:26.914+0000] {dagbag.py:532} INFO - Filling up the DagBag from /home/airflow/.local/lib/python3.7/site-packages/airflow/example_dags/example_task_group_decorator.py
[2023-11-21T08:11:26.931+0000] {processor.py:753} INFO - DAG(s) dict_keys(['example_task_group_decorator']) retrieved from /home/airflow/.local/lib/python3.7/site-packages/airflow/example_dags/example_task_group_decorator.py
[2023-11-21T08:11:26.949+0000] {logging_mixin.py:137} INFO - [2023-11-21T08:11:26.949+0000] {dag.py:2693} INFO - Sync 1 DAGs
[2023-11-21T08:11:26.967+0000] {logging_mixin.py:137} INFO - [2023-11-21T08:11:26.966+0000] {dag.py:3444} INFO - Setting next_dagrun for example_task_group_decorator to 2023-11-20T08:11:26.966789+00:00, run_after=2023-11-21T08:11:26.966789+00:00
[2023-11-21T08:11:26.980+0000] {processor.py:175} INFO - Processing /home/airflow/.local/lib/python3.7/site-packages/airflow/example_dags/example_task_group_decorator.py took 0.070 seconds
[2023-11-21T08:11:57.033+0000] {processor.py:153} INFO - Started process (PID=657) to work on /home/airflow/.local/lib/python3.7/site-packages/airflow/example_dags/example_task_group_decorator.py
[2023-11-21T08:11:57.034+0000] {processor.py:743} INFO - Processing file /home/airflow/.local/lib/python3.7/site-packages/airflow/example_dags/example_task_group_decorator.py for tasks to queue
[2023-11-21T08:11:57.034+0000] {logging_mixin.py:137} INFO - [2023-11-21T08:11:57.034+0000] {dagbag.py:532} INFO - Filling up the DagBag from /home/airflow/.local/lib/python3.7/site-packages/airflow/example_dags/example_task_group_decorator.py
[2023-11-21T08:11:57.052+0000] {processor.py:753} INFO - DAG(s) dict_keys(['example_task_group_decorator']) retrieved from /home/airflow/.local/lib/python3.7/site-packages/airflow/example_dags/example_task_group_decorator.py
[2023-11-21T08:11:57.070+0000] {logging_mixin.py:137} INFO - [2023-11-21T08:11:57.070+0000] {dag.py:2693} INFO - Sync 1 DAGs
[2023-11-21T08:11:57.089+0000] {logging_mixin.py:137} INFO - [2023-11-21T08:11:57.089+0000] {dag.py:3444} INFO - Setting next_dagrun for example_task_group_decorator to 2023-11-20T08:11:57.088992+00:00, run_after=2023-11-21T08:11:57.088992+00:00
[2023-11-21T08:11:57.102+0000] {processor.py:175} INFO - Processing /home/airflow/.local/lib/python3.7/site-packages/airflow/example_dags/example_task_group_decorator.py took 0.071 seconds
[2023-11-21T08:12:27.156+0000] {processor.py:153} INFO - Started process (PID=706) to work on /home/airflow/.local/lib/python3.7/site-packages/airflow/example_dags/example_task_group_decorator.py
[2023-11-21T08:12:27.157+0000] {processor.py:743} INFO - Processing file /home/airflow/.local/lib/python3.7/site-packages/airflow/example_dags/example_task_group_decorator.py for tasks to queue
[2023-11-21T08:12:27.157+0000] {logging_mixin.py:137} INFO - [2023-11-21T08:12:27.157+0000] {dagbag.py:532} INFO - Filling up the DagBag from /home/airflow/.local/lib/python3.7/site-packages/airflow/example_dags/example_task_group_decorator.py
[2023-11-21T08:12:27.174+0000] {processor.py:753} INFO - DAG(s) dict_keys(['example_task_group_decorator']) retrieved from /home/airflow/.local/lib/python3.7/site-packages/airflow/example_dags/example_task_group_decorator.py
[2023-11-21T08:12:27.191+0000] {logging_mixin.py:137} INFO - [2023-11-21T08:12:27.191+0000] {dag.py:2693} INFO - Sync 1 DAGs
[2023-11-21T08:12:27.206+0000] {logging_mixin.py:137} INFO - [2023-11-21T08:12:27.206+0000] {dag.py:3444} INFO - Setting next_dagrun for example_task_group_decorator to 2023-11-20T08:12:27.206317+00:00, run_after=2023-11-21T08:12:27.206317+00:00
[2023-11-21T08:12:27.217+0000] {processor.py:175} INFO - Processing /home/airflow/.local/lib/python3.7/site-packages/airflow/example_dags/example_task_group_decorator.py took 0.063 seconds
[2023-11-21T08:19:22.166+0000] {processor.py:153} INFO - Started process (PID=69) to work on /home/airflow/.local/lib/python3.7/site-packages/airflow/example_dags/example_task_group_decorator.py
[2023-11-21T08:19:22.168+0000] {processor.py:743} INFO - Processing file /home/airflow/.local/lib/python3.7/site-packages/airflow/example_dags/example_task_group_decorator.py for tasks to queue
[2023-11-21T08:19:22.169+0000] {logging_mixin.py:137} INFO - [2023-11-21T08:19:22.169+0000] {dagbag.py:532} INFO - Filling up the DagBag from /home/airflow/.local/lib/python3.7/site-packages/airflow/example_dags/example_task_group_decorator.py
[2023-11-21T08:19:22.200+0000] {processor.py:753} INFO - DAG(s) dict_keys(['example_task_group_decorator']) retrieved from /home/airflow/.local/lib/python3.7/site-packages/airflow/example_dags/example_task_group_decorator.py
[2023-11-21T08:19:22.468+0000] {logging_mixin.py:137} INFO - [2023-11-21T08:19:22.468+0000] {manager.py:504} INFO - Created Permission View: can edit on DAG:example_task_group_decorator
[2023-11-21T08:19:22.476+0000] {logging_mixin.py:137} INFO - [2023-11-21T08:19:22.476+0000] {manager.py:504} INFO - Created Permission View: can read on DAG:example_task_group_decorator
[2023-11-21T08:19:22.481+0000] {logging_mixin.py:137} INFO - [2023-11-21T08:19:22.481+0000] {manager.py:504} INFO - Created Permission View: can delete on DAG:example_task_group_decorator
[2023-11-21T08:19:22.481+0000] {logging_mixin.py:137} INFO - [2023-11-21T08:19:22.481+0000] {dag.py:2693} INFO - Sync 1 DAGs
[2023-11-21T08:19:22.495+0000] {logging_mixin.py:137} INFO - [2023-11-21T08:19:22.495+0000] {dag.py:2714} INFO - Creating ORM DAG for example_task_group_decorator
[2023-11-21T08:19:22.508+0000] {logging_mixin.py:137} INFO - [2023-11-21T08:19:22.508+0000] {dag.py:3444} INFO - Setting next_dagrun for example_task_group_decorator to 2023-11-20T08:19:22.508054+00:00, run_after=2023-11-21T08:19:22.508054+00:00
[2023-11-21T08:19:22.527+0000] {processor.py:175} INFO - Processing /home/airflow/.local/lib/python3.7/site-packages/airflow/example_dags/example_task_group_decorator.py took 0.365 seconds
[2023-11-21T08:19:53.242+0000] {processor.py:153} INFO - Started process (PID=118) to work on /home/airflow/.local/lib/python3.7/site-packages/airflow/example_dags/example_task_group_decorator.py
[2023-11-21T08:19:53.243+0000] {processor.py:743} INFO - Processing file /home/airflow/.local/lib/python3.7/site-packages/airflow/example_dags/example_task_group_decorator.py for tasks to queue
[2023-11-21T08:19:53.245+0000] {logging_mixin.py:137} INFO - [2023-11-21T08:19:53.245+0000] {dagbag.py:532} INFO - Filling up the DagBag from /home/airflow/.local/lib/python3.7/site-packages/airflow/example_dags/example_task_group_decorator.py
[2023-11-21T08:19:53.279+0000] {processor.py:753} INFO - DAG(s) dict_keys(['example_task_group_decorator']) retrieved from /home/airflow/.local/lib/python3.7/site-packages/airflow/example_dags/example_task_group_decorator.py
[2023-11-21T08:19:53.310+0000] {logging_mixin.py:137} INFO - [2023-11-21T08:19:53.310+0000] {dag.py:2693} INFO - Sync 1 DAGs
[2023-11-21T08:19:53.338+0000] {logging_mixin.py:137} INFO - [2023-11-21T08:19:53.337+0000] {dag.py:3444} INFO - Setting next_dagrun for example_task_group_decorator to 2023-11-20T08:19:53.337647+00:00, run_after=2023-11-21T08:19:53.337647+00:00
[2023-11-21T08:19:53.371+0000] {processor.py:175} INFO - Processing /home/airflow/.local/lib/python3.7/site-packages/airflow/example_dags/example_task_group_decorator.py took 0.133 seconds
[2023-11-21T08:20:24.036+0000] {processor.py:153} INFO - Started process (PID=167) to work on /home/airflow/.local/lib/python3.7/site-packages/airflow/example_dags/example_task_group_decorator.py
[2023-11-21T08:20:24.042+0000] {processor.py:743} INFO - Processing file /home/airflow/.local/lib/python3.7/site-packages/airflow/example_dags/example_task_group_decorator.py for tasks to queue
[2023-11-21T08:20:24.043+0000] {logging_mixin.py:137} INFO - [2023-11-21T08:20:24.043+0000] {dagbag.py:532} INFO - Filling up the DagBag from /home/airflow/.local/lib/python3.7/site-packages/airflow/example_dags/example_task_group_decorator.py
[2023-11-21T08:20:24.061+0000] {processor.py:753} INFO - DAG(s) dict_keys(['example_task_group_decorator']) retrieved from /home/airflow/.local/lib/python3.7/site-packages/airflow/example_dags/example_task_group_decorator.py
[2023-11-21T08:20:24.085+0000] {logging_mixin.py:137} INFO - [2023-11-21T08:20:24.085+0000] {dag.py:2693} INFO - Sync 1 DAGs
[2023-11-21T08:20:24.103+0000] {logging_mixin.py:137} INFO - [2023-11-21T08:20:24.103+0000] {dag.py:3444} INFO - Setting next_dagrun for example_task_group_decorator to 2023-11-20T08:20:24.102895+00:00, run_after=2023-11-21T08:20:24.102895+00:00
[2023-11-21T08:20:24.118+0000] {processor.py:175} INFO - Processing /home/airflow/.local/lib/python3.7/site-packages/airflow/example_dags/example_task_group_decorator.py took 0.084 seconds
[2023-11-21T08:20:54.825+0000] {processor.py:153} INFO - Started process (PID=217) to work on /home/airflow/.local/lib/python3.7/site-packages/airflow/example_dags/example_task_group_decorator.py
[2023-11-21T08:20:54.827+0000] {processor.py:743} INFO - Processing file /home/airflow/.local/lib/python3.7/site-packages/airflow/example_dags/example_task_group_decorator.py for tasks to queue
[2023-11-21T08:20:54.828+0000] {logging_mixin.py:137} INFO - [2023-11-21T08:20:54.828+0000] {dagbag.py:532} INFO - Filling up the DagBag from /home/airflow/.local/lib/python3.7/site-packages/airflow/example_dags/example_task_group_decorator.py
[2023-11-21T08:20:54.855+0000] {processor.py:753} INFO - DAG(s) dict_keys(['example_task_group_decorator']) retrieved from /home/airflow/.local/lib/python3.7/site-packages/airflow/example_dags/example_task_group_decorator.py
[2023-11-21T08:20:54.881+0000] {logging_mixin.py:137} INFO - [2023-11-21T08:20:54.881+0000] {dag.py:2693} INFO - Sync 1 DAGs
[2023-11-21T08:20:54.903+0000] {logging_mixin.py:137} INFO - [2023-11-21T08:20:54.903+0000] {dag.py:3444} INFO - Setting next_dagrun for example_task_group_decorator to 2023-11-20T08:20:54.902824+00:00, run_after=2023-11-21T08:20:54.902824+00:00
[2023-11-21T08:20:54.923+0000] {processor.py:175} INFO - Processing /home/airflow/.local/lib/python3.7/site-packages/airflow/example_dags/example_task_group_decorator.py took 0.103 seconds
