[2023-11-21T08:05:47.844+0000] {processor.py:153} INFO - Started process (PID=46) to work on /home/airflow/.local/lib/python3.7/site-packages/airflow/example_dags/example_sensors.py
[2023-11-21T08:05:47.845+0000] {processor.py:743} INFO - Processing file /home/airflow/.local/lib/python3.7/site-packages/airflow/example_dags/example_sensors.py for tasks to queue
[2023-11-21T08:05:47.846+0000] {logging_mixin.py:137} INFO - [2023-11-21T08:05:47.846+0000] {dagbag.py:532} INFO - Filling up the DagBag from /home/airflow/.local/lib/python3.7/site-packages/airflow/example_dags/example_sensors.py
[2023-11-21T08:05:47.869+0000] {processor.py:753} INFO - DAG(s) dict_keys(['example_sensors']) retrieved from /home/airflow/.local/lib/python3.7/site-packages/airflow/example_dags/example_sensors.py
[2023-11-21T08:05:47.917+0000] {logging_mixin.py:137} INFO - [2023-11-21T08:05:47.917+0000] {dag.py:2693} INFO - Sync 1 DAGs
[2023-11-21T08:05:48.032+0000] {logging_mixin.py:137} INFO - [2023-11-21T08:05:48.032+0000] {dag.py:3444} INFO - Setting next_dagrun for example_sensors to None, run_after=None
[2023-11-21T08:05:48.055+0000] {processor.py:175} INFO - Processing /home/airflow/.local/lib/python3.7/site-packages/airflow/example_dags/example_sensors.py took 0.214 seconds
[2023-11-21T08:06:18.966+0000] {processor.py:153} INFO - Started process (PID=95) to work on /home/airflow/.local/lib/python3.7/site-packages/airflow/example_dags/example_sensors.py
[2023-11-21T08:06:18.967+0000] {processor.py:743} INFO - Processing file /home/airflow/.local/lib/python3.7/site-packages/airflow/example_dags/example_sensors.py for tasks to queue
[2023-11-21T08:06:18.967+0000] {logging_mixin.py:137} INFO - [2023-11-21T08:06:18.967+0000] {dagbag.py:532} INFO - Filling up the DagBag from /home/airflow/.local/lib/python3.7/site-packages/airflow/example_dags/example_sensors.py
[2023-11-21T08:06:18.985+0000] {processor.py:753} INFO - DAG(s) dict_keys(['example_sensors']) retrieved from /home/airflow/.local/lib/python3.7/site-packages/airflow/example_dags/example_sensors.py
[2023-11-21T08:06:19.012+0000] {logging_mixin.py:137} INFO - [2023-11-21T08:06:19.011+0000] {dag.py:2693} INFO - Sync 1 DAGs
[2023-11-21T08:06:19.030+0000] {logging_mixin.py:137} INFO - [2023-11-21T08:06:19.030+0000] {dag.py:3444} INFO - Setting next_dagrun for example_sensors to None, run_after=None
[2023-11-21T08:06:19.042+0000] {processor.py:175} INFO - Processing /home/airflow/.local/lib/python3.7/site-packages/airflow/example_dags/example_sensors.py took 0.082 seconds
[2023-11-21T08:06:49.071+0000] {processor.py:153} INFO - Started process (PID=144) to work on /home/airflow/.local/lib/python3.7/site-packages/airflow/example_dags/example_sensors.py
[2023-11-21T08:06:49.072+0000] {processor.py:743} INFO - Processing file /home/airflow/.local/lib/python3.7/site-packages/airflow/example_dags/example_sensors.py for tasks to queue
[2023-11-21T08:06:49.072+0000] {logging_mixin.py:137} INFO - [2023-11-21T08:06:49.072+0000] {dagbag.py:532} INFO - Filling up the DagBag from /home/airflow/.local/lib/python3.7/site-packages/airflow/example_dags/example_sensors.py
[2023-11-21T08:06:49.084+0000] {processor.py:753} INFO - DAG(s) dict_keys(['example_sensors']) retrieved from /home/airflow/.local/lib/python3.7/site-packages/airflow/example_dags/example_sensors.py
[2023-11-21T08:06:49.102+0000] {logging_mixin.py:137} INFO - [2023-11-21T08:06:49.102+0000] {dag.py:2693} INFO - Sync 1 DAGs
[2023-11-21T08:06:49.116+0000] {logging_mixin.py:137} INFO - [2023-11-21T08:06:49.116+0000] {dag.py:3444} INFO - Setting next_dagrun for example_sensors to None, run_after=None
[2023-11-21T08:06:49.126+0000] {processor.py:175} INFO - Processing /home/airflow/.local/lib/python3.7/site-packages/airflow/example_dags/example_sensors.py took 0.058 seconds
[2023-11-21T08:07:19.852+0000] {processor.py:153} INFO - Started process (PID=193) to work on /home/airflow/.local/lib/python3.7/site-packages/airflow/example_dags/example_sensors.py
[2023-11-21T08:07:19.852+0000] {processor.py:743} INFO - Processing file /home/airflow/.local/lib/python3.7/site-packages/airflow/example_dags/example_sensors.py for tasks to queue
[2023-11-21T08:07:19.853+0000] {logging_mixin.py:137} INFO - [2023-11-21T08:07:19.853+0000] {dagbag.py:532} INFO - Filling up the DagBag from /home/airflow/.local/lib/python3.7/site-packages/airflow/example_dags/example_sensors.py
[2023-11-21T08:07:19.864+0000] {processor.py:753} INFO - DAG(s) dict_keys(['example_sensors']) retrieved from /home/airflow/.local/lib/python3.7/site-packages/airflow/example_dags/example_sensors.py
[2023-11-21T08:07:19.882+0000] {logging_mixin.py:137} INFO - [2023-11-21T08:07:19.882+0000] {dag.py:2693} INFO - Sync 1 DAGs
[2023-11-21T08:07:19.897+0000] {logging_mixin.py:137} INFO - [2023-11-21T08:07:19.897+0000] {dag.py:3444} INFO - Setting next_dagrun for example_sensors to None, run_after=None
[2023-11-21T08:07:19.907+0000] {processor.py:175} INFO - Processing /home/airflow/.local/lib/python3.7/site-packages/airflow/example_dags/example_sensors.py took 0.058 seconds
[2023-11-21T08:07:50.627+0000] {processor.py:153} INFO - Started process (PID=242) to work on /home/airflow/.local/lib/python3.7/site-packages/airflow/example_dags/example_sensors.py
[2023-11-21T08:07:50.628+0000] {processor.py:743} INFO - Processing file /home/airflow/.local/lib/python3.7/site-packages/airflow/example_dags/example_sensors.py for tasks to queue
[2023-11-21T08:07:50.628+0000] {logging_mixin.py:137} INFO - [2023-11-21T08:07:50.628+0000] {dagbag.py:532} INFO - Filling up the DagBag from /home/airflow/.local/lib/python3.7/site-packages/airflow/example_dags/example_sensors.py
[2023-11-21T08:07:50.639+0000] {processor.py:753} INFO - DAG(s) dict_keys(['example_sensors']) retrieved from /home/airflow/.local/lib/python3.7/site-packages/airflow/example_dags/example_sensors.py
[2023-11-21T08:07:50.657+0000] {logging_mixin.py:137} INFO - [2023-11-21T08:07:50.657+0000] {dag.py:2693} INFO - Sync 1 DAGs
[2023-11-21T08:07:50.673+0000] {logging_mixin.py:137} INFO - [2023-11-21T08:07:50.673+0000] {dag.py:3444} INFO - Setting next_dagrun for example_sensors to None, run_after=None
[2023-11-21T08:07:50.683+0000] {processor.py:175} INFO - Processing /home/airflow/.local/lib/python3.7/site-packages/airflow/example_dags/example_sensors.py took 0.058 seconds
[2023-11-21T08:08:21.459+0000] {processor.py:153} INFO - Started process (PID=291) to work on /home/airflow/.local/lib/python3.7/site-packages/airflow/example_dags/example_sensors.py
[2023-11-21T08:08:21.460+0000] {processor.py:743} INFO - Processing file /home/airflow/.local/lib/python3.7/site-packages/airflow/example_dags/example_sensors.py for tasks to queue
[2023-11-21T08:08:21.461+0000] {logging_mixin.py:137} INFO - [2023-11-21T08:08:21.461+0000] {dagbag.py:532} INFO - Filling up the DagBag from /home/airflow/.local/lib/python3.7/site-packages/airflow/example_dags/example_sensors.py
[2023-11-21T08:08:21.473+0000] {processor.py:753} INFO - DAG(s) dict_keys(['example_sensors']) retrieved from /home/airflow/.local/lib/python3.7/site-packages/airflow/example_dags/example_sensors.py
[2023-11-21T08:08:21.490+0000] {logging_mixin.py:137} INFO - [2023-11-21T08:08:21.490+0000] {dag.py:2693} INFO - Sync 1 DAGs
[2023-11-21T08:08:21.506+0000] {logging_mixin.py:137} INFO - [2023-11-21T08:08:21.505+0000] {dag.py:3444} INFO - Setting next_dagrun for example_sensors to None, run_after=None
[2023-11-21T08:08:21.516+0000] {processor.py:175} INFO - Processing /home/airflow/.local/lib/python3.7/site-packages/airflow/example_dags/example_sensors.py took 0.059 seconds
[2023-11-21T08:08:52.248+0000] {processor.py:153} INFO - Started process (PID=340) to work on /home/airflow/.local/lib/python3.7/site-packages/airflow/example_dags/example_sensors.py
[2023-11-21T08:08:52.248+0000] {processor.py:743} INFO - Processing file /home/airflow/.local/lib/python3.7/site-packages/airflow/example_dags/example_sensors.py for tasks to queue
[2023-11-21T08:08:52.249+0000] {logging_mixin.py:137} INFO - [2023-11-21T08:08:52.249+0000] {dagbag.py:532} INFO - Filling up the DagBag from /home/airflow/.local/lib/python3.7/site-packages/airflow/example_dags/example_sensors.py
[2023-11-21T08:08:52.261+0000] {processor.py:753} INFO - DAG(s) dict_keys(['example_sensors']) retrieved from /home/airflow/.local/lib/python3.7/site-packages/airflow/example_dags/example_sensors.py
[2023-11-21T08:08:52.278+0000] {logging_mixin.py:137} INFO - [2023-11-21T08:08:52.278+0000] {dag.py:2693} INFO - Sync 1 DAGs
[2023-11-21T08:08:52.293+0000] {logging_mixin.py:137} INFO - [2023-11-21T08:08:52.293+0000] {dag.py:3444} INFO - Setting next_dagrun for example_sensors to None, run_after=None
[2023-11-21T08:08:52.303+0000] {processor.py:175} INFO - Processing /home/airflow/.local/lib/python3.7/site-packages/airflow/example_dags/example_sensors.py took 0.058 seconds
[2023-11-21T08:09:22.987+0000] {processor.py:153} INFO - Started process (PID=389) to work on /home/airflow/.local/lib/python3.7/site-packages/airflow/example_dags/example_sensors.py
[2023-11-21T08:09:22.987+0000] {processor.py:743} INFO - Processing file /home/airflow/.local/lib/python3.7/site-packages/airflow/example_dags/example_sensors.py for tasks to queue
[2023-11-21T08:09:22.988+0000] {logging_mixin.py:137} INFO - [2023-11-21T08:09:22.988+0000] {dagbag.py:532} INFO - Filling up the DagBag from /home/airflow/.local/lib/python3.7/site-packages/airflow/example_dags/example_sensors.py
[2023-11-21T08:09:22.999+0000] {processor.py:753} INFO - DAG(s) dict_keys(['example_sensors']) retrieved from /home/airflow/.local/lib/python3.7/site-packages/airflow/example_dags/example_sensors.py
[2023-11-21T08:09:23.017+0000] {logging_mixin.py:137} INFO - [2023-11-21T08:09:23.017+0000] {dag.py:2693} INFO - Sync 1 DAGs
[2023-11-21T08:09:23.032+0000] {logging_mixin.py:137} INFO - [2023-11-21T08:09:23.032+0000] {dag.py:3444} INFO - Setting next_dagrun for example_sensors to None, run_after=None
[2023-11-21T08:09:23.043+0000] {processor.py:175} INFO - Processing /home/airflow/.local/lib/python3.7/site-packages/airflow/example_dags/example_sensors.py took 0.059 seconds
[2023-11-21T08:09:53.776+0000] {processor.py:153} INFO - Started process (PID=438) to work on /home/airflow/.local/lib/python3.7/site-packages/airflow/example_dags/example_sensors.py
[2023-11-21T08:09:53.777+0000] {processor.py:743} INFO - Processing file /home/airflow/.local/lib/python3.7/site-packages/airflow/example_dags/example_sensors.py for tasks to queue
[2023-11-21T08:09:53.777+0000] {logging_mixin.py:137} INFO - [2023-11-21T08:09:53.777+0000] {dagbag.py:532} INFO - Filling up the DagBag from /home/airflow/.local/lib/python3.7/site-packages/airflow/example_dags/example_sensors.py
[2023-11-21T08:09:53.788+0000] {processor.py:753} INFO - DAG(s) dict_keys(['example_sensors']) retrieved from /home/airflow/.local/lib/python3.7/site-packages/airflow/example_dags/example_sensors.py
[2023-11-21T08:09:53.806+0000] {logging_mixin.py:137} INFO - [2023-11-21T08:09:53.806+0000] {dag.py:2693} INFO - Sync 1 DAGs
[2023-11-21T08:09:53.822+0000] {logging_mixin.py:137} INFO - [2023-11-21T08:09:53.822+0000] {dag.py:3444} INFO - Setting next_dagrun for example_sensors to None, run_after=None
[2023-11-21T08:09:53.832+0000] {processor.py:175} INFO - Processing /home/airflow/.local/lib/python3.7/site-packages/airflow/example_dags/example_sensors.py took 0.058 seconds
[2023-11-21T08:10:24.560+0000] {processor.py:153} INFO - Started process (PID=487) to work on /home/airflow/.local/lib/python3.7/site-packages/airflow/example_dags/example_sensors.py
[2023-11-21T08:10:24.560+0000] {processor.py:743} INFO - Processing file /home/airflow/.local/lib/python3.7/site-packages/airflow/example_dags/example_sensors.py for tasks to queue
[2023-11-21T08:10:24.561+0000] {logging_mixin.py:137} INFO - [2023-11-21T08:10:24.561+0000] {dagbag.py:532} INFO - Filling up the DagBag from /home/airflow/.local/lib/python3.7/site-packages/airflow/example_dags/example_sensors.py
[2023-11-21T08:10:24.578+0000] {processor.py:753} INFO - DAG(s) dict_keys(['example_sensors']) retrieved from /home/airflow/.local/lib/python3.7/site-packages/airflow/example_dags/example_sensors.py
[2023-11-21T08:10:24.605+0000] {logging_mixin.py:137} INFO - [2023-11-21T08:10:24.604+0000] {dag.py:2693} INFO - Sync 1 DAGs
[2023-11-21T08:10:24.628+0000] {logging_mixin.py:137} INFO - [2023-11-21T08:10:24.628+0000] {dag.py:3444} INFO - Setting next_dagrun for example_sensors to None, run_after=None
[2023-11-21T08:10:24.644+0000] {processor.py:175} INFO - Processing /home/airflow/.local/lib/python3.7/site-packages/airflow/example_dags/example_sensors.py took 0.088 seconds
[2023-11-21T08:10:55.683+0000] {processor.py:153} INFO - Started process (PID=536) to work on /home/airflow/.local/lib/python3.7/site-packages/airflow/example_dags/example_sensors.py
[2023-11-21T08:10:55.684+0000] {processor.py:743} INFO - Processing file /home/airflow/.local/lib/python3.7/site-packages/airflow/example_dags/example_sensors.py for tasks to queue
[2023-11-21T08:10:55.685+0000] {logging_mixin.py:137} INFO - [2023-11-21T08:10:55.685+0000] {dagbag.py:532} INFO - Filling up the DagBag from /home/airflow/.local/lib/python3.7/site-packages/airflow/example_dags/example_sensors.py
[2023-11-21T08:10:55.698+0000] {processor.py:753} INFO - DAG(s) dict_keys(['example_sensors']) retrieved from /home/airflow/.local/lib/python3.7/site-packages/airflow/example_dags/example_sensors.py
[2023-11-21T08:10:55.716+0000] {logging_mixin.py:137} INFO - [2023-11-21T08:10:55.716+0000] {dag.py:2693} INFO - Sync 1 DAGs
[2023-11-21T08:10:55.732+0000] {logging_mixin.py:137} INFO - [2023-11-21T08:10:55.732+0000] {dag.py:3444} INFO - Setting next_dagrun for example_sensors to None, run_after=None
[2023-11-21T08:10:55.745+0000] {processor.py:175} INFO - Processing /home/airflow/.local/lib/python3.7/site-packages/airflow/example_dags/example_sensors.py took 0.064 seconds
[2023-11-21T08:11:25.784+0000] {processor.py:153} INFO - Started process (PID=585) to work on /home/airflow/.local/lib/python3.7/site-packages/airflow/example_dags/example_sensors.py
[2023-11-21T08:11:25.785+0000] {processor.py:743} INFO - Processing file /home/airflow/.local/lib/python3.7/site-packages/airflow/example_dags/example_sensors.py for tasks to queue
[2023-11-21T08:11:25.786+0000] {logging_mixin.py:137} INFO - [2023-11-21T08:11:25.786+0000] {dagbag.py:532} INFO - Filling up the DagBag from /home/airflow/.local/lib/python3.7/site-packages/airflow/example_dags/example_sensors.py
[2023-11-21T08:11:25.798+0000] {processor.py:753} INFO - DAG(s) dict_keys(['example_sensors']) retrieved from /home/airflow/.local/lib/python3.7/site-packages/airflow/example_dags/example_sensors.py
[2023-11-21T08:11:25.817+0000] {logging_mixin.py:137} INFO - [2023-11-21T08:11:25.816+0000] {dag.py:2693} INFO - Sync 1 DAGs
[2023-11-21T08:11:25.832+0000] {logging_mixin.py:137} INFO - [2023-11-21T08:11:25.832+0000] {dag.py:3444} INFO - Setting next_dagrun for example_sensors to None, run_after=None
[2023-11-21T08:11:25.843+0000] {processor.py:175} INFO - Processing /home/airflow/.local/lib/python3.7/site-packages/airflow/example_dags/example_sensors.py took 0.061 seconds
[2023-11-21T08:11:56.048+0000] {processor.py:153} INFO - Started process (PID=634) to work on /home/airflow/.local/lib/python3.7/site-packages/airflow/example_dags/example_sensors.py
[2023-11-21T08:11:56.048+0000] {processor.py:743} INFO - Processing file /home/airflow/.local/lib/python3.7/site-packages/airflow/example_dags/example_sensors.py for tasks to queue
[2023-11-21T08:11:56.049+0000] {logging_mixin.py:137} INFO - [2023-11-21T08:11:56.049+0000] {dagbag.py:532} INFO - Filling up the DagBag from /home/airflow/.local/lib/python3.7/site-packages/airflow/example_dags/example_sensors.py
[2023-11-21T08:11:56.061+0000] {processor.py:753} INFO - DAG(s) dict_keys(['example_sensors']) retrieved from /home/airflow/.local/lib/python3.7/site-packages/airflow/example_dags/example_sensors.py
[2023-11-21T08:11:56.079+0000] {logging_mixin.py:137} INFO - [2023-11-21T08:11:56.079+0000] {dag.py:2693} INFO - Sync 1 DAGs
[2023-11-21T08:11:56.094+0000] {logging_mixin.py:137} INFO - [2023-11-21T08:11:56.094+0000] {dag.py:3444} INFO - Setting next_dagrun for example_sensors to None, run_after=None
[2023-11-21T08:11:56.106+0000] {processor.py:175} INFO - Processing /home/airflow/.local/lib/python3.7/site-packages/airflow/example_dags/example_sensors.py took 0.060 seconds
[2023-11-21T08:12:26.244+0000] {processor.py:153} INFO - Started process (PID=683) to work on /home/airflow/.local/lib/python3.7/site-packages/airflow/example_dags/example_sensors.py
[2023-11-21T08:12:26.245+0000] {processor.py:743} INFO - Processing file /home/airflow/.local/lib/python3.7/site-packages/airflow/example_dags/example_sensors.py for tasks to queue
[2023-11-21T08:12:26.245+0000] {logging_mixin.py:137} INFO - [2023-11-21T08:12:26.245+0000] {dagbag.py:532} INFO - Filling up the DagBag from /home/airflow/.local/lib/python3.7/site-packages/airflow/example_dags/example_sensors.py
[2023-11-21T08:12:26.257+0000] {processor.py:753} INFO - DAG(s) dict_keys(['example_sensors']) retrieved from /home/airflow/.local/lib/python3.7/site-packages/airflow/example_dags/example_sensors.py
[2023-11-21T08:12:26.275+0000] {logging_mixin.py:137} INFO - [2023-11-21T08:12:26.275+0000] {dag.py:2693} INFO - Sync 1 DAGs
[2023-11-21T08:12:26.290+0000] {logging_mixin.py:137} INFO - [2023-11-21T08:12:26.290+0000] {dag.py:3444} INFO - Setting next_dagrun for example_sensors to None, run_after=None
[2023-11-21T08:12:26.301+0000] {processor.py:175} INFO - Processing /home/airflow/.local/lib/python3.7/site-packages/airflow/example_dags/example_sensors.py took 0.059 seconds
[2023-11-21T08:19:17.871+0000] {processor.py:153} INFO - Started process (PID=46) to work on /home/airflow/.local/lib/python3.7/site-packages/airflow/example_dags/example_sensors.py
[2023-11-21T08:19:17.873+0000] {processor.py:743} INFO - Processing file /home/airflow/.local/lib/python3.7/site-packages/airflow/example_dags/example_sensors.py for tasks to queue
[2023-11-21T08:19:17.875+0000] {logging_mixin.py:137} INFO - [2023-11-21T08:19:17.874+0000] {dagbag.py:532} INFO - Filling up the DagBag from /home/airflow/.local/lib/python3.7/site-packages/airflow/example_dags/example_sensors.py
[2023-11-21T08:19:17.916+0000] {processor.py:753} INFO - DAG(s) dict_keys(['example_sensors']) retrieved from /home/airflow/.local/lib/python3.7/site-packages/airflow/example_dags/example_sensors.py
[2023-11-21T08:19:18.045+0000] {logging_mixin.py:137} INFO - [2023-11-21T08:19:18.044+0000] {manager.py:504} INFO - Created Permission View: can edit on DAG:example_sensors
[2023-11-21T08:19:18.069+0000] {logging_mixin.py:137} INFO - [2023-11-21T08:19:18.068+0000] {manager.py:504} INFO - Created Permission View: can read on DAG:example_sensors
[2023-11-21T08:19:18.085+0000] {logging_mixin.py:137} INFO - [2023-11-21T08:19:18.084+0000] {manager.py:504} INFO - Created Permission View: can delete on DAG:example_sensors
[2023-11-21T08:19:18.086+0000] {logging_mixin.py:137} INFO - [2023-11-21T08:19:18.086+0000] {dag.py:2693} INFO - Sync 1 DAGs
[2023-11-21T08:19:18.110+0000] {logging_mixin.py:137} INFO - [2023-11-21T08:19:18.109+0000] {dag.py:2714} INFO - Creating ORM DAG for example_sensors
[2023-11-21T08:19:18.130+0000] {logging_mixin.py:137} INFO - [2023-11-21T08:19:18.130+0000] {dag.py:3444} INFO - Setting next_dagrun for example_sensors to None, run_after=None
[2023-11-21T08:19:18.155+0000] {processor.py:175} INFO - Processing /home/airflow/.local/lib/python3.7/site-packages/airflow/example_dags/example_sensors.py took 0.291 seconds
[2023-11-21T08:19:48.424+0000] {processor.py:153} INFO - Started process (PID=95) to work on /home/airflow/.local/lib/python3.7/site-packages/airflow/example_dags/example_sensors.py
[2023-11-21T08:19:48.426+0000] {processor.py:743} INFO - Processing file /home/airflow/.local/lib/python3.7/site-packages/airflow/example_dags/example_sensors.py for tasks to queue
[2023-11-21T08:19:48.427+0000] {logging_mixin.py:137} INFO - [2023-11-21T08:19:48.427+0000] {dagbag.py:532} INFO - Filling up the DagBag from /home/airflow/.local/lib/python3.7/site-packages/airflow/example_dags/example_sensors.py
[2023-11-21T08:19:48.460+0000] {processor.py:753} INFO - DAG(s) dict_keys(['example_sensors']) retrieved from /home/airflow/.local/lib/python3.7/site-packages/airflow/example_dags/example_sensors.py
[2023-11-21T08:19:48.501+0000] {logging_mixin.py:137} INFO - [2023-11-21T08:19:48.501+0000] {dag.py:2693} INFO - Sync 1 DAGs
[2023-11-21T08:19:48.533+0000] {logging_mixin.py:137} INFO - [2023-11-21T08:19:48.533+0000] {dag.py:3444} INFO - Setting next_dagrun for example_sensors to None, run_after=None
[2023-11-21T08:19:48.561+0000] {processor.py:175} INFO - Processing /home/airflow/.local/lib/python3.7/site-packages/airflow/example_dags/example_sensors.py took 0.142 seconds
[2023-11-21T08:20:18.717+0000] {processor.py:153} INFO - Started process (PID=144) to work on /home/airflow/.local/lib/python3.7/site-packages/airflow/example_dags/example_sensors.py
[2023-11-21T08:20:18.718+0000] {processor.py:743} INFO - Processing file /home/airflow/.local/lib/python3.7/site-packages/airflow/example_dags/example_sensors.py for tasks to queue
[2023-11-21T08:20:18.718+0000] {logging_mixin.py:137} INFO - [2023-11-21T08:20:18.718+0000] {dagbag.py:532} INFO - Filling up the DagBag from /home/airflow/.local/lib/python3.7/site-packages/airflow/example_dags/example_sensors.py
[2023-11-21T08:20:18.732+0000] {processor.py:753} INFO - DAG(s) dict_keys(['example_sensors']) retrieved from /home/airflow/.local/lib/python3.7/site-packages/airflow/example_dags/example_sensors.py
[2023-11-21T08:20:18.753+0000] {logging_mixin.py:137} INFO - [2023-11-21T08:20:18.753+0000] {dag.py:2693} INFO - Sync 1 DAGs
[2023-11-21T08:20:18.769+0000] {logging_mixin.py:137} INFO - [2023-11-21T08:20:18.769+0000] {dag.py:3444} INFO - Setting next_dagrun for example_sensors to None, run_after=None
[2023-11-21T08:20:18.784+0000] {processor.py:175} INFO - Processing /home/airflow/.local/lib/python3.7/site-packages/airflow/example_dags/example_sensors.py took 0.069 seconds
[2023-11-21T08:20:49.654+0000] {processor.py:153} INFO - Started process (PID=194) to work on /home/airflow/.local/lib/python3.7/site-packages/airflow/example_dags/example_sensors.py
[2023-11-21T08:20:49.659+0000] {processor.py:743} INFO - Processing file /home/airflow/.local/lib/python3.7/site-packages/airflow/example_dags/example_sensors.py for tasks to queue
[2023-11-21T08:20:49.661+0000] {logging_mixin.py:137} INFO - [2023-11-21T08:20:49.660+0000] {dagbag.py:532} INFO - Filling up the DagBag from /home/airflow/.local/lib/python3.7/site-packages/airflow/example_dags/example_sensors.py
[2023-11-21T08:20:49.686+0000] {processor.py:753} INFO - DAG(s) dict_keys(['example_sensors']) retrieved from /home/airflow/.local/lib/python3.7/site-packages/airflow/example_dags/example_sensors.py
[2023-11-21T08:20:49.724+0000] {logging_mixin.py:137} INFO - [2023-11-21T08:20:49.724+0000] {dag.py:2693} INFO - Sync 1 DAGs
[2023-11-21T08:20:49.744+0000] {logging_mixin.py:137} INFO - [2023-11-21T08:20:49.744+0000] {dag.py:3444} INFO - Setting next_dagrun for example_sensors to None, run_after=None
[2023-11-21T08:20:49.760+0000] {processor.py:175} INFO - Processing /home/airflow/.local/lib/python3.7/site-packages/airflow/example_dags/example_sensors.py took 0.110 seconds
