[2023-11-21T08:05:48.865+0000] {processor.py:153} INFO - Started process (PID=60) to work on /home/airflow/.local/lib/python3.7/site-packages/airflow/example_dags/example_branch_day_of_week_operator.py
[2023-11-21T08:05:48.869+0000] {processor.py:743} INFO - Processing file /home/airflow/.local/lib/python3.7/site-packages/airflow/example_dags/example_branch_day_of_week_operator.py for tasks to queue
[2023-11-21T08:05:48.870+0000] {logging_mixin.py:137} INFO - [2023-11-21T08:05:48.870+0000] {dagbag.py:532} INFO - Filling up the DagBag from /home/airflow/.local/lib/python3.7/site-packages/airflow/example_dags/example_branch_day_of_week_operator.py
[2023-11-21T08:05:48.896+0000] {processor.py:753} INFO - DAG(s) dict_keys(['example_weekday_branch_operator']) retrieved from /home/airflow/.local/lib/python3.7/site-packages/airflow/example_dags/example_branch_day_of_week_operator.py
[2023-11-21T08:05:48.920+0000] {logging_mixin.py:137} INFO - [2023-11-21T08:05:48.920+0000] {dag.py:2693} INFO - Sync 1 DAGs
[2023-11-21T08:05:48.952+0000] {logging_mixin.py:137} INFO - [2023-11-21T08:05:48.952+0000] {dag.py:3444} INFO - Setting next_dagrun for example_weekday_branch_operator to 2023-11-20T00:00:00+00:00, run_after=2023-11-21T00:00:00+00:00
[2023-11-21T08:05:49.001+0000] {processor.py:175} INFO - Processing /home/airflow/.local/lib/python3.7/site-packages/airflow/example_dags/example_branch_day_of_week_operator.py took 0.141 seconds
[2023-11-21T08:06:19.570+0000] {processor.py:153} INFO - Started process (PID=109) to work on /home/airflow/.local/lib/python3.7/site-packages/airflow/example_dags/example_branch_day_of_week_operator.py
[2023-11-21T08:06:19.571+0000] {processor.py:743} INFO - Processing file /home/airflow/.local/lib/python3.7/site-packages/airflow/example_dags/example_branch_day_of_week_operator.py for tasks to queue
[2023-11-21T08:06:19.571+0000] {logging_mixin.py:137} INFO - [2023-11-21T08:06:19.571+0000] {dagbag.py:532} INFO - Filling up the DagBag from /home/airflow/.local/lib/python3.7/site-packages/airflow/example_dags/example_branch_day_of_week_operator.py
[2023-11-21T08:06:19.581+0000] {processor.py:753} INFO - DAG(s) dict_keys(['example_weekday_branch_operator']) retrieved from /home/airflow/.local/lib/python3.7/site-packages/airflow/example_dags/example_branch_day_of_week_operator.py
[2023-11-21T08:06:19.599+0000] {logging_mixin.py:137} INFO - [2023-11-21T08:06:19.599+0000] {dag.py:2693} INFO - Sync 1 DAGs
[2023-11-21T08:06:19.615+0000] {logging_mixin.py:137} INFO - [2023-11-21T08:06:19.615+0000] {dag.py:3444} INFO - Setting next_dagrun for example_weekday_branch_operator to 2023-11-20T00:00:00+00:00, run_after=2023-11-21T00:00:00+00:00
[2023-11-21T08:06:19.625+0000] {processor.py:175} INFO - Processing /home/airflow/.local/lib/python3.7/site-packages/airflow/example_dags/example_branch_day_of_week_operator.py took 0.057 seconds
[2023-11-21T08:06:50.613+0000] {processor.py:153} INFO - Started process (PID=158) to work on /home/airflow/.local/lib/python3.7/site-packages/airflow/example_dags/example_branch_day_of_week_operator.py
[2023-11-21T08:06:50.614+0000] {processor.py:743} INFO - Processing file /home/airflow/.local/lib/python3.7/site-packages/airflow/example_dags/example_branch_day_of_week_operator.py for tasks to queue
[2023-11-21T08:06:50.615+0000] {logging_mixin.py:137} INFO - [2023-11-21T08:06:50.615+0000] {dagbag.py:532} INFO - Filling up the DagBag from /home/airflow/.local/lib/python3.7/site-packages/airflow/example_dags/example_branch_day_of_week_operator.py
[2023-11-21T08:06:50.625+0000] {processor.py:753} INFO - DAG(s) dict_keys(['example_weekday_branch_operator']) retrieved from /home/airflow/.local/lib/python3.7/site-packages/airflow/example_dags/example_branch_day_of_week_operator.py
[2023-11-21T08:06:50.641+0000] {logging_mixin.py:137} INFO - [2023-11-21T08:06:50.641+0000] {dag.py:2693} INFO - Sync 1 DAGs
[2023-11-21T08:06:50.659+0000] {logging_mixin.py:137} INFO - [2023-11-21T08:06:50.659+0000] {dag.py:3444} INFO - Setting next_dagrun for example_weekday_branch_operator to 2023-11-20T00:00:00+00:00, run_after=2023-11-21T00:00:00+00:00
[2023-11-21T08:06:50.669+0000] {processor.py:175} INFO - Processing /home/airflow/.local/lib/python3.7/site-packages/airflow/example_dags/example_branch_day_of_week_operator.py took 0.059 seconds
[2023-11-21T08:07:21.387+0000] {processor.py:153} INFO - Started process (PID=207) to work on /home/airflow/.local/lib/python3.7/site-packages/airflow/example_dags/example_branch_day_of_week_operator.py
[2023-11-21T08:07:21.387+0000] {processor.py:743} INFO - Processing file /home/airflow/.local/lib/python3.7/site-packages/airflow/example_dags/example_branch_day_of_week_operator.py for tasks to queue
[2023-11-21T08:07:21.388+0000] {logging_mixin.py:137} INFO - [2023-11-21T08:07:21.388+0000] {dagbag.py:532} INFO - Filling up the DagBag from /home/airflow/.local/lib/python3.7/site-packages/airflow/example_dags/example_branch_day_of_week_operator.py
[2023-11-21T08:07:21.397+0000] {processor.py:753} INFO - DAG(s) dict_keys(['example_weekday_branch_operator']) retrieved from /home/airflow/.local/lib/python3.7/site-packages/airflow/example_dags/example_branch_day_of_week_operator.py
[2023-11-21T08:07:21.413+0000] {logging_mixin.py:137} INFO - [2023-11-21T08:07:21.413+0000] {dag.py:2693} INFO - Sync 1 DAGs
[2023-11-21T08:07:21.429+0000] {logging_mixin.py:137} INFO - [2023-11-21T08:07:21.429+0000] {dag.py:3444} INFO - Setting next_dagrun for example_weekday_branch_operator to 2023-11-20T00:00:00+00:00, run_after=2023-11-21T00:00:00+00:00
[2023-11-21T08:07:21.440+0000] {processor.py:175} INFO - Processing /home/airflow/.local/lib/python3.7/site-packages/airflow/example_dags/example_branch_day_of_week_operator.py took 0.055 seconds
[2023-11-21T08:07:52.175+0000] {processor.py:153} INFO - Started process (PID=256) to work on /home/airflow/.local/lib/python3.7/site-packages/airflow/example_dags/example_branch_day_of_week_operator.py
[2023-11-21T08:07:52.176+0000] {processor.py:743} INFO - Processing file /home/airflow/.local/lib/python3.7/site-packages/airflow/example_dags/example_branch_day_of_week_operator.py for tasks to queue
[2023-11-21T08:07:52.177+0000] {logging_mixin.py:137} INFO - [2023-11-21T08:07:52.177+0000] {dagbag.py:532} INFO - Filling up the DagBag from /home/airflow/.local/lib/python3.7/site-packages/airflow/example_dags/example_branch_day_of_week_operator.py
[2023-11-21T08:07:52.187+0000] {processor.py:753} INFO - DAG(s) dict_keys(['example_weekday_branch_operator']) retrieved from /home/airflow/.local/lib/python3.7/site-packages/airflow/example_dags/example_branch_day_of_week_operator.py
[2023-11-21T08:07:52.205+0000] {logging_mixin.py:137} INFO - [2023-11-21T08:07:52.205+0000] {dag.py:2693} INFO - Sync 1 DAGs
[2023-11-21T08:07:52.221+0000] {logging_mixin.py:137} INFO - [2023-11-21T08:07:52.220+0000] {dag.py:3444} INFO - Setting next_dagrun for example_weekday_branch_operator to 2023-11-20T00:00:00+00:00, run_after=2023-11-21T00:00:00+00:00
[2023-11-21T08:07:52.232+0000] {processor.py:175} INFO - Processing /home/airflow/.local/lib/python3.7/site-packages/airflow/example_dags/example_branch_day_of_week_operator.py took 0.059 seconds
[2023-11-21T08:08:22.999+0000] {processor.py:153} INFO - Started process (PID=305) to work on /home/airflow/.local/lib/python3.7/site-packages/airflow/example_dags/example_branch_day_of_week_operator.py
[2023-11-21T08:08:23.000+0000] {processor.py:743} INFO - Processing file /home/airflow/.local/lib/python3.7/site-packages/airflow/example_dags/example_branch_day_of_week_operator.py for tasks to queue
[2023-11-21T08:08:23.001+0000] {logging_mixin.py:137} INFO - [2023-11-21T08:08:23.001+0000] {dagbag.py:532} INFO - Filling up the DagBag from /home/airflow/.local/lib/python3.7/site-packages/airflow/example_dags/example_branch_day_of_week_operator.py
[2023-11-21T08:08:23.010+0000] {processor.py:753} INFO - DAG(s) dict_keys(['example_weekday_branch_operator']) retrieved from /home/airflow/.local/lib/python3.7/site-packages/airflow/example_dags/example_branch_day_of_week_operator.py
[2023-11-21T08:08:23.026+0000] {logging_mixin.py:137} INFO - [2023-11-21T08:08:23.026+0000] {dag.py:2693} INFO - Sync 1 DAGs
[2023-11-21T08:08:23.043+0000] {logging_mixin.py:137} INFO - [2023-11-21T08:08:23.043+0000] {dag.py:3444} INFO - Setting next_dagrun for example_weekday_branch_operator to 2023-11-20T00:00:00+00:00, run_after=2023-11-21T00:00:00+00:00
[2023-11-21T08:08:23.053+0000] {processor.py:175} INFO - Processing /home/airflow/.local/lib/python3.7/site-packages/airflow/example_dags/example_branch_day_of_week_operator.py took 0.056 seconds
[2023-11-21T08:08:53.784+0000] {processor.py:153} INFO - Started process (PID=354) to work on /home/airflow/.local/lib/python3.7/site-packages/airflow/example_dags/example_branch_day_of_week_operator.py
[2023-11-21T08:08:53.784+0000] {processor.py:743} INFO - Processing file /home/airflow/.local/lib/python3.7/site-packages/airflow/example_dags/example_branch_day_of_week_operator.py for tasks to queue
[2023-11-21T08:08:53.785+0000] {logging_mixin.py:137} INFO - [2023-11-21T08:08:53.785+0000] {dagbag.py:532} INFO - Filling up the DagBag from /home/airflow/.local/lib/python3.7/site-packages/airflow/example_dags/example_branch_day_of_week_operator.py
[2023-11-21T08:08:53.795+0000] {processor.py:753} INFO - DAG(s) dict_keys(['example_weekday_branch_operator']) retrieved from /home/airflow/.local/lib/python3.7/site-packages/airflow/example_dags/example_branch_day_of_week_operator.py
[2023-11-21T08:08:53.811+0000] {logging_mixin.py:137} INFO - [2023-11-21T08:08:53.811+0000] {dag.py:2693} INFO - Sync 1 DAGs
[2023-11-21T08:08:53.827+0000] {logging_mixin.py:137} INFO - [2023-11-21T08:08:53.827+0000] {dag.py:3444} INFO - Setting next_dagrun for example_weekday_branch_operator to 2023-11-20T00:00:00+00:00, run_after=2023-11-21T00:00:00+00:00
[2023-11-21T08:08:53.837+0000] {processor.py:175} INFO - Processing /home/airflow/.local/lib/python3.7/site-packages/airflow/example_dags/example_branch_day_of_week_operator.py took 0.055 seconds
[2023-11-21T08:09:24.527+0000] {processor.py:153} INFO - Started process (PID=403) to work on /home/airflow/.local/lib/python3.7/site-packages/airflow/example_dags/example_branch_day_of_week_operator.py
[2023-11-21T08:09:24.527+0000] {processor.py:743} INFO - Processing file /home/airflow/.local/lib/python3.7/site-packages/airflow/example_dags/example_branch_day_of_week_operator.py for tasks to queue
[2023-11-21T08:09:24.528+0000] {logging_mixin.py:137} INFO - [2023-11-21T08:09:24.528+0000] {dagbag.py:532} INFO - Filling up the DagBag from /home/airflow/.local/lib/python3.7/site-packages/airflow/example_dags/example_branch_day_of_week_operator.py
[2023-11-21T08:09:24.538+0000] {processor.py:753} INFO - DAG(s) dict_keys(['example_weekday_branch_operator']) retrieved from /home/airflow/.local/lib/python3.7/site-packages/airflow/example_dags/example_branch_day_of_week_operator.py
[2023-11-21T08:09:24.554+0000] {logging_mixin.py:137} INFO - [2023-11-21T08:09:24.554+0000] {dag.py:2693} INFO - Sync 1 DAGs
[2023-11-21T08:09:24.570+0000] {logging_mixin.py:137} INFO - [2023-11-21T08:09:24.570+0000] {dag.py:3444} INFO - Setting next_dagrun for example_weekday_branch_operator to 2023-11-20T00:00:00+00:00, run_after=2023-11-21T00:00:00+00:00
[2023-11-21T08:09:24.581+0000] {processor.py:175} INFO - Processing /home/airflow/.local/lib/python3.7/site-packages/airflow/example_dags/example_branch_day_of_week_operator.py took 0.057 seconds
[2023-11-21T08:09:55.314+0000] {processor.py:153} INFO - Started process (PID=452) to work on /home/airflow/.local/lib/python3.7/site-packages/airflow/example_dags/example_branch_day_of_week_operator.py
[2023-11-21T08:09:55.315+0000] {processor.py:743} INFO - Processing file /home/airflow/.local/lib/python3.7/site-packages/airflow/example_dags/example_branch_day_of_week_operator.py for tasks to queue
[2023-11-21T08:09:55.315+0000] {logging_mixin.py:137} INFO - [2023-11-21T08:09:55.315+0000] {dagbag.py:532} INFO - Filling up the DagBag from /home/airflow/.local/lib/python3.7/site-packages/airflow/example_dags/example_branch_day_of_week_operator.py
[2023-11-21T08:09:55.325+0000] {processor.py:753} INFO - DAG(s) dict_keys(['example_weekday_branch_operator']) retrieved from /home/airflow/.local/lib/python3.7/site-packages/airflow/example_dags/example_branch_day_of_week_operator.py
[2023-11-21T08:09:55.341+0000] {logging_mixin.py:137} INFO - [2023-11-21T08:09:55.341+0000] {dag.py:2693} INFO - Sync 1 DAGs
[2023-11-21T08:09:55.358+0000] {logging_mixin.py:137} INFO - [2023-11-21T08:09:55.358+0000] {dag.py:3444} INFO - Setting next_dagrun for example_weekday_branch_operator to 2023-11-20T00:00:00+00:00, run_after=2023-11-21T00:00:00+00:00
[2023-11-21T08:09:55.369+0000] {processor.py:175} INFO - Processing /home/airflow/.local/lib/python3.7/site-packages/airflow/example_dags/example_branch_day_of_week_operator.py took 0.057 seconds
[2023-11-21T08:10:26.223+0000] {processor.py:153} INFO - Started process (PID=501) to work on /home/airflow/.local/lib/python3.7/site-packages/airflow/example_dags/example_branch_day_of_week_operator.py
[2023-11-21T08:10:26.224+0000] {processor.py:743} INFO - Processing file /home/airflow/.local/lib/python3.7/site-packages/airflow/example_dags/example_branch_day_of_week_operator.py for tasks to queue
[2023-11-21T08:10:26.225+0000] {logging_mixin.py:137} INFO - [2023-11-21T08:10:26.225+0000] {dagbag.py:532} INFO - Filling up the DagBag from /home/airflow/.local/lib/python3.7/site-packages/airflow/example_dags/example_branch_day_of_week_operator.py
[2023-11-21T08:10:26.236+0000] {processor.py:753} INFO - DAG(s) dict_keys(['example_weekday_branch_operator']) retrieved from /home/airflow/.local/lib/python3.7/site-packages/airflow/example_dags/example_branch_day_of_week_operator.py
[2023-11-21T08:10:26.261+0000] {logging_mixin.py:137} INFO - [2023-11-21T08:10:26.261+0000] {dag.py:2693} INFO - Sync 1 DAGs
[2023-11-21T08:10:26.282+0000] {logging_mixin.py:137} INFO - [2023-11-21T08:10:26.281+0000] {dag.py:3444} INFO - Setting next_dagrun for example_weekday_branch_operator to 2023-11-20T00:00:00+00:00, run_after=2023-11-21T00:00:00+00:00
[2023-11-21T08:10:26.297+0000] {processor.py:175} INFO - Processing /home/airflow/.local/lib/python3.7/site-packages/airflow/example_dags/example_branch_day_of_week_operator.py took 0.077 seconds
[2023-11-21T08:10:56.383+0000] {processor.py:153} INFO - Started process (PID=550) to work on /home/airflow/.local/lib/python3.7/site-packages/airflow/example_dags/example_branch_day_of_week_operator.py
[2023-11-21T08:10:56.384+0000] {processor.py:743} INFO - Processing file /home/airflow/.local/lib/python3.7/site-packages/airflow/example_dags/example_branch_day_of_week_operator.py for tasks to queue
[2023-11-21T08:10:56.385+0000] {logging_mixin.py:137} INFO - [2023-11-21T08:10:56.385+0000] {dagbag.py:532} INFO - Filling up the DagBag from /home/airflow/.local/lib/python3.7/site-packages/airflow/example_dags/example_branch_day_of_week_operator.py
[2023-11-21T08:10:56.393+0000] {processor.py:753} INFO - DAG(s) dict_keys(['example_weekday_branch_operator']) retrieved from /home/airflow/.local/lib/python3.7/site-packages/airflow/example_dags/example_branch_day_of_week_operator.py
[2023-11-21T08:10:56.409+0000] {logging_mixin.py:137} INFO - [2023-11-21T08:10:56.409+0000] {dag.py:2693} INFO - Sync 1 DAGs
[2023-11-21T08:10:56.423+0000] {logging_mixin.py:137} INFO - [2023-11-21T08:10:56.423+0000] {dag.py:3444} INFO - Setting next_dagrun for example_weekday_branch_operator to 2023-11-20T00:00:00+00:00, run_after=2023-11-21T00:00:00+00:00
[2023-11-21T08:10:56.433+0000] {processor.py:175} INFO - Processing /home/airflow/.local/lib/python3.7/site-packages/airflow/example_dags/example_branch_day_of_week_operator.py took 0.052 seconds
[2023-11-21T08:11:26.534+0000] {processor.py:153} INFO - Started process (PID=599) to work on /home/airflow/.local/lib/python3.7/site-packages/airflow/example_dags/example_branch_day_of_week_operator.py
[2023-11-21T08:11:26.534+0000] {processor.py:743} INFO - Processing file /home/airflow/.local/lib/python3.7/site-packages/airflow/example_dags/example_branch_day_of_week_operator.py for tasks to queue
[2023-11-21T08:11:26.535+0000] {logging_mixin.py:137} INFO - [2023-11-21T08:11:26.535+0000] {dagbag.py:532} INFO - Filling up the DagBag from /home/airflow/.local/lib/python3.7/site-packages/airflow/example_dags/example_branch_day_of_week_operator.py
[2023-11-21T08:11:26.544+0000] {processor.py:753} INFO - DAG(s) dict_keys(['example_weekday_branch_operator']) retrieved from /home/airflow/.local/lib/python3.7/site-packages/airflow/example_dags/example_branch_day_of_week_operator.py
[2023-11-21T08:11:26.559+0000] {logging_mixin.py:137} INFO - [2023-11-21T08:11:26.559+0000] {dag.py:2693} INFO - Sync 1 DAGs
[2023-11-21T08:11:26.575+0000] {logging_mixin.py:137} INFO - [2023-11-21T08:11:26.575+0000] {dag.py:3444} INFO - Setting next_dagrun for example_weekday_branch_operator to 2023-11-20T00:00:00+00:00, run_after=2023-11-21T00:00:00+00:00
[2023-11-21T08:11:26.586+0000] {processor.py:175} INFO - Processing /home/airflow/.local/lib/python3.7/site-packages/airflow/example_dags/example_branch_day_of_week_operator.py took 0.055 seconds
[2023-11-21T08:11:56.657+0000] {processor.py:153} INFO - Started process (PID=648) to work on /home/airflow/.local/lib/python3.7/site-packages/airflow/example_dags/example_branch_day_of_week_operator.py
[2023-11-21T08:11:56.657+0000] {processor.py:743} INFO - Processing file /home/airflow/.local/lib/python3.7/site-packages/airflow/example_dags/example_branch_day_of_week_operator.py for tasks to queue
[2023-11-21T08:11:56.658+0000] {logging_mixin.py:137} INFO - [2023-11-21T08:11:56.658+0000] {dagbag.py:532} INFO - Filling up the DagBag from /home/airflow/.local/lib/python3.7/site-packages/airflow/example_dags/example_branch_day_of_week_operator.py
[2023-11-21T08:11:56.666+0000] {processor.py:753} INFO - DAG(s) dict_keys(['example_weekday_branch_operator']) retrieved from /home/airflow/.local/lib/python3.7/site-packages/airflow/example_dags/example_branch_day_of_week_operator.py
[2023-11-21T08:11:56.682+0000] {logging_mixin.py:137} INFO - [2023-11-21T08:11:56.682+0000] {dag.py:2693} INFO - Sync 1 DAGs
[2023-11-21T08:11:56.698+0000] {logging_mixin.py:137} INFO - [2023-11-21T08:11:56.698+0000] {dag.py:3444} INFO - Setting next_dagrun for example_weekday_branch_operator to 2023-11-20T00:00:00+00:00, run_after=2023-11-21T00:00:00+00:00
[2023-11-21T08:11:56.709+0000] {processor.py:175} INFO - Processing /home/airflow/.local/lib/python3.7/site-packages/airflow/example_dags/example_branch_day_of_week_operator.py took 0.056 seconds
[2023-11-21T08:12:26.795+0000] {processor.py:153} INFO - Started process (PID=697) to work on /home/airflow/.local/lib/python3.7/site-packages/airflow/example_dags/example_branch_day_of_week_operator.py
[2023-11-21T08:12:26.796+0000] {processor.py:743} INFO - Processing file /home/airflow/.local/lib/python3.7/site-packages/airflow/example_dags/example_branch_day_of_week_operator.py for tasks to queue
[2023-11-21T08:12:26.796+0000] {logging_mixin.py:137} INFO - [2023-11-21T08:12:26.796+0000] {dagbag.py:532} INFO - Filling up the DagBag from /home/airflow/.local/lib/python3.7/site-packages/airflow/example_dags/example_branch_day_of_week_operator.py
[2023-11-21T08:12:26.806+0000] {processor.py:753} INFO - DAG(s) dict_keys(['example_weekday_branch_operator']) retrieved from /home/airflow/.local/lib/python3.7/site-packages/airflow/example_dags/example_branch_day_of_week_operator.py
[2023-11-21T08:12:26.821+0000] {logging_mixin.py:137} INFO - [2023-11-21T08:12:26.821+0000] {dag.py:2693} INFO - Sync 1 DAGs
[2023-11-21T08:12:26.835+0000] {logging_mixin.py:137} INFO - [2023-11-21T08:12:26.835+0000] {dag.py:3444} INFO - Setting next_dagrun for example_weekday_branch_operator to 2023-11-20T00:00:00+00:00, run_after=2023-11-21T00:00:00+00:00
[2023-11-21T08:12:26.845+0000] {processor.py:175} INFO - Processing /home/airflow/.local/lib/python3.7/site-packages/airflow/example_dags/example_branch_day_of_week_operator.py took 0.052 seconds
[2023-11-21T08:19:20.528+0000] {processor.py:153} INFO - Started process (PID=60) to work on /home/airflow/.local/lib/python3.7/site-packages/airflow/example_dags/example_branch_day_of_week_operator.py
[2023-11-21T08:19:20.529+0000] {processor.py:743} INFO - Processing file /home/airflow/.local/lib/python3.7/site-packages/airflow/example_dags/example_branch_day_of_week_operator.py for tasks to queue
[2023-11-21T08:19:20.530+0000] {logging_mixin.py:137} INFO - [2023-11-21T08:19:20.530+0000] {dagbag.py:532} INFO - Filling up the DagBag from /home/airflow/.local/lib/python3.7/site-packages/airflow/example_dags/example_branch_day_of_week_operator.py
[2023-11-21T08:19:20.555+0000] {processor.py:753} INFO - DAG(s) dict_keys(['example_weekday_branch_operator']) retrieved from /home/airflow/.local/lib/python3.7/site-packages/airflow/example_dags/example_branch_day_of_week_operator.py
[2023-11-21T08:19:20.725+0000] {logging_mixin.py:137} INFO - [2023-11-21T08:19:20.725+0000] {manager.py:504} INFO - Created Permission View: can edit on DAG:example_weekday_branch_operator
[2023-11-21T08:19:20.734+0000] {logging_mixin.py:137} INFO - [2023-11-21T08:19:20.734+0000] {manager.py:504} INFO - Created Permission View: can read on DAG:example_weekday_branch_operator
[2023-11-21T08:19:20.741+0000] {logging_mixin.py:137} INFO - [2023-11-21T08:19:20.741+0000] {manager.py:504} INFO - Created Permission View: can delete on DAG:example_weekday_branch_operator
[2023-11-21T08:19:20.741+0000] {logging_mixin.py:137} INFO - [2023-11-21T08:19:20.741+0000] {dag.py:2693} INFO - Sync 1 DAGs
[2023-11-21T08:19:20.752+0000] {logging_mixin.py:137} INFO - [2023-11-21T08:19:20.752+0000] {dag.py:2714} INFO - Creating ORM DAG for example_weekday_branch_operator
[2023-11-21T08:19:20.764+0000] {logging_mixin.py:137} INFO - [2023-11-21T08:19:20.764+0000] {dag.py:3444} INFO - Setting next_dagrun for example_weekday_branch_operator to 2023-11-20T00:00:00+00:00, run_after=2023-11-21T00:00:00+00:00
[2023-11-21T08:19:20.787+0000] {processor.py:175} INFO - Processing /home/airflow/.local/lib/python3.7/site-packages/airflow/example_dags/example_branch_day_of_week_operator.py took 0.262 seconds
[2023-11-21T08:19:50.892+0000] {processor.py:153} INFO - Started process (PID=109) to work on /home/airflow/.local/lib/python3.7/site-packages/airflow/example_dags/example_branch_day_of_week_operator.py
[2023-11-21T08:19:50.894+0000] {processor.py:743} INFO - Processing file /home/airflow/.local/lib/python3.7/site-packages/airflow/example_dags/example_branch_day_of_week_operator.py for tasks to queue
[2023-11-21T08:19:50.894+0000] {logging_mixin.py:137} INFO - [2023-11-21T08:19:50.894+0000] {dagbag.py:532} INFO - Filling up the DagBag from /home/airflow/.local/lib/python3.7/site-packages/airflow/example_dags/example_branch_day_of_week_operator.py
[2023-11-21T08:19:50.910+0000] {processor.py:753} INFO - DAG(s) dict_keys(['example_weekday_branch_operator']) retrieved from /home/airflow/.local/lib/python3.7/site-packages/airflow/example_dags/example_branch_day_of_week_operator.py
[2023-11-21T08:19:51.014+0000] {logging_mixin.py:137} INFO - [2023-11-21T08:19:51.014+0000] {dag.py:2693} INFO - Sync 1 DAGs
[2023-11-21T08:19:51.047+0000] {logging_mixin.py:137} INFO - [2023-11-21T08:19:51.046+0000] {dag.py:3444} INFO - Setting next_dagrun for example_weekday_branch_operator to 2023-11-20T00:00:00+00:00, run_after=2023-11-21T00:00:00+00:00
[2023-11-21T08:19:51.090+0000] {processor.py:175} INFO - Processing /home/airflow/.local/lib/python3.7/site-packages/airflow/example_dags/example_branch_day_of_week_operator.py took 0.200 seconds
[2023-11-21T08:20:21.428+0000] {processor.py:153} INFO - Started process (PID=158) to work on /home/airflow/.local/lib/python3.7/site-packages/airflow/example_dags/example_branch_day_of_week_operator.py
[2023-11-21T08:20:21.429+0000] {processor.py:743} INFO - Processing file /home/airflow/.local/lib/python3.7/site-packages/airflow/example_dags/example_branch_day_of_week_operator.py for tasks to queue
[2023-11-21T08:20:21.430+0000] {logging_mixin.py:137} INFO - [2023-11-21T08:20:21.430+0000] {dagbag.py:532} INFO - Filling up the DagBag from /home/airflow/.local/lib/python3.7/site-packages/airflow/example_dags/example_branch_day_of_week_operator.py
[2023-11-21T08:20:21.441+0000] {processor.py:753} INFO - DAG(s) dict_keys(['example_weekday_branch_operator']) retrieved from /home/airflow/.local/lib/python3.7/site-packages/airflow/example_dags/example_branch_day_of_week_operator.py
[2023-11-21T08:20:21.468+0000] {logging_mixin.py:137} INFO - [2023-11-21T08:20:21.468+0000] {dag.py:2693} INFO - Sync 1 DAGs
[2023-11-21T08:20:21.486+0000] {logging_mixin.py:137} INFO - [2023-11-21T08:20:21.486+0000] {dag.py:3444} INFO - Setting next_dagrun for example_weekday_branch_operator to 2023-11-20T00:00:00+00:00, run_after=2023-11-21T00:00:00+00:00
[2023-11-21T08:20:21.499+0000] {processor.py:175} INFO - Processing /home/airflow/.local/lib/python3.7/site-packages/airflow/example_dags/example_branch_day_of_week_operator.py took 0.074 seconds
[2023-11-21T08:20:51.722+0000] {processor.py:153} INFO - Started process (PID=208) to work on /home/airflow/.local/lib/python3.7/site-packages/airflow/example_dags/example_branch_day_of_week_operator.py
[2023-11-21T08:20:51.723+0000] {processor.py:743} INFO - Processing file /home/airflow/.local/lib/python3.7/site-packages/airflow/example_dags/example_branch_day_of_week_operator.py for tasks to queue
[2023-11-21T08:20:51.724+0000] {logging_mixin.py:137} INFO - [2023-11-21T08:20:51.724+0000] {dagbag.py:532} INFO - Filling up the DagBag from /home/airflow/.local/lib/python3.7/site-packages/airflow/example_dags/example_branch_day_of_week_operator.py
[2023-11-21T08:20:51.736+0000] {processor.py:753} INFO - DAG(s) dict_keys(['example_weekday_branch_operator']) retrieved from /home/airflow/.local/lib/python3.7/site-packages/airflow/example_dags/example_branch_day_of_week_operator.py
[2023-11-21T08:20:51.803+0000] {logging_mixin.py:137} INFO - [2023-11-21T08:20:51.802+0000] {dag.py:2693} INFO - Sync 1 DAGs
[2023-11-21T08:20:51.825+0000] {logging_mixin.py:137} INFO - [2023-11-21T08:20:51.825+0000] {dag.py:3444} INFO - Setting next_dagrun for example_weekday_branch_operator to 2023-11-20T00:00:00+00:00, run_after=2023-11-21T00:00:00+00:00
[2023-11-21T08:20:51.909+0000] {processor.py:175} INFO - Processing /home/airflow/.local/lib/python3.7/site-packages/airflow/example_dags/example_branch_day_of_week_operator.py took 0.190 seconds
