[2023-11-21T08:05:49.305+0000] {processor.py:153} INFO - Started process (PID=65) to work on /home/airflow/.local/lib/python3.7/site-packages/airflow/example_dags/example_xcom.py
[2023-11-21T08:05:49.307+0000] {processor.py:743} INFO - Processing file /home/airflow/.local/lib/python3.7/site-packages/airflow/example_dags/example_xcom.py for tasks to queue
[2023-11-21T08:05:49.309+0000] {logging_mixin.py:137} INFO - [2023-11-21T08:05:49.309+0000] {dagbag.py:532} INFO - Filling up the DagBag from /home/airflow/.local/lib/python3.7/site-packages/airflow/example_dags/example_xcom.py
[2023-11-21T08:05:49.359+0000] {processor.py:753} INFO - DAG(s) dict_keys(['example_xcom']) retrieved from /home/airflow/.local/lib/python3.7/site-packages/airflow/example_dags/example_xcom.py
[2023-11-21T08:05:49.383+0000] {logging_mixin.py:137} INFO - [2023-11-21T08:05:49.383+0000] {dag.py:2693} INFO - Sync 1 DAGs
[2023-11-21T08:05:49.418+0000] {logging_mixin.py:137} INFO - [2023-11-21T08:05:49.418+0000] {dag.py:3444} INFO - Setting next_dagrun for example_xcom to 2021-01-01T00:00:00+00:00, run_after=2021-01-01T00:00:00+00:00
[2023-11-21T08:05:49.439+0000] {processor.py:175} INFO - Processing /home/airflow/.local/lib/python3.7/site-packages/airflow/example_dags/example_xcom.py took 0.139 seconds
[2023-11-21T08:06:19.841+0000] {processor.py:153} INFO - Started process (PID=114) to work on /home/airflow/.local/lib/python3.7/site-packages/airflow/example_dags/example_xcom.py
[2023-11-21T08:06:19.842+0000] {processor.py:743} INFO - Processing file /home/airflow/.local/lib/python3.7/site-packages/airflow/example_dags/example_xcom.py for tasks to queue
[2023-11-21T08:06:19.843+0000] {logging_mixin.py:137} INFO - [2023-11-21T08:06:19.843+0000] {dagbag.py:532} INFO - Filling up the DagBag from /home/airflow/.local/lib/python3.7/site-packages/airflow/example_dags/example_xcom.py
[2023-11-21T08:06:19.864+0000] {processor.py:753} INFO - DAG(s) dict_keys(['example_xcom']) retrieved from /home/airflow/.local/lib/python3.7/site-packages/airflow/example_dags/example_xcom.py
[2023-11-21T08:06:19.891+0000] {logging_mixin.py:137} INFO - [2023-11-21T08:06:19.891+0000] {dag.py:2693} INFO - Sync 1 DAGs
[2023-11-21T08:06:19.909+0000] {logging_mixin.py:137} INFO - [2023-11-21T08:06:19.909+0000] {dag.py:3444} INFO - Setting next_dagrun for example_xcom to 2021-01-01T00:00:00+00:00, run_after=2021-01-01T00:00:00+00:00
[2023-11-21T08:06:19.925+0000] {processor.py:175} INFO - Processing /home/airflow/.local/lib/python3.7/site-packages/airflow/example_dags/example_xcom.py took 0.086 seconds
[2023-11-21T08:06:50.787+0000] {processor.py:153} INFO - Started process (PID=163) to work on /home/airflow/.local/lib/python3.7/site-packages/airflow/example_dags/example_xcom.py
[2023-11-21T08:06:50.788+0000] {processor.py:743} INFO - Processing file /home/airflow/.local/lib/python3.7/site-packages/airflow/example_dags/example_xcom.py for tasks to queue
[2023-11-21T08:06:50.788+0000] {logging_mixin.py:137} INFO - [2023-11-21T08:06:50.788+0000] {dagbag.py:532} INFO - Filling up the DagBag from /home/airflow/.local/lib/python3.7/site-packages/airflow/example_dags/example_xcom.py
[2023-11-21T08:06:50.803+0000] {processor.py:753} INFO - DAG(s) dict_keys(['example_xcom']) retrieved from /home/airflow/.local/lib/python3.7/site-packages/airflow/example_dags/example_xcom.py
[2023-11-21T08:06:50.819+0000] {logging_mixin.py:137} INFO - [2023-11-21T08:06:50.819+0000] {dag.py:2693} INFO - Sync 1 DAGs
[2023-11-21T08:06:50.834+0000] {logging_mixin.py:137} INFO - [2023-11-21T08:06:50.834+0000] {dag.py:3444} INFO - Setting next_dagrun for example_xcom to 2021-01-01T00:00:00+00:00, run_after=2021-01-01T00:00:00+00:00
[2023-11-21T08:06:50.844+0000] {processor.py:175} INFO - Processing /home/airflow/.local/lib/python3.7/site-packages/airflow/example_dags/example_xcom.py took 0.059 seconds
[2023-11-21T08:07:21.559+0000] {processor.py:153} INFO - Started process (PID=212) to work on /home/airflow/.local/lib/python3.7/site-packages/airflow/example_dags/example_xcom.py
[2023-11-21T08:07:21.560+0000] {processor.py:743} INFO - Processing file /home/airflow/.local/lib/python3.7/site-packages/airflow/example_dags/example_xcom.py for tasks to queue
[2023-11-21T08:07:21.561+0000] {logging_mixin.py:137} INFO - [2023-11-21T08:07:21.561+0000] {dagbag.py:532} INFO - Filling up the DagBag from /home/airflow/.local/lib/python3.7/site-packages/airflow/example_dags/example_xcom.py
[2023-11-21T08:07:21.574+0000] {processor.py:753} INFO - DAG(s) dict_keys(['example_xcom']) retrieved from /home/airflow/.local/lib/python3.7/site-packages/airflow/example_dags/example_xcom.py
[2023-11-21T08:07:21.591+0000] {logging_mixin.py:137} INFO - [2023-11-21T08:07:21.591+0000] {dag.py:2693} INFO - Sync 1 DAGs
[2023-11-21T08:07:21.606+0000] {logging_mixin.py:137} INFO - [2023-11-21T08:07:21.606+0000] {dag.py:3444} INFO - Setting next_dagrun for example_xcom to 2021-01-01T00:00:00+00:00, run_after=2021-01-01T00:00:00+00:00
[2023-11-21T08:07:21.617+0000] {processor.py:175} INFO - Processing /home/airflow/.local/lib/python3.7/site-packages/airflow/example_dags/example_xcom.py took 0.060 seconds
[2023-11-21T08:07:52.372+0000] {processor.py:153} INFO - Started process (PID=261) to work on /home/airflow/.local/lib/python3.7/site-packages/airflow/example_dags/example_xcom.py
[2023-11-21T08:07:52.372+0000] {processor.py:743} INFO - Processing file /home/airflow/.local/lib/python3.7/site-packages/airflow/example_dags/example_xcom.py for tasks to queue
[2023-11-21T08:07:52.373+0000] {logging_mixin.py:137} INFO - [2023-11-21T08:07:52.373+0000] {dagbag.py:532} INFO - Filling up the DagBag from /home/airflow/.local/lib/python3.7/site-packages/airflow/example_dags/example_xcom.py
[2023-11-21T08:07:52.387+0000] {processor.py:753} INFO - DAG(s) dict_keys(['example_xcom']) retrieved from /home/airflow/.local/lib/python3.7/site-packages/airflow/example_dags/example_xcom.py
[2023-11-21T08:07:52.404+0000] {logging_mixin.py:137} INFO - [2023-11-21T08:07:52.404+0000] {dag.py:2693} INFO - Sync 1 DAGs
[2023-11-21T08:07:52.420+0000] {logging_mixin.py:137} INFO - [2023-11-21T08:07:52.420+0000] {dag.py:3444} INFO - Setting next_dagrun for example_xcom to 2021-01-01T00:00:00+00:00, run_after=2021-01-01T00:00:00+00:00
[2023-11-21T08:07:52.431+0000] {processor.py:175} INFO - Processing /home/airflow/.local/lib/python3.7/site-packages/airflow/example_dags/example_xcom.py took 0.062 seconds
[2023-11-21T08:08:23.174+0000] {processor.py:153} INFO - Started process (PID=310) to work on /home/airflow/.local/lib/python3.7/site-packages/airflow/example_dags/example_xcom.py
[2023-11-21T08:08:23.175+0000] {processor.py:743} INFO - Processing file /home/airflow/.local/lib/python3.7/site-packages/airflow/example_dags/example_xcom.py for tasks to queue
[2023-11-21T08:08:23.175+0000] {logging_mixin.py:137} INFO - [2023-11-21T08:08:23.175+0000] {dagbag.py:532} INFO - Filling up the DagBag from /home/airflow/.local/lib/python3.7/site-packages/airflow/example_dags/example_xcom.py
[2023-11-21T08:08:23.189+0000] {processor.py:753} INFO - DAG(s) dict_keys(['example_xcom']) retrieved from /home/airflow/.local/lib/python3.7/site-packages/airflow/example_dags/example_xcom.py
[2023-11-21T08:08:23.205+0000] {logging_mixin.py:137} INFO - [2023-11-21T08:08:23.205+0000] {dag.py:2693} INFO - Sync 1 DAGs
[2023-11-21T08:08:23.221+0000] {logging_mixin.py:137} INFO - [2023-11-21T08:08:23.220+0000] {dag.py:3444} INFO - Setting next_dagrun for example_xcom to 2021-01-01T00:00:00+00:00, run_after=2021-01-01T00:00:00+00:00
[2023-11-21T08:08:23.231+0000] {processor.py:175} INFO - Processing /home/airflow/.local/lib/python3.7/site-packages/airflow/example_dags/example_xcom.py took 0.059 seconds
[2023-11-21T08:08:53.955+0000] {processor.py:153} INFO - Started process (PID=359) to work on /home/airflow/.local/lib/python3.7/site-packages/airflow/example_dags/example_xcom.py
[2023-11-21T08:08:53.956+0000] {processor.py:743} INFO - Processing file /home/airflow/.local/lib/python3.7/site-packages/airflow/example_dags/example_xcom.py for tasks to queue
[2023-11-21T08:08:53.957+0000] {logging_mixin.py:137} INFO - [2023-11-21T08:08:53.957+0000] {dagbag.py:532} INFO - Filling up the DagBag from /home/airflow/.local/lib/python3.7/site-packages/airflow/example_dags/example_xcom.py
[2023-11-21T08:08:53.971+0000] {processor.py:753} INFO - DAG(s) dict_keys(['example_xcom']) retrieved from /home/airflow/.local/lib/python3.7/site-packages/airflow/example_dags/example_xcom.py
[2023-11-21T08:08:53.987+0000] {logging_mixin.py:137} INFO - [2023-11-21T08:08:53.987+0000] {dag.py:2693} INFO - Sync 1 DAGs
[2023-11-21T08:08:54.002+0000] {logging_mixin.py:137} INFO - [2023-11-21T08:08:54.002+0000] {dag.py:3444} INFO - Setting next_dagrun for example_xcom to 2021-01-01T00:00:00+00:00, run_after=2021-01-01T00:00:00+00:00
[2023-11-21T08:08:54.012+0000] {processor.py:175} INFO - Processing /home/airflow/.local/lib/python3.7/site-packages/airflow/example_dags/example_xcom.py took 0.059 seconds
[2023-11-21T08:09:24.696+0000] {processor.py:153} INFO - Started process (PID=408) to work on /home/airflow/.local/lib/python3.7/site-packages/airflow/example_dags/example_xcom.py
[2023-11-21T08:09:24.697+0000] {processor.py:743} INFO - Processing file /home/airflow/.local/lib/python3.7/site-packages/airflow/example_dags/example_xcom.py for tasks to queue
[2023-11-21T08:09:24.697+0000] {logging_mixin.py:137} INFO - [2023-11-21T08:09:24.697+0000] {dagbag.py:532} INFO - Filling up the DagBag from /home/airflow/.local/lib/python3.7/site-packages/airflow/example_dags/example_xcom.py
[2023-11-21T08:09:24.711+0000] {processor.py:753} INFO - DAG(s) dict_keys(['example_xcom']) retrieved from /home/airflow/.local/lib/python3.7/site-packages/airflow/example_dags/example_xcom.py
[2023-11-21T08:09:24.727+0000] {logging_mixin.py:137} INFO - [2023-11-21T08:09:24.727+0000] {dag.py:2693} INFO - Sync 1 DAGs
[2023-11-21T08:09:24.742+0000] {logging_mixin.py:137} INFO - [2023-11-21T08:09:24.742+0000] {dag.py:3444} INFO - Setting next_dagrun for example_xcom to 2021-01-01T00:00:00+00:00, run_after=2021-01-01T00:00:00+00:00
[2023-11-21T08:09:24.753+0000] {processor.py:175} INFO - Processing /home/airflow/.local/lib/python3.7/site-packages/airflow/example_dags/example_xcom.py took 0.059 seconds
[2023-11-21T08:09:55.488+0000] {processor.py:153} INFO - Started process (PID=457) to work on /home/airflow/.local/lib/python3.7/site-packages/airflow/example_dags/example_xcom.py
[2023-11-21T08:09:55.488+0000] {processor.py:743} INFO - Processing file /home/airflow/.local/lib/python3.7/site-packages/airflow/example_dags/example_xcom.py for tasks to queue
[2023-11-21T08:09:55.489+0000] {logging_mixin.py:137} INFO - [2023-11-21T08:09:55.489+0000] {dagbag.py:532} INFO - Filling up the DagBag from /home/airflow/.local/lib/python3.7/site-packages/airflow/example_dags/example_xcom.py
[2023-11-21T08:09:55.503+0000] {processor.py:753} INFO - DAG(s) dict_keys(['example_xcom']) retrieved from /home/airflow/.local/lib/python3.7/site-packages/airflow/example_dags/example_xcom.py
[2023-11-21T08:09:55.519+0000] {logging_mixin.py:137} INFO - [2023-11-21T08:09:55.519+0000] {dag.py:2693} INFO - Sync 1 DAGs
[2023-11-21T08:09:55.535+0000] {logging_mixin.py:137} INFO - [2023-11-21T08:09:55.535+0000] {dag.py:3444} INFO - Setting next_dagrun for example_xcom to 2021-01-01T00:00:00+00:00, run_after=2021-01-01T00:00:00+00:00
[2023-11-21T08:09:55.547+0000] {processor.py:175} INFO - Processing /home/airflow/.local/lib/python3.7/site-packages/airflow/example_dags/example_xcom.py took 0.061 seconds
[2023-11-21T08:10:26.447+0000] {processor.py:153} INFO - Started process (PID=506) to work on /home/airflow/.local/lib/python3.7/site-packages/airflow/example_dags/example_xcom.py
[2023-11-21T08:10:26.448+0000] {processor.py:743} INFO - Processing file /home/airflow/.local/lib/python3.7/site-packages/airflow/example_dags/example_xcom.py for tasks to queue
[2023-11-21T08:10:26.448+0000] {logging_mixin.py:137} INFO - [2023-11-21T08:10:26.448+0000] {dagbag.py:532} INFO - Filling up the DagBag from /home/airflow/.local/lib/python3.7/site-packages/airflow/example_dags/example_xcom.py
[2023-11-21T08:10:26.463+0000] {processor.py:753} INFO - DAG(s) dict_keys(['example_xcom']) retrieved from /home/airflow/.local/lib/python3.7/site-packages/airflow/example_dags/example_xcom.py
[2023-11-21T08:10:26.479+0000] {logging_mixin.py:137} INFO - [2023-11-21T08:10:26.479+0000] {dag.py:2693} INFO - Sync 1 DAGs
[2023-11-21T08:10:26.494+0000] {logging_mixin.py:137} INFO - [2023-11-21T08:10:26.494+0000] {dag.py:3444} INFO - Setting next_dagrun for example_xcom to 2021-01-01T00:00:00+00:00, run_after=2021-01-01T00:00:00+00:00
[2023-11-21T08:10:26.505+0000] {processor.py:175} INFO - Processing /home/airflow/.local/lib/python3.7/site-packages/airflow/example_dags/example_xcom.py took 0.061 seconds
[2023-11-21T08:10:56.580+0000] {processor.py:153} INFO - Started process (PID=555) to work on /home/airflow/.local/lib/python3.7/site-packages/airflow/example_dags/example_xcom.py
[2023-11-21T08:10:56.581+0000] {processor.py:743} INFO - Processing file /home/airflow/.local/lib/python3.7/site-packages/airflow/example_dags/example_xcom.py for tasks to queue
[2023-11-21T08:10:56.582+0000] {logging_mixin.py:137} INFO - [2023-11-21T08:10:56.582+0000] {dagbag.py:532} INFO - Filling up the DagBag from /home/airflow/.local/lib/python3.7/site-packages/airflow/example_dags/example_xcom.py
[2023-11-21T08:10:56.595+0000] {processor.py:753} INFO - DAG(s) dict_keys(['example_xcom']) retrieved from /home/airflow/.local/lib/python3.7/site-packages/airflow/example_dags/example_xcom.py
[2023-11-21T08:10:56.609+0000] {logging_mixin.py:137} INFO - [2023-11-21T08:10:56.609+0000] {dag.py:2693} INFO - Sync 1 DAGs
[2023-11-21T08:10:56.623+0000] {logging_mixin.py:137} INFO - [2023-11-21T08:10:56.623+0000] {dag.py:3444} INFO - Setting next_dagrun for example_xcom to 2021-01-01T00:00:00+00:00, run_after=2021-01-01T00:00:00+00:00
[2023-11-21T08:10:56.633+0000] {processor.py:175} INFO - Processing /home/airflow/.local/lib/python3.7/site-packages/airflow/example_dags/example_xcom.py took 0.055 seconds
[2023-11-21T08:11:26.751+0000] {processor.py:153} INFO - Started process (PID=604) to work on /home/airflow/.local/lib/python3.7/site-packages/airflow/example_dags/example_xcom.py
[2023-11-21T08:11:26.752+0000] {processor.py:743} INFO - Processing file /home/airflow/.local/lib/python3.7/site-packages/airflow/example_dags/example_xcom.py for tasks to queue
[2023-11-21T08:11:26.752+0000] {logging_mixin.py:137} INFO - [2023-11-21T08:11:26.752+0000] {dagbag.py:532} INFO - Filling up the DagBag from /home/airflow/.local/lib/python3.7/site-packages/airflow/example_dags/example_xcom.py
[2023-11-21T08:11:26.766+0000] {processor.py:753} INFO - DAG(s) dict_keys(['example_xcom']) retrieved from /home/airflow/.local/lib/python3.7/site-packages/airflow/example_dags/example_xcom.py
[2023-11-21T08:11:26.783+0000] {logging_mixin.py:137} INFO - [2023-11-21T08:11:26.783+0000] {dag.py:2693} INFO - Sync 1 DAGs
[2023-11-21T08:11:26.801+0000] {logging_mixin.py:137} INFO - [2023-11-21T08:11:26.801+0000] {dag.py:3444} INFO - Setting next_dagrun for example_xcom to 2021-01-01T00:00:00+00:00, run_after=2021-01-01T00:00:00+00:00
[2023-11-21T08:11:26.813+0000] {processor.py:175} INFO - Processing /home/airflow/.local/lib/python3.7/site-packages/airflow/example_dags/example_xcom.py took 0.064 seconds
[2023-11-21T08:11:56.874+0000] {processor.py:153} INFO - Started process (PID=653) to work on /home/airflow/.local/lib/python3.7/site-packages/airflow/example_dags/example_xcom.py
[2023-11-21T08:11:56.875+0000] {processor.py:743} INFO - Processing file /home/airflow/.local/lib/python3.7/site-packages/airflow/example_dags/example_xcom.py for tasks to queue
[2023-11-21T08:11:56.875+0000] {logging_mixin.py:137} INFO - [2023-11-21T08:11:56.875+0000] {dagbag.py:532} INFO - Filling up the DagBag from /home/airflow/.local/lib/python3.7/site-packages/airflow/example_dags/example_xcom.py
[2023-11-21T08:11:56.889+0000] {processor.py:753} INFO - DAG(s) dict_keys(['example_xcom']) retrieved from /home/airflow/.local/lib/python3.7/site-packages/airflow/example_dags/example_xcom.py
[2023-11-21T08:11:56.907+0000] {logging_mixin.py:137} INFO - [2023-11-21T08:11:56.907+0000] {dag.py:2693} INFO - Sync 1 DAGs
[2023-11-21T08:11:56.923+0000] {logging_mixin.py:137} INFO - [2023-11-21T08:11:56.923+0000] {dag.py:3444} INFO - Setting next_dagrun for example_xcom to 2021-01-01T00:00:00+00:00, run_after=2021-01-01T00:00:00+00:00
[2023-11-21T08:11:56.934+0000] {processor.py:175} INFO - Processing /home/airflow/.local/lib/python3.7/site-packages/airflow/example_dags/example_xcom.py took 0.062 seconds
[2023-11-21T08:12:27.000+0000] {processor.py:153} INFO - Started process (PID=702) to work on /home/airflow/.local/lib/python3.7/site-packages/airflow/example_dags/example_xcom.py
[2023-11-21T08:12:27.000+0000] {processor.py:743} INFO - Processing file /home/airflow/.local/lib/python3.7/site-packages/airflow/example_dags/example_xcom.py for tasks to queue
[2023-11-21T08:12:27.001+0000] {logging_mixin.py:137} INFO - [2023-11-21T08:12:27.001+0000] {dagbag.py:532} INFO - Filling up the DagBag from /home/airflow/.local/lib/python3.7/site-packages/airflow/example_dags/example_xcom.py
[2023-11-21T08:12:27.015+0000] {processor.py:753} INFO - DAG(s) dict_keys(['example_xcom']) retrieved from /home/airflow/.local/lib/python3.7/site-packages/airflow/example_dags/example_xcom.py
[2023-11-21T08:12:27.031+0000] {logging_mixin.py:137} INFO - [2023-11-21T08:12:27.030+0000] {dag.py:2693} INFO - Sync 1 DAGs
[2023-11-21T08:12:27.044+0000] {logging_mixin.py:137} INFO - [2023-11-21T08:12:27.044+0000] {dag.py:3444} INFO - Setting next_dagrun for example_xcom to 2021-01-01T00:00:00+00:00, run_after=2021-01-01T00:00:00+00:00
[2023-11-21T08:12:27.054+0000] {processor.py:175} INFO - Processing /home/airflow/.local/lib/python3.7/site-packages/airflow/example_dags/example_xcom.py took 0.057 seconds
[2023-11-21T08:19:21.391+0000] {processor.py:153} INFO - Started process (PID=65) to work on /home/airflow/.local/lib/python3.7/site-packages/airflow/example_dags/example_xcom.py
[2023-11-21T08:19:21.394+0000] {processor.py:743} INFO - Processing file /home/airflow/.local/lib/python3.7/site-packages/airflow/example_dags/example_xcom.py for tasks to queue
[2023-11-21T08:19:21.395+0000] {logging_mixin.py:137} INFO - [2023-11-21T08:19:21.395+0000] {dagbag.py:532} INFO - Filling up the DagBag from /home/airflow/.local/lib/python3.7/site-packages/airflow/example_dags/example_xcom.py
[2023-11-21T08:19:21.434+0000] {processor.py:753} INFO - DAG(s) dict_keys(['example_xcom']) retrieved from /home/airflow/.local/lib/python3.7/site-packages/airflow/example_dags/example_xcom.py
[2023-11-21T08:19:21.544+0000] {logging_mixin.py:137} INFO - [2023-11-21T08:19:21.544+0000] {manager.py:504} INFO - Created Permission View: can edit on DAG:example_xcom
[2023-11-21T08:19:21.553+0000] {logging_mixin.py:137} INFO - [2023-11-21T08:19:21.553+0000] {manager.py:504} INFO - Created Permission View: can read on DAG:example_xcom
[2023-11-21T08:19:21.565+0000] {logging_mixin.py:137} INFO - [2023-11-21T08:19:21.564+0000] {manager.py:504} INFO - Created Permission View: can delete on DAG:example_xcom
[2023-11-21T08:19:21.566+0000] {logging_mixin.py:137} INFO - [2023-11-21T08:19:21.566+0000] {dag.py:2693} INFO - Sync 1 DAGs
[2023-11-21T08:19:21.578+0000] {logging_mixin.py:137} INFO - [2023-11-21T08:19:21.578+0000] {dag.py:2714} INFO - Creating ORM DAG for example_xcom
[2023-11-21T08:19:21.588+0000] {logging_mixin.py:137} INFO - [2023-11-21T08:19:21.588+0000] {dag.py:3444} INFO - Setting next_dagrun for example_xcom to 2021-01-01T00:00:00+00:00, run_after=2021-01-01T00:00:00+00:00
[2023-11-21T08:19:21.611+0000] {processor.py:175} INFO - Processing /home/airflow/.local/lib/python3.7/site-packages/airflow/example_dags/example_xcom.py took 0.225 seconds
[2023-11-21T08:19:52.653+0000] {processor.py:153} INFO - Started process (PID=114) to work on /home/airflow/.local/lib/python3.7/site-packages/airflow/example_dags/example_xcom.py
[2023-11-21T08:19:52.660+0000] {processor.py:743} INFO - Processing file /home/airflow/.local/lib/python3.7/site-packages/airflow/example_dags/example_xcom.py for tasks to queue
[2023-11-21T08:19:52.666+0000] {logging_mixin.py:137} INFO - [2023-11-21T08:19:52.665+0000] {dagbag.py:532} INFO - Filling up the DagBag from /home/airflow/.local/lib/python3.7/site-packages/airflow/example_dags/example_xcom.py
[2023-11-21T08:19:52.702+0000] {processor.py:753} INFO - DAG(s) dict_keys(['example_xcom']) retrieved from /home/airflow/.local/lib/python3.7/site-packages/airflow/example_dags/example_xcom.py
[2023-11-21T08:19:52.765+0000] {logging_mixin.py:137} INFO - [2023-11-21T08:19:52.765+0000] {dag.py:2693} INFO - Sync 1 DAGs
[2023-11-21T08:19:52.820+0000] {logging_mixin.py:137} INFO - [2023-11-21T08:19:52.819+0000] {dag.py:3444} INFO - Setting next_dagrun for example_xcom to 2021-01-01T00:00:00+00:00, run_after=2021-01-01T00:00:00+00:00
[2023-11-21T08:19:52.867+0000] {processor.py:175} INFO - Processing /home/airflow/.local/lib/python3.7/site-packages/airflow/example_dags/example_xcom.py took 0.245 seconds
[2023-11-21T08:20:23.803+0000] {processor.py:153} INFO - Started process (PID=163) to work on /home/airflow/.local/lib/python3.7/site-packages/airflow/example_dags/example_xcom.py
[2023-11-21T08:20:23.804+0000] {processor.py:743} INFO - Processing file /home/airflow/.local/lib/python3.7/site-packages/airflow/example_dags/example_xcom.py for tasks to queue
[2023-11-21T08:20:23.805+0000] {logging_mixin.py:137} INFO - [2023-11-21T08:20:23.805+0000] {dagbag.py:532} INFO - Filling up the DagBag from /home/airflow/.local/lib/python3.7/site-packages/airflow/example_dags/example_xcom.py
[2023-11-21T08:20:23.823+0000] {processor.py:753} INFO - DAG(s) dict_keys(['example_xcom']) retrieved from /home/airflow/.local/lib/python3.7/site-packages/airflow/example_dags/example_xcom.py
[2023-11-21T08:20:23.847+0000] {logging_mixin.py:137} INFO - [2023-11-21T08:20:23.847+0000] {dag.py:2693} INFO - Sync 1 DAGs
[2023-11-21T08:20:23.866+0000] {logging_mixin.py:137} INFO - [2023-11-21T08:20:23.866+0000] {dag.py:3444} INFO - Setting next_dagrun for example_xcom to 2021-01-01T00:00:00+00:00, run_after=2021-01-01T00:00:00+00:00
[2023-11-21T08:20:23.928+0000] {processor.py:175} INFO - Processing /home/airflow/.local/lib/python3.7/site-packages/airflow/example_dags/example_xcom.py took 0.128 seconds
[2023-11-21T08:20:54.095+0000] {processor.py:153} INFO - Started process (PID=213) to work on /home/airflow/.local/lib/python3.7/site-packages/airflow/example_dags/example_xcom.py
[2023-11-21T08:20:54.097+0000] {processor.py:743} INFO - Processing file /home/airflow/.local/lib/python3.7/site-packages/airflow/example_dags/example_xcom.py for tasks to queue
[2023-11-21T08:20:54.100+0000] {logging_mixin.py:137} INFO - [2023-11-21T08:20:54.099+0000] {dagbag.py:532} INFO - Filling up the DagBag from /home/airflow/.local/lib/python3.7/site-packages/airflow/example_dags/example_xcom.py
[2023-11-21T08:20:54.163+0000] {processor.py:753} INFO - DAG(s) dict_keys(['example_xcom']) retrieved from /home/airflow/.local/lib/python3.7/site-packages/airflow/example_dags/example_xcom.py
[2023-11-21T08:20:54.270+0000] {logging_mixin.py:137} INFO - [2023-11-21T08:20:54.270+0000] {dag.py:2693} INFO - Sync 1 DAGs
[2023-11-21T08:20:54.444+0000] {logging_mixin.py:137} INFO - [2023-11-21T08:20:54.444+0000] {dag.py:3444} INFO - Setting next_dagrun for example_xcom to 2021-01-01T00:00:00+00:00, run_after=2021-01-01T00:00:00+00:00
[2023-11-21T08:20:54.564+0000] {processor.py:175} INFO - Processing /home/airflow/.local/lib/python3.7/site-packages/airflow/example_dags/example_xcom.py took 0.475 seconds
