[2023-11-21T08:05:47.805+0000] {processor.py:153} INFO - Started process (PID=45) to work on /home/airflow/.local/lib/python3.7/site-packages/airflow/example_dags/example_local_kubernetes_executor.py
[2023-11-21T08:05:47.806+0000] {processor.py:743} INFO - Processing file /home/airflow/.local/lib/python3.7/site-packages/airflow/example_dags/example_local_kubernetes_executor.py for tasks to queue
[2023-11-21T08:05:47.807+0000] {logging_mixin.py:137} INFO - [2023-11-21T08:05:47.807+0000] {dagbag.py:532} INFO - Filling up the DagBag from /home/airflow/.local/lib/python3.7/site-packages/airflow/example_dags/example_local_kubernetes_executor.py
[2023-11-21T08:05:47.831+0000] {processor.py:753} INFO - DAG(s) dict_keys(['example_local_kubernetes_executor']) retrieved from /home/airflow/.local/lib/python3.7/site-packages/airflow/example_dags/example_local_kubernetes_executor.py
[2023-11-21T08:05:47.844+0000] {logging_mixin.py:137} INFO - [2023-11-21T08:05:47.844+0000] {dag.py:2693} INFO - Sync 1 DAGs
[2023-11-21T08:05:47.864+0000] {logging_mixin.py:137} INFO - [2023-11-21T08:05:47.864+0000] {dag.py:3444} INFO - Setting next_dagrun for example_local_kubernetes_executor to None, run_after=None
[2023-11-21T08:05:47.881+0000] {processor.py:175} INFO - Processing /home/airflow/.local/lib/python3.7/site-packages/airflow/example_dags/example_local_kubernetes_executor.py took 0.079 seconds
[2023-11-21T08:06:17.939+0000] {processor.py:153} INFO - Started process (PID=94) to work on /home/airflow/.local/lib/python3.7/site-packages/airflow/example_dags/example_local_kubernetes_executor.py
[2023-11-21T08:06:17.939+0000] {processor.py:743} INFO - Processing file /home/airflow/.local/lib/python3.7/site-packages/airflow/example_dags/example_local_kubernetes_executor.py for tasks to queue
[2023-11-21T08:06:17.940+0000] {logging_mixin.py:137} INFO - [2023-11-21T08:06:17.940+0000] {dagbag.py:532} INFO - Filling up the DagBag from /home/airflow/.local/lib/python3.7/site-packages/airflow/example_dags/example_local_kubernetes_executor.py
[2023-11-21T08:06:17.957+0000] {processor.py:753} INFO - DAG(s) dict_keys(['example_local_kubernetes_executor']) retrieved from /home/airflow/.local/lib/python3.7/site-packages/airflow/example_dags/example_local_kubernetes_executor.py
[2023-11-21T08:06:17.977+0000] {logging_mixin.py:137} INFO - [2023-11-21T08:06:17.977+0000] {dag.py:2693} INFO - Sync 1 DAGs
[2023-11-21T08:06:17.993+0000] {logging_mixin.py:137} INFO - [2023-11-21T08:06:17.992+0000] {dag.py:3444} INFO - Setting next_dagrun for example_local_kubernetes_executor to None, run_after=None
[2023-11-21T08:06:18.004+0000] {processor.py:175} INFO - Processing /home/airflow/.local/lib/python3.7/site-packages/airflow/example_dags/example_local_kubernetes_executor.py took 0.067 seconds
[2023-11-21T08:06:49.001+0000] {processor.py:153} INFO - Started process (PID=143) to work on /home/airflow/.local/lib/python3.7/site-packages/airflow/example_dags/example_local_kubernetes_executor.py
[2023-11-21T08:06:49.002+0000] {processor.py:743} INFO - Processing file /home/airflow/.local/lib/python3.7/site-packages/airflow/example_dags/example_local_kubernetes_executor.py for tasks to queue
[2023-11-21T08:06:49.003+0000] {logging_mixin.py:137} INFO - [2023-11-21T08:06:49.003+0000] {dagbag.py:532} INFO - Filling up the DagBag from /home/airflow/.local/lib/python3.7/site-packages/airflow/example_dags/example_local_kubernetes_executor.py
[2023-11-21T08:06:49.017+0000] {processor.py:753} INFO - DAG(s) dict_keys(['example_local_kubernetes_executor']) retrieved from /home/airflow/.local/lib/python3.7/site-packages/airflow/example_dags/example_local_kubernetes_executor.py
[2023-11-21T08:06:49.034+0000] {logging_mixin.py:137} INFO - [2023-11-21T08:06:49.033+0000] {dag.py:2693} INFO - Sync 1 DAGs
[2023-11-21T08:06:49.047+0000] {logging_mixin.py:137} INFO - [2023-11-21T08:06:49.047+0000] {dag.py:3444} INFO - Setting next_dagrun for example_local_kubernetes_executor to None, run_after=None
[2023-11-21T08:06:49.057+0000] {processor.py:175} INFO - Processing /home/airflow/.local/lib/python3.7/site-packages/airflow/example_dags/example_local_kubernetes_executor.py took 0.058 seconds
[2023-11-21T08:07:19.817+0000] {processor.py:153} INFO - Started process (PID=192) to work on /home/airflow/.local/lib/python3.7/site-packages/airflow/example_dags/example_local_kubernetes_executor.py
[2023-11-21T08:07:19.818+0000] {processor.py:743} INFO - Processing file /home/airflow/.local/lib/python3.7/site-packages/airflow/example_dags/example_local_kubernetes_executor.py for tasks to queue
[2023-11-21T08:07:19.818+0000] {logging_mixin.py:137} INFO - [2023-11-21T08:07:19.818+0000] {dagbag.py:532} INFO - Filling up the DagBag from /home/airflow/.local/lib/python3.7/site-packages/airflow/example_dags/example_local_kubernetes_executor.py
[2023-11-21T08:07:19.832+0000] {processor.py:753} INFO - DAG(s) dict_keys(['example_local_kubernetes_executor']) retrieved from /home/airflow/.local/lib/python3.7/site-packages/airflow/example_dags/example_local_kubernetes_executor.py
[2023-11-21T08:07:19.849+0000] {logging_mixin.py:137} INFO - [2023-11-21T08:07:19.849+0000] {dag.py:2693} INFO - Sync 1 DAGs
[2023-11-21T08:07:19.863+0000] {logging_mixin.py:137} INFO - [2023-11-21T08:07:19.863+0000] {dag.py:3444} INFO - Setting next_dagrun for example_local_kubernetes_executor to None, run_after=None
[2023-11-21T08:07:19.875+0000] {processor.py:175} INFO - Processing /home/airflow/.local/lib/python3.7/site-packages/airflow/example_dags/example_local_kubernetes_executor.py took 0.060 seconds
[2023-11-21T08:07:50.595+0000] {processor.py:153} INFO - Started process (PID=241) to work on /home/airflow/.local/lib/python3.7/site-packages/airflow/example_dags/example_local_kubernetes_executor.py
[2023-11-21T08:07:50.596+0000] {processor.py:743} INFO - Processing file /home/airflow/.local/lib/python3.7/site-packages/airflow/example_dags/example_local_kubernetes_executor.py for tasks to queue
[2023-11-21T08:07:50.597+0000] {logging_mixin.py:137} INFO - [2023-11-21T08:07:50.597+0000] {dagbag.py:532} INFO - Filling up the DagBag from /home/airflow/.local/lib/python3.7/site-packages/airflow/example_dags/example_local_kubernetes_executor.py
[2023-11-21T08:07:50.610+0000] {processor.py:753} INFO - DAG(s) dict_keys(['example_local_kubernetes_executor']) retrieved from /home/airflow/.local/lib/python3.7/site-packages/airflow/example_dags/example_local_kubernetes_executor.py
[2023-11-21T08:07:50.627+0000] {logging_mixin.py:137} INFO - [2023-11-21T08:07:50.627+0000] {dag.py:2693} INFO - Sync 1 DAGs
[2023-11-21T08:07:50.643+0000] {logging_mixin.py:137} INFO - [2023-11-21T08:07:50.643+0000] {dag.py:3444} INFO - Setting next_dagrun for example_local_kubernetes_executor to None, run_after=None
[2023-11-21T08:07:50.653+0000] {processor.py:175} INFO - Processing /home/airflow/.local/lib/python3.7/site-packages/airflow/example_dags/example_local_kubernetes_executor.py took 0.060 seconds
[2023-11-21T08:08:21.429+0000] {processor.py:153} INFO - Started process (PID=290) to work on /home/airflow/.local/lib/python3.7/site-packages/airflow/example_dags/example_local_kubernetes_executor.py
[2023-11-21T08:08:21.429+0000] {processor.py:743} INFO - Processing file /home/airflow/.local/lib/python3.7/site-packages/airflow/example_dags/example_local_kubernetes_executor.py for tasks to queue
[2023-11-21T08:08:21.430+0000] {logging_mixin.py:137} INFO - [2023-11-21T08:08:21.430+0000] {dagbag.py:532} INFO - Filling up the DagBag from /home/airflow/.local/lib/python3.7/site-packages/airflow/example_dags/example_local_kubernetes_executor.py
[2023-11-21T08:08:21.445+0000] {processor.py:753} INFO - DAG(s) dict_keys(['example_local_kubernetes_executor']) retrieved from /home/airflow/.local/lib/python3.7/site-packages/airflow/example_dags/example_local_kubernetes_executor.py
[2023-11-21T08:08:21.463+0000] {logging_mixin.py:137} INFO - [2023-11-21T08:08:21.463+0000] {dag.py:2693} INFO - Sync 1 DAGs
[2023-11-21T08:08:21.478+0000] {logging_mixin.py:137} INFO - [2023-11-21T08:08:21.478+0000] {dag.py:3444} INFO - Setting next_dagrun for example_local_kubernetes_executor to None, run_after=None
[2023-11-21T08:08:21.488+0000] {processor.py:175} INFO - Processing /home/airflow/.local/lib/python3.7/site-packages/airflow/example_dags/example_local_kubernetes_executor.py took 0.061 seconds
[2023-11-21T08:08:52.213+0000] {processor.py:153} INFO - Started process (PID=339) to work on /home/airflow/.local/lib/python3.7/site-packages/airflow/example_dags/example_local_kubernetes_executor.py
[2023-11-21T08:08:52.214+0000] {processor.py:743} INFO - Processing file /home/airflow/.local/lib/python3.7/site-packages/airflow/example_dags/example_local_kubernetes_executor.py for tasks to queue
[2023-11-21T08:08:52.214+0000] {logging_mixin.py:137} INFO - [2023-11-21T08:08:52.214+0000] {dagbag.py:532} INFO - Filling up the DagBag from /home/airflow/.local/lib/python3.7/site-packages/airflow/example_dags/example_local_kubernetes_executor.py
[2023-11-21T08:08:52.228+0000] {processor.py:753} INFO - DAG(s) dict_keys(['example_local_kubernetes_executor']) retrieved from /home/airflow/.local/lib/python3.7/site-packages/airflow/example_dags/example_local_kubernetes_executor.py
[2023-11-21T08:08:52.245+0000] {logging_mixin.py:137} INFO - [2023-11-21T08:08:52.245+0000] {dag.py:2693} INFO - Sync 1 DAGs
[2023-11-21T08:08:52.260+0000] {logging_mixin.py:137} INFO - [2023-11-21T08:08:52.260+0000] {dag.py:3444} INFO - Setting next_dagrun for example_local_kubernetes_executor to None, run_after=None
[2023-11-21T08:08:52.270+0000] {processor.py:175} INFO - Processing /home/airflow/.local/lib/python3.7/site-packages/airflow/example_dags/example_local_kubernetes_executor.py took 0.059 seconds
[2023-11-21T08:09:22.953+0000] {processor.py:153} INFO - Started process (PID=388) to work on /home/airflow/.local/lib/python3.7/site-packages/airflow/example_dags/example_local_kubernetes_executor.py
[2023-11-21T08:09:22.953+0000] {processor.py:743} INFO - Processing file /home/airflow/.local/lib/python3.7/site-packages/airflow/example_dags/example_local_kubernetes_executor.py for tasks to queue
[2023-11-21T08:09:22.954+0000] {logging_mixin.py:137} INFO - [2023-11-21T08:09:22.954+0000] {dagbag.py:532} INFO - Filling up the DagBag from /home/airflow/.local/lib/python3.7/site-packages/airflow/example_dags/example_local_kubernetes_executor.py
[2023-11-21T08:09:22.967+0000] {processor.py:753} INFO - DAG(s) dict_keys(['example_local_kubernetes_executor']) retrieved from /home/airflow/.local/lib/python3.7/site-packages/airflow/example_dags/example_local_kubernetes_executor.py
[2023-11-21T08:09:22.984+0000] {logging_mixin.py:137} INFO - [2023-11-21T08:09:22.984+0000] {dag.py:2693} INFO - Sync 1 DAGs
[2023-11-21T08:09:22.999+0000] {logging_mixin.py:137} INFO - [2023-11-21T08:09:22.999+0000] {dag.py:3444} INFO - Setting next_dagrun for example_local_kubernetes_executor to None, run_after=None
[2023-11-21T08:09:23.010+0000] {processor.py:175} INFO - Processing /home/airflow/.local/lib/python3.7/site-packages/airflow/example_dags/example_local_kubernetes_executor.py took 0.059 seconds
[2023-11-21T08:09:53.744+0000] {processor.py:153} INFO - Started process (PID=437) to work on /home/airflow/.local/lib/python3.7/site-packages/airflow/example_dags/example_local_kubernetes_executor.py
[2023-11-21T08:09:53.745+0000] {processor.py:743} INFO - Processing file /home/airflow/.local/lib/python3.7/site-packages/airflow/example_dags/example_local_kubernetes_executor.py for tasks to queue
[2023-11-21T08:09:53.745+0000] {logging_mixin.py:137} INFO - [2023-11-21T08:09:53.745+0000] {dagbag.py:532} INFO - Filling up the DagBag from /home/airflow/.local/lib/python3.7/site-packages/airflow/example_dags/example_local_kubernetes_executor.py
[2023-11-21T08:09:53.759+0000] {processor.py:753} INFO - DAG(s) dict_keys(['example_local_kubernetes_executor']) retrieved from /home/airflow/.local/lib/python3.7/site-packages/airflow/example_dags/example_local_kubernetes_executor.py
[2023-11-21T08:09:53.776+0000] {logging_mixin.py:137} INFO - [2023-11-21T08:09:53.776+0000] {dag.py:2693} INFO - Sync 1 DAGs
[2023-11-21T08:09:53.791+0000] {logging_mixin.py:137} INFO - [2023-11-21T08:09:53.791+0000] {dag.py:3444} INFO - Setting next_dagrun for example_local_kubernetes_executor to None, run_after=None
[2023-11-21T08:09:53.801+0000] {processor.py:175} INFO - Processing /home/airflow/.local/lib/python3.7/site-packages/airflow/example_dags/example_local_kubernetes_executor.py took 0.060 seconds
[2023-11-21T08:10:24.507+0000] {processor.py:153} INFO - Started process (PID=486) to work on /home/airflow/.local/lib/python3.7/site-packages/airflow/example_dags/example_local_kubernetes_executor.py
[2023-11-21T08:10:24.508+0000] {processor.py:743} INFO - Processing file /home/airflow/.local/lib/python3.7/site-packages/airflow/example_dags/example_local_kubernetes_executor.py for tasks to queue
[2023-11-21T08:10:24.509+0000] {logging_mixin.py:137} INFO - [2023-11-21T08:10:24.508+0000] {dagbag.py:532} INFO - Filling up the DagBag from /home/airflow/.local/lib/python3.7/site-packages/airflow/example_dags/example_local_kubernetes_executor.py
[2023-11-21T08:10:24.530+0000] {processor.py:753} INFO - DAG(s) dict_keys(['example_local_kubernetes_executor']) retrieved from /home/airflow/.local/lib/python3.7/site-packages/airflow/example_dags/example_local_kubernetes_executor.py
[2023-11-21T08:10:24.559+0000] {logging_mixin.py:137} INFO - [2023-11-21T08:10:24.559+0000] {dag.py:2693} INFO - Sync 1 DAGs
[2023-11-21T08:10:24.579+0000] {logging_mixin.py:137} INFO - [2023-11-21T08:10:24.579+0000] {dag.py:3444} INFO - Setting next_dagrun for example_local_kubernetes_executor to None, run_after=None
[2023-11-21T08:10:24.596+0000] {processor.py:175} INFO - Processing /home/airflow/.local/lib/python3.7/site-packages/airflow/example_dags/example_local_kubernetes_executor.py took 0.092 seconds
[2023-11-21T08:10:55.659+0000] {processor.py:153} INFO - Started process (PID=535) to work on /home/airflow/.local/lib/python3.7/site-packages/airflow/example_dags/example_local_kubernetes_executor.py
[2023-11-21T08:10:55.660+0000] {processor.py:743} INFO - Processing file /home/airflow/.local/lib/python3.7/site-packages/airflow/example_dags/example_local_kubernetes_executor.py for tasks to queue
[2023-11-21T08:10:55.661+0000] {logging_mixin.py:137} INFO - [2023-11-21T08:10:55.661+0000] {dagbag.py:532} INFO - Filling up the DagBag from /home/airflow/.local/lib/python3.7/site-packages/airflow/example_dags/example_local_kubernetes_executor.py
[2023-11-21T08:10:55.677+0000] {processor.py:753} INFO - DAG(s) dict_keys(['example_local_kubernetes_executor']) retrieved from /home/airflow/.local/lib/python3.7/site-packages/airflow/example_dags/example_local_kubernetes_executor.py
[2023-11-21T08:10:55.695+0000] {logging_mixin.py:137} INFO - [2023-11-21T08:10:55.695+0000] {dag.py:2693} INFO - Sync 1 DAGs
[2023-11-21T08:10:55.711+0000] {logging_mixin.py:137} INFO - [2023-11-21T08:10:55.711+0000] {dag.py:3444} INFO - Setting next_dagrun for example_local_kubernetes_executor to None, run_after=None
[2023-11-21T08:10:55.722+0000] {processor.py:175} INFO - Processing /home/airflow/.local/lib/python3.7/site-packages/airflow/example_dags/example_local_kubernetes_executor.py took 0.065 seconds
[2023-11-21T08:11:25.772+0000] {processor.py:153} INFO - Started process (PID=584) to work on /home/airflow/.local/lib/python3.7/site-packages/airflow/example_dags/example_local_kubernetes_executor.py
[2023-11-21T08:11:25.773+0000] {processor.py:743} INFO - Processing file /home/airflow/.local/lib/python3.7/site-packages/airflow/example_dags/example_local_kubernetes_executor.py for tasks to queue
[2023-11-21T08:11:25.774+0000] {logging_mixin.py:137} INFO - [2023-11-21T08:11:25.774+0000] {dagbag.py:532} INFO - Filling up the DagBag from /home/airflow/.local/lib/python3.7/site-packages/airflow/example_dags/example_local_kubernetes_executor.py
[2023-11-21T08:11:25.789+0000] {processor.py:753} INFO - DAG(s) dict_keys(['example_local_kubernetes_executor']) retrieved from /home/airflow/.local/lib/python3.7/site-packages/airflow/example_dags/example_local_kubernetes_executor.py
[2023-11-21T08:11:25.807+0000] {logging_mixin.py:137} INFO - [2023-11-21T08:11:25.807+0000] {dag.py:2693} INFO - Sync 1 DAGs
[2023-11-21T08:11:25.822+0000] {logging_mixin.py:137} INFO - [2023-11-21T08:11:25.822+0000] {dag.py:3444} INFO - Setting next_dagrun for example_local_kubernetes_executor to None, run_after=None
[2023-11-21T08:11:25.833+0000] {processor.py:175} INFO - Processing /home/airflow/.local/lib/python3.7/site-packages/airflow/example_dags/example_local_kubernetes_executor.py took 0.063 seconds
[2023-11-21T08:11:56.021+0000] {processor.py:153} INFO - Started process (PID=633) to work on /home/airflow/.local/lib/python3.7/site-packages/airflow/example_dags/example_local_kubernetes_executor.py
[2023-11-21T08:11:56.022+0000] {processor.py:743} INFO - Processing file /home/airflow/.local/lib/python3.7/site-packages/airflow/example_dags/example_local_kubernetes_executor.py for tasks to queue
[2023-11-21T08:11:56.023+0000] {logging_mixin.py:137} INFO - [2023-11-21T08:11:56.022+0000] {dagbag.py:532} INFO - Filling up the DagBag from /home/airflow/.local/lib/python3.7/site-packages/airflow/example_dags/example_local_kubernetes_executor.py
[2023-11-21T08:11:56.038+0000] {processor.py:753} INFO - DAG(s) dict_keys(['example_local_kubernetes_executor']) retrieved from /home/airflow/.local/lib/python3.7/site-packages/airflow/example_dags/example_local_kubernetes_executor.py
[2023-11-21T08:11:56.055+0000] {logging_mixin.py:137} INFO - [2023-11-21T08:11:56.055+0000] {dag.py:2693} INFO - Sync 1 DAGs
[2023-11-21T08:11:56.069+0000] {logging_mixin.py:137} INFO - [2023-11-21T08:11:56.069+0000] {dag.py:3444} INFO - Setting next_dagrun for example_local_kubernetes_executor to None, run_after=None
[2023-11-21T08:11:56.080+0000] {processor.py:175} INFO - Processing /home/airflow/.local/lib/python3.7/site-packages/airflow/example_dags/example_local_kubernetes_executor.py took 0.063 seconds
[2023-11-21T08:12:26.210+0000] {processor.py:153} INFO - Started process (PID=682) to work on /home/airflow/.local/lib/python3.7/site-packages/airflow/example_dags/example_local_kubernetes_executor.py
[2023-11-21T08:12:26.211+0000] {processor.py:743} INFO - Processing file /home/airflow/.local/lib/python3.7/site-packages/airflow/example_dags/example_local_kubernetes_executor.py for tasks to queue
[2023-11-21T08:12:26.211+0000] {logging_mixin.py:137} INFO - [2023-11-21T08:12:26.211+0000] {dagbag.py:532} INFO - Filling up the DagBag from /home/airflow/.local/lib/python3.7/site-packages/airflow/example_dags/example_local_kubernetes_executor.py
[2023-11-21T08:12:26.225+0000] {processor.py:753} INFO - DAG(s) dict_keys(['example_local_kubernetes_executor']) retrieved from /home/airflow/.local/lib/python3.7/site-packages/airflow/example_dags/example_local_kubernetes_executor.py
[2023-11-21T08:12:26.242+0000] {logging_mixin.py:137} INFO - [2023-11-21T08:12:26.242+0000] {dag.py:2693} INFO - Sync 1 DAGs
[2023-11-21T08:12:26.257+0000] {logging_mixin.py:137} INFO - [2023-11-21T08:12:26.257+0000] {dag.py:3444} INFO - Setting next_dagrun for example_local_kubernetes_executor to None, run_after=None
[2023-11-21T08:12:26.268+0000] {processor.py:175} INFO - Processing /home/airflow/.local/lib/python3.7/site-packages/airflow/example_dags/example_local_kubernetes_executor.py took 0.060 seconds
[2023-11-21T08:19:17.603+0000] {processor.py:153} INFO - Started process (PID=45) to work on /home/airflow/.local/lib/python3.7/site-packages/airflow/example_dags/example_local_kubernetes_executor.py
[2023-11-21T08:19:17.605+0000] {processor.py:743} INFO - Processing file /home/airflow/.local/lib/python3.7/site-packages/airflow/example_dags/example_local_kubernetes_executor.py for tasks to queue
[2023-11-21T08:19:17.606+0000] {logging_mixin.py:137} INFO - [2023-11-21T08:19:17.606+0000] {dagbag.py:532} INFO - Filling up the DagBag from /home/airflow/.local/lib/python3.7/site-packages/airflow/example_dags/example_local_kubernetes_executor.py
[2023-11-21T08:19:17.680+0000] {processor.py:753} INFO - DAG(s) dict_keys(['example_local_kubernetes_executor']) retrieved from /home/airflow/.local/lib/python3.7/site-packages/airflow/example_dags/example_local_kubernetes_executor.py
[2023-11-21T08:19:17.930+0000] {logging_mixin.py:137} INFO - [2023-11-21T08:19:17.930+0000] {manager.py:504} INFO - Created Permission View: can edit on DAG:example_local_kubernetes_executor
[2023-11-21T08:19:17.940+0000] {logging_mixin.py:137} INFO - [2023-11-21T08:19:17.939+0000] {manager.py:504} INFO - Created Permission View: can read on DAG:example_local_kubernetes_executor
[2023-11-21T08:19:17.952+0000] {logging_mixin.py:137} INFO - [2023-11-21T08:19:17.951+0000] {manager.py:504} INFO - Created Permission View: can delete on DAG:example_local_kubernetes_executor
[2023-11-21T08:19:17.953+0000] {logging_mixin.py:137} INFO - [2023-11-21T08:19:17.953+0000] {dag.py:2693} INFO - Sync 1 DAGs
[2023-11-21T08:19:17.966+0000] {logging_mixin.py:137} INFO - [2023-11-21T08:19:17.966+0000] {dag.py:2714} INFO - Creating ORM DAG for example_local_kubernetes_executor
[2023-11-21T08:19:17.983+0000] {logging_mixin.py:137} INFO - [2023-11-21T08:19:17.982+0000] {dag.py:3444} INFO - Setting next_dagrun for example_local_kubernetes_executor to None, run_after=None
[2023-11-21T08:19:18.001+0000] {processor.py:175} INFO - Processing /home/airflow/.local/lib/python3.7/site-packages/airflow/example_dags/example_local_kubernetes_executor.py took 0.403 seconds
[2023-11-21T08:19:48.369+0000] {processor.py:153} INFO - Started process (PID=94) to work on /home/airflow/.local/lib/python3.7/site-packages/airflow/example_dags/example_local_kubernetes_executor.py
[2023-11-21T08:19:48.370+0000] {processor.py:743} INFO - Processing file /home/airflow/.local/lib/python3.7/site-packages/airflow/example_dags/example_local_kubernetes_executor.py for tasks to queue
[2023-11-21T08:19:48.371+0000] {logging_mixin.py:137} INFO - [2023-11-21T08:19:48.371+0000] {dagbag.py:532} INFO - Filling up the DagBag from /home/airflow/.local/lib/python3.7/site-packages/airflow/example_dags/example_local_kubernetes_executor.py
[2023-11-21T08:19:48.397+0000] {processor.py:753} INFO - DAG(s) dict_keys(['example_local_kubernetes_executor']) retrieved from /home/airflow/.local/lib/python3.7/site-packages/airflow/example_dags/example_local_kubernetes_executor.py
[2023-11-21T08:19:48.448+0000] {logging_mixin.py:137} INFO - [2023-11-21T08:19:48.448+0000] {dag.py:2693} INFO - Sync 1 DAGs
[2023-11-21T08:19:48.473+0000] {logging_mixin.py:137} INFO - [2023-11-21T08:19:48.473+0000] {dag.py:3444} INFO - Setting next_dagrun for example_local_kubernetes_executor to None, run_after=None
[2023-11-21T08:19:48.494+0000] {processor.py:175} INFO - Processing /home/airflow/.local/lib/python3.7/site-packages/airflow/example_dags/example_local_kubernetes_executor.py took 0.128 seconds
[2023-11-21T08:20:18.662+0000] {processor.py:153} INFO - Started process (PID=143) to work on /home/airflow/.local/lib/python3.7/site-packages/airflow/example_dags/example_local_kubernetes_executor.py
[2023-11-21T08:20:18.663+0000] {processor.py:743} INFO - Processing file /home/airflow/.local/lib/python3.7/site-packages/airflow/example_dags/example_local_kubernetes_executor.py for tasks to queue
[2023-11-21T08:20:18.664+0000] {logging_mixin.py:137} INFO - [2023-11-21T08:20:18.664+0000] {dagbag.py:532} INFO - Filling up the DagBag from /home/airflow/.local/lib/python3.7/site-packages/airflow/example_dags/example_local_kubernetes_executor.py
[2023-11-21T08:20:18.683+0000] {processor.py:753} INFO - DAG(s) dict_keys(['example_local_kubernetes_executor']) retrieved from /home/airflow/.local/lib/python3.7/site-packages/airflow/example_dags/example_local_kubernetes_executor.py
[2023-11-21T08:20:18.703+0000] {logging_mixin.py:137} INFO - [2023-11-21T08:20:18.703+0000] {dag.py:2693} INFO - Sync 1 DAGs
[2023-11-21T08:20:18.720+0000] {logging_mixin.py:137} INFO - [2023-11-21T08:20:18.720+0000] {dag.py:3444} INFO - Setting next_dagrun for example_local_kubernetes_executor to None, run_after=None
[2023-11-21T08:20:18.732+0000] {processor.py:175} INFO - Processing /home/airflow/.local/lib/python3.7/site-packages/airflow/example_dags/example_local_kubernetes_executor.py took 0.073 seconds
[2023-11-21T08:20:49.648+0000] {processor.py:153} INFO - Started process (PID=193) to work on /home/airflow/.local/lib/python3.7/site-packages/airflow/example_dags/example_local_kubernetes_executor.py
[2023-11-21T08:20:49.649+0000] {processor.py:743} INFO - Processing file /home/airflow/.local/lib/python3.7/site-packages/airflow/example_dags/example_local_kubernetes_executor.py for tasks to queue
[2023-11-21T08:20:49.650+0000] {logging_mixin.py:137} INFO - [2023-11-21T08:20:49.650+0000] {dagbag.py:532} INFO - Filling up the DagBag from /home/airflow/.local/lib/python3.7/site-packages/airflow/example_dags/example_local_kubernetes_executor.py
[2023-11-21T08:20:49.679+0000] {processor.py:753} INFO - DAG(s) dict_keys(['example_local_kubernetes_executor']) retrieved from /home/airflow/.local/lib/python3.7/site-packages/airflow/example_dags/example_local_kubernetes_executor.py
[2023-11-21T08:20:49.721+0000] {logging_mixin.py:137} INFO - [2023-11-21T08:20:49.721+0000] {dag.py:2693} INFO - Sync 1 DAGs
[2023-11-21T08:20:49.741+0000] {logging_mixin.py:137} INFO - [2023-11-21T08:20:49.741+0000] {dag.py:3444} INFO - Setting next_dagrun for example_local_kubernetes_executor to None, run_after=None
[2023-11-21T08:20:49.755+0000] {processor.py:175} INFO - Processing /home/airflow/.local/lib/python3.7/site-packages/airflow/example_dags/example_local_kubernetes_executor.py took 0.111 seconds
