[2023-11-21T08:05:47.548+0000] {processor.py:153} INFO - Started process (PID=39) to work on /home/airflow/.local/lib/python3.7/site-packages/airflow/example_dags/example_bash_operator.py
[2023-11-21T08:05:47.549+0000] {processor.py:743} INFO - Processing file /home/airflow/.local/lib/python3.7/site-packages/airflow/example_dags/example_bash_operator.py for tasks to queue
[2023-11-21T08:05:47.552+0000] {logging_mixin.py:137} INFO - [2023-11-21T08:05:47.552+0000] {dagbag.py:532} INFO - Filling up the DagBag from /home/airflow/.local/lib/python3.7/site-packages/airflow/example_dags/example_bash_operator.py
[2023-11-21T08:05:47.585+0000] {processor.py:753} INFO - DAG(s) dict_keys(['example_bash_operator']) retrieved from /home/airflow/.local/lib/python3.7/site-packages/airflow/example_dags/example_bash_operator.py
[2023-11-21T08:05:47.608+0000] {logging_mixin.py:137} INFO - [2023-11-21T08:05:47.608+0000] {dag.py:2693} INFO - Sync 1 DAGs
[2023-11-21T08:05:47.627+0000] {logging_mixin.py:137} INFO - [2023-11-21T08:05:47.627+0000] {dag.py:3444} INFO - Setting next_dagrun for example_bash_operator to 2023-11-20T00:00:00+00:00, run_after=2023-11-21T00:00:00+00:00
[2023-11-21T08:05:47.640+0000] {processor.py:175} INFO - Processing /home/airflow/.local/lib/python3.7/site-packages/airflow/example_dags/example_bash_operator.py took 0.096 seconds
[2023-11-21T08:06:17.660+0000] {processor.py:153} INFO - Started process (PID=88) to work on /home/airflow/.local/lib/python3.7/site-packages/airflow/example_dags/example_bash_operator.py
[2023-11-21T08:06:17.661+0000] {processor.py:743} INFO - Processing file /home/airflow/.local/lib/python3.7/site-packages/airflow/example_dags/example_bash_operator.py for tasks to queue
[2023-11-21T08:06:17.662+0000] {logging_mixin.py:137} INFO - [2023-11-21T08:06:17.662+0000] {dagbag.py:532} INFO - Filling up the DagBag from /home/airflow/.local/lib/python3.7/site-packages/airflow/example_dags/example_bash_operator.py
[2023-11-21T08:06:17.681+0000] {processor.py:753} INFO - DAG(s) dict_keys(['example_bash_operator']) retrieved from /home/airflow/.local/lib/python3.7/site-packages/airflow/example_dags/example_bash_operator.py
[2023-11-21T08:06:17.711+0000] {logging_mixin.py:137} INFO - [2023-11-21T08:06:17.711+0000] {dag.py:2693} INFO - Sync 1 DAGs
[2023-11-21T08:06:17.730+0000] {logging_mixin.py:137} INFO - [2023-11-21T08:06:17.730+0000] {dag.py:3444} INFO - Setting next_dagrun for example_bash_operator to 2023-11-20T00:00:00+00:00, run_after=2023-11-21T00:00:00+00:00
[2023-11-21T08:06:17.741+0000] {processor.py:175} INFO - Processing /home/airflow/.local/lib/python3.7/site-packages/airflow/example_dags/example_bash_operator.py took 0.085 seconds
[2023-11-21T08:06:48.775+0000] {processor.py:153} INFO - Started process (PID=137) to work on /home/airflow/.local/lib/python3.7/site-packages/airflow/example_dags/example_bash_operator.py
[2023-11-21T08:06:48.776+0000] {processor.py:743} INFO - Processing file /home/airflow/.local/lib/python3.7/site-packages/airflow/example_dags/example_bash_operator.py for tasks to queue
[2023-11-21T08:06:48.778+0000] {logging_mixin.py:137} INFO - [2023-11-21T08:06:48.777+0000] {dagbag.py:532} INFO - Filling up the DagBag from /home/airflow/.local/lib/python3.7/site-packages/airflow/example_dags/example_bash_operator.py
[2023-11-21T08:06:48.799+0000] {processor.py:753} INFO - DAG(s) dict_keys(['example_bash_operator']) retrieved from /home/airflow/.local/lib/python3.7/site-packages/airflow/example_dags/example_bash_operator.py
[2023-11-21T08:06:48.828+0000] {logging_mixin.py:137} INFO - [2023-11-21T08:06:48.828+0000] {dag.py:2693} INFO - Sync 1 DAGs
[2023-11-21T08:06:48.845+0000] {logging_mixin.py:137} INFO - [2023-11-21T08:06:48.845+0000] {dag.py:3444} INFO - Setting next_dagrun for example_bash_operator to 2023-11-20T00:00:00+00:00, run_after=2023-11-21T00:00:00+00:00
[2023-11-21T08:06:48.856+0000] {processor.py:175} INFO - Processing /home/airflow/.local/lib/python3.7/site-packages/airflow/example_dags/example_bash_operator.py took 0.087 seconds
[2023-11-21T08:07:19.597+0000] {processor.py:153} INFO - Started process (PID=186) to work on /home/airflow/.local/lib/python3.7/site-packages/airflow/example_dags/example_bash_operator.py
[2023-11-21T08:07:19.598+0000] {processor.py:743} INFO - Processing file /home/airflow/.local/lib/python3.7/site-packages/airflow/example_dags/example_bash_operator.py for tasks to queue
[2023-11-21T08:07:19.598+0000] {logging_mixin.py:137} INFO - [2023-11-21T08:07:19.598+0000] {dagbag.py:532} INFO - Filling up the DagBag from /home/airflow/.local/lib/python3.7/site-packages/airflow/example_dags/example_bash_operator.py
[2023-11-21T08:07:19.621+0000] {processor.py:753} INFO - DAG(s) dict_keys(['example_bash_operator']) retrieved from /home/airflow/.local/lib/python3.7/site-packages/airflow/example_dags/example_bash_operator.py
[2023-11-21T08:07:19.649+0000] {logging_mixin.py:137} INFO - [2023-11-21T08:07:19.649+0000] {dag.py:2693} INFO - Sync 1 DAGs
[2023-11-21T08:07:19.665+0000] {logging_mixin.py:137} INFO - [2023-11-21T08:07:19.664+0000] {dag.py:3444} INFO - Setting next_dagrun for example_bash_operator to 2023-11-20T00:00:00+00:00, run_after=2023-11-21T00:00:00+00:00
[2023-11-21T08:07:19.675+0000] {processor.py:175} INFO - Processing /home/airflow/.local/lib/python3.7/site-packages/airflow/example_dags/example_bash_operator.py took 0.085 seconds
[2023-11-21T08:07:50.377+0000] {processor.py:153} INFO - Started process (PID=235) to work on /home/airflow/.local/lib/python3.7/site-packages/airflow/example_dags/example_bash_operator.py
[2023-11-21T08:07:50.378+0000] {processor.py:743} INFO - Processing file /home/airflow/.local/lib/python3.7/site-packages/airflow/example_dags/example_bash_operator.py for tasks to queue
[2023-11-21T08:07:50.379+0000] {logging_mixin.py:137} INFO - [2023-11-21T08:07:50.379+0000] {dagbag.py:532} INFO - Filling up the DagBag from /home/airflow/.local/lib/python3.7/site-packages/airflow/example_dags/example_bash_operator.py
[2023-11-21T08:07:50.400+0000] {processor.py:753} INFO - DAG(s) dict_keys(['example_bash_operator']) retrieved from /home/airflow/.local/lib/python3.7/site-packages/airflow/example_dags/example_bash_operator.py
[2023-11-21T08:07:50.426+0000] {logging_mixin.py:137} INFO - [2023-11-21T08:07:50.426+0000] {dag.py:2693} INFO - Sync 1 DAGs
[2023-11-21T08:07:50.443+0000] {logging_mixin.py:137} INFO - [2023-11-21T08:07:50.443+0000] {dag.py:3444} INFO - Setting next_dagrun for example_bash_operator to 2023-11-20T00:00:00+00:00, run_after=2023-11-21T00:00:00+00:00
[2023-11-21T08:07:50.453+0000] {processor.py:175} INFO - Processing /home/airflow/.local/lib/python3.7/site-packages/airflow/example_dags/example_bash_operator.py took 0.079 seconds
[2023-11-21T08:08:21.200+0000] {processor.py:153} INFO - Started process (PID=284) to work on /home/airflow/.local/lib/python3.7/site-packages/airflow/example_dags/example_bash_operator.py
[2023-11-21T08:08:21.201+0000] {processor.py:743} INFO - Processing file /home/airflow/.local/lib/python3.7/site-packages/airflow/example_dags/example_bash_operator.py for tasks to queue
[2023-11-21T08:08:21.202+0000] {logging_mixin.py:137} INFO - [2023-11-21T08:08:21.202+0000] {dagbag.py:532} INFO - Filling up the DagBag from /home/airflow/.local/lib/python3.7/site-packages/airflow/example_dags/example_bash_operator.py
[2023-11-21T08:08:21.229+0000] {processor.py:753} INFO - DAG(s) dict_keys(['example_bash_operator']) retrieved from /home/airflow/.local/lib/python3.7/site-packages/airflow/example_dags/example_bash_operator.py
[2023-11-21T08:08:21.258+0000] {logging_mixin.py:137} INFO - [2023-11-21T08:08:21.258+0000] {dag.py:2693} INFO - Sync 1 DAGs
[2023-11-21T08:08:21.276+0000] {logging_mixin.py:137} INFO - [2023-11-21T08:08:21.276+0000] {dag.py:3444} INFO - Setting next_dagrun for example_bash_operator to 2023-11-20T00:00:00+00:00, run_after=2023-11-21T00:00:00+00:00
[2023-11-21T08:08:21.287+0000] {processor.py:175} INFO - Processing /home/airflow/.local/lib/python3.7/site-packages/airflow/example_dags/example_bash_operator.py took 0.092 seconds
[2023-11-21T08:08:51.989+0000] {processor.py:153} INFO - Started process (PID=333) to work on /home/airflow/.local/lib/python3.7/site-packages/airflow/example_dags/example_bash_operator.py
[2023-11-21T08:08:51.991+0000] {processor.py:743} INFO - Processing file /home/airflow/.local/lib/python3.7/site-packages/airflow/example_dags/example_bash_operator.py for tasks to queue
[2023-11-21T08:08:51.992+0000] {logging_mixin.py:137} INFO - [2023-11-21T08:08:51.991+0000] {dagbag.py:532} INFO - Filling up the DagBag from /home/airflow/.local/lib/python3.7/site-packages/airflow/example_dags/example_bash_operator.py
[2023-11-21T08:08:52.012+0000] {processor.py:753} INFO - DAG(s) dict_keys(['example_bash_operator']) retrieved from /home/airflow/.local/lib/python3.7/site-packages/airflow/example_dags/example_bash_operator.py
[2023-11-21T08:08:52.042+0000] {logging_mixin.py:137} INFO - [2023-11-21T08:08:52.041+0000] {dag.py:2693} INFO - Sync 1 DAGs
[2023-11-21T08:08:52.058+0000] {logging_mixin.py:137} INFO - [2023-11-21T08:08:52.058+0000] {dag.py:3444} INFO - Setting next_dagrun for example_bash_operator to 2023-11-20T00:00:00+00:00, run_after=2023-11-21T00:00:00+00:00
[2023-11-21T08:08:52.068+0000] {processor.py:175} INFO - Processing /home/airflow/.local/lib/python3.7/site-packages/airflow/example_dags/example_bash_operator.py took 0.084 seconds
[2023-11-21T08:09:22.728+0000] {processor.py:153} INFO - Started process (PID=382) to work on /home/airflow/.local/lib/python3.7/site-packages/airflow/example_dags/example_bash_operator.py
[2023-11-21T08:09:22.729+0000] {processor.py:743} INFO - Processing file /home/airflow/.local/lib/python3.7/site-packages/airflow/example_dags/example_bash_operator.py for tasks to queue
[2023-11-21T08:09:22.730+0000] {logging_mixin.py:137} INFO - [2023-11-21T08:09:22.730+0000] {dagbag.py:532} INFO - Filling up the DagBag from /home/airflow/.local/lib/python3.7/site-packages/airflow/example_dags/example_bash_operator.py
[2023-11-21T08:09:22.748+0000] {processor.py:753} INFO - DAG(s) dict_keys(['example_bash_operator']) retrieved from /home/airflow/.local/lib/python3.7/site-packages/airflow/example_dags/example_bash_operator.py
[2023-11-21T08:09:22.778+0000] {logging_mixin.py:137} INFO - [2023-11-21T08:09:22.778+0000] {dag.py:2693} INFO - Sync 1 DAGs
[2023-11-21T08:09:22.795+0000] {logging_mixin.py:137} INFO - [2023-11-21T08:09:22.795+0000] {dag.py:3444} INFO - Setting next_dagrun for example_bash_operator to 2023-11-20T00:00:00+00:00, run_after=2023-11-21T00:00:00+00:00
[2023-11-21T08:09:22.806+0000] {processor.py:175} INFO - Processing /home/airflow/.local/lib/python3.7/site-packages/airflow/example_dags/example_bash_operator.py took 0.082 seconds
[2023-11-21T08:09:53.510+0000] {processor.py:153} INFO - Started process (PID=431) to work on /home/airflow/.local/lib/python3.7/site-packages/airflow/example_dags/example_bash_operator.py
[2023-11-21T08:09:53.511+0000] {processor.py:743} INFO - Processing file /home/airflow/.local/lib/python3.7/site-packages/airflow/example_dags/example_bash_operator.py for tasks to queue
[2023-11-21T08:09:53.512+0000] {logging_mixin.py:137} INFO - [2023-11-21T08:09:53.512+0000] {dagbag.py:532} INFO - Filling up the DagBag from /home/airflow/.local/lib/python3.7/site-packages/airflow/example_dags/example_bash_operator.py
[2023-11-21T08:09:53.536+0000] {processor.py:753} INFO - DAG(s) dict_keys(['example_bash_operator']) retrieved from /home/airflow/.local/lib/python3.7/site-packages/airflow/example_dags/example_bash_operator.py
[2023-11-21T08:09:53.568+0000] {logging_mixin.py:137} INFO - [2023-11-21T08:09:53.568+0000] {dag.py:2693} INFO - Sync 1 DAGs
[2023-11-21T08:09:53.586+0000] {logging_mixin.py:137} INFO - [2023-11-21T08:09:53.585+0000] {dag.py:3444} INFO - Setting next_dagrun for example_bash_operator to 2023-11-20T00:00:00+00:00, run_after=2023-11-21T00:00:00+00:00
[2023-11-21T08:09:53.596+0000] {processor.py:175} INFO - Processing /home/airflow/.local/lib/python3.7/site-packages/airflow/example_dags/example_bash_operator.py took 0.090 seconds
[2023-11-21T08:10:24.278+0000] {processor.py:153} INFO - Started process (PID=480) to work on /home/airflow/.local/lib/python3.7/site-packages/airflow/example_dags/example_bash_operator.py
[2023-11-21T08:10:24.278+0000] {processor.py:743} INFO - Processing file /home/airflow/.local/lib/python3.7/site-packages/airflow/example_dags/example_bash_operator.py for tasks to queue
[2023-11-21T08:10:24.279+0000] {logging_mixin.py:137} INFO - [2023-11-21T08:10:24.279+0000] {dagbag.py:532} INFO - Filling up the DagBag from /home/airflow/.local/lib/python3.7/site-packages/airflow/example_dags/example_bash_operator.py
[2023-11-21T08:10:24.293+0000] {processor.py:753} INFO - DAG(s) dict_keys(['example_bash_operator']) retrieved from /home/airflow/.local/lib/python3.7/site-packages/airflow/example_dags/example_bash_operator.py
[2023-11-21T08:10:24.319+0000] {logging_mixin.py:137} INFO - [2023-11-21T08:10:24.319+0000] {dag.py:2693} INFO - Sync 1 DAGs
[2023-11-21T08:10:24.337+0000] {logging_mixin.py:137} INFO - [2023-11-21T08:10:24.336+0000] {dag.py:3444} INFO - Setting next_dagrun for example_bash_operator to 2023-11-20T00:00:00+00:00, run_after=2023-11-21T00:00:00+00:00
[2023-11-21T08:10:24.348+0000] {processor.py:175} INFO - Processing /home/airflow/.local/lib/python3.7/site-packages/airflow/example_dags/example_bash_operator.py took 0.073 seconds
[2023-11-21T08:10:55.357+0000] {processor.py:153} INFO - Started process (PID=529) to work on /home/airflow/.local/lib/python3.7/site-packages/airflow/example_dags/example_bash_operator.py
[2023-11-21T08:10:55.359+0000] {processor.py:743} INFO - Processing file /home/airflow/.local/lib/python3.7/site-packages/airflow/example_dags/example_bash_operator.py for tasks to queue
[2023-11-21T08:10:55.360+0000] {logging_mixin.py:137} INFO - [2023-11-21T08:10:55.360+0000] {dagbag.py:532} INFO - Filling up the DagBag from /home/airflow/.local/lib/python3.7/site-packages/airflow/example_dags/example_bash_operator.py
[2023-11-21T08:10:55.376+0000] {processor.py:753} INFO - DAG(s) dict_keys(['example_bash_operator']) retrieved from /home/airflow/.local/lib/python3.7/site-packages/airflow/example_dags/example_bash_operator.py
[2023-11-21T08:10:55.399+0000] {logging_mixin.py:137} INFO - [2023-11-21T08:10:55.399+0000] {dag.py:2693} INFO - Sync 1 DAGs
[2023-11-21T08:10:55.415+0000] {logging_mixin.py:137} INFO - [2023-11-21T08:10:55.415+0000] {dag.py:3444} INFO - Setting next_dagrun for example_bash_operator to 2023-11-20T00:00:00+00:00, run_after=2023-11-21T00:00:00+00:00
[2023-11-21T08:10:55.427+0000] {processor.py:175} INFO - Processing /home/airflow/.local/lib/python3.7/site-packages/airflow/example_dags/example_bash_operator.py took 0.073 seconds
[2023-11-21T08:11:25.490+0000] {processor.py:153} INFO - Started process (PID=578) to work on /home/airflow/.local/lib/python3.7/site-packages/airflow/example_dags/example_bash_operator.py
[2023-11-21T08:11:25.491+0000] {processor.py:743} INFO - Processing file /home/airflow/.local/lib/python3.7/site-packages/airflow/example_dags/example_bash_operator.py for tasks to queue
[2023-11-21T08:11:25.491+0000] {logging_mixin.py:137} INFO - [2023-11-21T08:11:25.491+0000] {dagbag.py:532} INFO - Filling up the DagBag from /home/airflow/.local/lib/python3.7/site-packages/airflow/example_dags/example_bash_operator.py
[2023-11-21T08:11:25.505+0000] {processor.py:753} INFO - DAG(s) dict_keys(['example_bash_operator']) retrieved from /home/airflow/.local/lib/python3.7/site-packages/airflow/example_dags/example_bash_operator.py
[2023-11-21T08:11:25.527+0000] {logging_mixin.py:137} INFO - [2023-11-21T08:11:25.526+0000] {dag.py:2693} INFO - Sync 1 DAGs
[2023-11-21T08:11:25.544+0000] {logging_mixin.py:137} INFO - [2023-11-21T08:11:25.544+0000] {dag.py:3444} INFO - Setting next_dagrun for example_bash_operator to 2023-11-20T00:00:00+00:00, run_after=2023-11-21T00:00:00+00:00
[2023-11-21T08:11:25.556+0000] {processor.py:175} INFO - Processing /home/airflow/.local/lib/python3.7/site-packages/airflow/example_dags/example_bash_operator.py took 0.069 seconds
[2023-11-21T08:11:55.693+0000] {processor.py:153} INFO - Started process (PID=627) to work on /home/airflow/.local/lib/python3.7/site-packages/airflow/example_dags/example_bash_operator.py
[2023-11-21T08:11:55.694+0000] {processor.py:743} INFO - Processing file /home/airflow/.local/lib/python3.7/site-packages/airflow/example_dags/example_bash_operator.py for tasks to queue
[2023-11-21T08:11:55.695+0000] {logging_mixin.py:137} INFO - [2023-11-21T08:11:55.695+0000] {dagbag.py:532} INFO - Filling up the DagBag from /home/airflow/.local/lib/python3.7/site-packages/airflow/example_dags/example_bash_operator.py
[2023-11-21T08:11:55.715+0000] {processor.py:753} INFO - DAG(s) dict_keys(['example_bash_operator']) retrieved from /home/airflow/.local/lib/python3.7/site-packages/airflow/example_dags/example_bash_operator.py
[2023-11-21T08:11:55.745+0000] {logging_mixin.py:137} INFO - [2023-11-21T08:11:55.745+0000] {dag.py:2693} INFO - Sync 1 DAGs
[2023-11-21T08:11:55.761+0000] {logging_mixin.py:137} INFO - [2023-11-21T08:11:55.761+0000] {dag.py:3444} INFO - Setting next_dagrun for example_bash_operator to 2023-11-20T00:00:00+00:00, run_after=2023-11-21T00:00:00+00:00
[2023-11-21T08:11:55.772+0000] {processor.py:175} INFO - Processing /home/airflow/.local/lib/python3.7/site-packages/airflow/example_dags/example_bash_operator.py took 0.085 seconds
[2023-11-21T08:12:25.987+0000] {processor.py:153} INFO - Started process (PID=676) to work on /home/airflow/.local/lib/python3.7/site-packages/airflow/example_dags/example_bash_operator.py
[2023-11-21T08:12:25.989+0000] {processor.py:743} INFO - Processing file /home/airflow/.local/lib/python3.7/site-packages/airflow/example_dags/example_bash_operator.py for tasks to queue
[2023-11-21T08:12:25.990+0000] {logging_mixin.py:137} INFO - [2023-11-21T08:12:25.990+0000] {dagbag.py:532} INFO - Filling up the DagBag from /home/airflow/.local/lib/python3.7/site-packages/airflow/example_dags/example_bash_operator.py
[2023-11-21T08:12:26.013+0000] {processor.py:753} INFO - DAG(s) dict_keys(['example_bash_operator']) retrieved from /home/airflow/.local/lib/python3.7/site-packages/airflow/example_dags/example_bash_operator.py
[2023-11-21T08:12:26.041+0000] {logging_mixin.py:137} INFO - [2023-11-21T08:12:26.041+0000] {dag.py:2693} INFO - Sync 1 DAGs
[2023-11-21T08:12:26.057+0000] {logging_mixin.py:137} INFO - [2023-11-21T08:12:26.057+0000] {dag.py:3444} INFO - Setting next_dagrun for example_bash_operator to 2023-11-20T00:00:00+00:00, run_after=2023-11-21T00:00:00+00:00
[2023-11-21T08:12:26.068+0000] {processor.py:175} INFO - Processing /home/airflow/.local/lib/python3.7/site-packages/airflow/example_dags/example_bash_operator.py took 0.087 seconds
[2023-11-21T08:19:16.692+0000] {processor.py:153} INFO - Started process (PID=39) to work on /home/airflow/.local/lib/python3.7/site-packages/airflow/example_dags/example_bash_operator.py
[2023-11-21T08:19:16.694+0000] {processor.py:743} INFO - Processing file /home/airflow/.local/lib/python3.7/site-packages/airflow/example_dags/example_bash_operator.py for tasks to queue
[2023-11-21T08:19:16.695+0000] {logging_mixin.py:137} INFO - [2023-11-21T08:19:16.695+0000] {dagbag.py:532} INFO - Filling up the DagBag from /home/airflow/.local/lib/python3.7/site-packages/airflow/example_dags/example_bash_operator.py
[2023-11-21T08:19:16.745+0000] {processor.py:753} INFO - DAG(s) dict_keys(['example_bash_operator']) retrieved from /home/airflow/.local/lib/python3.7/site-packages/airflow/example_dags/example_bash_operator.py
[2023-11-21T08:19:16.959+0000] {logging_mixin.py:137} INFO - [2023-11-21T08:19:16.959+0000] {manager.py:504} INFO - Created Permission View: can edit on DAG:example_bash_operator
[2023-11-21T08:19:16.969+0000] {logging_mixin.py:137} INFO - [2023-11-21T08:19:16.968+0000] {manager.py:504} INFO - Created Permission View: can read on DAG:example_bash_operator
[2023-11-21T08:19:16.976+0000] {logging_mixin.py:137} INFO - [2023-11-21T08:19:16.976+0000] {manager.py:504} INFO - Created Permission View: can delete on DAG:example_bash_operator
[2023-11-21T08:19:16.977+0000] {logging_mixin.py:137} INFO - [2023-11-21T08:19:16.977+0000] {dag.py:2693} INFO - Sync 1 DAGs
[2023-11-21T08:19:16.991+0000] {logging_mixin.py:137} INFO - [2023-11-21T08:19:16.991+0000] {dag.py:2714} INFO - Creating ORM DAG for example_bash_operator
[2023-11-21T08:19:17.005+0000] {logging_mixin.py:137} INFO - [2023-11-21T08:19:17.005+0000] {dag.py:3444} INFO - Setting next_dagrun for example_bash_operator to 2023-11-20T00:00:00+00:00, run_after=2023-11-21T00:00:00+00:00
[2023-11-21T08:19:17.031+0000] {processor.py:175} INFO - Processing /home/airflow/.local/lib/python3.7/site-packages/airflow/example_dags/example_bash_operator.py took 0.343 seconds
[2023-11-21T08:19:47.453+0000] {processor.py:153} INFO - Started process (PID=88) to work on /home/airflow/.local/lib/python3.7/site-packages/airflow/example_dags/example_bash_operator.py
[2023-11-21T08:19:47.504+0000] {processor.py:743} INFO - Processing file /home/airflow/.local/lib/python3.7/site-packages/airflow/example_dags/example_bash_operator.py for tasks to queue
[2023-11-21T08:19:47.521+0000] {logging_mixin.py:137} INFO - [2023-11-21T08:19:47.519+0000] {dagbag.py:532} INFO - Filling up the DagBag from /home/airflow/.local/lib/python3.7/site-packages/airflow/example_dags/example_bash_operator.py
[2023-11-21T08:19:47.781+0000] {processor.py:753} INFO - DAG(s) dict_keys(['example_bash_operator']) retrieved from /home/airflow/.local/lib/python3.7/site-packages/airflow/example_dags/example_bash_operator.py
[2023-11-21T08:19:47.878+0000] {logging_mixin.py:137} INFO - [2023-11-21T08:19:47.878+0000] {dag.py:2693} INFO - Sync 1 DAGs
[2023-11-21T08:19:47.952+0000] {logging_mixin.py:137} INFO - [2023-11-21T08:19:47.951+0000] {dag.py:3444} INFO - Setting next_dagrun for example_bash_operator to 2023-11-20T00:00:00+00:00, run_after=2023-11-21T00:00:00+00:00
[2023-11-21T08:19:48.024+0000] {processor.py:175} INFO - Processing /home/airflow/.local/lib/python3.7/site-packages/airflow/example_dags/example_bash_operator.py took 0.613 seconds
[2023-11-21T08:20:18.224+0000] {processor.py:153} INFO - Started process (PID=137) to work on /home/airflow/.local/lib/python3.7/site-packages/airflow/example_dags/example_bash_operator.py
[2023-11-21T08:20:18.227+0000] {processor.py:743} INFO - Processing file /home/airflow/.local/lib/python3.7/site-packages/airflow/example_dags/example_bash_operator.py for tasks to queue
[2023-11-21T08:20:18.229+0000] {logging_mixin.py:137} INFO - [2023-11-21T08:20:18.228+0000] {dagbag.py:532} INFO - Filling up the DagBag from /home/airflow/.local/lib/python3.7/site-packages/airflow/example_dags/example_bash_operator.py
[2023-11-21T08:20:18.282+0000] {processor.py:753} INFO - DAG(s) dict_keys(['example_bash_operator']) retrieved from /home/airflow/.local/lib/python3.7/site-packages/airflow/example_dags/example_bash_operator.py
[2023-11-21T08:20:18.363+0000] {logging_mixin.py:137} INFO - [2023-11-21T08:20:18.363+0000] {dag.py:2693} INFO - Sync 1 DAGs
[2023-11-21T08:20:18.437+0000] {logging_mixin.py:137} INFO - [2023-11-21T08:20:18.436+0000] {dag.py:3444} INFO - Setting next_dagrun for example_bash_operator to 2023-11-20T00:00:00+00:00, run_after=2023-11-21T00:00:00+00:00
[2023-11-21T08:20:18.464+0000] {processor.py:175} INFO - Processing /home/airflow/.local/lib/python3.7/site-packages/airflow/example_dags/example_bash_operator.py took 0.256 seconds
[2023-11-21T08:20:48.930+0000] {processor.py:153} INFO - Started process (PID=187) to work on /home/airflow/.local/lib/python3.7/site-packages/airflow/example_dags/example_bash_operator.py
[2023-11-21T08:20:48.932+0000] {processor.py:743} INFO - Processing file /home/airflow/.local/lib/python3.7/site-packages/airflow/example_dags/example_bash_operator.py for tasks to queue
[2023-11-21T08:20:48.936+0000] {logging_mixin.py:137} INFO - [2023-11-21T08:20:48.936+0000] {dagbag.py:532} INFO - Filling up the DagBag from /home/airflow/.local/lib/python3.7/site-packages/airflow/example_dags/example_bash_operator.py
[2023-11-21T08:20:48.979+0000] {processor.py:753} INFO - DAG(s) dict_keys(['example_bash_operator']) retrieved from /home/airflow/.local/lib/python3.7/site-packages/airflow/example_dags/example_bash_operator.py
[2023-11-21T08:20:49.036+0000] {logging_mixin.py:137} INFO - [2023-11-21T08:20:49.036+0000] {dag.py:2693} INFO - Sync 1 DAGs
[2023-11-21T08:20:49.091+0000] {logging_mixin.py:137} INFO - [2023-11-21T08:20:49.090+0000] {dag.py:3444} INFO - Setting next_dagrun for example_bash_operator to 2023-11-20T00:00:00+00:00, run_after=2023-11-21T00:00:00+00:00
[2023-11-21T08:20:49.230+0000] {processor.py:175} INFO - Processing /home/airflow/.local/lib/python3.7/site-packages/airflow/example_dags/example_bash_operator.py took 0.306 seconds
