[2023-11-21T08:05:48.026+0000] {processor.py:153} INFO - Started process (PID=47) to work on /home/airflow/.local/lib/python3.7/site-packages/airflow/example_dags/example_kubernetes_executor.py
[2023-11-21T08:05:48.028+0000] {processor.py:743} INFO - Processing file /home/airflow/.local/lib/python3.7/site-packages/airflow/example_dags/example_kubernetes_executor.py for tasks to queue
[2023-11-21T08:05:48.031+0000] {logging_mixin.py:137} INFO - [2023-11-21T08:05:48.031+0000] {dagbag.py:532} INFO - Filling up the DagBag from /home/airflow/.local/lib/python3.7/site-packages/airflow/example_dags/example_kubernetes_executor.py
[2023-11-21T08:05:48.067+0000] {processor.py:753} INFO - DAG(s) dict_keys(['example_kubernetes_executor']) retrieved from /home/airflow/.local/lib/python3.7/site-packages/airflow/example_dags/example_kubernetes_executor.py
[2023-11-21T08:05:48.084+0000] {logging_mixin.py:137} INFO - [2023-11-21T08:05:48.084+0000] {dag.py:2693} INFO - Sync 1 DAGs
[2023-11-21T08:05:48.119+0000] {logging_mixin.py:137} INFO - [2023-11-21T08:05:48.119+0000] {dag.py:3444} INFO - Setting next_dagrun for example_kubernetes_executor to None, run_after=None
[2023-11-21T08:05:48.155+0000] {processor.py:175} INFO - Processing /home/airflow/.local/lib/python3.7/site-packages/airflow/example_dags/example_kubernetes_executor.py took 0.133 seconds
[2023-11-21T08:06:18.972+0000] {processor.py:153} INFO - Started process (PID=96) to work on /home/airflow/.local/lib/python3.7/site-packages/airflow/example_dags/example_kubernetes_executor.py
[2023-11-21T08:06:18.973+0000] {processor.py:743} INFO - Processing file /home/airflow/.local/lib/python3.7/site-packages/airflow/example_dags/example_kubernetes_executor.py for tasks to queue
[2023-11-21T08:06:18.974+0000] {logging_mixin.py:137} INFO - [2023-11-21T08:06:18.973+0000] {dagbag.py:532} INFO - Filling up the DagBag from /home/airflow/.local/lib/python3.7/site-packages/airflow/example_dags/example_kubernetes_executor.py
[2023-11-21T08:06:19.000+0000] {processor.py:753} INFO - DAG(s) dict_keys(['example_kubernetes_executor']) retrieved from /home/airflow/.local/lib/python3.7/site-packages/airflow/example_dags/example_kubernetes_executor.py
[2023-11-21T08:06:19.026+0000] {logging_mixin.py:137} INFO - [2023-11-21T08:06:19.026+0000] {dag.py:2693} INFO - Sync 1 DAGs
[2023-11-21T08:06:19.041+0000] {logging_mixin.py:137} INFO - [2023-11-21T08:06:19.041+0000] {dag.py:3444} INFO - Setting next_dagrun for example_kubernetes_executor to None, run_after=None
[2023-11-21T08:06:19.053+0000] {processor.py:175} INFO - Processing /home/airflow/.local/lib/python3.7/site-packages/airflow/example_dags/example_kubernetes_executor.py took 0.084 seconds
[2023-11-21T08:06:49.074+0000] {processor.py:153} INFO - Started process (PID=145) to work on /home/airflow/.local/lib/python3.7/site-packages/airflow/example_dags/example_kubernetes_executor.py
[2023-11-21T08:06:49.074+0000] {processor.py:743} INFO - Processing file /home/airflow/.local/lib/python3.7/site-packages/airflow/example_dags/example_kubernetes_executor.py for tasks to queue
[2023-11-21T08:06:49.075+0000] {logging_mixin.py:137} INFO - [2023-11-21T08:06:49.075+0000] {dagbag.py:532} INFO - Filling up the DagBag from /home/airflow/.local/lib/python3.7/site-packages/airflow/example_dags/example_kubernetes_executor.py
[2023-11-21T08:06:49.092+0000] {processor.py:753} INFO - DAG(s) dict_keys(['example_kubernetes_executor']) retrieved from /home/airflow/.local/lib/python3.7/site-packages/airflow/example_dags/example_kubernetes_executor.py
[2023-11-21T08:06:49.110+0000] {logging_mixin.py:137} INFO - [2023-11-21T08:06:49.110+0000] {dag.py:2693} INFO - Sync 1 DAGs
[2023-11-21T08:06:49.123+0000] {logging_mixin.py:137} INFO - [2023-11-21T08:06:49.123+0000] {dag.py:3444} INFO - Setting next_dagrun for example_kubernetes_executor to None, run_after=None
[2023-11-21T08:06:49.134+0000] {processor.py:175} INFO - Processing /home/airflow/.local/lib/python3.7/site-packages/airflow/example_dags/example_kubernetes_executor.py took 0.063 seconds
[2023-11-21T08:07:19.889+0000] {processor.py:153} INFO - Started process (PID=194) to work on /home/airflow/.local/lib/python3.7/site-packages/airflow/example_dags/example_kubernetes_executor.py
[2023-11-21T08:07:19.889+0000] {processor.py:743} INFO - Processing file /home/airflow/.local/lib/python3.7/site-packages/airflow/example_dags/example_kubernetes_executor.py for tasks to queue
[2023-11-21T08:07:19.890+0000] {logging_mixin.py:137} INFO - [2023-11-21T08:07:19.890+0000] {dagbag.py:532} INFO - Filling up the DagBag from /home/airflow/.local/lib/python3.7/site-packages/airflow/example_dags/example_kubernetes_executor.py
[2023-11-21T08:07:19.907+0000] {processor.py:753} INFO - DAG(s) dict_keys(['example_kubernetes_executor']) retrieved from /home/airflow/.local/lib/python3.7/site-packages/airflow/example_dags/example_kubernetes_executor.py
[2023-11-21T08:07:19.926+0000] {logging_mixin.py:137} INFO - [2023-11-21T08:07:19.926+0000] {dag.py:2693} INFO - Sync 1 DAGs
[2023-11-21T08:07:19.940+0000] {logging_mixin.py:137} INFO - [2023-11-21T08:07:19.940+0000] {dag.py:3444} INFO - Setting next_dagrun for example_kubernetes_executor to None, run_after=None
[2023-11-21T08:07:19.951+0000] {processor.py:175} INFO - Processing /home/airflow/.local/lib/python3.7/site-packages/airflow/example_dags/example_kubernetes_executor.py took 0.064 seconds
[2023-11-21T08:07:50.667+0000] {processor.py:153} INFO - Started process (PID=243) to work on /home/airflow/.local/lib/python3.7/site-packages/airflow/example_dags/example_kubernetes_executor.py
[2023-11-21T08:07:50.668+0000] {processor.py:743} INFO - Processing file /home/airflow/.local/lib/python3.7/site-packages/airflow/example_dags/example_kubernetes_executor.py for tasks to queue
[2023-11-21T08:07:50.668+0000] {logging_mixin.py:137} INFO - [2023-11-21T08:07:50.668+0000] {dagbag.py:532} INFO - Filling up the DagBag from /home/airflow/.local/lib/python3.7/site-packages/airflow/example_dags/example_kubernetes_executor.py
[2023-11-21T08:07:50.686+0000] {processor.py:753} INFO - DAG(s) dict_keys(['example_kubernetes_executor']) retrieved from /home/airflow/.local/lib/python3.7/site-packages/airflow/example_dags/example_kubernetes_executor.py
[2023-11-21T08:07:50.705+0000] {logging_mixin.py:137} INFO - [2023-11-21T08:07:50.704+0000] {dag.py:2693} INFO - Sync 1 DAGs
[2023-11-21T08:07:50.720+0000] {logging_mixin.py:137} INFO - [2023-11-21T08:07:50.720+0000] {dag.py:3444} INFO - Setting next_dagrun for example_kubernetes_executor to None, run_after=None
[2023-11-21T08:07:50.730+0000] {processor.py:175} INFO - Processing /home/airflow/.local/lib/python3.7/site-packages/airflow/example_dags/example_kubernetes_executor.py took 0.065 seconds
[2023-11-21T08:08:21.502+0000] {processor.py:153} INFO - Started process (PID=292) to work on /home/airflow/.local/lib/python3.7/site-packages/airflow/example_dags/example_kubernetes_executor.py
[2023-11-21T08:08:21.503+0000] {processor.py:743} INFO - Processing file /home/airflow/.local/lib/python3.7/site-packages/airflow/example_dags/example_kubernetes_executor.py for tasks to queue
[2023-11-21T08:08:21.503+0000] {logging_mixin.py:137} INFO - [2023-11-21T08:08:21.503+0000] {dagbag.py:532} INFO - Filling up the DagBag from /home/airflow/.local/lib/python3.7/site-packages/airflow/example_dags/example_kubernetes_executor.py
[2023-11-21T08:08:21.521+0000] {processor.py:753} INFO - DAG(s) dict_keys(['example_kubernetes_executor']) retrieved from /home/airflow/.local/lib/python3.7/site-packages/airflow/example_dags/example_kubernetes_executor.py
[2023-11-21T08:08:21.540+0000] {logging_mixin.py:137} INFO - [2023-11-21T08:08:21.540+0000] {dag.py:2693} INFO - Sync 1 DAGs
[2023-11-21T08:08:21.554+0000] {logging_mixin.py:137} INFO - [2023-11-21T08:08:21.554+0000] {dag.py:3444} INFO - Setting next_dagrun for example_kubernetes_executor to None, run_after=None
[2023-11-21T08:08:21.565+0000] {processor.py:175} INFO - Processing /home/airflow/.local/lib/python3.7/site-packages/airflow/example_dags/example_kubernetes_executor.py took 0.065 seconds
[2023-11-21T08:08:52.284+0000] {processor.py:153} INFO - Started process (PID=341) to work on /home/airflow/.local/lib/python3.7/site-packages/airflow/example_dags/example_kubernetes_executor.py
[2023-11-21T08:08:52.285+0000] {processor.py:743} INFO - Processing file /home/airflow/.local/lib/python3.7/site-packages/airflow/example_dags/example_kubernetes_executor.py for tasks to queue
[2023-11-21T08:08:52.285+0000] {logging_mixin.py:137} INFO - [2023-11-21T08:08:52.285+0000] {dagbag.py:532} INFO - Filling up the DagBag from /home/airflow/.local/lib/python3.7/site-packages/airflow/example_dags/example_kubernetes_executor.py
[2023-11-21T08:08:52.302+0000] {processor.py:753} INFO - DAG(s) dict_keys(['example_kubernetes_executor']) retrieved from /home/airflow/.local/lib/python3.7/site-packages/airflow/example_dags/example_kubernetes_executor.py
[2023-11-21T08:08:52.321+0000] {logging_mixin.py:137} INFO - [2023-11-21T08:08:52.321+0000] {dag.py:2693} INFO - Sync 1 DAGs
[2023-11-21T08:08:52.336+0000] {logging_mixin.py:137} INFO - [2023-11-21T08:08:52.336+0000] {dag.py:3444} INFO - Setting next_dagrun for example_kubernetes_executor to None, run_after=None
[2023-11-21T08:08:52.346+0000] {processor.py:175} INFO - Processing /home/airflow/.local/lib/python3.7/site-packages/airflow/example_dags/example_kubernetes_executor.py took 0.064 seconds
[2023-11-21T08:09:23.024+0000] {processor.py:153} INFO - Started process (PID=390) to work on /home/airflow/.local/lib/python3.7/site-packages/airflow/example_dags/example_kubernetes_executor.py
[2023-11-21T08:09:23.025+0000] {processor.py:743} INFO - Processing file /home/airflow/.local/lib/python3.7/site-packages/airflow/example_dags/example_kubernetes_executor.py for tasks to queue
[2023-11-21T08:09:23.025+0000] {logging_mixin.py:137} INFO - [2023-11-21T08:09:23.025+0000] {dagbag.py:532} INFO - Filling up the DagBag from /home/airflow/.local/lib/python3.7/site-packages/airflow/example_dags/example_kubernetes_executor.py
[2023-11-21T08:09:23.042+0000] {processor.py:753} INFO - DAG(s) dict_keys(['example_kubernetes_executor']) retrieved from /home/airflow/.local/lib/python3.7/site-packages/airflow/example_dags/example_kubernetes_executor.py
[2023-11-21T08:09:23.061+0000] {logging_mixin.py:137} INFO - [2023-11-21T08:09:23.061+0000] {dag.py:2693} INFO - Sync 1 DAGs
[2023-11-21T08:09:23.076+0000] {logging_mixin.py:137} INFO - [2023-11-21T08:09:23.076+0000] {dag.py:3444} INFO - Setting next_dagrun for example_kubernetes_executor to None, run_after=None
[2023-11-21T08:09:23.086+0000] {processor.py:175} INFO - Processing /home/airflow/.local/lib/python3.7/site-packages/airflow/example_dags/example_kubernetes_executor.py took 0.065 seconds
[2023-11-21T08:09:53.816+0000] {processor.py:153} INFO - Started process (PID=439) to work on /home/airflow/.local/lib/python3.7/site-packages/airflow/example_dags/example_kubernetes_executor.py
[2023-11-21T08:09:53.817+0000] {processor.py:743} INFO - Processing file /home/airflow/.local/lib/python3.7/site-packages/airflow/example_dags/example_kubernetes_executor.py for tasks to queue
[2023-11-21T08:09:53.817+0000] {logging_mixin.py:137} INFO - [2023-11-21T08:09:53.817+0000] {dagbag.py:532} INFO - Filling up the DagBag from /home/airflow/.local/lib/python3.7/site-packages/airflow/example_dags/example_kubernetes_executor.py
[2023-11-21T08:09:53.834+0000] {processor.py:753} INFO - DAG(s) dict_keys(['example_kubernetes_executor']) retrieved from /home/airflow/.local/lib/python3.7/site-packages/airflow/example_dags/example_kubernetes_executor.py
[2023-11-21T08:09:53.853+0000] {logging_mixin.py:137} INFO - [2023-11-21T08:09:53.853+0000] {dag.py:2693} INFO - Sync 1 DAGs
[2023-11-21T08:09:53.867+0000] {logging_mixin.py:137} INFO - [2023-11-21T08:09:53.867+0000] {dag.py:3444} INFO - Setting next_dagrun for example_kubernetes_executor to None, run_after=None
[2023-11-21T08:09:53.877+0000] {processor.py:175} INFO - Processing /home/airflow/.local/lib/python3.7/site-packages/airflow/example_dags/example_kubernetes_executor.py took 0.064 seconds
[2023-11-21T08:10:24.624+0000] {processor.py:153} INFO - Started process (PID=488) to work on /home/airflow/.local/lib/python3.7/site-packages/airflow/example_dags/example_kubernetes_executor.py
[2023-11-21T08:10:24.625+0000] {processor.py:743} INFO - Processing file /home/airflow/.local/lib/python3.7/site-packages/airflow/example_dags/example_kubernetes_executor.py for tasks to queue
[2023-11-21T08:10:24.626+0000] {logging_mixin.py:137} INFO - [2023-11-21T08:10:24.626+0000] {dagbag.py:532} INFO - Filling up the DagBag from /home/airflow/.local/lib/python3.7/site-packages/airflow/example_dags/example_kubernetes_executor.py
[2023-11-21T08:10:24.650+0000] {processor.py:753} INFO - DAG(s) dict_keys(['example_kubernetes_executor']) retrieved from /home/airflow/.local/lib/python3.7/site-packages/airflow/example_dags/example_kubernetes_executor.py
[2023-11-21T08:10:24.676+0000] {logging_mixin.py:137} INFO - [2023-11-21T08:10:24.676+0000] {dag.py:2693} INFO - Sync 1 DAGs
[2023-11-21T08:10:24.696+0000] {logging_mixin.py:137} INFO - [2023-11-21T08:10:24.696+0000] {dag.py:3444} INFO - Setting next_dagrun for example_kubernetes_executor to None, run_after=None
[2023-11-21T08:10:24.712+0000] {processor.py:175} INFO - Processing /home/airflow/.local/lib/python3.7/site-packages/airflow/example_dags/example_kubernetes_executor.py took 0.091 seconds
[2023-11-21T08:10:55.738+0000] {processor.py:153} INFO - Started process (PID=537) to work on /home/airflow/.local/lib/python3.7/site-packages/airflow/example_dags/example_kubernetes_executor.py
[2023-11-21T08:10:55.739+0000] {processor.py:743} INFO - Processing file /home/airflow/.local/lib/python3.7/site-packages/airflow/example_dags/example_kubernetes_executor.py for tasks to queue
[2023-11-21T08:10:55.740+0000] {logging_mixin.py:137} INFO - [2023-11-21T08:10:55.740+0000] {dagbag.py:532} INFO - Filling up the DagBag from /home/airflow/.local/lib/python3.7/site-packages/airflow/example_dags/example_kubernetes_executor.py
[2023-11-21T08:10:55.758+0000] {processor.py:753} INFO - DAG(s) dict_keys(['example_kubernetes_executor']) retrieved from /home/airflow/.local/lib/python3.7/site-packages/airflow/example_dags/example_kubernetes_executor.py
[2023-11-21T08:10:55.778+0000] {logging_mixin.py:137} INFO - [2023-11-21T08:10:55.777+0000] {dag.py:2693} INFO - Sync 1 DAGs
[2023-11-21T08:10:55.793+0000] {logging_mixin.py:137} INFO - [2023-11-21T08:10:55.793+0000] {dag.py:3444} INFO - Setting next_dagrun for example_kubernetes_executor to None, run_after=None
[2023-11-21T08:10:55.804+0000] {processor.py:175} INFO - Processing /home/airflow/.local/lib/python3.7/site-packages/airflow/example_dags/example_kubernetes_executor.py took 0.068 seconds
[2023-11-21T08:11:25.849+0000] {processor.py:153} INFO - Started process (PID=586) to work on /home/airflow/.local/lib/python3.7/site-packages/airflow/example_dags/example_kubernetes_executor.py
[2023-11-21T08:11:25.850+0000] {processor.py:743} INFO - Processing file /home/airflow/.local/lib/python3.7/site-packages/airflow/example_dags/example_kubernetes_executor.py for tasks to queue
[2023-11-21T08:11:25.851+0000] {logging_mixin.py:137} INFO - [2023-11-21T08:11:25.851+0000] {dagbag.py:532} INFO - Filling up the DagBag from /home/airflow/.local/lib/python3.7/site-packages/airflow/example_dags/example_kubernetes_executor.py
[2023-11-21T08:11:25.869+0000] {processor.py:753} INFO - DAG(s) dict_keys(['example_kubernetes_executor']) retrieved from /home/airflow/.local/lib/python3.7/site-packages/airflow/example_dags/example_kubernetes_executor.py
[2023-11-21T08:11:25.887+0000] {logging_mixin.py:137} INFO - [2023-11-21T08:11:25.887+0000] {dag.py:2693} INFO - Sync 1 DAGs
[2023-11-21T08:11:25.902+0000] {logging_mixin.py:137} INFO - [2023-11-21T08:11:25.902+0000] {dag.py:3444} INFO - Setting next_dagrun for example_kubernetes_executor to None, run_after=None
[2023-11-21T08:11:25.912+0000] {processor.py:175} INFO - Processing /home/airflow/.local/lib/python3.7/site-packages/airflow/example_dags/example_kubernetes_executor.py took 0.066 seconds
[2023-11-21T08:11:56.095+0000] {processor.py:153} INFO - Started process (PID=635) to work on /home/airflow/.local/lib/python3.7/site-packages/airflow/example_dags/example_kubernetes_executor.py
[2023-11-21T08:11:56.095+0000] {processor.py:743} INFO - Processing file /home/airflow/.local/lib/python3.7/site-packages/airflow/example_dags/example_kubernetes_executor.py for tasks to queue
[2023-11-21T08:11:56.096+0000] {logging_mixin.py:137} INFO - [2023-11-21T08:11:56.096+0000] {dagbag.py:532} INFO - Filling up the DagBag from /home/airflow/.local/lib/python3.7/site-packages/airflow/example_dags/example_kubernetes_executor.py
[2023-11-21T08:11:56.114+0000] {processor.py:753} INFO - DAG(s) dict_keys(['example_kubernetes_executor']) retrieved from /home/airflow/.local/lib/python3.7/site-packages/airflow/example_dags/example_kubernetes_executor.py
[2023-11-21T08:11:56.133+0000] {logging_mixin.py:137} INFO - [2023-11-21T08:11:56.133+0000] {dag.py:2693} INFO - Sync 1 DAGs
[2023-11-21T08:11:56.148+0000] {logging_mixin.py:137} INFO - [2023-11-21T08:11:56.148+0000] {dag.py:3444} INFO - Setting next_dagrun for example_kubernetes_executor to None, run_after=None
[2023-11-21T08:11:56.158+0000] {processor.py:175} INFO - Processing /home/airflow/.local/lib/python3.7/site-packages/airflow/example_dags/example_kubernetes_executor.py took 0.065 seconds
[2023-11-21T08:12:26.283+0000] {processor.py:153} INFO - Started process (PID=684) to work on /home/airflow/.local/lib/python3.7/site-packages/airflow/example_dags/example_kubernetes_executor.py
[2023-11-21T08:12:26.284+0000] {processor.py:743} INFO - Processing file /home/airflow/.local/lib/python3.7/site-packages/airflow/example_dags/example_kubernetes_executor.py for tasks to queue
[2023-11-21T08:12:26.285+0000] {logging_mixin.py:137} INFO - [2023-11-21T08:12:26.285+0000] {dagbag.py:532} INFO - Filling up the DagBag from /home/airflow/.local/lib/python3.7/site-packages/airflow/example_dags/example_kubernetes_executor.py
[2023-11-21T08:12:26.302+0000] {processor.py:753} INFO - DAG(s) dict_keys(['example_kubernetes_executor']) retrieved from /home/airflow/.local/lib/python3.7/site-packages/airflow/example_dags/example_kubernetes_executor.py
[2023-11-21T08:12:26.321+0000] {logging_mixin.py:137} INFO - [2023-11-21T08:12:26.321+0000] {dag.py:2693} INFO - Sync 1 DAGs
[2023-11-21T08:12:26.336+0000] {logging_mixin.py:137} INFO - [2023-11-21T08:12:26.336+0000] {dag.py:3444} INFO - Setting next_dagrun for example_kubernetes_executor to None, run_after=None
[2023-11-21T08:12:26.345+0000] {processor.py:175} INFO - Processing /home/airflow/.local/lib/python3.7/site-packages/airflow/example_dags/example_kubernetes_executor.py took 0.064 seconds
[2023-11-21T08:19:18.029+0000] {processor.py:153} INFO - Started process (PID=47) to work on /home/airflow/.local/lib/python3.7/site-packages/airflow/example_dags/example_kubernetes_executor.py
[2023-11-21T08:19:18.032+0000] {processor.py:743} INFO - Processing file /home/airflow/.local/lib/python3.7/site-packages/airflow/example_dags/example_kubernetes_executor.py for tasks to queue
[2023-11-21T08:19:18.034+0000] {logging_mixin.py:137} INFO - [2023-11-21T08:19:18.034+0000] {dagbag.py:532} INFO - Filling up the DagBag from /home/airflow/.local/lib/python3.7/site-packages/airflow/example_dags/example_kubernetes_executor.py
[2023-11-21T08:19:18.092+0000] {processor.py:753} INFO - DAG(s) dict_keys(['example_kubernetes_executor']) retrieved from /home/airflow/.local/lib/python3.7/site-packages/airflow/example_dags/example_kubernetes_executor.py
[2023-11-21T08:19:18.249+0000] {logging_mixin.py:137} INFO - [2023-11-21T08:19:18.249+0000] {manager.py:504} INFO - Created Permission View: can edit on DAG:example_kubernetes_executor
[2023-11-21T08:19:18.258+0000] {logging_mixin.py:137} INFO - [2023-11-21T08:19:18.258+0000] {manager.py:504} INFO - Created Permission View: can read on DAG:example_kubernetes_executor
[2023-11-21T08:19:18.264+0000] {logging_mixin.py:137} INFO - [2023-11-21T08:19:18.264+0000] {manager.py:504} INFO - Created Permission View: can delete on DAG:example_kubernetes_executor
[2023-11-21T08:19:18.265+0000] {logging_mixin.py:137} INFO - [2023-11-21T08:19:18.265+0000] {dag.py:2693} INFO - Sync 1 DAGs
[2023-11-21T08:19:18.276+0000] {logging_mixin.py:137} INFO - [2023-11-21T08:19:18.276+0000] {dag.py:2714} INFO - Creating ORM DAG for example_kubernetes_executor
[2023-11-21T08:19:18.296+0000] {logging_mixin.py:137} INFO - [2023-11-21T08:19:18.296+0000] {dag.py:3444} INFO - Setting next_dagrun for example_kubernetes_executor to None, run_after=None
[2023-11-21T08:19:18.322+0000] {processor.py:175} INFO - Processing /home/airflow/.local/lib/python3.7/site-packages/airflow/example_dags/example_kubernetes_executor.py took 0.297 seconds
[2023-11-21T08:19:48.525+0000] {processor.py:153} INFO - Started process (PID=96) to work on /home/airflow/.local/lib/python3.7/site-packages/airflow/example_dags/example_kubernetes_executor.py
[2023-11-21T08:19:48.527+0000] {processor.py:743} INFO - Processing file /home/airflow/.local/lib/python3.7/site-packages/airflow/example_dags/example_kubernetes_executor.py for tasks to queue
[2023-11-21T08:19:48.528+0000] {logging_mixin.py:137} INFO - [2023-11-21T08:19:48.528+0000] {dagbag.py:532} INFO - Filling up the DagBag from /home/airflow/.local/lib/python3.7/site-packages/airflow/example_dags/example_kubernetes_executor.py
[2023-11-21T08:19:48.578+0000] {processor.py:753} INFO - DAG(s) dict_keys(['example_kubernetes_executor']) retrieved from /home/airflow/.local/lib/python3.7/site-packages/airflow/example_dags/example_kubernetes_executor.py
[2023-11-21T08:19:48.614+0000] {logging_mixin.py:137} INFO - [2023-11-21T08:19:48.614+0000] {dag.py:2693} INFO - Sync 1 DAGs
[2023-11-21T08:19:48.652+0000] {logging_mixin.py:137} INFO - [2023-11-21T08:19:48.651+0000] {dag.py:3444} INFO - Setting next_dagrun for example_kubernetes_executor to None, run_after=None
[2023-11-21T08:19:48.678+0000] {processor.py:175} INFO - Processing /home/airflow/.local/lib/python3.7/site-packages/airflow/example_dags/example_kubernetes_executor.py took 0.160 seconds
[2023-11-21T08:20:18.752+0000] {processor.py:153} INFO - Started process (PID=145) to work on /home/airflow/.local/lib/python3.7/site-packages/airflow/example_dags/example_kubernetes_executor.py
[2023-11-21T08:20:18.753+0000] {processor.py:743} INFO - Processing file /home/airflow/.local/lib/python3.7/site-packages/airflow/example_dags/example_kubernetes_executor.py for tasks to queue
[2023-11-21T08:20:18.754+0000] {logging_mixin.py:137} INFO - [2023-11-21T08:20:18.753+0000] {dagbag.py:532} INFO - Filling up the DagBag from /home/airflow/.local/lib/python3.7/site-packages/airflow/example_dags/example_kubernetes_executor.py
[2023-11-21T08:20:18.775+0000] {processor.py:753} INFO - DAG(s) dict_keys(['example_kubernetes_executor']) retrieved from /home/airflow/.local/lib/python3.7/site-packages/airflow/example_dags/example_kubernetes_executor.py
[2023-11-21T08:20:18.800+0000] {logging_mixin.py:137} INFO - [2023-11-21T08:20:18.800+0000] {dag.py:2693} INFO - Sync 1 DAGs
[2023-11-21T08:20:18.817+0000] {logging_mixin.py:137} INFO - [2023-11-21T08:20:18.817+0000] {dag.py:3444} INFO - Setting next_dagrun for example_kubernetes_executor to None, run_after=None
[2023-11-21T08:20:18.833+0000] {processor.py:175} INFO - Processing /home/airflow/.local/lib/python3.7/site-packages/airflow/example_dags/example_kubernetes_executor.py took 0.083 seconds
[2023-11-21T08:20:49.772+0000] {processor.py:153} INFO - Started process (PID=195) to work on /home/airflow/.local/lib/python3.7/site-packages/airflow/example_dags/example_kubernetes_executor.py
[2023-11-21T08:20:49.774+0000] {processor.py:743} INFO - Processing file /home/airflow/.local/lib/python3.7/site-packages/airflow/example_dags/example_kubernetes_executor.py for tasks to queue
[2023-11-21T08:20:49.774+0000] {logging_mixin.py:137} INFO - [2023-11-21T08:20:49.774+0000] {dagbag.py:532} INFO - Filling up the DagBag from /home/airflow/.local/lib/python3.7/site-packages/airflow/example_dags/example_kubernetes_executor.py
[2023-11-21T08:20:49.798+0000] {processor.py:753} INFO - DAG(s) dict_keys(['example_kubernetes_executor']) retrieved from /home/airflow/.local/lib/python3.7/site-packages/airflow/example_dags/example_kubernetes_executor.py
[2023-11-21T08:20:49.820+0000] {logging_mixin.py:137} INFO - [2023-11-21T08:20:49.820+0000] {dag.py:2693} INFO - Sync 1 DAGs
[2023-11-21T08:20:49.838+0000] {logging_mixin.py:137} INFO - [2023-11-21T08:20:49.838+0000] {dag.py:3444} INFO - Setting next_dagrun for example_kubernetes_executor to None, run_after=None
[2023-11-21T08:20:49.854+0000] {processor.py:175} INFO - Processing /home/airflow/.local/lib/python3.7/site-packages/airflow/example_dags/example_kubernetes_executor.py took 0.084 seconds
