[2023-11-21T08:05:48.793+0000] {processor.py:153} INFO - Started process (PID=59) to work on /home/airflow/.local/lib/python3.7/site-packages/airflow/example_dags/example_branch_operator.py
[2023-11-21T08:05:48.796+0000] {processor.py:743} INFO - Processing file /home/airflow/.local/lib/python3.7/site-packages/airflow/example_dags/example_branch_operator.py for tasks to queue
[2023-11-21T08:05:48.800+0000] {logging_mixin.py:137} INFO - [2023-11-21T08:05:48.799+0000] {dagbag.py:532} INFO - Filling up the DagBag from /home/airflow/.local/lib/python3.7/site-packages/airflow/example_dags/example_branch_operator.py
[2023-11-21T08:05:48.834+0000] {processor.py:753} INFO - DAG(s) dict_keys(['example_branch_operator']) retrieved from /home/airflow/.local/lib/python3.7/site-packages/airflow/example_dags/example_branch_operator.py
[2023-11-21T08:05:48.853+0000] {logging_mixin.py:137} INFO - [2023-11-21T08:05:48.853+0000] {dag.py:2693} INFO - Sync 1 DAGs
[2023-11-21T08:05:48.895+0000] {logging_mixin.py:137} INFO - [2023-11-21T08:05:48.895+0000] {dag.py:3444} INFO - Setting next_dagrun for example_branch_operator to 2023-11-20T00:00:00+00:00, run_after=2023-11-21T00:00:00+00:00
[2023-11-21T08:05:48.922+0000] {processor.py:175} INFO - Processing /home/airflow/.local/lib/python3.7/site-packages/airflow/example_dags/example_branch_operator.py took 0.134 seconds
[2023-11-21T08:06:19.505+0000] {processor.py:153} INFO - Started process (PID=108) to work on /home/airflow/.local/lib/python3.7/site-packages/airflow/example_dags/example_branch_operator.py
[2023-11-21T08:06:19.506+0000] {processor.py:743} INFO - Processing file /home/airflow/.local/lib/python3.7/site-packages/airflow/example_dags/example_branch_operator.py for tasks to queue
[2023-11-21T08:06:19.506+0000] {logging_mixin.py:137} INFO - [2023-11-21T08:06:19.506+0000] {dagbag.py:532} INFO - Filling up the DagBag from /home/airflow/.local/lib/python3.7/site-packages/airflow/example_dags/example_branch_operator.py
[2023-11-21T08:06:19.516+0000] {processor.py:753} INFO - DAG(s) dict_keys(['example_branch_operator']) retrieved from /home/airflow/.local/lib/python3.7/site-packages/airflow/example_dags/example_branch_operator.py
[2023-11-21T08:06:19.532+0000] {logging_mixin.py:137} INFO - [2023-11-21T08:06:19.532+0000] {dag.py:2693} INFO - Sync 1 DAGs
[2023-11-21T08:06:19.547+0000] {logging_mixin.py:137} INFO - [2023-11-21T08:06:19.547+0000] {dag.py:3444} INFO - Setting next_dagrun for example_branch_operator to 2023-11-20T00:00:00+00:00, run_after=2023-11-21T00:00:00+00:00
[2023-11-21T08:06:19.556+0000] {processor.py:175} INFO - Processing /home/airflow/.local/lib/python3.7/site-packages/airflow/example_dags/example_branch_operator.py took 0.053 seconds
[2023-11-21T08:06:50.576+0000] {processor.py:153} INFO - Started process (PID=157) to work on /home/airflow/.local/lib/python3.7/site-packages/airflow/example_dags/example_branch_operator.py
[2023-11-21T08:06:50.577+0000] {processor.py:743} INFO - Processing file /home/airflow/.local/lib/python3.7/site-packages/airflow/example_dags/example_branch_operator.py for tasks to queue
[2023-11-21T08:06:50.577+0000] {logging_mixin.py:137} INFO - [2023-11-21T08:06:50.577+0000] {dagbag.py:532} INFO - Filling up the DagBag from /home/airflow/.local/lib/python3.7/site-packages/airflow/example_dags/example_branch_operator.py
[2023-11-21T08:06:50.588+0000] {processor.py:753} INFO - DAG(s) dict_keys(['example_branch_operator']) retrieved from /home/airflow/.local/lib/python3.7/site-packages/airflow/example_dags/example_branch_operator.py
[2023-11-21T08:06:50.606+0000] {logging_mixin.py:137} INFO - [2023-11-21T08:06:50.605+0000] {dag.py:2693} INFO - Sync 1 DAGs
[2023-11-21T08:06:50.622+0000] {logging_mixin.py:137} INFO - [2023-11-21T08:06:50.622+0000] {dag.py:3444} INFO - Setting next_dagrun for example_branch_operator to 2023-11-20T00:00:00+00:00, run_after=2023-11-21T00:00:00+00:00
[2023-11-21T08:06:50.633+0000] {processor.py:175} INFO - Processing /home/airflow/.local/lib/python3.7/site-packages/airflow/example_dags/example_branch_operator.py took 0.059 seconds
[2023-11-21T08:07:21.350+0000] {processor.py:153} INFO - Started process (PID=206) to work on /home/airflow/.local/lib/python3.7/site-packages/airflow/example_dags/example_branch_operator.py
[2023-11-21T08:07:21.351+0000] {processor.py:743} INFO - Processing file /home/airflow/.local/lib/python3.7/site-packages/airflow/example_dags/example_branch_operator.py for tasks to queue
[2023-11-21T08:07:21.351+0000] {logging_mixin.py:137} INFO - [2023-11-21T08:07:21.351+0000] {dagbag.py:532} INFO - Filling up the DagBag from /home/airflow/.local/lib/python3.7/site-packages/airflow/example_dags/example_branch_operator.py
[2023-11-21T08:07:21.362+0000] {processor.py:753} INFO - DAG(s) dict_keys(['example_branch_operator']) retrieved from /home/airflow/.local/lib/python3.7/site-packages/airflow/example_dags/example_branch_operator.py
[2023-11-21T08:07:21.379+0000] {logging_mixin.py:137} INFO - [2023-11-21T08:07:21.379+0000] {dag.py:2693} INFO - Sync 1 DAGs
[2023-11-21T08:07:21.395+0000] {logging_mixin.py:137} INFO - [2023-11-21T08:07:21.395+0000] {dag.py:3444} INFO - Setting next_dagrun for example_branch_operator to 2023-11-20T00:00:00+00:00, run_after=2023-11-21T00:00:00+00:00
[2023-11-21T08:07:21.405+0000] {processor.py:175} INFO - Processing /home/airflow/.local/lib/python3.7/site-packages/airflow/example_dags/example_branch_operator.py took 0.057 seconds
[2023-11-21T08:07:52.132+0000] {processor.py:153} INFO - Started process (PID=255) to work on /home/airflow/.local/lib/python3.7/site-packages/airflow/example_dags/example_branch_operator.py
[2023-11-21T08:07:52.133+0000] {processor.py:743} INFO - Processing file /home/airflow/.local/lib/python3.7/site-packages/airflow/example_dags/example_branch_operator.py for tasks to queue
[2023-11-21T08:07:52.134+0000] {logging_mixin.py:137} INFO - [2023-11-21T08:07:52.134+0000] {dagbag.py:532} INFO - Filling up the DagBag from /home/airflow/.local/lib/python3.7/site-packages/airflow/example_dags/example_branch_operator.py
[2023-11-21T08:07:52.145+0000] {processor.py:753} INFO - DAG(s) dict_keys(['example_branch_operator']) retrieved from /home/airflow/.local/lib/python3.7/site-packages/airflow/example_dags/example_branch_operator.py
[2023-11-21T08:07:52.163+0000] {logging_mixin.py:137} INFO - [2023-11-21T08:07:52.163+0000] {dag.py:2693} INFO - Sync 1 DAGs
[2023-11-21T08:07:52.181+0000] {logging_mixin.py:137} INFO - [2023-11-21T08:07:52.181+0000] {dag.py:3444} INFO - Setting next_dagrun for example_branch_operator to 2023-11-20T00:00:00+00:00, run_after=2023-11-21T00:00:00+00:00
[2023-11-21T08:07:52.193+0000] {processor.py:175} INFO - Processing /home/airflow/.local/lib/python3.7/site-packages/airflow/example_dags/example_branch_operator.py took 0.062 seconds
[2023-11-21T08:08:22.965+0000] {processor.py:153} INFO - Started process (PID=304) to work on /home/airflow/.local/lib/python3.7/site-packages/airflow/example_dags/example_branch_operator.py
[2023-11-21T08:08:22.965+0000] {processor.py:743} INFO - Processing file /home/airflow/.local/lib/python3.7/site-packages/airflow/example_dags/example_branch_operator.py for tasks to queue
[2023-11-21T08:08:22.966+0000] {logging_mixin.py:137} INFO - [2023-11-21T08:08:22.966+0000] {dagbag.py:532} INFO - Filling up the DagBag from /home/airflow/.local/lib/python3.7/site-packages/airflow/example_dags/example_branch_operator.py
[2023-11-21T08:08:22.976+0000] {processor.py:753} INFO - DAG(s) dict_keys(['example_branch_operator']) retrieved from /home/airflow/.local/lib/python3.7/site-packages/airflow/example_dags/example_branch_operator.py
[2023-11-21T08:08:22.993+0000] {logging_mixin.py:137} INFO - [2023-11-21T08:08:22.993+0000] {dag.py:2693} INFO - Sync 1 DAGs
[2023-11-21T08:08:23.009+0000] {logging_mixin.py:137} INFO - [2023-11-21T08:08:23.009+0000] {dag.py:3444} INFO - Setting next_dagrun for example_branch_operator to 2023-11-20T00:00:00+00:00, run_after=2023-11-21T00:00:00+00:00
[2023-11-21T08:08:23.019+0000] {processor.py:175} INFO - Processing /home/airflow/.local/lib/python3.7/site-packages/airflow/example_dags/example_branch_operator.py took 0.057 seconds
[2023-11-21T08:08:53.748+0000] {processor.py:153} INFO - Started process (PID=353) to work on /home/airflow/.local/lib/python3.7/site-packages/airflow/example_dags/example_branch_operator.py
[2023-11-21T08:08:53.749+0000] {processor.py:743} INFO - Processing file /home/airflow/.local/lib/python3.7/site-packages/airflow/example_dags/example_branch_operator.py for tasks to queue
[2023-11-21T08:08:53.749+0000] {logging_mixin.py:137} INFO - [2023-11-21T08:08:53.749+0000] {dagbag.py:532} INFO - Filling up the DagBag from /home/airflow/.local/lib/python3.7/site-packages/airflow/example_dags/example_branch_operator.py
[2023-11-21T08:08:53.760+0000] {processor.py:753} INFO - DAG(s) dict_keys(['example_branch_operator']) retrieved from /home/airflow/.local/lib/python3.7/site-packages/airflow/example_dags/example_branch_operator.py
[2023-11-21T08:08:53.777+0000] {logging_mixin.py:137} INFO - [2023-11-21T08:08:53.776+0000] {dag.py:2693} INFO - Sync 1 DAGs
[2023-11-21T08:08:53.793+0000] {logging_mixin.py:137} INFO - [2023-11-21T08:08:53.793+0000] {dag.py:3444} INFO - Setting next_dagrun for example_branch_operator to 2023-11-20T00:00:00+00:00, run_after=2023-11-21T00:00:00+00:00
[2023-11-21T08:08:53.803+0000] {processor.py:175} INFO - Processing /home/airflow/.local/lib/python3.7/site-packages/airflow/example_dags/example_branch_operator.py took 0.057 seconds
[2023-11-21T08:09:24.488+0000] {processor.py:153} INFO - Started process (PID=402) to work on /home/airflow/.local/lib/python3.7/site-packages/airflow/example_dags/example_branch_operator.py
[2023-11-21T08:09:24.489+0000] {processor.py:743} INFO - Processing file /home/airflow/.local/lib/python3.7/site-packages/airflow/example_dags/example_branch_operator.py for tasks to queue
[2023-11-21T08:09:24.489+0000] {logging_mixin.py:137} INFO - [2023-11-21T08:09:24.489+0000] {dagbag.py:532} INFO - Filling up the DagBag from /home/airflow/.local/lib/python3.7/site-packages/airflow/example_dags/example_branch_operator.py
[2023-11-21T08:09:24.500+0000] {processor.py:753} INFO - DAG(s) dict_keys(['example_branch_operator']) retrieved from /home/airflow/.local/lib/python3.7/site-packages/airflow/example_dags/example_branch_operator.py
[2023-11-21T08:09:24.516+0000] {logging_mixin.py:137} INFO - [2023-11-21T08:09:24.516+0000] {dag.py:2693} INFO - Sync 1 DAGs
[2023-11-21T08:09:24.533+0000] {logging_mixin.py:137} INFO - [2023-11-21T08:09:24.532+0000] {dag.py:3444} INFO - Setting next_dagrun for example_branch_operator to 2023-11-20T00:00:00+00:00, run_after=2023-11-21T00:00:00+00:00
[2023-11-21T08:09:24.544+0000] {processor.py:175} INFO - Processing /home/airflow/.local/lib/python3.7/site-packages/airflow/example_dags/example_branch_operator.py took 0.058 seconds
[2023-11-21T08:09:55.276+0000] {processor.py:153} INFO - Started process (PID=451) to work on /home/airflow/.local/lib/python3.7/site-packages/airflow/example_dags/example_branch_operator.py
[2023-11-21T08:09:55.276+0000] {processor.py:743} INFO - Processing file /home/airflow/.local/lib/python3.7/site-packages/airflow/example_dags/example_branch_operator.py for tasks to queue
[2023-11-21T08:09:55.277+0000] {logging_mixin.py:137} INFO - [2023-11-21T08:09:55.277+0000] {dagbag.py:532} INFO - Filling up the DagBag from /home/airflow/.local/lib/python3.7/site-packages/airflow/example_dags/example_branch_operator.py
[2023-11-21T08:09:55.288+0000] {processor.py:753} INFO - DAG(s) dict_keys(['example_branch_operator']) retrieved from /home/airflow/.local/lib/python3.7/site-packages/airflow/example_dags/example_branch_operator.py
[2023-11-21T08:09:55.306+0000] {logging_mixin.py:137} INFO - [2023-11-21T08:09:55.306+0000] {dag.py:2693} INFO - Sync 1 DAGs
[2023-11-21T08:09:55.323+0000] {logging_mixin.py:137} INFO - [2023-11-21T08:09:55.323+0000] {dag.py:3444} INFO - Setting next_dagrun for example_branch_operator to 2023-11-20T00:00:00+00:00, run_after=2023-11-21T00:00:00+00:00
[2023-11-21T08:09:55.333+0000] {processor.py:175} INFO - Processing /home/airflow/.local/lib/python3.7/site-packages/airflow/example_dags/example_branch_operator.py took 0.060 seconds
[2023-11-21T08:10:26.173+0000] {processor.py:153} INFO - Started process (PID=500) to work on /home/airflow/.local/lib/python3.7/site-packages/airflow/example_dags/example_branch_operator.py
[2023-11-21T08:10:26.175+0000] {processor.py:743} INFO - Processing file /home/airflow/.local/lib/python3.7/site-packages/airflow/example_dags/example_branch_operator.py for tasks to queue
[2023-11-21T08:10:26.176+0000] {logging_mixin.py:137} INFO - [2023-11-21T08:10:26.175+0000] {dagbag.py:532} INFO - Filling up the DagBag from /home/airflow/.local/lib/python3.7/site-packages/airflow/example_dags/example_branch_operator.py
[2023-11-21T08:10:26.187+0000] {processor.py:753} INFO - DAG(s) dict_keys(['example_branch_operator']) retrieved from /home/airflow/.local/lib/python3.7/site-packages/airflow/example_dags/example_branch_operator.py
[2023-11-21T08:10:26.206+0000] {logging_mixin.py:137} INFO - [2023-11-21T08:10:26.206+0000] {dag.py:2693} INFO - Sync 1 DAGs
[2023-11-21T08:10:26.227+0000] {logging_mixin.py:137} INFO - [2023-11-21T08:10:26.227+0000] {dag.py:3444} INFO - Setting next_dagrun for example_branch_operator to 2023-11-20T00:00:00+00:00, run_after=2023-11-21T00:00:00+00:00
[2023-11-21T08:10:26.241+0000] {processor.py:175} INFO - Processing /home/airflow/.local/lib/python3.7/site-packages/airflow/example_dags/example_branch_operator.py took 0.070 seconds
[2023-11-21T08:10:56.381+0000] {processor.py:153} INFO - Started process (PID=549) to work on /home/airflow/.local/lib/python3.7/site-packages/airflow/example_dags/example_branch_operator.py
[2023-11-21T08:10:56.382+0000] {processor.py:743} INFO - Processing file /home/airflow/.local/lib/python3.7/site-packages/airflow/example_dags/example_branch_operator.py for tasks to queue
[2023-11-21T08:10:56.382+0000] {logging_mixin.py:137} INFO - [2023-11-21T08:10:56.382+0000] {dagbag.py:532} INFO - Filling up the DagBag from /home/airflow/.local/lib/python3.7/site-packages/airflow/example_dags/example_branch_operator.py
[2023-11-21T08:10:56.393+0000] {processor.py:753} INFO - DAG(s) dict_keys(['example_branch_operator']) retrieved from /home/airflow/.local/lib/python3.7/site-packages/airflow/example_dags/example_branch_operator.py
[2023-11-21T08:10:56.409+0000] {logging_mixin.py:137} INFO - [2023-11-21T08:10:56.409+0000] {dag.py:2693} INFO - Sync 1 DAGs
[2023-11-21T08:10:56.423+0000] {logging_mixin.py:137} INFO - [2023-11-21T08:10:56.423+0000] {dag.py:3444} INFO - Setting next_dagrun for example_branch_operator to 2023-11-20T00:00:00+00:00, run_after=2023-11-21T00:00:00+00:00
[2023-11-21T08:10:56.433+0000] {processor.py:175} INFO - Processing /home/airflow/.local/lib/python3.7/site-packages/airflow/example_dags/example_branch_operator.py took 0.054 seconds
[2023-11-21T08:11:26.530+0000] {processor.py:153} INFO - Started process (PID=598) to work on /home/airflow/.local/lib/python3.7/site-packages/airflow/example_dags/example_branch_operator.py
[2023-11-21T08:11:26.531+0000] {processor.py:743} INFO - Processing file /home/airflow/.local/lib/python3.7/site-packages/airflow/example_dags/example_branch_operator.py for tasks to queue
[2023-11-21T08:11:26.531+0000] {logging_mixin.py:137} INFO - [2023-11-21T08:11:26.531+0000] {dagbag.py:532} INFO - Filling up the DagBag from /home/airflow/.local/lib/python3.7/site-packages/airflow/example_dags/example_branch_operator.py
[2023-11-21T08:11:26.542+0000] {processor.py:753} INFO - DAG(s) dict_keys(['example_branch_operator']) retrieved from /home/airflow/.local/lib/python3.7/site-packages/airflow/example_dags/example_branch_operator.py
[2023-11-21T08:11:26.559+0000] {logging_mixin.py:137} INFO - [2023-11-21T08:11:26.559+0000] {dag.py:2693} INFO - Sync 1 DAGs
[2023-11-21T08:11:26.575+0000] {logging_mixin.py:137} INFO - [2023-11-21T08:11:26.575+0000] {dag.py:3444} INFO - Setting next_dagrun for example_branch_operator to 2023-11-20T00:00:00+00:00, run_after=2023-11-21T00:00:00+00:00
[2023-11-21T08:11:26.586+0000] {processor.py:175} INFO - Processing /home/airflow/.local/lib/python3.7/site-packages/airflow/example_dags/example_branch_operator.py took 0.058 seconds
[2023-11-21T08:11:56.654+0000] {processor.py:153} INFO - Started process (PID=647) to work on /home/airflow/.local/lib/python3.7/site-packages/airflow/example_dags/example_branch_operator.py
[2023-11-21T08:11:56.655+0000] {processor.py:743} INFO - Processing file /home/airflow/.local/lib/python3.7/site-packages/airflow/example_dags/example_branch_operator.py for tasks to queue
[2023-11-21T08:11:56.655+0000] {logging_mixin.py:137} INFO - [2023-11-21T08:11:56.655+0000] {dagbag.py:532} INFO - Filling up the DagBag from /home/airflow/.local/lib/python3.7/site-packages/airflow/example_dags/example_branch_operator.py
[2023-11-21T08:11:56.666+0000] {processor.py:753} INFO - DAG(s) dict_keys(['example_branch_operator']) retrieved from /home/airflow/.local/lib/python3.7/site-packages/airflow/example_dags/example_branch_operator.py
[2023-11-21T08:11:56.683+0000] {logging_mixin.py:137} INFO - [2023-11-21T08:11:56.683+0000] {dag.py:2693} INFO - Sync 1 DAGs
[2023-11-21T08:11:56.698+0000] {logging_mixin.py:137} INFO - [2023-11-21T08:11:56.698+0000] {dag.py:3444} INFO - Setting next_dagrun for example_branch_operator to 2023-11-20T00:00:00+00:00, run_after=2023-11-21T00:00:00+00:00
[2023-11-21T08:11:56.709+0000] {processor.py:175} INFO - Processing /home/airflow/.local/lib/python3.7/site-packages/airflow/example_dags/example_branch_operator.py took 0.059 seconds
[2023-11-21T08:12:26.732+0000] {processor.py:153} INFO - Started process (PID=696) to work on /home/airflow/.local/lib/python3.7/site-packages/airflow/example_dags/example_branch_operator.py
[2023-11-21T08:12:26.732+0000] {processor.py:743} INFO - Processing file /home/airflow/.local/lib/python3.7/site-packages/airflow/example_dags/example_branch_operator.py for tasks to queue
[2023-11-21T08:12:26.733+0000] {logging_mixin.py:137} INFO - [2023-11-21T08:12:26.733+0000] {dagbag.py:532} INFO - Filling up the DagBag from /home/airflow/.local/lib/python3.7/site-packages/airflow/example_dags/example_branch_operator.py
[2023-11-21T08:12:26.743+0000] {processor.py:753} INFO - DAG(s) dict_keys(['example_branch_operator']) retrieved from /home/airflow/.local/lib/python3.7/site-packages/airflow/example_dags/example_branch_operator.py
[2023-11-21T08:12:26.759+0000] {logging_mixin.py:137} INFO - [2023-11-21T08:12:26.759+0000] {dag.py:2693} INFO - Sync 1 DAGs
[2023-11-21T08:12:26.773+0000] {logging_mixin.py:137} INFO - [2023-11-21T08:12:26.773+0000] {dag.py:3444} INFO - Setting next_dagrun for example_branch_operator to 2023-11-20T00:00:00+00:00, run_after=2023-11-21T00:00:00+00:00
[2023-11-21T08:12:26.782+0000] {processor.py:175} INFO - Processing /home/airflow/.local/lib/python3.7/site-packages/airflow/example_dags/example_branch_operator.py took 0.053 seconds
[2023-11-21T08:19:20.422+0000] {processor.py:153} INFO - Started process (PID=59) to work on /home/airflow/.local/lib/python3.7/site-packages/airflow/example_dags/example_branch_operator.py
[2023-11-21T08:19:20.424+0000] {processor.py:743} INFO - Processing file /home/airflow/.local/lib/python3.7/site-packages/airflow/example_dags/example_branch_operator.py for tasks to queue
[2023-11-21T08:19:20.425+0000] {logging_mixin.py:137} INFO - [2023-11-21T08:19:20.425+0000] {dagbag.py:532} INFO - Filling up the DagBag from /home/airflow/.local/lib/python3.7/site-packages/airflow/example_dags/example_branch_operator.py
[2023-11-21T08:19:20.449+0000] {processor.py:753} INFO - DAG(s) dict_keys(['example_branch_operator']) retrieved from /home/airflow/.local/lib/python3.7/site-packages/airflow/example_dags/example_branch_operator.py
[2023-11-21T08:19:20.677+0000] {logging_mixin.py:137} INFO - [2023-11-21T08:19:20.676+0000] {manager.py:504} INFO - Created Permission View: can edit on DAG:example_branch_operator
[2023-11-21T08:19:20.690+0000] {logging_mixin.py:137} INFO - [2023-11-21T08:19:20.690+0000] {manager.py:504} INFO - Created Permission View: can read on DAG:example_branch_operator
[2023-11-21T08:19:20.704+0000] {logging_mixin.py:137} INFO - [2023-11-21T08:19:20.704+0000] {manager.py:504} INFO - Created Permission View: can delete on DAG:example_branch_operator
[2023-11-21T08:19:20.705+0000] {logging_mixin.py:137} INFO - [2023-11-21T08:19:20.705+0000] {dag.py:2693} INFO - Sync 1 DAGs
[2023-11-21T08:19:20.722+0000] {logging_mixin.py:137} INFO - [2023-11-21T08:19:20.722+0000] {dag.py:2714} INFO - Creating ORM DAG for example_branch_operator
[2023-11-21T08:19:20.733+0000] {logging_mixin.py:137} INFO - [2023-11-21T08:19:20.733+0000] {dag.py:3444} INFO - Setting next_dagrun for example_branch_operator to 2023-11-20T00:00:00+00:00, run_after=2023-11-21T00:00:00+00:00
[2023-11-21T08:19:20.754+0000] {processor.py:175} INFO - Processing /home/airflow/.local/lib/python3.7/site-packages/airflow/example_dags/example_branch_operator.py took 0.338 seconds
[2023-11-21T08:19:50.827+0000] {processor.py:153} INFO - Started process (PID=108) to work on /home/airflow/.local/lib/python3.7/site-packages/airflow/example_dags/example_branch_operator.py
[2023-11-21T08:19:50.829+0000] {processor.py:743} INFO - Processing file /home/airflow/.local/lib/python3.7/site-packages/airflow/example_dags/example_branch_operator.py for tasks to queue
[2023-11-21T08:19:50.830+0000] {logging_mixin.py:137} INFO - [2023-11-21T08:19:50.830+0000] {dagbag.py:532} INFO - Filling up the DagBag from /home/airflow/.local/lib/python3.7/site-packages/airflow/example_dags/example_branch_operator.py
[2023-11-21T08:19:50.851+0000] {processor.py:753} INFO - DAG(s) dict_keys(['example_branch_operator']) retrieved from /home/airflow/.local/lib/python3.7/site-packages/airflow/example_dags/example_branch_operator.py
[2023-11-21T08:19:50.890+0000] {logging_mixin.py:137} INFO - [2023-11-21T08:19:50.890+0000] {dag.py:2693} INFO - Sync 1 DAGs
[2023-11-21T08:19:50.911+0000] {logging_mixin.py:137} INFO - [2023-11-21T08:19:50.911+0000] {dag.py:3444} INFO - Setting next_dagrun for example_branch_operator to 2023-11-20T00:00:00+00:00, run_after=2023-11-21T00:00:00+00:00
[2023-11-21T08:19:50.936+0000] {processor.py:175} INFO - Processing /home/airflow/.local/lib/python3.7/site-packages/airflow/example_dags/example_branch_operator.py took 0.113 seconds
[2023-11-21T08:20:21.387+0000] {processor.py:153} INFO - Started process (PID=157) to work on /home/airflow/.local/lib/python3.7/site-packages/airflow/example_dags/example_branch_operator.py
[2023-11-21T08:20:21.388+0000] {processor.py:743} INFO - Processing file /home/airflow/.local/lib/python3.7/site-packages/airflow/example_dags/example_branch_operator.py for tasks to queue
[2023-11-21T08:20:21.388+0000] {logging_mixin.py:137} INFO - [2023-11-21T08:20:21.388+0000] {dagbag.py:532} INFO - Filling up the DagBag from /home/airflow/.local/lib/python3.7/site-packages/airflow/example_dags/example_branch_operator.py
[2023-11-21T08:20:21.400+0000] {processor.py:753} INFO - DAG(s) dict_keys(['example_branch_operator']) retrieved from /home/airflow/.local/lib/python3.7/site-packages/airflow/example_dags/example_branch_operator.py
[2023-11-21T08:20:21.428+0000] {logging_mixin.py:137} INFO - [2023-11-21T08:20:21.428+0000] {dag.py:2693} INFO - Sync 1 DAGs
[2023-11-21T08:20:21.448+0000] {logging_mixin.py:137} INFO - [2023-11-21T08:20:21.448+0000] {dag.py:3444} INFO - Setting next_dagrun for example_branch_operator to 2023-11-20T00:00:00+00:00, run_after=2023-11-21T00:00:00+00:00
[2023-11-21T08:20:21.462+0000] {processor.py:175} INFO - Processing /home/airflow/.local/lib/python3.7/site-packages/airflow/example_dags/example_branch_operator.py took 0.078 seconds
[2023-11-21T08:20:51.682+0000] {processor.py:153} INFO - Started process (PID=207) to work on /home/airflow/.local/lib/python3.7/site-packages/airflow/example_dags/example_branch_operator.py
[2023-11-21T08:20:51.683+0000] {processor.py:743} INFO - Processing file /home/airflow/.local/lib/python3.7/site-packages/airflow/example_dags/example_branch_operator.py for tasks to queue
[2023-11-21T08:20:51.684+0000] {logging_mixin.py:137} INFO - [2023-11-21T08:20:51.684+0000] {dagbag.py:532} INFO - Filling up the DagBag from /home/airflow/.local/lib/python3.7/site-packages/airflow/example_dags/example_branch_operator.py
[2023-11-21T08:20:51.698+0000] {processor.py:753} INFO - DAG(s) dict_keys(['example_branch_operator']) retrieved from /home/airflow/.local/lib/python3.7/site-packages/airflow/example_dags/example_branch_operator.py
[2023-11-21T08:20:51.723+0000] {logging_mixin.py:137} INFO - [2023-11-21T08:20:51.722+0000] {dag.py:2693} INFO - Sync 1 DAGs
[2023-11-21T08:20:51.744+0000] {logging_mixin.py:137} INFO - [2023-11-21T08:20:51.744+0000] {dag.py:3444} INFO - Setting next_dagrun for example_branch_operator to 2023-11-20T00:00:00+00:00, run_after=2023-11-21T00:00:00+00:00
[2023-11-21T08:20:51.883+0000] {processor.py:175} INFO - Processing /home/airflow/.local/lib/python3.7/site-packages/airflow/example_dags/example_branch_operator.py took 0.204 seconds
