[2023-11-21T08:05:48.520+0000] {processor.py:153} INFO - Started process (PID=54) to work on /home/airflow/.local/lib/python3.7/site-packages/airflow/example_dags/example_short_circuit_operator.py
[2023-11-21T08:05:48.521+0000] {processor.py:743} INFO - Processing file /home/airflow/.local/lib/python3.7/site-packages/airflow/example_dags/example_short_circuit_operator.py for tasks to queue
[2023-11-21T08:05:48.522+0000] {logging_mixin.py:137} INFO - [2023-11-21T08:05:48.522+0000] {dagbag.py:532} INFO - Filling up the DagBag from /home/airflow/.local/lib/python3.7/site-packages/airflow/example_dags/example_short_circuit_operator.py
[2023-11-21T08:05:48.542+0000] {processor.py:753} INFO - DAG(s) dict_keys(['example_short_circuit_operator']) retrieved from /home/airflow/.local/lib/python3.7/site-packages/airflow/example_dags/example_short_circuit_operator.py
[2023-11-21T08:05:48.559+0000] {logging_mixin.py:137} INFO - [2023-11-21T08:05:48.559+0000] {dag.py:2693} INFO - Sync 1 DAGs
[2023-11-21T08:05:48.582+0000] {logging_mixin.py:137} INFO - [2023-11-21T08:05:48.582+0000] {dag.py:3444} INFO - Setting next_dagrun for example_short_circuit_operator to 2023-11-20T08:05:48.581881+00:00, run_after=2023-11-21T08:05:48.581881+00:00
[2023-11-21T08:05:48.599+0000] {processor.py:175} INFO - Processing /home/airflow/.local/lib/python3.7/site-packages/airflow/example_dags/example_short_circuit_operator.py took 0.084 seconds
[2023-11-21T08:06:19.305+0000] {processor.py:153} INFO - Started process (PID=103) to work on /home/airflow/.local/lib/python3.7/site-packages/airflow/example_dags/example_short_circuit_operator.py
[2023-11-21T08:06:19.306+0000] {processor.py:743} INFO - Processing file /home/airflow/.local/lib/python3.7/site-packages/airflow/example_dags/example_short_circuit_operator.py for tasks to queue
[2023-11-21T08:06:19.306+0000] {logging_mixin.py:137} INFO - [2023-11-21T08:06:19.306+0000] {dagbag.py:532} INFO - Filling up the DagBag from /home/airflow/.local/lib/python3.7/site-packages/airflow/example_dags/example_short_circuit_operator.py
[2023-11-21T08:06:19.316+0000] {processor.py:753} INFO - DAG(s) dict_keys(['example_short_circuit_operator']) retrieved from /home/airflow/.local/lib/python3.7/site-packages/airflow/example_dags/example_short_circuit_operator.py
[2023-11-21T08:06:19.332+0000] {logging_mixin.py:137} INFO - [2023-11-21T08:06:19.332+0000] {dag.py:2693} INFO - Sync 1 DAGs
[2023-11-21T08:06:19.346+0000] {logging_mixin.py:137} INFO - [2023-11-21T08:06:19.346+0000] {dag.py:3444} INFO - Setting next_dagrun for example_short_circuit_operator to 2023-11-20T08:06:19.346287+00:00, run_after=2023-11-21T08:06:19.346287+00:00
[2023-11-21T08:06:19.359+0000] {processor.py:175} INFO - Processing /home/airflow/.local/lib/python3.7/site-packages/airflow/example_dags/example_short_circuit_operator.py took 0.055 seconds
[2023-11-21T08:06:50.405+0000] {processor.py:153} INFO - Started process (PID=152) to work on /home/airflow/.local/lib/python3.7/site-packages/airflow/example_dags/example_short_circuit_operator.py
[2023-11-21T08:06:50.406+0000] {processor.py:743} INFO - Processing file /home/airflow/.local/lib/python3.7/site-packages/airflow/example_dags/example_short_circuit_operator.py for tasks to queue
[2023-11-21T08:06:50.406+0000] {logging_mixin.py:137} INFO - [2023-11-21T08:06:50.406+0000] {dagbag.py:532} INFO - Filling up the DagBag from /home/airflow/.local/lib/python3.7/site-packages/airflow/example_dags/example_short_circuit_operator.py
[2023-11-21T08:06:50.417+0000] {processor.py:753} INFO - DAG(s) dict_keys(['example_short_circuit_operator']) retrieved from /home/airflow/.local/lib/python3.7/site-packages/airflow/example_dags/example_short_circuit_operator.py
[2023-11-21T08:06:50.435+0000] {logging_mixin.py:137} INFO - [2023-11-21T08:06:50.435+0000] {dag.py:2693} INFO - Sync 1 DAGs
[2023-11-21T08:06:50.451+0000] {logging_mixin.py:137} INFO - [2023-11-21T08:06:50.450+0000] {dag.py:3444} INFO - Setting next_dagrun for example_short_circuit_operator to 2023-11-20T08:06:50.450809+00:00, run_after=2023-11-21T08:06:50.450809+00:00
[2023-11-21T08:06:50.461+0000] {processor.py:175} INFO - Processing /home/airflow/.local/lib/python3.7/site-packages/airflow/example_dags/example_short_circuit_operator.py took 0.058 seconds
[2023-11-21T08:07:21.184+0000] {processor.py:153} INFO - Started process (PID=201) to work on /home/airflow/.local/lib/python3.7/site-packages/airflow/example_dags/example_short_circuit_operator.py
[2023-11-21T08:07:21.184+0000] {processor.py:743} INFO - Processing file /home/airflow/.local/lib/python3.7/site-packages/airflow/example_dags/example_short_circuit_operator.py for tasks to queue
[2023-11-21T08:07:21.185+0000] {logging_mixin.py:137} INFO - [2023-11-21T08:07:21.185+0000] {dagbag.py:532} INFO - Filling up the DagBag from /home/airflow/.local/lib/python3.7/site-packages/airflow/example_dags/example_short_circuit_operator.py
[2023-11-21T08:07:21.195+0000] {processor.py:753} INFO - DAG(s) dict_keys(['example_short_circuit_operator']) retrieved from /home/airflow/.local/lib/python3.7/site-packages/airflow/example_dags/example_short_circuit_operator.py
[2023-11-21T08:07:21.212+0000] {logging_mixin.py:137} INFO - [2023-11-21T08:07:21.212+0000] {dag.py:2693} INFO - Sync 1 DAGs
[2023-11-21T08:07:21.227+0000] {logging_mixin.py:137} INFO - [2023-11-21T08:07:21.227+0000] {dag.py:3444} INFO - Setting next_dagrun for example_short_circuit_operator to 2023-11-20T08:07:21.227560+00:00, run_after=2023-11-21T08:07:21.227560+00:00
[2023-11-21T08:07:21.238+0000] {processor.py:175} INFO - Processing /home/airflow/.local/lib/python3.7/site-packages/airflow/example_dags/example_short_circuit_operator.py took 0.056 seconds
[2023-11-21T08:07:51.960+0000] {processor.py:153} INFO - Started process (PID=250) to work on /home/airflow/.local/lib/python3.7/site-packages/airflow/example_dags/example_short_circuit_operator.py
[2023-11-21T08:07:51.962+0000] {processor.py:743} INFO - Processing file /home/airflow/.local/lib/python3.7/site-packages/airflow/example_dags/example_short_circuit_operator.py for tasks to queue
[2023-11-21T08:07:51.963+0000] {logging_mixin.py:137} INFO - [2023-11-21T08:07:51.963+0000] {dagbag.py:532} INFO - Filling up the DagBag from /home/airflow/.local/lib/python3.7/site-packages/airflow/example_dags/example_short_circuit_operator.py
[2023-11-21T08:07:51.973+0000] {processor.py:753} INFO - DAG(s) dict_keys(['example_short_circuit_operator']) retrieved from /home/airflow/.local/lib/python3.7/site-packages/airflow/example_dags/example_short_circuit_operator.py
[2023-11-21T08:07:51.991+0000] {logging_mixin.py:137} INFO - [2023-11-21T08:07:51.991+0000] {dag.py:2693} INFO - Sync 1 DAGs
[2023-11-21T08:07:52.006+0000] {logging_mixin.py:137} INFO - [2023-11-21T08:07:52.006+0000] {dag.py:3444} INFO - Setting next_dagrun for example_short_circuit_operator to 2023-11-20T08:07:52.006396+00:00, run_after=2023-11-21T08:07:52.006396+00:00
[2023-11-21T08:07:52.016+0000] {processor.py:175} INFO - Processing /home/airflow/.local/lib/python3.7/site-packages/airflow/example_dags/example_short_circuit_operator.py took 0.059 seconds
[2023-11-21T08:08:22.797+0000] {processor.py:153} INFO - Started process (PID=299) to work on /home/airflow/.local/lib/python3.7/site-packages/airflow/example_dags/example_short_circuit_operator.py
[2023-11-21T08:08:22.798+0000] {processor.py:743} INFO - Processing file /home/airflow/.local/lib/python3.7/site-packages/airflow/example_dags/example_short_circuit_operator.py for tasks to queue
[2023-11-21T08:08:22.799+0000] {logging_mixin.py:137} INFO - [2023-11-21T08:08:22.799+0000] {dagbag.py:532} INFO - Filling up the DagBag from /home/airflow/.local/lib/python3.7/site-packages/airflow/example_dags/example_short_circuit_operator.py
[2023-11-21T08:08:22.809+0000] {processor.py:753} INFO - DAG(s) dict_keys(['example_short_circuit_operator']) retrieved from /home/airflow/.local/lib/python3.7/site-packages/airflow/example_dags/example_short_circuit_operator.py
[2023-11-21T08:08:22.826+0000] {logging_mixin.py:137} INFO - [2023-11-21T08:08:22.826+0000] {dag.py:2693} INFO - Sync 1 DAGs
[2023-11-21T08:08:22.842+0000] {logging_mixin.py:137} INFO - [2023-11-21T08:08:22.842+0000] {dag.py:3444} INFO - Setting next_dagrun for example_short_circuit_operator to 2023-11-20T08:08:22.841856+00:00, run_after=2023-11-21T08:08:22.841856+00:00
[2023-11-21T08:08:22.852+0000] {processor.py:175} INFO - Processing /home/airflow/.local/lib/python3.7/site-packages/airflow/example_dags/example_short_circuit_operator.py took 0.057 seconds
[2023-11-21T08:08:53.579+0000] {processor.py:153} INFO - Started process (PID=348) to work on /home/airflow/.local/lib/python3.7/site-packages/airflow/example_dags/example_short_circuit_operator.py
[2023-11-21T08:08:53.580+0000] {processor.py:743} INFO - Processing file /home/airflow/.local/lib/python3.7/site-packages/airflow/example_dags/example_short_circuit_operator.py for tasks to queue
[2023-11-21T08:08:53.580+0000] {logging_mixin.py:137} INFO - [2023-11-21T08:08:53.580+0000] {dagbag.py:532} INFO - Filling up the DagBag from /home/airflow/.local/lib/python3.7/site-packages/airflow/example_dags/example_short_circuit_operator.py
[2023-11-21T08:08:53.590+0000] {processor.py:753} INFO - DAG(s) dict_keys(['example_short_circuit_operator']) retrieved from /home/airflow/.local/lib/python3.7/site-packages/airflow/example_dags/example_short_circuit_operator.py
[2023-11-21T08:08:53.608+0000] {logging_mixin.py:137} INFO - [2023-11-21T08:08:53.608+0000] {dag.py:2693} INFO - Sync 1 DAGs
[2023-11-21T08:08:53.623+0000] {logging_mixin.py:137} INFO - [2023-11-21T08:08:53.623+0000] {dag.py:3444} INFO - Setting next_dagrun for example_short_circuit_operator to 2023-11-20T08:08:53.623052+00:00, run_after=2023-11-21T08:08:53.623052+00:00
[2023-11-21T08:08:53.633+0000] {processor.py:175} INFO - Processing /home/airflow/.local/lib/python3.7/site-packages/airflow/example_dags/example_short_circuit_operator.py took 0.057 seconds
[2023-11-21T08:09:24.323+0000] {processor.py:153} INFO - Started process (PID=397) to work on /home/airflow/.local/lib/python3.7/site-packages/airflow/example_dags/example_short_circuit_operator.py
[2023-11-21T08:09:24.323+0000] {processor.py:743} INFO - Processing file /home/airflow/.local/lib/python3.7/site-packages/airflow/example_dags/example_short_circuit_operator.py for tasks to queue
[2023-11-21T08:09:24.324+0000] {logging_mixin.py:137} INFO - [2023-11-21T08:09:24.324+0000] {dagbag.py:532} INFO - Filling up the DagBag from /home/airflow/.local/lib/python3.7/site-packages/airflow/example_dags/example_short_circuit_operator.py
[2023-11-21T08:09:24.334+0000] {processor.py:753} INFO - DAG(s) dict_keys(['example_short_circuit_operator']) retrieved from /home/airflow/.local/lib/python3.7/site-packages/airflow/example_dags/example_short_circuit_operator.py
[2023-11-21T08:09:24.351+0000] {logging_mixin.py:137} INFO - [2023-11-21T08:09:24.351+0000] {dag.py:2693} INFO - Sync 1 DAGs
[2023-11-21T08:09:24.367+0000] {logging_mixin.py:137} INFO - [2023-11-21T08:09:24.367+0000] {dag.py:3444} INFO - Setting next_dagrun for example_short_circuit_operator to 2023-11-20T08:09:24.367225+00:00, run_after=2023-11-21T08:09:24.367225+00:00
[2023-11-21T08:09:24.379+0000] {processor.py:175} INFO - Processing /home/airflow/.local/lib/python3.7/site-packages/airflow/example_dags/example_short_circuit_operator.py took 0.059 seconds
[2023-11-21T08:09:55.109+0000] {processor.py:153} INFO - Started process (PID=446) to work on /home/airflow/.local/lib/python3.7/site-packages/airflow/example_dags/example_short_circuit_operator.py
[2023-11-21T08:09:55.109+0000] {processor.py:743} INFO - Processing file /home/airflow/.local/lib/python3.7/site-packages/airflow/example_dags/example_short_circuit_operator.py for tasks to queue
[2023-11-21T08:09:55.110+0000] {logging_mixin.py:137} INFO - [2023-11-21T08:09:55.110+0000] {dagbag.py:532} INFO - Filling up the DagBag from /home/airflow/.local/lib/python3.7/site-packages/airflow/example_dags/example_short_circuit_operator.py
[2023-11-21T08:09:55.120+0000] {processor.py:753} INFO - DAG(s) dict_keys(['example_short_circuit_operator']) retrieved from /home/airflow/.local/lib/python3.7/site-packages/airflow/example_dags/example_short_circuit_operator.py
[2023-11-21T08:09:55.138+0000] {logging_mixin.py:137} INFO - [2023-11-21T08:09:55.138+0000] {dag.py:2693} INFO - Sync 1 DAGs
[2023-11-21T08:09:55.154+0000] {logging_mixin.py:137} INFO - [2023-11-21T08:09:55.154+0000] {dag.py:3444} INFO - Setting next_dagrun for example_short_circuit_operator to 2023-11-20T08:09:55.154329+00:00, run_after=2023-11-21T08:09:55.154329+00:00
[2023-11-21T08:09:55.165+0000] {processor.py:175} INFO - Processing /home/airflow/.local/lib/python3.7/site-packages/airflow/example_dags/example_short_circuit_operator.py took 0.058 seconds
[2023-11-21T08:10:25.962+0000] {processor.py:153} INFO - Started process (PID=495) to work on /home/airflow/.local/lib/python3.7/site-packages/airflow/example_dags/example_short_circuit_operator.py
[2023-11-21T08:10:25.963+0000] {processor.py:743} INFO - Processing file /home/airflow/.local/lib/python3.7/site-packages/airflow/example_dags/example_short_circuit_operator.py for tasks to queue
[2023-11-21T08:10:25.964+0000] {logging_mixin.py:137} INFO - [2023-11-21T08:10:25.964+0000] {dagbag.py:532} INFO - Filling up the DagBag from /home/airflow/.local/lib/python3.7/site-packages/airflow/example_dags/example_short_circuit_operator.py
[2023-11-21T08:10:25.976+0000] {processor.py:753} INFO - DAG(s) dict_keys(['example_short_circuit_operator']) retrieved from /home/airflow/.local/lib/python3.7/site-packages/airflow/example_dags/example_short_circuit_operator.py
[2023-11-21T08:10:25.996+0000] {logging_mixin.py:137} INFO - [2023-11-21T08:10:25.996+0000] {dag.py:2693} INFO - Sync 1 DAGs
[2023-11-21T08:10:26.014+0000] {logging_mixin.py:137} INFO - [2023-11-21T08:10:26.014+0000] {dag.py:3444} INFO - Setting next_dagrun for example_short_circuit_operator to 2023-11-20T08:10:26.014509+00:00, run_after=2023-11-21T08:10:26.014509+00:00
[2023-11-21T08:10:26.031+0000] {processor.py:175} INFO - Processing /home/airflow/.local/lib/python3.7/site-packages/airflow/example_dags/example_short_circuit_operator.py took 0.071 seconds
[2023-11-21T08:10:56.159+0000] {processor.py:153} INFO - Started process (PID=544) to work on /home/airflow/.local/lib/python3.7/site-packages/airflow/example_dags/example_short_circuit_operator.py
[2023-11-21T08:10:56.160+0000] {processor.py:743} INFO - Processing file /home/airflow/.local/lib/python3.7/site-packages/airflow/example_dags/example_short_circuit_operator.py for tasks to queue
[2023-11-21T08:10:56.161+0000] {logging_mixin.py:137} INFO - [2023-11-21T08:10:56.161+0000] {dagbag.py:532} INFO - Filling up the DagBag from /home/airflow/.local/lib/python3.7/site-packages/airflow/example_dags/example_short_circuit_operator.py
[2023-11-21T08:10:56.173+0000] {processor.py:753} INFO - DAG(s) dict_keys(['example_short_circuit_operator']) retrieved from /home/airflow/.local/lib/python3.7/site-packages/airflow/example_dags/example_short_circuit_operator.py
[2023-11-21T08:10:56.203+0000] {logging_mixin.py:137} INFO - [2023-11-21T08:10:56.203+0000] {dag.py:2693} INFO - Sync 1 DAGs
[2023-11-21T08:10:56.226+0000] {logging_mixin.py:137} INFO - [2023-11-21T08:10:56.226+0000] {dag.py:3444} INFO - Setting next_dagrun for example_short_circuit_operator to 2023-11-20T08:10:56.226663+00:00, run_after=2023-11-21T08:10:56.226663+00:00
[2023-11-21T08:10:56.239+0000] {processor.py:175} INFO - Processing /home/airflow/.local/lib/python3.7/site-packages/airflow/example_dags/example_short_circuit_operator.py took 0.083 seconds
[2023-11-21T08:11:26.323+0000] {processor.py:153} INFO - Started process (PID=593) to work on /home/airflow/.local/lib/python3.7/site-packages/airflow/example_dags/example_short_circuit_operator.py
[2023-11-21T08:11:26.324+0000] {processor.py:743} INFO - Processing file /home/airflow/.local/lib/python3.7/site-packages/airflow/example_dags/example_short_circuit_operator.py for tasks to queue
[2023-11-21T08:11:26.324+0000] {logging_mixin.py:137} INFO - [2023-11-21T08:11:26.324+0000] {dagbag.py:532} INFO - Filling up the DagBag from /home/airflow/.local/lib/python3.7/site-packages/airflow/example_dags/example_short_circuit_operator.py
[2023-11-21T08:11:26.335+0000] {processor.py:753} INFO - DAG(s) dict_keys(['example_short_circuit_operator']) retrieved from /home/airflow/.local/lib/python3.7/site-packages/airflow/example_dags/example_short_circuit_operator.py
[2023-11-21T08:11:26.352+0000] {logging_mixin.py:137} INFO - [2023-11-21T08:11:26.352+0000] {dag.py:2693} INFO - Sync 1 DAGs
[2023-11-21T08:11:26.368+0000] {logging_mixin.py:137} INFO - [2023-11-21T08:11:26.368+0000] {dag.py:3444} INFO - Setting next_dagrun for example_short_circuit_operator to 2023-11-20T08:11:26.367833+00:00, run_after=2023-11-21T08:11:26.367833+00:00
[2023-11-21T08:11:26.379+0000] {processor.py:175} INFO - Processing /home/airflow/.local/lib/python3.7/site-packages/airflow/example_dags/example_short_circuit_operator.py took 0.058 seconds
[2023-11-21T08:11:56.447+0000] {processor.py:153} INFO - Started process (PID=642) to work on /home/airflow/.local/lib/python3.7/site-packages/airflow/example_dags/example_short_circuit_operator.py
[2023-11-21T08:11:56.448+0000] {processor.py:743} INFO - Processing file /home/airflow/.local/lib/python3.7/site-packages/airflow/example_dags/example_short_circuit_operator.py for tasks to queue
[2023-11-21T08:11:56.448+0000] {logging_mixin.py:137} INFO - [2023-11-21T08:11:56.448+0000] {dagbag.py:532} INFO - Filling up the DagBag from /home/airflow/.local/lib/python3.7/site-packages/airflow/example_dags/example_short_circuit_operator.py
[2023-11-21T08:11:56.459+0000] {processor.py:753} INFO - DAG(s) dict_keys(['example_short_circuit_operator']) retrieved from /home/airflow/.local/lib/python3.7/site-packages/airflow/example_dags/example_short_circuit_operator.py
[2023-11-21T08:11:56.476+0000] {logging_mixin.py:137} INFO - [2023-11-21T08:11:56.476+0000] {dag.py:2693} INFO - Sync 1 DAGs
[2023-11-21T08:11:56.492+0000] {logging_mixin.py:137} INFO - [2023-11-21T08:11:56.492+0000] {dag.py:3444} INFO - Setting next_dagrun for example_short_circuit_operator to 2023-11-20T08:11:56.492334+00:00, run_after=2023-11-21T08:11:56.492334+00:00
[2023-11-21T08:11:56.503+0000] {processor.py:175} INFO - Processing /home/airflow/.local/lib/python3.7/site-packages/airflow/example_dags/example_short_circuit_operator.py took 0.059 seconds
[2023-11-21T08:12:26.534+0000] {processor.py:153} INFO - Started process (PID=691) to work on /home/airflow/.local/lib/python3.7/site-packages/airflow/example_dags/example_short_circuit_operator.py
[2023-11-21T08:12:26.535+0000] {processor.py:743} INFO - Processing file /home/airflow/.local/lib/python3.7/site-packages/airflow/example_dags/example_short_circuit_operator.py for tasks to queue
[2023-11-21T08:12:26.535+0000] {logging_mixin.py:137} INFO - [2023-11-21T08:12:26.535+0000] {dagbag.py:532} INFO - Filling up the DagBag from /home/airflow/.local/lib/python3.7/site-packages/airflow/example_dags/example_short_circuit_operator.py
[2023-11-21T08:12:26.546+0000] {processor.py:753} INFO - DAG(s) dict_keys(['example_short_circuit_operator']) retrieved from /home/airflow/.local/lib/python3.7/site-packages/airflow/example_dags/example_short_circuit_operator.py
[2023-11-21T08:12:26.562+0000] {logging_mixin.py:137} INFO - [2023-11-21T08:12:26.562+0000] {dag.py:2693} INFO - Sync 1 DAGs
[2023-11-21T08:12:26.575+0000] {logging_mixin.py:137} INFO - [2023-11-21T08:12:26.575+0000] {dag.py:3444} INFO - Setting next_dagrun for example_short_circuit_operator to 2023-11-20T08:12:26.575717+00:00, run_after=2023-11-21T08:12:26.575717+00:00
[2023-11-21T08:12:26.585+0000] {processor.py:175} INFO - Processing /home/airflow/.local/lib/python3.7/site-packages/airflow/example_dags/example_short_circuit_operator.py took 0.054 seconds
[2023-11-21T08:19:19.387+0000] {processor.py:153} INFO - Started process (PID=54) to work on /home/airflow/.local/lib/python3.7/site-packages/airflow/example_dags/example_short_circuit_operator.py
[2023-11-21T08:19:19.391+0000] {processor.py:743} INFO - Processing file /home/airflow/.local/lib/python3.7/site-packages/airflow/example_dags/example_short_circuit_operator.py for tasks to queue
[2023-11-21T08:19:19.393+0000] {logging_mixin.py:137} INFO - [2023-11-21T08:19:19.392+0000] {dagbag.py:532} INFO - Filling up the DagBag from /home/airflow/.local/lib/python3.7/site-packages/airflow/example_dags/example_short_circuit_operator.py
[2023-11-21T08:19:19.422+0000] {processor.py:753} INFO - DAG(s) dict_keys(['example_short_circuit_operator']) retrieved from /home/airflow/.local/lib/python3.7/site-packages/airflow/example_dags/example_short_circuit_operator.py
[2023-11-21T08:19:19.545+0000] {logging_mixin.py:137} INFO - [2023-11-21T08:19:19.545+0000] {manager.py:504} INFO - Created Permission View: can edit on DAG:example_short_circuit_operator
[2023-11-21T08:19:19.559+0000] {logging_mixin.py:137} INFO - [2023-11-21T08:19:19.559+0000] {manager.py:504} INFO - Created Permission View: can read on DAG:example_short_circuit_operator
[2023-11-21T08:19:19.566+0000] {logging_mixin.py:137} INFO - [2023-11-21T08:19:19.566+0000] {manager.py:504} INFO - Created Permission View: can delete on DAG:example_short_circuit_operator
[2023-11-21T08:19:19.567+0000] {logging_mixin.py:137} INFO - [2023-11-21T08:19:19.567+0000] {dag.py:2693} INFO - Sync 1 DAGs
[2023-11-21T08:19:19.582+0000] {logging_mixin.py:137} INFO - [2023-11-21T08:19:19.582+0000] {dag.py:2714} INFO - Creating ORM DAG for example_short_circuit_operator
[2023-11-21T08:19:19.593+0000] {logging_mixin.py:137} INFO - [2023-11-21T08:19:19.592+0000] {dag.py:3444} INFO - Setting next_dagrun for example_short_circuit_operator to 2023-11-20T08:19:19.592731+00:00, run_after=2023-11-21T08:19:19.592731+00:00
[2023-11-21T08:19:19.614+0000] {processor.py:175} INFO - Processing /home/airflow/.local/lib/python3.7/site-packages/airflow/example_dags/example_short_circuit_operator.py took 0.232 seconds
[2023-11-21T08:19:50.327+0000] {processor.py:153} INFO - Started process (PID=103) to work on /home/airflow/.local/lib/python3.7/site-packages/airflow/example_dags/example_short_circuit_operator.py
[2023-11-21T08:19:50.328+0000] {processor.py:743} INFO - Processing file /home/airflow/.local/lib/python3.7/site-packages/airflow/example_dags/example_short_circuit_operator.py for tasks to queue
[2023-11-21T08:19:50.328+0000] {logging_mixin.py:137} INFO - [2023-11-21T08:19:50.328+0000] {dagbag.py:532} INFO - Filling up the DagBag from /home/airflow/.local/lib/python3.7/site-packages/airflow/example_dags/example_short_circuit_operator.py
[2023-11-21T08:19:50.381+0000] {processor.py:753} INFO - DAG(s) dict_keys(['example_short_circuit_operator']) retrieved from /home/airflow/.local/lib/python3.7/site-packages/airflow/example_dags/example_short_circuit_operator.py
[2023-11-21T08:19:50.459+0000] {logging_mixin.py:137} INFO - [2023-11-21T08:19:50.459+0000] {dag.py:2693} INFO - Sync 1 DAGs
[2023-11-21T08:19:50.512+0000] {logging_mixin.py:137} INFO - [2023-11-21T08:19:50.512+0000] {dag.py:3444} INFO - Setting next_dagrun for example_short_circuit_operator to 2023-11-20T08:19:50.511335+00:00, run_after=2023-11-21T08:19:50.511335+00:00
[2023-11-21T08:19:50.535+0000] {processor.py:175} INFO - Processing /home/airflow/.local/lib/python3.7/site-packages/airflow/example_dags/example_short_circuit_operator.py took 0.211 seconds
[2023-11-21T08:20:21.159+0000] {processor.py:153} INFO - Started process (PID=152) to work on /home/airflow/.local/lib/python3.7/site-packages/airflow/example_dags/example_short_circuit_operator.py
[2023-11-21T08:20:21.160+0000] {processor.py:743} INFO - Processing file /home/airflow/.local/lib/python3.7/site-packages/airflow/example_dags/example_short_circuit_operator.py for tasks to queue
[2023-11-21T08:20:21.161+0000] {logging_mixin.py:137} INFO - [2023-11-21T08:20:21.161+0000] {dagbag.py:532} INFO - Filling up the DagBag from /home/airflow/.local/lib/python3.7/site-packages/airflow/example_dags/example_short_circuit_operator.py
[2023-11-21T08:20:21.174+0000] {processor.py:753} INFO - DAG(s) dict_keys(['example_short_circuit_operator']) retrieved from /home/airflow/.local/lib/python3.7/site-packages/airflow/example_dags/example_short_circuit_operator.py
[2023-11-21T08:20:21.211+0000] {logging_mixin.py:137} INFO - [2023-11-21T08:20:21.211+0000] {dag.py:2693} INFO - Sync 1 DAGs
[2023-11-21T08:20:21.229+0000] {logging_mixin.py:137} INFO - [2023-11-21T08:20:21.229+0000] {dag.py:3444} INFO - Setting next_dagrun for example_short_circuit_operator to 2023-11-20T08:20:21.229659+00:00, run_after=2023-11-21T08:20:21.229659+00:00
[2023-11-21T08:20:21.241+0000] {processor.py:175} INFO - Processing /home/airflow/.local/lib/python3.7/site-packages/airflow/example_dags/example_short_circuit_operator.py took 0.085 seconds
[2023-11-21T08:20:51.414+0000] {processor.py:153} INFO - Started process (PID=202) to work on /home/airflow/.local/lib/python3.7/site-packages/airflow/example_dags/example_short_circuit_operator.py
[2023-11-21T08:20:51.415+0000] {processor.py:743} INFO - Processing file /home/airflow/.local/lib/python3.7/site-packages/airflow/example_dags/example_short_circuit_operator.py for tasks to queue
[2023-11-21T08:20:51.416+0000] {logging_mixin.py:137} INFO - [2023-11-21T08:20:51.416+0000] {dagbag.py:532} INFO - Filling up the DagBag from /home/airflow/.local/lib/python3.7/site-packages/airflow/example_dags/example_short_circuit_operator.py
[2023-11-21T08:20:51.431+0000] {processor.py:753} INFO - DAG(s) dict_keys(['example_short_circuit_operator']) retrieved from /home/airflow/.local/lib/python3.7/site-packages/airflow/example_dags/example_short_circuit_operator.py
[2023-11-21T08:20:51.460+0000] {logging_mixin.py:137} INFO - [2023-11-21T08:20:51.460+0000] {dag.py:2693} INFO - Sync 1 DAGs
[2023-11-21T08:20:51.479+0000] {logging_mixin.py:137} INFO - [2023-11-21T08:20:51.479+0000] {dag.py:3444} INFO - Setting next_dagrun for example_short_circuit_operator to 2023-11-20T08:20:51.479627+00:00, run_after=2023-11-21T08:20:51.479627+00:00
[2023-11-21T08:20:51.495+0000] {processor.py:175} INFO - Processing /home/airflow/.local/lib/python3.7/site-packages/airflow/example_dags/example_short_circuit_operator.py took 0.084 seconds
