[2023-11-21T08:05:49.520+0000] {processor.py:153} INFO - Started process (PID=68) to work on /home/airflow/.local/lib/python3.7/site-packages/airflow/example_dags/example_short_circuit_decorator.py
[2023-11-21T08:05:49.522+0000] {processor.py:743} INFO - Processing file /home/airflow/.local/lib/python3.7/site-packages/airflow/example_dags/example_short_circuit_decorator.py for tasks to queue
[2023-11-21T08:05:49.522+0000] {logging_mixin.py:137} INFO - [2023-11-21T08:05:49.522+0000] {dagbag.py:532} INFO - Filling up the DagBag from /home/airflow/.local/lib/python3.7/site-packages/airflow/example_dags/example_short_circuit_decorator.py
[2023-11-21T08:05:49.555+0000] {processor.py:753} INFO - DAG(s) dict_keys(['example_short_circuit_decorator']) retrieved from /home/airflow/.local/lib/python3.7/site-packages/airflow/example_dags/example_short_circuit_decorator.py
[2023-11-21T08:05:49.572+0000] {logging_mixin.py:137} INFO - [2023-11-21T08:05:49.572+0000] {dag.py:2693} INFO - Sync 1 DAGs
[2023-11-21T08:05:49.596+0000] {logging_mixin.py:137} INFO - [2023-11-21T08:05:49.596+0000] {dag.py:3444} INFO - Setting next_dagrun for example_short_circuit_decorator to 2023-11-20T08:05:49.596220+00:00, run_after=2023-11-21T08:05:49.596220+00:00
[2023-11-21T08:05:49.624+0000] {processor.py:175} INFO - Processing /home/airflow/.local/lib/python3.7/site-packages/airflow/example_dags/example_short_circuit_decorator.py took 0.108 seconds
[2023-11-21T08:06:20.018+0000] {processor.py:153} INFO - Started process (PID=117) to work on /home/airflow/.local/lib/python3.7/site-packages/airflow/example_dags/example_short_circuit_decorator.py
[2023-11-21T08:06:20.018+0000] {processor.py:743} INFO - Processing file /home/airflow/.local/lib/python3.7/site-packages/airflow/example_dags/example_short_circuit_decorator.py for tasks to queue
[2023-11-21T08:06:20.019+0000] {logging_mixin.py:137} INFO - [2023-11-21T08:06:20.019+0000] {dagbag.py:532} INFO - Filling up the DagBag from /home/airflow/.local/lib/python3.7/site-packages/airflow/example_dags/example_short_circuit_decorator.py
[2023-11-21T08:06:20.035+0000] {processor.py:753} INFO - DAG(s) dict_keys(['example_short_circuit_decorator']) retrieved from /home/airflow/.local/lib/python3.7/site-packages/airflow/example_dags/example_short_circuit_decorator.py
[2023-11-21T08:06:20.052+0000] {logging_mixin.py:137} INFO - [2023-11-21T08:06:20.052+0000] {dag.py:2693} INFO - Sync 1 DAGs
[2023-11-21T08:06:20.067+0000] {logging_mixin.py:137} INFO - [2023-11-21T08:06:20.067+0000] {dag.py:3444} INFO - Setting next_dagrun for example_short_circuit_decorator to 2023-11-20T08:06:20.067084+00:00, run_after=2023-11-21T08:06:20.067084+00:00
[2023-11-21T08:06:20.078+0000] {processor.py:175} INFO - Processing /home/airflow/.local/lib/python3.7/site-packages/airflow/example_dags/example_short_circuit_decorator.py took 0.062 seconds
[2023-11-21T08:06:50.898+0000] {processor.py:153} INFO - Started process (PID=166) to work on /home/airflow/.local/lib/python3.7/site-packages/airflow/example_dags/example_short_circuit_decorator.py
[2023-11-21T08:06:50.898+0000] {processor.py:743} INFO - Processing file /home/airflow/.local/lib/python3.7/site-packages/airflow/example_dags/example_short_circuit_decorator.py for tasks to queue
[2023-11-21T08:06:50.899+0000] {logging_mixin.py:137} INFO - [2023-11-21T08:06:50.899+0000] {dagbag.py:532} INFO - Filling up the DagBag from /home/airflow/.local/lib/python3.7/site-packages/airflow/example_dags/example_short_circuit_decorator.py
[2023-11-21T08:06:50.914+0000] {processor.py:753} INFO - DAG(s) dict_keys(['example_short_circuit_decorator']) retrieved from /home/airflow/.local/lib/python3.7/site-packages/airflow/example_dags/example_short_circuit_decorator.py
[2023-11-21T08:06:50.931+0000] {logging_mixin.py:137} INFO - [2023-11-21T08:06:50.930+0000] {dag.py:2693} INFO - Sync 1 DAGs
[2023-11-21T08:06:50.946+0000] {logging_mixin.py:137} INFO - [2023-11-21T08:06:50.946+0000] {dag.py:3444} INFO - Setting next_dagrun for example_short_circuit_decorator to 2023-11-20T08:06:50.946000+00:00, run_after=2023-11-21T08:06:50.946000+00:00
[2023-11-21T08:06:50.956+0000] {processor.py:175} INFO - Processing /home/airflow/.local/lib/python3.7/site-packages/airflow/example_dags/example_short_circuit_decorator.py took 0.061 seconds
[2023-11-21T08:07:21.666+0000] {processor.py:153} INFO - Started process (PID=215) to work on /home/airflow/.local/lib/python3.7/site-packages/airflow/example_dags/example_short_circuit_decorator.py
[2023-11-21T08:07:21.666+0000] {processor.py:743} INFO - Processing file /home/airflow/.local/lib/python3.7/site-packages/airflow/example_dags/example_short_circuit_decorator.py for tasks to queue
[2023-11-21T08:07:21.667+0000] {logging_mixin.py:137} INFO - [2023-11-21T08:07:21.667+0000] {dagbag.py:532} INFO - Filling up the DagBag from /home/airflow/.local/lib/python3.7/site-packages/airflow/example_dags/example_short_circuit_decorator.py
[2023-11-21T08:07:21.682+0000] {processor.py:753} INFO - DAG(s) dict_keys(['example_short_circuit_decorator']) retrieved from /home/airflow/.local/lib/python3.7/site-packages/airflow/example_dags/example_short_circuit_decorator.py
[2023-11-21T08:07:21.698+0000] {logging_mixin.py:137} INFO - [2023-11-21T08:07:21.698+0000] {dag.py:2693} INFO - Sync 1 DAGs
[2023-11-21T08:07:21.714+0000] {logging_mixin.py:137} INFO - [2023-11-21T08:07:21.714+0000] {dag.py:3444} INFO - Setting next_dagrun for example_short_circuit_decorator to 2023-11-20T08:07:21.713880+00:00, run_after=2023-11-21T08:07:21.713880+00:00
[2023-11-21T08:07:21.725+0000] {processor.py:175} INFO - Processing /home/airflow/.local/lib/python3.7/site-packages/airflow/example_dags/example_short_circuit_decorator.py took 0.061 seconds
[2023-11-21T08:07:52.491+0000] {processor.py:153} INFO - Started process (PID=264) to work on /home/airflow/.local/lib/python3.7/site-packages/airflow/example_dags/example_short_circuit_decorator.py
[2023-11-21T08:07:52.492+0000] {processor.py:743} INFO - Processing file /home/airflow/.local/lib/python3.7/site-packages/airflow/example_dags/example_short_circuit_decorator.py for tasks to queue
[2023-11-21T08:07:52.492+0000] {logging_mixin.py:137} INFO - [2023-11-21T08:07:52.492+0000] {dagbag.py:532} INFO - Filling up the DagBag from /home/airflow/.local/lib/python3.7/site-packages/airflow/example_dags/example_short_circuit_decorator.py
[2023-11-21T08:07:52.507+0000] {processor.py:753} INFO - DAG(s) dict_keys(['example_short_circuit_decorator']) retrieved from /home/airflow/.local/lib/python3.7/site-packages/airflow/example_dags/example_short_circuit_decorator.py
[2023-11-21T08:07:52.524+0000] {logging_mixin.py:137} INFO - [2023-11-21T08:07:52.524+0000] {dag.py:2693} INFO - Sync 1 DAGs
[2023-11-21T08:07:52.540+0000] {logging_mixin.py:137} INFO - [2023-11-21T08:07:52.540+0000] {dag.py:3444} INFO - Setting next_dagrun for example_short_circuit_decorator to 2023-11-20T08:07:52.539986+00:00, run_after=2023-11-21T08:07:52.539986+00:00
[2023-11-21T08:07:52.550+0000] {processor.py:175} INFO - Processing /home/airflow/.local/lib/python3.7/site-packages/airflow/example_dags/example_short_circuit_decorator.py took 0.062 seconds
[2023-11-21T08:08:23.281+0000] {processor.py:153} INFO - Started process (PID=313) to work on /home/airflow/.local/lib/python3.7/site-packages/airflow/example_dags/example_short_circuit_decorator.py
[2023-11-21T08:08:23.282+0000] {processor.py:743} INFO - Processing file /home/airflow/.local/lib/python3.7/site-packages/airflow/example_dags/example_short_circuit_decorator.py for tasks to queue
[2023-11-21T08:08:23.282+0000] {logging_mixin.py:137} INFO - [2023-11-21T08:08:23.282+0000] {dagbag.py:532} INFO - Filling up the DagBag from /home/airflow/.local/lib/python3.7/site-packages/airflow/example_dags/example_short_circuit_decorator.py
[2023-11-21T08:08:23.297+0000] {processor.py:753} INFO - DAG(s) dict_keys(['example_short_circuit_decorator']) retrieved from /home/airflow/.local/lib/python3.7/site-packages/airflow/example_dags/example_short_circuit_decorator.py
[2023-11-21T08:08:23.314+0000] {logging_mixin.py:137} INFO - [2023-11-21T08:08:23.313+0000] {dag.py:2693} INFO - Sync 1 DAGs
[2023-11-21T08:08:23.329+0000] {logging_mixin.py:137} INFO - [2023-11-21T08:08:23.329+0000] {dag.py:3444} INFO - Setting next_dagrun for example_short_circuit_decorator to 2023-11-20T08:08:23.329176+00:00, run_after=2023-11-21T08:08:23.329176+00:00
[2023-11-21T08:08:23.339+0000] {processor.py:175} INFO - Processing /home/airflow/.local/lib/python3.7/site-packages/airflow/example_dags/example_short_circuit_decorator.py took 0.060 seconds
[2023-11-21T08:08:54.067+0000] {processor.py:153} INFO - Started process (PID=362) to work on /home/airflow/.local/lib/python3.7/site-packages/airflow/example_dags/example_short_circuit_decorator.py
[2023-11-21T08:08:54.068+0000] {processor.py:743} INFO - Processing file /home/airflow/.local/lib/python3.7/site-packages/airflow/example_dags/example_short_circuit_decorator.py for tasks to queue
[2023-11-21T08:08:54.068+0000] {logging_mixin.py:137} INFO - [2023-11-21T08:08:54.068+0000] {dagbag.py:532} INFO - Filling up the DagBag from /home/airflow/.local/lib/python3.7/site-packages/airflow/example_dags/example_short_circuit_decorator.py
[2023-11-21T08:08:54.083+0000] {processor.py:753} INFO - DAG(s) dict_keys(['example_short_circuit_decorator']) retrieved from /home/airflow/.local/lib/python3.7/site-packages/airflow/example_dags/example_short_circuit_decorator.py
[2023-11-21T08:08:54.099+0000] {logging_mixin.py:137} INFO - [2023-11-21T08:08:54.099+0000] {dag.py:2693} INFO - Sync 1 DAGs
[2023-11-21T08:08:54.114+0000] {logging_mixin.py:137} INFO - [2023-11-21T08:08:54.114+0000] {dag.py:3444} INFO - Setting next_dagrun for example_short_circuit_decorator to 2023-11-20T08:08:54.114628+00:00, run_after=2023-11-21T08:08:54.114628+00:00
[2023-11-21T08:08:54.124+0000] {processor.py:175} INFO - Processing /home/airflow/.local/lib/python3.7/site-packages/airflow/example_dags/example_short_circuit_decorator.py took 0.060 seconds
[2023-11-21T08:09:24.810+0000] {processor.py:153} INFO - Started process (PID=411) to work on /home/airflow/.local/lib/python3.7/site-packages/airflow/example_dags/example_short_circuit_decorator.py
[2023-11-21T08:09:24.811+0000] {processor.py:743} INFO - Processing file /home/airflow/.local/lib/python3.7/site-packages/airflow/example_dags/example_short_circuit_decorator.py for tasks to queue
[2023-11-21T08:09:24.811+0000] {logging_mixin.py:137} INFO - [2023-11-21T08:09:24.811+0000] {dagbag.py:532} INFO - Filling up the DagBag from /home/airflow/.local/lib/python3.7/site-packages/airflow/example_dags/example_short_circuit_decorator.py
[2023-11-21T08:09:24.826+0000] {processor.py:753} INFO - DAG(s) dict_keys(['example_short_circuit_decorator']) retrieved from /home/airflow/.local/lib/python3.7/site-packages/airflow/example_dags/example_short_circuit_decorator.py
[2023-11-21T08:09:24.842+0000] {logging_mixin.py:137} INFO - [2023-11-21T08:09:24.842+0000] {dag.py:2693} INFO - Sync 1 DAGs
[2023-11-21T08:09:24.858+0000] {logging_mixin.py:137} INFO - [2023-11-21T08:09:24.858+0000] {dag.py:3444} INFO - Setting next_dagrun for example_short_circuit_decorator to 2023-11-20T08:09:24.858453+00:00, run_after=2023-11-21T08:09:24.858453+00:00
[2023-11-21T08:09:24.868+0000] {processor.py:175} INFO - Processing /home/airflow/.local/lib/python3.7/site-packages/airflow/example_dags/example_short_circuit_decorator.py took 0.061 seconds
[2023-11-21T08:09:55.602+0000] {processor.py:153} INFO - Started process (PID=460) to work on /home/airflow/.local/lib/python3.7/site-packages/airflow/example_dags/example_short_circuit_decorator.py
[2023-11-21T08:09:55.602+0000] {processor.py:743} INFO - Processing file /home/airflow/.local/lib/python3.7/site-packages/airflow/example_dags/example_short_circuit_decorator.py for tasks to queue
[2023-11-21T08:09:55.603+0000] {logging_mixin.py:137} INFO - [2023-11-21T08:09:55.603+0000] {dagbag.py:532} INFO - Filling up the DagBag from /home/airflow/.local/lib/python3.7/site-packages/airflow/example_dags/example_short_circuit_decorator.py
[2023-11-21T08:09:55.618+0000] {processor.py:753} INFO - DAG(s) dict_keys(['example_short_circuit_decorator']) retrieved from /home/airflow/.local/lib/python3.7/site-packages/airflow/example_dags/example_short_circuit_decorator.py
[2023-11-21T08:09:55.634+0000] {logging_mixin.py:137} INFO - [2023-11-21T08:09:55.634+0000] {dag.py:2693} INFO - Sync 1 DAGs
[2023-11-21T08:09:55.650+0000] {logging_mixin.py:137} INFO - [2023-11-21T08:09:55.650+0000] {dag.py:3444} INFO - Setting next_dagrun for example_short_circuit_decorator to 2023-11-20T08:09:55.650702+00:00, run_after=2023-11-21T08:09:55.650702+00:00
[2023-11-21T08:09:55.661+0000] {processor.py:175} INFO - Processing /home/airflow/.local/lib/python3.7/site-packages/airflow/example_dags/example_short_circuit_decorator.py took 0.061 seconds
[2023-11-21T08:10:26.564+0000] {processor.py:153} INFO - Started process (PID=509) to work on /home/airflow/.local/lib/python3.7/site-packages/airflow/example_dags/example_short_circuit_decorator.py
[2023-11-21T08:10:26.565+0000] {processor.py:743} INFO - Processing file /home/airflow/.local/lib/python3.7/site-packages/airflow/example_dags/example_short_circuit_decorator.py for tasks to queue
[2023-11-21T08:10:26.565+0000] {logging_mixin.py:137} INFO - [2023-11-21T08:10:26.565+0000] {dagbag.py:532} INFO - Filling up the DagBag from /home/airflow/.local/lib/python3.7/site-packages/airflow/example_dags/example_short_circuit_decorator.py
[2023-11-21T08:10:26.581+0000] {processor.py:753} INFO - DAG(s) dict_keys(['example_short_circuit_decorator']) retrieved from /home/airflow/.local/lib/python3.7/site-packages/airflow/example_dags/example_short_circuit_decorator.py
[2023-11-21T08:10:26.598+0000] {logging_mixin.py:137} INFO - [2023-11-21T08:10:26.598+0000] {dag.py:2693} INFO - Sync 1 DAGs
[2023-11-21T08:10:26.614+0000] {logging_mixin.py:137} INFO - [2023-11-21T08:10:26.614+0000] {dag.py:3444} INFO - Setting next_dagrun for example_short_circuit_decorator to 2023-11-20T08:10:26.613884+00:00, run_after=2023-11-21T08:10:26.613884+00:00
[2023-11-21T08:10:26.624+0000] {processor.py:175} INFO - Processing /home/airflow/.local/lib/python3.7/site-packages/airflow/example_dags/example_short_circuit_decorator.py took 0.063 seconds
[2023-11-21T08:10:56.711+0000] {processor.py:153} INFO - Started process (PID=558) to work on /home/airflow/.local/lib/python3.7/site-packages/airflow/example_dags/example_short_circuit_decorator.py
[2023-11-21T08:10:56.711+0000] {processor.py:743} INFO - Processing file /home/airflow/.local/lib/python3.7/site-packages/airflow/example_dags/example_short_circuit_decorator.py for tasks to queue
[2023-11-21T08:10:56.712+0000] {logging_mixin.py:137} INFO - [2023-11-21T08:10:56.712+0000] {dagbag.py:532} INFO - Filling up the DagBag from /home/airflow/.local/lib/python3.7/site-packages/airflow/example_dags/example_short_circuit_decorator.py
[2023-11-21T08:10:56.726+0000] {processor.py:753} INFO - DAG(s) dict_keys(['example_short_circuit_decorator']) retrieved from /home/airflow/.local/lib/python3.7/site-packages/airflow/example_dags/example_short_circuit_decorator.py
[2023-11-21T08:10:56.742+0000] {logging_mixin.py:137} INFO - [2023-11-21T08:10:56.742+0000] {dag.py:2693} INFO - Sync 1 DAGs
[2023-11-21T08:10:56.756+0000] {logging_mixin.py:137} INFO - [2023-11-21T08:10:56.755+0000] {dag.py:3444} INFO - Setting next_dagrun for example_short_circuit_decorator to 2023-11-20T08:10:56.755624+00:00, run_after=2023-11-21T08:10:56.755624+00:00
[2023-11-21T08:10:56.766+0000] {processor.py:175} INFO - Processing /home/airflow/.local/lib/python3.7/site-packages/airflow/example_dags/example_short_circuit_decorator.py took 0.058 seconds
[2023-11-21T08:11:26.887+0000] {processor.py:153} INFO - Started process (PID=607) to work on /home/airflow/.local/lib/python3.7/site-packages/airflow/example_dags/example_short_circuit_decorator.py
[2023-11-21T08:11:26.888+0000] {processor.py:743} INFO - Processing file /home/airflow/.local/lib/python3.7/site-packages/airflow/example_dags/example_short_circuit_decorator.py for tasks to queue
[2023-11-21T08:11:26.889+0000] {logging_mixin.py:137} INFO - [2023-11-21T08:11:26.888+0000] {dagbag.py:532} INFO - Filling up the DagBag from /home/airflow/.local/lib/python3.7/site-packages/airflow/example_dags/example_short_circuit_decorator.py
[2023-11-21T08:11:26.905+0000] {processor.py:753} INFO - DAG(s) dict_keys(['example_short_circuit_decorator']) retrieved from /home/airflow/.local/lib/python3.7/site-packages/airflow/example_dags/example_short_circuit_decorator.py
[2023-11-21T08:11:26.922+0000] {logging_mixin.py:137} INFO - [2023-11-21T08:11:26.922+0000] {dag.py:2693} INFO - Sync 1 DAGs
[2023-11-21T08:11:26.938+0000] {logging_mixin.py:137} INFO - [2023-11-21T08:11:26.938+0000] {dag.py:3444} INFO - Setting next_dagrun for example_short_circuit_decorator to 2023-11-20T08:11:26.937856+00:00, run_after=2023-11-21T08:11:26.937856+00:00
[2023-11-21T08:11:26.948+0000] {processor.py:175} INFO - Processing /home/airflow/.local/lib/python3.7/site-packages/airflow/example_dags/example_short_circuit_decorator.py took 0.063 seconds
[2023-11-21T08:11:57.010+0000] {processor.py:153} INFO - Started process (PID=656) to work on /home/airflow/.local/lib/python3.7/site-packages/airflow/example_dags/example_short_circuit_decorator.py
[2023-11-21T08:11:57.011+0000] {processor.py:743} INFO - Processing file /home/airflow/.local/lib/python3.7/site-packages/airflow/example_dags/example_short_circuit_decorator.py for tasks to queue
[2023-11-21T08:11:57.012+0000] {logging_mixin.py:137} INFO - [2023-11-21T08:11:57.011+0000] {dagbag.py:532} INFO - Filling up the DagBag from /home/airflow/.local/lib/python3.7/site-packages/airflow/example_dags/example_short_circuit_decorator.py
[2023-11-21T08:11:57.028+0000] {processor.py:753} INFO - DAG(s) dict_keys(['example_short_circuit_decorator']) retrieved from /home/airflow/.local/lib/python3.7/site-packages/airflow/example_dags/example_short_circuit_decorator.py
[2023-11-21T08:11:57.046+0000] {logging_mixin.py:137} INFO - [2023-11-21T08:11:57.046+0000] {dag.py:2693} INFO - Sync 1 DAGs
[2023-11-21T08:11:57.061+0000] {logging_mixin.py:137} INFO - [2023-11-21T08:11:57.061+0000] {dag.py:3444} INFO - Setting next_dagrun for example_short_circuit_decorator to 2023-11-20T08:11:57.061224+00:00, run_after=2023-11-21T08:11:57.061224+00:00
[2023-11-21T08:11:57.072+0000] {processor.py:175} INFO - Processing /home/airflow/.local/lib/python3.7/site-packages/airflow/example_dags/example_short_circuit_decorator.py took 0.064 seconds
[2023-11-21T08:12:27.141+0000] {processor.py:153} INFO - Started process (PID=705) to work on /home/airflow/.local/lib/python3.7/site-packages/airflow/example_dags/example_short_circuit_decorator.py
[2023-11-21T08:12:27.141+0000] {processor.py:743} INFO - Processing file /home/airflow/.local/lib/python3.7/site-packages/airflow/example_dags/example_short_circuit_decorator.py for tasks to queue
[2023-11-21T08:12:27.142+0000] {logging_mixin.py:137} INFO - [2023-11-21T08:12:27.142+0000] {dagbag.py:532} INFO - Filling up the DagBag from /home/airflow/.local/lib/python3.7/site-packages/airflow/example_dags/example_short_circuit_decorator.py
[2023-11-21T08:12:27.158+0000] {processor.py:753} INFO - DAG(s) dict_keys(['example_short_circuit_decorator']) retrieved from /home/airflow/.local/lib/python3.7/site-packages/airflow/example_dags/example_short_circuit_decorator.py
[2023-11-21T08:12:27.174+0000] {logging_mixin.py:137} INFO - [2023-11-21T08:12:27.174+0000] {dag.py:2693} INFO - Sync 1 DAGs
[2023-11-21T08:12:27.188+0000] {logging_mixin.py:137} INFO - [2023-11-21T08:12:27.188+0000] {dag.py:3444} INFO - Setting next_dagrun for example_short_circuit_decorator to 2023-11-20T08:12:27.188283+00:00, run_after=2023-11-21T08:12:27.188283+00:00
[2023-11-21T08:12:27.198+0000] {processor.py:175} INFO - Processing /home/airflow/.local/lib/python3.7/site-packages/airflow/example_dags/example_short_circuit_decorator.py took 0.060 seconds
[2023-11-21T08:19:22.140+0000] {processor.py:153} INFO - Started process (PID=68) to work on /home/airflow/.local/lib/python3.7/site-packages/airflow/example_dags/example_short_circuit_decorator.py
[2023-11-21T08:19:22.142+0000] {processor.py:743} INFO - Processing file /home/airflow/.local/lib/python3.7/site-packages/airflow/example_dags/example_short_circuit_decorator.py for tasks to queue
[2023-11-21T08:19:22.145+0000] {logging_mixin.py:137} INFO - [2023-11-21T08:19:22.145+0000] {dagbag.py:532} INFO - Filling up the DagBag from /home/airflow/.local/lib/python3.7/site-packages/airflow/example_dags/example_short_circuit_decorator.py
[2023-11-21T08:19:22.169+0000] {processor.py:753} INFO - DAG(s) dict_keys(['example_short_circuit_decorator']) retrieved from /home/airflow/.local/lib/python3.7/site-packages/airflow/example_dags/example_short_circuit_decorator.py
[2023-11-21T08:19:22.301+0000] {logging_mixin.py:137} INFO - [2023-11-21T08:19:22.300+0000] {manager.py:504} INFO - Created Permission View: can edit on DAG:example_short_circuit_decorator
[2023-11-21T08:19:22.311+0000] {logging_mixin.py:137} INFO - [2023-11-21T08:19:22.311+0000] {manager.py:504} INFO - Created Permission View: can read on DAG:example_short_circuit_decorator
[2023-11-21T08:19:22.361+0000] {logging_mixin.py:137} INFO - [2023-11-21T08:19:22.360+0000] {manager.py:504} INFO - Created Permission View: can delete on DAG:example_short_circuit_decorator
[2023-11-21T08:19:22.362+0000] {logging_mixin.py:137} INFO - [2023-11-21T08:19:22.361+0000] {dag.py:2693} INFO - Sync 1 DAGs
[2023-11-21T08:19:22.387+0000] {logging_mixin.py:137} INFO - [2023-11-21T08:19:22.387+0000] {dag.py:2714} INFO - Creating ORM DAG for example_short_circuit_decorator
[2023-11-21T08:19:22.482+0000] {logging_mixin.py:137} INFO - [2023-11-21T08:19:22.482+0000] {dag.py:3444} INFO - Setting next_dagrun for example_short_circuit_decorator to 2023-11-20T08:19:22.481415+00:00, run_after=2023-11-21T08:19:22.481415+00:00
[2023-11-21T08:19:22.502+0000] {processor.py:175} INFO - Processing /home/airflow/.local/lib/python3.7/site-packages/airflow/example_dags/example_short_circuit_decorator.py took 0.365 seconds
[2023-11-21T08:19:53.072+0000] {processor.py:153} INFO - Started process (PID=117) to work on /home/airflow/.local/lib/python3.7/site-packages/airflow/example_dags/example_short_circuit_decorator.py
[2023-11-21T08:19:53.073+0000] {processor.py:743} INFO - Processing file /home/airflow/.local/lib/python3.7/site-packages/airflow/example_dags/example_short_circuit_decorator.py for tasks to queue
[2023-11-21T08:19:53.075+0000] {logging_mixin.py:137} INFO - [2023-11-21T08:19:53.074+0000] {dagbag.py:532} INFO - Filling up the DagBag from /home/airflow/.local/lib/python3.7/site-packages/airflow/example_dags/example_short_circuit_decorator.py
[2023-11-21T08:19:53.110+0000] {processor.py:753} INFO - DAG(s) dict_keys(['example_short_circuit_decorator']) retrieved from /home/airflow/.local/lib/python3.7/site-packages/airflow/example_dags/example_short_circuit_decorator.py
[2023-11-21T08:19:53.155+0000] {logging_mixin.py:137} INFO - [2023-11-21T08:19:53.155+0000] {dag.py:2693} INFO - Sync 1 DAGs
[2023-11-21T08:19:53.188+0000] {logging_mixin.py:137} INFO - [2023-11-21T08:19:53.188+0000] {dag.py:3444} INFO - Setting next_dagrun for example_short_circuit_decorator to 2023-11-20T08:19:53.188188+00:00, run_after=2023-11-21T08:19:53.188188+00:00
[2023-11-21T08:19:53.212+0000] {processor.py:175} INFO - Processing /home/airflow/.local/lib/python3.7/site-packages/airflow/example_dags/example_short_circuit_decorator.py took 0.145 seconds
[2023-11-21T08:20:24.014+0000] {processor.py:153} INFO - Started process (PID=166) to work on /home/airflow/.local/lib/python3.7/site-packages/airflow/example_dags/example_short_circuit_decorator.py
[2023-11-21T08:20:24.016+0000] {processor.py:743} INFO - Processing file /home/airflow/.local/lib/python3.7/site-packages/airflow/example_dags/example_short_circuit_decorator.py for tasks to queue
[2023-11-21T08:20:24.017+0000] {logging_mixin.py:137} INFO - [2023-11-21T08:20:24.017+0000] {dagbag.py:532} INFO - Filling up the DagBag from /home/airflow/.local/lib/python3.7/site-packages/airflow/example_dags/example_short_circuit_decorator.py
[2023-11-21T08:20:24.033+0000] {processor.py:753} INFO - DAG(s) dict_keys(['example_short_circuit_decorator']) retrieved from /home/airflow/.local/lib/python3.7/site-packages/airflow/example_dags/example_short_circuit_decorator.py
[2023-11-21T08:20:24.051+0000] {logging_mixin.py:137} INFO - [2023-11-21T08:20:24.051+0000] {dag.py:2693} INFO - Sync 1 DAGs
[2023-11-21T08:20:24.070+0000] {logging_mixin.py:137} INFO - [2023-11-21T08:20:24.070+0000] {dag.py:3444} INFO - Setting next_dagrun for example_short_circuit_decorator to 2023-11-20T08:20:24.070646+00:00, run_after=2023-11-21T08:20:24.070646+00:00
[2023-11-21T08:20:24.086+0000] {processor.py:175} INFO - Processing /home/airflow/.local/lib/python3.7/site-packages/airflow/example_dags/example_short_circuit_decorator.py took 0.074 seconds
[2023-11-21T08:20:54.788+0000] {processor.py:153} INFO - Started process (PID=216) to work on /home/airflow/.local/lib/python3.7/site-packages/airflow/example_dags/example_short_circuit_decorator.py
[2023-11-21T08:20:54.790+0000] {processor.py:743} INFO - Processing file /home/airflow/.local/lib/python3.7/site-packages/airflow/example_dags/example_short_circuit_decorator.py for tasks to queue
[2023-11-21T08:20:54.790+0000] {logging_mixin.py:137} INFO - [2023-11-21T08:20:54.790+0000] {dagbag.py:532} INFO - Filling up the DagBag from /home/airflow/.local/lib/python3.7/site-packages/airflow/example_dags/example_short_circuit_decorator.py
[2023-11-21T08:20:54.812+0000] {processor.py:753} INFO - DAG(s) dict_keys(['example_short_circuit_decorator']) retrieved from /home/airflow/.local/lib/python3.7/site-packages/airflow/example_dags/example_short_circuit_decorator.py
[2023-11-21T08:20:54.853+0000] {logging_mixin.py:137} INFO - [2023-11-21T08:20:54.853+0000] {dag.py:2693} INFO - Sync 1 DAGs
[2023-11-21T08:20:54.884+0000] {logging_mixin.py:137} INFO - [2023-11-21T08:20:54.884+0000] {dag.py:3444} INFO - Setting next_dagrun for example_short_circuit_decorator to 2023-11-20T08:20:54.884434+00:00, run_after=2023-11-21T08:20:54.884434+00:00
[2023-11-21T08:20:54.905+0000] {processor.py:175} INFO - Processing /home/airflow/.local/lib/python3.7/site-packages/airflow/example_dags/example_short_circuit_decorator.py took 0.119 seconds
