[2023-11-21T08:05:50.142+0000] {processor.py:153} INFO - Started process (PID=75) to work on /home/airflow/.local/lib/python3.7/site-packages/airflow/example_dags/example_nested_branch_dag.py
[2023-11-21T08:05:50.145+0000] {processor.py:743} INFO - Processing file /home/airflow/.local/lib/python3.7/site-packages/airflow/example_dags/example_nested_branch_dag.py for tasks to queue
[2023-11-21T08:05:50.147+0000] {logging_mixin.py:137} INFO - [2023-11-21T08:05:50.147+0000] {dagbag.py:532} INFO - Filling up the DagBag from /home/airflow/.local/lib/python3.7/site-packages/airflow/example_dags/example_nested_branch_dag.py
[2023-11-21T08:05:50.180+0000] {processor.py:753} INFO - DAG(s) dict_keys(['example_nested_branch_dag']) retrieved from /home/airflow/.local/lib/python3.7/site-packages/airflow/example_dags/example_nested_branch_dag.py
[2023-11-21T08:05:50.201+0000] {logging_mixin.py:137} INFO - [2023-11-21T08:05:50.201+0000] {dag.py:2693} INFO - Sync 1 DAGs
[2023-11-21T08:05:50.232+0000] {logging_mixin.py:137} INFO - [2023-11-21T08:05:50.232+0000] {dag.py:3444} INFO - Setting next_dagrun for example_nested_branch_dag to 2023-11-20T00:00:00+00:00, run_after=2023-11-21T00:00:00+00:00
[2023-11-21T08:05:50.254+0000] {processor.py:175} INFO - Processing /home/airflow/.local/lib/python3.7/site-packages/airflow/example_dags/example_nested_branch_dag.py took 0.117 seconds
[2023-11-21T08:06:20.367+0000] {processor.py:153} INFO - Started process (PID=124) to work on /home/airflow/.local/lib/python3.7/site-packages/airflow/example_dags/example_nested_branch_dag.py
[2023-11-21T08:06:20.368+0000] {processor.py:743} INFO - Processing file /home/airflow/.local/lib/python3.7/site-packages/airflow/example_dags/example_nested_branch_dag.py for tasks to queue
[2023-11-21T08:06:20.368+0000] {logging_mixin.py:137} INFO - [2023-11-21T08:06:20.368+0000] {dagbag.py:532} INFO - Filling up the DagBag from /home/airflow/.local/lib/python3.7/site-packages/airflow/example_dags/example_nested_branch_dag.py
[2023-11-21T08:06:20.385+0000] {processor.py:753} INFO - DAG(s) dict_keys(['example_nested_branch_dag']) retrieved from /home/airflow/.local/lib/python3.7/site-packages/airflow/example_dags/example_nested_branch_dag.py
[2023-11-21T08:06:20.403+0000] {logging_mixin.py:137} INFO - [2023-11-21T08:06:20.403+0000] {dag.py:2693} INFO - Sync 1 DAGs
[2023-11-21T08:06:20.419+0000] {logging_mixin.py:137} INFO - [2023-11-21T08:06:20.419+0000] {dag.py:3444} INFO - Setting next_dagrun for example_nested_branch_dag to 2023-11-20T00:00:00+00:00, run_after=2023-11-21T00:00:00+00:00
[2023-11-21T08:06:20.431+0000] {processor.py:175} INFO - Processing /home/airflow/.local/lib/python3.7/site-packages/airflow/example_dags/example_nested_branch_dag.py took 0.067 seconds
[2023-11-21T08:06:51.162+0000] {processor.py:153} INFO - Started process (PID=173) to work on /home/airflow/.local/lib/python3.7/site-packages/airflow/example_dags/example_nested_branch_dag.py
[2023-11-21T08:06:51.163+0000] {processor.py:743} INFO - Processing file /home/airflow/.local/lib/python3.7/site-packages/airflow/example_dags/example_nested_branch_dag.py for tasks to queue
[2023-11-21T08:06:51.163+0000] {logging_mixin.py:137} INFO - [2023-11-21T08:06:51.163+0000] {dagbag.py:532} INFO - Filling up the DagBag from /home/airflow/.local/lib/python3.7/site-packages/airflow/example_dags/example_nested_branch_dag.py
[2023-11-21T08:06:51.179+0000] {processor.py:753} INFO - DAG(s) dict_keys(['example_nested_branch_dag']) retrieved from /home/airflow/.local/lib/python3.7/site-packages/airflow/example_dags/example_nested_branch_dag.py
[2023-11-21T08:06:51.195+0000] {logging_mixin.py:137} INFO - [2023-11-21T08:06:51.195+0000] {dag.py:2693} INFO - Sync 1 DAGs
[2023-11-21T08:06:51.211+0000] {logging_mixin.py:137} INFO - [2023-11-21T08:06:51.211+0000] {dag.py:3444} INFO - Setting next_dagrun for example_nested_branch_dag to 2023-11-20T00:00:00+00:00, run_after=2023-11-21T00:00:00+00:00
[2023-11-21T08:06:51.223+0000] {processor.py:175} INFO - Processing /home/airflow/.local/lib/python3.7/site-packages/airflow/example_dags/example_nested_branch_dag.py took 0.063 seconds
[2023-11-21T08:07:21.930+0000] {processor.py:153} INFO - Started process (PID=222) to work on /home/airflow/.local/lib/python3.7/site-packages/airflow/example_dags/example_nested_branch_dag.py
[2023-11-21T08:07:21.930+0000] {processor.py:743} INFO - Processing file /home/airflow/.local/lib/python3.7/site-packages/airflow/example_dags/example_nested_branch_dag.py for tasks to queue
[2023-11-21T08:07:21.931+0000] {logging_mixin.py:137} INFO - [2023-11-21T08:07:21.931+0000] {dagbag.py:532} INFO - Filling up the DagBag from /home/airflow/.local/lib/python3.7/site-packages/airflow/example_dags/example_nested_branch_dag.py
[2023-11-21T08:07:21.946+0000] {processor.py:753} INFO - DAG(s) dict_keys(['example_nested_branch_dag']) retrieved from /home/airflow/.local/lib/python3.7/site-packages/airflow/example_dags/example_nested_branch_dag.py
[2023-11-21T08:07:21.962+0000] {logging_mixin.py:137} INFO - [2023-11-21T08:07:21.962+0000] {dag.py:2693} INFO - Sync 1 DAGs
[2023-11-21T08:07:21.978+0000] {logging_mixin.py:137} INFO - [2023-11-21T08:07:21.978+0000] {dag.py:3444} INFO - Setting next_dagrun for example_nested_branch_dag to 2023-11-20T00:00:00+00:00, run_after=2023-11-21T00:00:00+00:00
[2023-11-21T08:07:21.991+0000] {processor.py:175} INFO - Processing /home/airflow/.local/lib/python3.7/site-packages/airflow/example_dags/example_nested_branch_dag.py took 0.063 seconds
[2023-11-21T08:07:52.746+0000] {processor.py:153} INFO - Started process (PID=271) to work on /home/airflow/.local/lib/python3.7/site-packages/airflow/example_dags/example_nested_branch_dag.py
[2023-11-21T08:07:52.747+0000] {processor.py:743} INFO - Processing file /home/airflow/.local/lib/python3.7/site-packages/airflow/example_dags/example_nested_branch_dag.py for tasks to queue
[2023-11-21T08:07:52.748+0000] {logging_mixin.py:137} INFO - [2023-11-21T08:07:52.748+0000] {dagbag.py:532} INFO - Filling up the DagBag from /home/airflow/.local/lib/python3.7/site-packages/airflow/example_dags/example_nested_branch_dag.py
[2023-11-21T08:07:52.763+0000] {processor.py:753} INFO - DAG(s) dict_keys(['example_nested_branch_dag']) retrieved from /home/airflow/.local/lib/python3.7/site-packages/airflow/example_dags/example_nested_branch_dag.py
[2023-11-21T08:07:52.781+0000] {logging_mixin.py:137} INFO - [2023-11-21T08:07:52.781+0000] {dag.py:2693} INFO - Sync 1 DAGs
[2023-11-21T08:07:52.799+0000] {logging_mixin.py:137} INFO - [2023-11-21T08:07:52.799+0000] {dag.py:3444} INFO - Setting next_dagrun for example_nested_branch_dag to 2023-11-20T00:00:00+00:00, run_after=2023-11-21T00:00:00+00:00
[2023-11-21T08:07:52.811+0000] {processor.py:175} INFO - Processing /home/airflow/.local/lib/python3.7/site-packages/airflow/example_dags/example_nested_branch_dag.py took 0.067 seconds
[2023-11-21T08:08:23.544+0000] {processor.py:153} INFO - Started process (PID=320) to work on /home/airflow/.local/lib/python3.7/site-packages/airflow/example_dags/example_nested_branch_dag.py
[2023-11-21T08:08:23.544+0000] {processor.py:743} INFO - Processing file /home/airflow/.local/lib/python3.7/site-packages/airflow/example_dags/example_nested_branch_dag.py for tasks to queue
[2023-11-21T08:08:23.545+0000] {logging_mixin.py:137} INFO - [2023-11-21T08:08:23.545+0000] {dagbag.py:532} INFO - Filling up the DagBag from /home/airflow/.local/lib/python3.7/site-packages/airflow/example_dags/example_nested_branch_dag.py
[2023-11-21T08:08:23.560+0000] {processor.py:753} INFO - DAG(s) dict_keys(['example_nested_branch_dag']) retrieved from /home/airflow/.local/lib/python3.7/site-packages/airflow/example_dags/example_nested_branch_dag.py
[2023-11-21T08:08:23.577+0000] {logging_mixin.py:137} INFO - [2023-11-21T08:08:23.577+0000] {dag.py:2693} INFO - Sync 1 DAGs
[2023-11-21T08:08:23.592+0000] {logging_mixin.py:137} INFO - [2023-11-21T08:08:23.592+0000] {dag.py:3444} INFO - Setting next_dagrun for example_nested_branch_dag to 2023-11-20T00:00:00+00:00, run_after=2023-11-21T00:00:00+00:00
[2023-11-21T08:08:23.603+0000] {processor.py:175} INFO - Processing /home/airflow/.local/lib/python3.7/site-packages/airflow/example_dags/example_nested_branch_dag.py took 0.061 seconds
[2023-11-21T08:08:54.326+0000] {processor.py:153} INFO - Started process (PID=369) to work on /home/airflow/.local/lib/python3.7/site-packages/airflow/example_dags/example_nested_branch_dag.py
[2023-11-21T08:08:54.327+0000] {processor.py:743} INFO - Processing file /home/airflow/.local/lib/python3.7/site-packages/airflow/example_dags/example_nested_branch_dag.py for tasks to queue
[2023-11-21T08:08:54.327+0000] {logging_mixin.py:137} INFO - [2023-11-21T08:08:54.327+0000] {dagbag.py:532} INFO - Filling up the DagBag from /home/airflow/.local/lib/python3.7/site-packages/airflow/example_dags/example_nested_branch_dag.py
[2023-11-21T08:08:54.342+0000] {processor.py:753} INFO - DAG(s) dict_keys(['example_nested_branch_dag']) retrieved from /home/airflow/.local/lib/python3.7/site-packages/airflow/example_dags/example_nested_branch_dag.py
[2023-11-21T08:08:54.358+0000] {logging_mixin.py:137} INFO - [2023-11-21T08:08:54.358+0000] {dag.py:2693} INFO - Sync 1 DAGs
[2023-11-21T08:08:54.373+0000] {logging_mixin.py:137} INFO - [2023-11-21T08:08:54.373+0000] {dag.py:3444} INFO - Setting next_dagrun for example_nested_branch_dag to 2023-11-20T00:00:00+00:00, run_after=2023-11-21T00:00:00+00:00
[2023-11-21T08:08:54.384+0000] {processor.py:175} INFO - Processing /home/airflow/.local/lib/python3.7/site-packages/airflow/example_dags/example_nested_branch_dag.py took 0.060 seconds
[2023-11-21T08:09:25.068+0000] {processor.py:153} INFO - Started process (PID=418) to work on /home/airflow/.local/lib/python3.7/site-packages/airflow/example_dags/example_nested_branch_dag.py
[2023-11-21T08:09:25.068+0000] {processor.py:743} INFO - Processing file /home/airflow/.local/lib/python3.7/site-packages/airflow/example_dags/example_nested_branch_dag.py for tasks to queue
[2023-11-21T08:09:25.069+0000] {logging_mixin.py:137} INFO - [2023-11-21T08:09:25.069+0000] {dagbag.py:532} INFO - Filling up the DagBag from /home/airflow/.local/lib/python3.7/site-packages/airflow/example_dags/example_nested_branch_dag.py
[2023-11-21T08:09:25.083+0000] {processor.py:753} INFO - DAG(s) dict_keys(['example_nested_branch_dag']) retrieved from /home/airflow/.local/lib/python3.7/site-packages/airflow/example_dags/example_nested_branch_dag.py
[2023-11-21T08:09:25.099+0000] {logging_mixin.py:137} INFO - [2023-11-21T08:09:25.099+0000] {dag.py:2693} INFO - Sync 1 DAGs
[2023-11-21T08:09:25.116+0000] {logging_mixin.py:137} INFO - [2023-11-21T08:09:25.116+0000] {dag.py:3444} INFO - Setting next_dagrun for example_nested_branch_dag to 2023-11-20T00:00:00+00:00, run_after=2023-11-21T00:00:00+00:00
[2023-11-21T08:09:25.126+0000] {processor.py:175} INFO - Processing /home/airflow/.local/lib/python3.7/site-packages/airflow/example_dags/example_nested_branch_dag.py took 0.061 seconds
[2023-11-21T08:09:55.862+0000] {processor.py:153} INFO - Started process (PID=467) to work on /home/airflow/.local/lib/python3.7/site-packages/airflow/example_dags/example_nested_branch_dag.py
[2023-11-21T08:09:55.863+0000] {processor.py:743} INFO - Processing file /home/airflow/.local/lib/python3.7/site-packages/airflow/example_dags/example_nested_branch_dag.py for tasks to queue
[2023-11-21T08:09:55.863+0000] {logging_mixin.py:137} INFO - [2023-11-21T08:09:55.863+0000] {dagbag.py:532} INFO - Filling up the DagBag from /home/airflow/.local/lib/python3.7/site-packages/airflow/example_dags/example_nested_branch_dag.py
[2023-11-21T08:09:55.878+0000] {processor.py:753} INFO - DAG(s) dict_keys(['example_nested_branch_dag']) retrieved from /home/airflow/.local/lib/python3.7/site-packages/airflow/example_dags/example_nested_branch_dag.py
[2023-11-21T08:09:55.894+0000] {logging_mixin.py:137} INFO - [2023-11-21T08:09:55.894+0000] {dag.py:2693} INFO - Sync 1 DAGs
[2023-11-21T08:09:55.909+0000] {logging_mixin.py:137} INFO - [2023-11-21T08:09:55.909+0000] {dag.py:3444} INFO - Setting next_dagrun for example_nested_branch_dag to 2023-11-20T00:00:00+00:00, run_after=2023-11-21T00:00:00+00:00
[2023-11-21T08:09:55.920+0000] {processor.py:175} INFO - Processing /home/airflow/.local/lib/python3.7/site-packages/airflow/example_dags/example_nested_branch_dag.py took 0.060 seconds
[2023-11-21T08:10:26.889+0000] {processor.py:153} INFO - Started process (PID=516) to work on /home/airflow/.local/lib/python3.7/site-packages/airflow/example_dags/example_nested_branch_dag.py
[2023-11-21T08:10:26.889+0000] {processor.py:743} INFO - Processing file /home/airflow/.local/lib/python3.7/site-packages/airflow/example_dags/example_nested_branch_dag.py for tasks to queue
[2023-11-21T08:10:26.890+0000] {logging_mixin.py:137} INFO - [2023-11-21T08:10:26.890+0000] {dagbag.py:532} INFO - Filling up the DagBag from /home/airflow/.local/lib/python3.7/site-packages/airflow/example_dags/example_nested_branch_dag.py
[2023-11-21T08:10:26.905+0000] {processor.py:753} INFO - DAG(s) dict_keys(['example_nested_branch_dag']) retrieved from /home/airflow/.local/lib/python3.7/site-packages/airflow/example_dags/example_nested_branch_dag.py
[2023-11-21T08:10:26.922+0000] {logging_mixin.py:137} INFO - [2023-11-21T08:10:26.922+0000] {dag.py:2693} INFO - Sync 1 DAGs
[2023-11-21T08:10:26.937+0000] {logging_mixin.py:137} INFO - [2023-11-21T08:10:26.937+0000] {dag.py:3444} INFO - Setting next_dagrun for example_nested_branch_dag to 2023-11-20T00:00:00+00:00, run_after=2023-11-21T00:00:00+00:00
[2023-11-21T08:10:26.948+0000] {processor.py:175} INFO - Processing /home/airflow/.local/lib/python3.7/site-packages/airflow/example_dags/example_nested_branch_dag.py took 0.061 seconds
[2023-11-21T08:10:57.037+0000] {processor.py:153} INFO - Started process (PID=565) to work on /home/airflow/.local/lib/python3.7/site-packages/airflow/example_dags/example_nested_branch_dag.py
[2023-11-21T08:10:57.038+0000] {processor.py:743} INFO - Processing file /home/airflow/.local/lib/python3.7/site-packages/airflow/example_dags/example_nested_branch_dag.py for tasks to queue
[2023-11-21T08:10:57.038+0000] {logging_mixin.py:137} INFO - [2023-11-21T08:10:57.038+0000] {dagbag.py:532} INFO - Filling up the DagBag from /home/airflow/.local/lib/python3.7/site-packages/airflow/example_dags/example_nested_branch_dag.py
[2023-11-21T08:10:57.053+0000] {processor.py:753} INFO - DAG(s) dict_keys(['example_nested_branch_dag']) retrieved from /home/airflow/.local/lib/python3.7/site-packages/airflow/example_dags/example_nested_branch_dag.py
[2023-11-21T08:10:57.069+0000] {logging_mixin.py:137} INFO - [2023-11-21T08:10:57.069+0000] {dag.py:2693} INFO - Sync 1 DAGs
[2023-11-21T08:10:57.085+0000] {logging_mixin.py:137} INFO - [2023-11-21T08:10:57.085+0000] {dag.py:3444} INFO - Setting next_dagrun for example_nested_branch_dag to 2023-11-20T00:00:00+00:00, run_after=2023-11-21T00:00:00+00:00
[2023-11-21T08:10:57.096+0000] {processor.py:175} INFO - Processing /home/airflow/.local/lib/python3.7/site-packages/airflow/example_dags/example_nested_branch_dag.py took 0.061 seconds
[2023-11-21T08:11:27.205+0000] {processor.py:153} INFO - Started process (PID=614) to work on /home/airflow/.local/lib/python3.7/site-packages/airflow/example_dags/example_nested_branch_dag.py
[2023-11-21T08:11:27.205+0000] {processor.py:743} INFO - Processing file /home/airflow/.local/lib/python3.7/site-packages/airflow/example_dags/example_nested_branch_dag.py for tasks to queue
[2023-11-21T08:11:27.206+0000] {logging_mixin.py:137} INFO - [2023-11-21T08:11:27.206+0000] {dagbag.py:532} INFO - Filling up the DagBag from /home/airflow/.local/lib/python3.7/site-packages/airflow/example_dags/example_nested_branch_dag.py
[2023-11-21T08:11:27.221+0000] {processor.py:753} INFO - DAG(s) dict_keys(['example_nested_branch_dag']) retrieved from /home/airflow/.local/lib/python3.7/site-packages/airflow/example_dags/example_nested_branch_dag.py
[2023-11-21T08:11:27.238+0000] {logging_mixin.py:137} INFO - [2023-11-21T08:11:27.238+0000] {dag.py:2693} INFO - Sync 1 DAGs
[2023-11-21T08:11:27.254+0000] {logging_mixin.py:137} INFO - [2023-11-21T08:11:27.254+0000] {dag.py:3444} INFO - Setting next_dagrun for example_nested_branch_dag to 2023-11-20T00:00:00+00:00, run_after=2023-11-21T00:00:00+00:00
[2023-11-21T08:11:27.266+0000] {processor.py:175} INFO - Processing /home/airflow/.local/lib/python3.7/site-packages/airflow/example_dags/example_nested_branch_dag.py took 0.064 seconds
[2023-11-21T08:11:57.462+0000] {processor.py:153} INFO - Started process (PID=663) to work on /home/airflow/.local/lib/python3.7/site-packages/airflow/example_dags/example_nested_branch_dag.py
[2023-11-21T08:11:57.462+0000] {processor.py:743} INFO - Processing file /home/airflow/.local/lib/python3.7/site-packages/airflow/example_dags/example_nested_branch_dag.py for tasks to queue
[2023-11-21T08:11:57.463+0000] {logging_mixin.py:137} INFO - [2023-11-21T08:11:57.463+0000] {dagbag.py:532} INFO - Filling up the DagBag from /home/airflow/.local/lib/python3.7/site-packages/airflow/example_dags/example_nested_branch_dag.py
[2023-11-21T08:11:57.479+0000] {processor.py:753} INFO - DAG(s) dict_keys(['example_nested_branch_dag']) retrieved from /home/airflow/.local/lib/python3.7/site-packages/airflow/example_dags/example_nested_branch_dag.py
[2023-11-21T08:11:57.497+0000] {logging_mixin.py:137} INFO - [2023-11-21T08:11:57.497+0000] {dag.py:2693} INFO - Sync 1 DAGs
[2023-11-21T08:11:57.517+0000] {logging_mixin.py:137} INFO - [2023-11-21T08:11:57.517+0000] {dag.py:3444} INFO - Setting next_dagrun for example_nested_branch_dag to 2023-11-20T00:00:00+00:00, run_after=2023-11-21T00:00:00+00:00
[2023-11-21T08:11:57.532+0000] {processor.py:175} INFO - Processing /home/airflow/.local/lib/python3.7/site-packages/airflow/example_dags/example_nested_branch_dag.py took 0.073 seconds
[2023-11-21T08:12:28.390+0000] {processor.py:153} INFO - Started process (PID=712) to work on /home/airflow/.local/lib/python3.7/site-packages/airflow/example_dags/example_nested_branch_dag.py
[2023-11-21T08:12:28.391+0000] {processor.py:743} INFO - Processing file /home/airflow/.local/lib/python3.7/site-packages/airflow/example_dags/example_nested_branch_dag.py for tasks to queue
[2023-11-21T08:12:28.393+0000] {logging_mixin.py:137} INFO - [2023-11-21T08:12:28.392+0000] {dagbag.py:532} INFO - Filling up the DagBag from /home/airflow/.local/lib/python3.7/site-packages/airflow/example_dags/example_nested_branch_dag.py
[2023-11-21T08:12:28.407+0000] {processor.py:753} INFO - DAG(s) dict_keys(['example_nested_branch_dag']) retrieved from /home/airflow/.local/lib/python3.7/site-packages/airflow/example_dags/example_nested_branch_dag.py
[2023-11-21T08:12:28.424+0000] {logging_mixin.py:137} INFO - [2023-11-21T08:12:28.424+0000] {dag.py:2693} INFO - Sync 1 DAGs
[2023-11-21T08:12:28.440+0000] {logging_mixin.py:137} INFO - [2023-11-21T08:12:28.440+0000] {dag.py:3444} INFO - Setting next_dagrun for example_nested_branch_dag to 2023-11-20T00:00:00+00:00, run_after=2023-11-21T00:00:00+00:00
[2023-11-21T08:12:28.452+0000] {processor.py:175} INFO - Processing /home/airflow/.local/lib/python3.7/site-packages/airflow/example_dags/example_nested_branch_dag.py took 0.064 seconds
[2023-11-21T08:19:23.272+0000] {processor.py:153} INFO - Started process (PID=75) to work on /home/airflow/.local/lib/python3.7/site-packages/airflow/example_dags/example_nested_branch_dag.py
[2023-11-21T08:19:23.274+0000] {processor.py:743} INFO - Processing file /home/airflow/.local/lib/python3.7/site-packages/airflow/example_dags/example_nested_branch_dag.py for tasks to queue
[2023-11-21T08:19:23.275+0000] {logging_mixin.py:137} INFO - [2023-11-21T08:19:23.275+0000] {dagbag.py:532} INFO - Filling up the DagBag from /home/airflow/.local/lib/python3.7/site-packages/airflow/example_dags/example_nested_branch_dag.py
[2023-11-21T08:19:23.303+0000] {processor.py:753} INFO - DAG(s) dict_keys(['example_nested_branch_dag']) retrieved from /home/airflow/.local/lib/python3.7/site-packages/airflow/example_dags/example_nested_branch_dag.py
[2023-11-21T08:19:23.416+0000] {logging_mixin.py:137} INFO - [2023-11-21T08:19:23.416+0000] {manager.py:504} INFO - Created Permission View: can edit on DAG:example_nested_branch_dag
[2023-11-21T08:19:23.423+0000] {logging_mixin.py:137} INFO - [2023-11-21T08:19:23.423+0000] {manager.py:504} INFO - Created Permission View: can read on DAG:example_nested_branch_dag
[2023-11-21T08:19:23.428+0000] {logging_mixin.py:137} INFO - [2023-11-21T08:19:23.428+0000] {manager.py:504} INFO - Created Permission View: can delete on DAG:example_nested_branch_dag
[2023-11-21T08:19:23.429+0000] {logging_mixin.py:137} INFO - [2023-11-21T08:19:23.429+0000] {dag.py:2693} INFO - Sync 1 DAGs
[2023-11-21T08:19:23.438+0000] {logging_mixin.py:137} INFO - [2023-11-21T08:19:23.438+0000] {dag.py:2714} INFO - Creating ORM DAG for example_nested_branch_dag
[2023-11-21T08:19:23.447+0000] {logging_mixin.py:137} INFO - [2023-11-21T08:19:23.446+0000] {dag.py:3444} INFO - Setting next_dagrun for example_nested_branch_dag to 2023-11-20T00:00:00+00:00, run_after=2023-11-21T00:00:00+00:00
[2023-11-21T08:19:23.460+0000] {processor.py:175} INFO - Processing /home/airflow/.local/lib/python3.7/site-packages/airflow/example_dags/example_nested_branch_dag.py took 0.191 seconds
[2023-11-21T08:19:53.636+0000] {processor.py:153} INFO - Started process (PID=124) to work on /home/airflow/.local/lib/python3.7/site-packages/airflow/example_dags/example_nested_branch_dag.py
[2023-11-21T08:19:53.640+0000] {processor.py:743} INFO - Processing file /home/airflow/.local/lib/python3.7/site-packages/airflow/example_dags/example_nested_branch_dag.py for tasks to queue
[2023-11-21T08:19:53.642+0000] {logging_mixin.py:137} INFO - [2023-11-21T08:19:53.641+0000] {dagbag.py:532} INFO - Filling up the DagBag from /home/airflow/.local/lib/python3.7/site-packages/airflow/example_dags/example_nested_branch_dag.py
[2023-11-21T08:19:53.676+0000] {processor.py:753} INFO - DAG(s) dict_keys(['example_nested_branch_dag']) retrieved from /home/airflow/.local/lib/python3.7/site-packages/airflow/example_dags/example_nested_branch_dag.py
[2023-11-21T08:19:53.711+0000] {logging_mixin.py:137} INFO - [2023-11-21T08:19:53.711+0000] {dag.py:2693} INFO - Sync 1 DAGs
[2023-11-21T08:19:53.743+0000] {logging_mixin.py:137} INFO - [2023-11-21T08:19:53.743+0000] {dag.py:3444} INFO - Setting next_dagrun for example_nested_branch_dag to 2023-11-20T00:00:00+00:00, run_after=2023-11-21T00:00:00+00:00
[2023-11-21T08:19:53.763+0000] {processor.py:175} INFO - Processing /home/airflow/.local/lib/python3.7/site-packages/airflow/example_dags/example_nested_branch_dag.py took 0.130 seconds
[2023-11-21T08:20:24.389+0000] {processor.py:153} INFO - Started process (PID=173) to work on /home/airflow/.local/lib/python3.7/site-packages/airflow/example_dags/example_nested_branch_dag.py
[2023-11-21T08:20:24.390+0000] {processor.py:743} INFO - Processing file /home/airflow/.local/lib/python3.7/site-packages/airflow/example_dags/example_nested_branch_dag.py for tasks to queue
[2023-11-21T08:20:24.391+0000] {logging_mixin.py:137} INFO - [2023-11-21T08:20:24.391+0000] {dagbag.py:532} INFO - Filling up the DagBag from /home/airflow/.local/lib/python3.7/site-packages/airflow/example_dags/example_nested_branch_dag.py
[2023-11-21T08:20:24.452+0000] {processor.py:753} INFO - DAG(s) dict_keys(['example_nested_branch_dag']) retrieved from /home/airflow/.local/lib/python3.7/site-packages/airflow/example_dags/example_nested_branch_dag.py
[2023-11-21T08:20:24.497+0000] {logging_mixin.py:137} INFO - [2023-11-21T08:20:24.497+0000] {dag.py:2693} INFO - Sync 1 DAGs
[2023-11-21T08:20:24.524+0000] {logging_mixin.py:137} INFO - [2023-11-21T08:20:24.524+0000] {dag.py:3444} INFO - Setting next_dagrun for example_nested_branch_dag to 2023-11-20T00:00:00+00:00, run_after=2023-11-21T00:00:00+00:00
[2023-11-21T08:20:24.538+0000] {processor.py:175} INFO - Processing /home/airflow/.local/lib/python3.7/site-packages/airflow/example_dags/example_nested_branch_dag.py took 0.152 seconds
[2023-11-21T08:20:55.765+0000] {processor.py:153} INFO - Started process (PID=223) to work on /home/airflow/.local/lib/python3.7/site-packages/airflow/example_dags/example_nested_branch_dag.py
[2023-11-21T08:20:55.768+0000] {processor.py:743} INFO - Processing file /home/airflow/.local/lib/python3.7/site-packages/airflow/example_dags/example_nested_branch_dag.py for tasks to queue
[2023-11-21T08:20:55.770+0000] {logging_mixin.py:137} INFO - [2023-11-21T08:20:55.770+0000] {dagbag.py:532} INFO - Filling up the DagBag from /home/airflow/.local/lib/python3.7/site-packages/airflow/example_dags/example_nested_branch_dag.py
[2023-11-21T08:20:55.826+0000] {processor.py:753} INFO - DAG(s) dict_keys(['example_nested_branch_dag']) retrieved from /home/airflow/.local/lib/python3.7/site-packages/airflow/example_dags/example_nested_branch_dag.py
[2023-11-21T08:20:55.976+0000] {logging_mixin.py:137} INFO - [2023-11-21T08:20:55.976+0000] {dag.py:2693} INFO - Sync 1 DAGs
[2023-11-21T08:20:56.018+0000] {logging_mixin.py:137} INFO - [2023-11-21T08:20:56.018+0000] {dag.py:3444} INFO - Setting next_dagrun for example_nested_branch_dag to 2023-11-20T00:00:00+00:00, run_after=2023-11-21T00:00:00+00:00
[2023-11-21T08:20:56.048+0000] {processor.py:175} INFO - Processing /home/airflow/.local/lib/python3.7/site-packages/airflow/example_dags/example_nested_branch_dag.py took 0.292 seconds
