[2023-11-21T08:05:48.670+0000] {processor.py:153} INFO - Started process (PID=57) to work on /home/airflow/.local/lib/python3.7/site-packages/airflow/example_dags/example_sensor_decorator.py
[2023-11-21T08:05:48.672+0000] {processor.py:743} INFO - Processing file /home/airflow/.local/lib/python3.7/site-packages/airflow/example_dags/example_sensor_decorator.py for tasks to queue
[2023-11-21T08:05:48.673+0000] {logging_mixin.py:137} INFO - [2023-11-21T08:05:48.673+0000] {dagbag.py:532} INFO - Filling up the DagBag from /home/airflow/.local/lib/python3.7/site-packages/airflow/example_dags/example_sensor_decorator.py
[2023-11-21T08:05:48.704+0000] {processor.py:753} INFO - DAG(s) dict_keys(['example_sensor_decorator']) retrieved from /home/airflow/.local/lib/python3.7/site-packages/airflow/example_dags/example_sensor_decorator.py
[2023-11-21T08:05:48.719+0000] {logging_mixin.py:137} INFO - [2023-11-21T08:05:48.719+0000] {dag.py:2693} INFO - Sync 1 DAGs
[2023-11-21T08:05:48.739+0000] {logging_mixin.py:137} INFO - [2023-11-21T08:05:48.739+0000] {dag.py:3444} INFO - Setting next_dagrun for example_sensor_decorator to None, run_after=None
[2023-11-21T08:05:48.755+0000] {processor.py:175} INFO - Processing /home/airflow/.local/lib/python3.7/site-packages/airflow/example_dags/example_sensor_decorator.py took 0.090 seconds
[2023-11-21T08:06:19.439+0000] {processor.py:153} INFO - Started process (PID=106) to work on /home/airflow/.local/lib/python3.7/site-packages/airflow/example_dags/example_sensor_decorator.py
[2023-11-21T08:06:19.439+0000] {processor.py:743} INFO - Processing file /home/airflow/.local/lib/python3.7/site-packages/airflow/example_dags/example_sensor_decorator.py for tasks to queue
[2023-11-21T08:06:19.440+0000] {logging_mixin.py:137} INFO - [2023-11-21T08:06:19.440+0000] {dagbag.py:532} INFO - Filling up the DagBag from /home/airflow/.local/lib/python3.7/site-packages/airflow/example_dags/example_sensor_decorator.py
[2023-11-21T08:06:19.453+0000] {processor.py:753} INFO - DAG(s) dict_keys(['example_sensor_decorator']) retrieved from /home/airflow/.local/lib/python3.7/site-packages/airflow/example_dags/example_sensor_decorator.py
[2023-11-21T08:06:19.467+0000] {logging_mixin.py:137} INFO - [2023-11-21T08:06:19.467+0000] {dag.py:2693} INFO - Sync 1 DAGs
[2023-11-21T08:06:19.481+0000] {logging_mixin.py:137} INFO - [2023-11-21T08:06:19.481+0000] {dag.py:3444} INFO - Setting next_dagrun for example_sensor_decorator to None, run_after=None
[2023-11-21T08:06:19.491+0000] {processor.py:175} INFO - Processing /home/airflow/.local/lib/python3.7/site-packages/airflow/example_dags/example_sensor_decorator.py took 0.055 seconds
[2023-11-21T08:06:50.504+0000] {processor.py:153} INFO - Started process (PID=155) to work on /home/airflow/.local/lib/python3.7/site-packages/airflow/example_dags/example_sensor_decorator.py
[2023-11-21T08:06:50.505+0000] {processor.py:743} INFO - Processing file /home/airflow/.local/lib/python3.7/site-packages/airflow/example_dags/example_sensor_decorator.py for tasks to queue
[2023-11-21T08:06:50.505+0000] {logging_mixin.py:137} INFO - [2023-11-21T08:06:50.505+0000] {dagbag.py:532} INFO - Filling up the DagBag from /home/airflow/.local/lib/python3.7/site-packages/airflow/example_dags/example_sensor_decorator.py
[2023-11-21T08:06:50.519+0000] {processor.py:753} INFO - DAG(s) dict_keys(['example_sensor_decorator']) retrieved from /home/airflow/.local/lib/python3.7/site-packages/airflow/example_dags/example_sensor_decorator.py
[2023-11-21T08:06:50.535+0000] {logging_mixin.py:137} INFO - [2023-11-21T08:06:50.535+0000] {dag.py:2693} INFO - Sync 1 DAGs
[2023-11-21T08:06:50.551+0000] {logging_mixin.py:137} INFO - [2023-11-21T08:06:50.551+0000] {dag.py:3444} INFO - Setting next_dagrun for example_sensor_decorator to None, run_after=None
[2023-11-21T08:06:50.561+0000] {processor.py:175} INFO - Processing /home/airflow/.local/lib/python3.7/site-packages/airflow/example_dags/example_sensor_decorator.py took 0.059 seconds
[2023-11-21T08:07:21.281+0000] {processor.py:153} INFO - Started process (PID=204) to work on /home/airflow/.local/lib/python3.7/site-packages/airflow/example_dags/example_sensor_decorator.py
[2023-11-21T08:07:21.282+0000] {processor.py:743} INFO - Processing file /home/airflow/.local/lib/python3.7/site-packages/airflow/example_dags/example_sensor_decorator.py for tasks to queue
[2023-11-21T08:07:21.282+0000] {logging_mixin.py:137} INFO - [2023-11-21T08:07:21.282+0000] {dagbag.py:532} INFO - Filling up the DagBag from /home/airflow/.local/lib/python3.7/site-packages/airflow/example_dags/example_sensor_decorator.py
[2023-11-21T08:07:21.295+0000] {processor.py:753} INFO - DAG(s) dict_keys(['example_sensor_decorator']) retrieved from /home/airflow/.local/lib/python3.7/site-packages/airflow/example_dags/example_sensor_decorator.py
[2023-11-21T08:07:21.310+0000] {logging_mixin.py:137} INFO - [2023-11-21T08:07:21.310+0000] {dag.py:2693} INFO - Sync 1 DAGs
[2023-11-21T08:07:21.325+0000] {logging_mixin.py:137} INFO - [2023-11-21T08:07:21.325+0000] {dag.py:3444} INFO - Setting next_dagrun for example_sensor_decorator to None, run_after=None
[2023-11-21T08:07:21.336+0000] {processor.py:175} INFO - Processing /home/airflow/.local/lib/python3.7/site-packages/airflow/example_dags/example_sensor_decorator.py took 0.057 seconds
[2023-11-21T08:07:52.058+0000] {processor.py:153} INFO - Started process (PID=253) to work on /home/airflow/.local/lib/python3.7/site-packages/airflow/example_dags/example_sensor_decorator.py
[2023-11-21T08:07:52.058+0000] {processor.py:743} INFO - Processing file /home/airflow/.local/lib/python3.7/site-packages/airflow/example_dags/example_sensor_decorator.py for tasks to queue
[2023-11-21T08:07:52.059+0000] {logging_mixin.py:137} INFO - [2023-11-21T08:07:52.059+0000] {dagbag.py:532} INFO - Filling up the DagBag from /home/airflow/.local/lib/python3.7/site-packages/airflow/example_dags/example_sensor_decorator.py
[2023-11-21T08:07:52.074+0000] {processor.py:753} INFO - DAG(s) dict_keys(['example_sensor_decorator']) retrieved from /home/airflow/.local/lib/python3.7/site-packages/airflow/example_dags/example_sensor_decorator.py
[2023-11-21T08:07:52.090+0000] {logging_mixin.py:137} INFO - [2023-11-21T08:07:52.090+0000] {dag.py:2693} INFO - Sync 1 DAGs
[2023-11-21T08:07:52.106+0000] {logging_mixin.py:137} INFO - [2023-11-21T08:07:52.106+0000] {dag.py:3444} INFO - Setting next_dagrun for example_sensor_decorator to None, run_after=None
[2023-11-21T08:07:52.117+0000] {processor.py:175} INFO - Processing /home/airflow/.local/lib/python3.7/site-packages/airflow/example_dags/example_sensor_decorator.py took 0.062 seconds
[2023-11-21T08:08:22.895+0000] {processor.py:153} INFO - Started process (PID=302) to work on /home/airflow/.local/lib/python3.7/site-packages/airflow/example_dags/example_sensor_decorator.py
[2023-11-21T08:08:22.896+0000] {processor.py:743} INFO - Processing file /home/airflow/.local/lib/python3.7/site-packages/airflow/example_dags/example_sensor_decorator.py for tasks to queue
[2023-11-21T08:08:22.897+0000] {logging_mixin.py:137} INFO - [2023-11-21T08:08:22.897+0000] {dagbag.py:532} INFO - Filling up the DagBag from /home/airflow/.local/lib/python3.7/site-packages/airflow/example_dags/example_sensor_decorator.py
[2023-11-21T08:08:22.910+0000] {processor.py:753} INFO - DAG(s) dict_keys(['example_sensor_decorator']) retrieved from /home/airflow/.local/lib/python3.7/site-packages/airflow/example_dags/example_sensor_decorator.py
[2023-11-21T08:08:22.925+0000] {logging_mixin.py:137} INFO - [2023-11-21T08:08:22.925+0000] {dag.py:2693} INFO - Sync 1 DAGs
[2023-11-21T08:08:22.940+0000] {logging_mixin.py:137} INFO - [2023-11-21T08:08:22.940+0000] {dag.py:3444} INFO - Setting next_dagrun for example_sensor_decorator to None, run_after=None
[2023-11-21T08:08:22.950+0000] {processor.py:175} INFO - Processing /home/airflow/.local/lib/python3.7/site-packages/airflow/example_dags/example_sensor_decorator.py took 0.058 seconds
[2023-11-21T08:08:53.677+0000] {processor.py:153} INFO - Started process (PID=351) to work on /home/airflow/.local/lib/python3.7/site-packages/airflow/example_dags/example_sensor_decorator.py
[2023-11-21T08:08:53.678+0000] {processor.py:743} INFO - Processing file /home/airflow/.local/lib/python3.7/site-packages/airflow/example_dags/example_sensor_decorator.py for tasks to queue
[2023-11-21T08:08:53.678+0000] {logging_mixin.py:137} INFO - [2023-11-21T08:08:53.678+0000] {dagbag.py:532} INFO - Filling up the DagBag from /home/airflow/.local/lib/python3.7/site-packages/airflow/example_dags/example_sensor_decorator.py
[2023-11-21T08:08:53.692+0000] {processor.py:753} INFO - DAG(s) dict_keys(['example_sensor_decorator']) retrieved from /home/airflow/.local/lib/python3.7/site-packages/airflow/example_dags/example_sensor_decorator.py
[2023-11-21T08:08:53.708+0000] {logging_mixin.py:137} INFO - [2023-11-21T08:08:53.708+0000] {dag.py:2693} INFO - Sync 1 DAGs
[2023-11-21T08:08:53.723+0000] {logging_mixin.py:137} INFO - [2023-11-21T08:08:53.723+0000] {dag.py:3444} INFO - Setting next_dagrun for example_sensor_decorator to None, run_after=None
[2023-11-21T08:08:53.734+0000] {processor.py:175} INFO - Processing /home/airflow/.local/lib/python3.7/site-packages/airflow/example_dags/example_sensor_decorator.py took 0.059 seconds
[2023-11-21T08:09:24.419+0000] {processor.py:153} INFO - Started process (PID=400) to work on /home/airflow/.local/lib/python3.7/site-packages/airflow/example_dags/example_sensor_decorator.py
[2023-11-21T08:09:24.420+0000] {processor.py:743} INFO - Processing file /home/airflow/.local/lib/python3.7/site-packages/airflow/example_dags/example_sensor_decorator.py for tasks to queue
[2023-11-21T08:09:24.420+0000] {logging_mixin.py:137} INFO - [2023-11-21T08:09:24.420+0000] {dagbag.py:532} INFO - Filling up the DagBag from /home/airflow/.local/lib/python3.7/site-packages/airflow/example_dags/example_sensor_decorator.py
[2023-11-21T08:09:24.433+0000] {processor.py:753} INFO - DAG(s) dict_keys(['example_sensor_decorator']) retrieved from /home/airflow/.local/lib/python3.7/site-packages/airflow/example_dags/example_sensor_decorator.py
[2023-11-21T08:09:24.448+0000] {logging_mixin.py:137} INFO - [2023-11-21T08:09:24.448+0000] {dag.py:2693} INFO - Sync 1 DAGs
[2023-11-21T08:09:24.463+0000] {logging_mixin.py:137} INFO - [2023-11-21T08:09:24.463+0000] {dag.py:3444} INFO - Setting next_dagrun for example_sensor_decorator to None, run_after=None
[2023-11-21T08:09:24.474+0000] {processor.py:175} INFO - Processing /home/airflow/.local/lib/python3.7/site-packages/airflow/example_dags/example_sensor_decorator.py took 0.057 seconds
[2023-11-21T08:09:55.206+0000] {processor.py:153} INFO - Started process (PID=449) to work on /home/airflow/.local/lib/python3.7/site-packages/airflow/example_dags/example_sensor_decorator.py
[2023-11-21T08:09:55.207+0000] {processor.py:743} INFO - Processing file /home/airflow/.local/lib/python3.7/site-packages/airflow/example_dags/example_sensor_decorator.py for tasks to queue
[2023-11-21T08:09:55.208+0000] {logging_mixin.py:137} INFO - [2023-11-21T08:09:55.208+0000] {dagbag.py:532} INFO - Filling up the DagBag from /home/airflow/.local/lib/python3.7/site-packages/airflow/example_dags/example_sensor_decorator.py
[2023-11-21T08:09:55.221+0000] {processor.py:753} INFO - DAG(s) dict_keys(['example_sensor_decorator']) retrieved from /home/airflow/.local/lib/python3.7/site-packages/airflow/example_dags/example_sensor_decorator.py
[2023-11-21T08:09:55.236+0000] {logging_mixin.py:137} INFO - [2023-11-21T08:09:55.236+0000] {dag.py:2693} INFO - Sync 1 DAGs
[2023-11-21T08:09:55.251+0000] {logging_mixin.py:137} INFO - [2023-11-21T08:09:55.251+0000] {dag.py:3444} INFO - Setting next_dagrun for example_sensor_decorator to None, run_after=None
[2023-11-21T08:09:55.261+0000] {processor.py:175} INFO - Processing /home/airflow/.local/lib/python3.7/site-packages/airflow/example_dags/example_sensor_decorator.py took 0.057 seconds
[2023-11-21T08:10:26.083+0000] {processor.py:153} INFO - Started process (PID=498) to work on /home/airflow/.local/lib/python3.7/site-packages/airflow/example_dags/example_sensor_decorator.py
[2023-11-21T08:10:26.084+0000] {processor.py:743} INFO - Processing file /home/airflow/.local/lib/python3.7/site-packages/airflow/example_dags/example_sensor_decorator.py for tasks to queue
[2023-11-21T08:10:26.085+0000] {logging_mixin.py:137} INFO - [2023-11-21T08:10:26.085+0000] {dagbag.py:532} INFO - Filling up the DagBag from /home/airflow/.local/lib/python3.7/site-packages/airflow/example_dags/example_sensor_decorator.py
[2023-11-21T08:10:26.102+0000] {processor.py:753} INFO - DAG(s) dict_keys(['example_sensor_decorator']) retrieved from /home/airflow/.local/lib/python3.7/site-packages/airflow/example_dags/example_sensor_decorator.py
[2023-11-21T08:10:26.122+0000] {logging_mixin.py:137} INFO - [2023-11-21T08:10:26.122+0000] {dag.py:2693} INFO - Sync 1 DAGs
[2023-11-21T08:10:26.142+0000] {logging_mixin.py:137} INFO - [2023-11-21T08:10:26.142+0000] {dag.py:3444} INFO - Setting next_dagrun for example_sensor_decorator to None, run_after=None
[2023-11-21T08:10:26.158+0000] {processor.py:175} INFO - Processing /home/airflow/.local/lib/python3.7/site-packages/airflow/example_dags/example_sensor_decorator.py took 0.078 seconds
[2023-11-21T08:10:56.316+0000] {processor.py:153} INFO - Started process (PID=547) to work on /home/airflow/.local/lib/python3.7/site-packages/airflow/example_dags/example_sensor_decorator.py
[2023-11-21T08:10:56.316+0000] {processor.py:743} INFO - Processing file /home/airflow/.local/lib/python3.7/site-packages/airflow/example_dags/example_sensor_decorator.py for tasks to queue
[2023-11-21T08:10:56.317+0000] {logging_mixin.py:137} INFO - [2023-11-21T08:10:56.317+0000] {dagbag.py:532} INFO - Filling up the DagBag from /home/airflow/.local/lib/python3.7/site-packages/airflow/example_dags/example_sensor_decorator.py
[2023-11-21T08:10:56.330+0000] {processor.py:753} INFO - DAG(s) dict_keys(['example_sensor_decorator']) retrieved from /home/airflow/.local/lib/python3.7/site-packages/airflow/example_dags/example_sensor_decorator.py
[2023-11-21T08:10:56.343+0000] {logging_mixin.py:137} INFO - [2023-11-21T08:10:56.343+0000] {dag.py:2693} INFO - Sync 1 DAGs
[2023-11-21T08:10:56.357+0000] {logging_mixin.py:137} INFO - [2023-11-21T08:10:56.357+0000] {dag.py:3444} INFO - Setting next_dagrun for example_sensor_decorator to None, run_after=None
[2023-11-21T08:10:56.368+0000] {processor.py:175} INFO - Processing /home/airflow/.local/lib/python3.7/site-packages/airflow/example_dags/example_sensor_decorator.py took 0.054 seconds
[2023-11-21T08:11:26.460+0000] {processor.py:153} INFO - Started process (PID=596) to work on /home/airflow/.local/lib/python3.7/site-packages/airflow/example_dags/example_sensor_decorator.py
[2023-11-21T08:11:26.460+0000] {processor.py:743} INFO - Processing file /home/airflow/.local/lib/python3.7/site-packages/airflow/example_dags/example_sensor_decorator.py for tasks to queue
[2023-11-21T08:11:26.461+0000] {logging_mixin.py:137} INFO - [2023-11-21T08:11:26.461+0000] {dagbag.py:532} INFO - Filling up the DagBag from /home/airflow/.local/lib/python3.7/site-packages/airflow/example_dags/example_sensor_decorator.py
[2023-11-21T08:11:26.475+0000] {processor.py:753} INFO - DAG(s) dict_keys(['example_sensor_decorator']) retrieved from /home/airflow/.local/lib/python3.7/site-packages/airflow/example_dags/example_sensor_decorator.py
[2023-11-21T08:11:26.489+0000] {logging_mixin.py:137} INFO - [2023-11-21T08:11:26.489+0000] {dag.py:2693} INFO - Sync 1 DAGs
[2023-11-21T08:11:26.505+0000] {logging_mixin.py:137} INFO - [2023-11-21T08:11:26.504+0000] {dag.py:3444} INFO - Setting next_dagrun for example_sensor_decorator to None, run_after=None
[2023-11-21T08:11:26.516+0000] {processor.py:175} INFO - Processing /home/airflow/.local/lib/python3.7/site-packages/airflow/example_dags/example_sensor_decorator.py took 0.058 seconds
[2023-11-21T08:11:56.583+0000] {processor.py:153} INFO - Started process (PID=645) to work on /home/airflow/.local/lib/python3.7/site-packages/airflow/example_dags/example_sensor_decorator.py
[2023-11-21T08:11:56.583+0000] {processor.py:743} INFO - Processing file /home/airflow/.local/lib/python3.7/site-packages/airflow/example_dags/example_sensor_decorator.py for tasks to queue
[2023-11-21T08:11:56.584+0000] {logging_mixin.py:137} INFO - [2023-11-21T08:11:56.584+0000] {dagbag.py:532} INFO - Filling up the DagBag from /home/airflow/.local/lib/python3.7/site-packages/airflow/example_dags/example_sensor_decorator.py
[2023-11-21T08:11:56.598+0000] {processor.py:753} INFO - DAG(s) dict_keys(['example_sensor_decorator']) retrieved from /home/airflow/.local/lib/python3.7/site-packages/airflow/example_dags/example_sensor_decorator.py
[2023-11-21T08:11:56.612+0000] {logging_mixin.py:137} INFO - [2023-11-21T08:11:56.612+0000] {dag.py:2693} INFO - Sync 1 DAGs
[2023-11-21T08:11:56.627+0000] {logging_mixin.py:137} INFO - [2023-11-21T08:11:56.627+0000] {dag.py:3444} INFO - Setting next_dagrun for example_sensor_decorator to None, run_after=None
[2023-11-21T08:11:56.637+0000] {processor.py:175} INFO - Processing /home/airflow/.local/lib/python3.7/site-packages/airflow/example_dags/example_sensor_decorator.py took 0.057 seconds
[2023-11-21T08:12:26.665+0000] {processor.py:153} INFO - Started process (PID=694) to work on /home/airflow/.local/lib/python3.7/site-packages/airflow/example_dags/example_sensor_decorator.py
[2023-11-21T08:12:26.665+0000] {processor.py:743} INFO - Processing file /home/airflow/.local/lib/python3.7/site-packages/airflow/example_dags/example_sensor_decorator.py for tasks to queue
[2023-11-21T08:12:26.666+0000] {logging_mixin.py:137} INFO - [2023-11-21T08:12:26.666+0000] {dagbag.py:532} INFO - Filling up the DagBag from /home/airflow/.local/lib/python3.7/site-packages/airflow/example_dags/example_sensor_decorator.py
[2023-11-21T08:12:26.680+0000] {processor.py:753} INFO - DAG(s) dict_keys(['example_sensor_decorator']) retrieved from /home/airflow/.local/lib/python3.7/site-packages/airflow/example_dags/example_sensor_decorator.py
[2023-11-21T08:12:26.694+0000] {logging_mixin.py:137} INFO - [2023-11-21T08:12:26.694+0000] {dag.py:2693} INFO - Sync 1 DAGs
[2023-11-21T08:12:26.708+0000] {logging_mixin.py:137} INFO - [2023-11-21T08:12:26.708+0000] {dag.py:3444} INFO - Setting next_dagrun for example_sensor_decorator to None, run_after=None
[2023-11-21T08:12:26.718+0000] {processor.py:175} INFO - Processing /home/airflow/.local/lib/python3.7/site-packages/airflow/example_dags/example_sensor_decorator.py took 0.055 seconds
[2023-11-21T08:19:19.938+0000] {processor.py:153} INFO - Started process (PID=57) to work on /home/airflow/.local/lib/python3.7/site-packages/airflow/example_dags/example_sensor_decorator.py
[2023-11-21T08:19:19.942+0000] {processor.py:743} INFO - Processing file /home/airflow/.local/lib/python3.7/site-packages/airflow/example_dags/example_sensor_decorator.py for tasks to queue
[2023-11-21T08:19:19.948+0000] {logging_mixin.py:137} INFO - [2023-11-21T08:19:19.947+0000] {dagbag.py:532} INFO - Filling up the DagBag from /home/airflow/.local/lib/python3.7/site-packages/airflow/example_dags/example_sensor_decorator.py
[2023-11-21T08:19:19.996+0000] {processor.py:753} INFO - DAG(s) dict_keys(['example_sensor_decorator']) retrieved from /home/airflow/.local/lib/python3.7/site-packages/airflow/example_dags/example_sensor_decorator.py
[2023-11-21T08:19:20.132+0000] {logging_mixin.py:137} INFO - [2023-11-21T08:19:20.131+0000] {manager.py:504} INFO - Created Permission View: can edit on DAG:example_sensor_decorator
[2023-11-21T08:19:20.143+0000] {logging_mixin.py:137} INFO - [2023-11-21T08:19:20.143+0000] {manager.py:504} INFO - Created Permission View: can read on DAG:example_sensor_decorator
[2023-11-21T08:19:20.150+0000] {logging_mixin.py:137} INFO - [2023-11-21T08:19:20.150+0000] {manager.py:504} INFO - Created Permission View: can delete on DAG:example_sensor_decorator
[2023-11-21T08:19:20.151+0000] {logging_mixin.py:137} INFO - [2023-11-21T08:19:20.151+0000] {dag.py:2693} INFO - Sync 1 DAGs
[2023-11-21T08:19:20.171+0000] {logging_mixin.py:137} INFO - [2023-11-21T08:19:20.170+0000] {dag.py:2714} INFO - Creating ORM DAG for example_sensor_decorator
[2023-11-21T08:19:20.189+0000] {logging_mixin.py:137} INFO - [2023-11-21T08:19:20.188+0000] {dag.py:3444} INFO - Setting next_dagrun for example_sensor_decorator to None, run_after=None
[2023-11-21T08:19:20.502+0000] {processor.py:175} INFO - Processing /home/airflow/.local/lib/python3.7/site-packages/airflow/example_dags/example_sensor_decorator.py took 0.569 seconds
[2023-11-21T08:19:50.676+0000] {processor.py:153} INFO - Started process (PID=106) to work on /home/airflow/.local/lib/python3.7/site-packages/airflow/example_dags/example_sensor_decorator.py
[2023-11-21T08:19:50.677+0000] {processor.py:743} INFO - Processing file /home/airflow/.local/lib/python3.7/site-packages/airflow/example_dags/example_sensor_decorator.py for tasks to queue
[2023-11-21T08:19:50.678+0000] {logging_mixin.py:137} INFO - [2023-11-21T08:19:50.678+0000] {dagbag.py:532} INFO - Filling up the DagBag from /home/airflow/.local/lib/python3.7/site-packages/airflow/example_dags/example_sensor_decorator.py
[2023-11-21T08:19:50.698+0000] {processor.py:753} INFO - DAG(s) dict_keys(['example_sensor_decorator']) retrieved from /home/airflow/.local/lib/python3.7/site-packages/airflow/example_dags/example_sensor_decorator.py
[2023-11-21T08:19:50.737+0000] {logging_mixin.py:137} INFO - [2023-11-21T08:19:50.737+0000] {dag.py:2693} INFO - Sync 1 DAGs
[2023-11-21T08:19:50.769+0000] {logging_mixin.py:137} INFO - [2023-11-21T08:19:50.769+0000] {dag.py:3444} INFO - Setting next_dagrun for example_sensor_decorator to None, run_after=None
[2023-11-21T08:19:50.793+0000] {processor.py:175} INFO - Processing /home/airflow/.local/lib/python3.7/site-packages/airflow/example_dags/example_sensor_decorator.py took 0.120 seconds
[2023-11-21T08:20:21.305+0000] {processor.py:153} INFO - Started process (PID=155) to work on /home/airflow/.local/lib/python3.7/site-packages/airflow/example_dags/example_sensor_decorator.py
[2023-11-21T08:20:21.306+0000] {processor.py:743} INFO - Processing file /home/airflow/.local/lib/python3.7/site-packages/airflow/example_dags/example_sensor_decorator.py for tasks to queue
[2023-11-21T08:20:21.306+0000] {logging_mixin.py:137} INFO - [2023-11-21T08:20:21.306+0000] {dagbag.py:532} INFO - Filling up the DagBag from /home/airflow/.local/lib/python3.7/site-packages/airflow/example_dags/example_sensor_decorator.py
[2023-11-21T08:20:21.321+0000] {processor.py:753} INFO - DAG(s) dict_keys(['example_sensor_decorator']) retrieved from /home/airflow/.local/lib/python3.7/site-packages/airflow/example_dags/example_sensor_decorator.py
[2023-11-21T08:20:21.340+0000] {logging_mixin.py:137} INFO - [2023-11-21T08:20:21.340+0000] {dag.py:2693} INFO - Sync 1 DAGs
[2023-11-21T08:20:21.357+0000] {logging_mixin.py:137} INFO - [2023-11-21T08:20:21.357+0000] {dag.py:3444} INFO - Setting next_dagrun for example_sensor_decorator to None, run_after=None
[2023-11-21T08:20:21.370+0000] {processor.py:175} INFO - Processing /home/airflow/.local/lib/python3.7/site-packages/airflow/example_dags/example_sensor_decorator.py took 0.068 seconds
[2023-11-21T08:20:51.577+0000] {processor.py:153} INFO - Started process (PID=205) to work on /home/airflow/.local/lib/python3.7/site-packages/airflow/example_dags/example_sensor_decorator.py
[2023-11-21T08:20:51.579+0000] {processor.py:743} INFO - Processing file /home/airflow/.local/lib/python3.7/site-packages/airflow/example_dags/example_sensor_decorator.py for tasks to queue
[2023-11-21T08:20:51.580+0000] {logging_mixin.py:137} INFO - [2023-11-21T08:20:51.579+0000] {dagbag.py:532} INFO - Filling up the DagBag from /home/airflow/.local/lib/python3.7/site-packages/airflow/example_dags/example_sensor_decorator.py
[2023-11-21T08:20:51.600+0000] {processor.py:753} INFO - DAG(s) dict_keys(['example_sensor_decorator']) retrieved from /home/airflow/.local/lib/python3.7/site-packages/airflow/example_dags/example_sensor_decorator.py
[2023-11-21T08:20:51.622+0000] {logging_mixin.py:137} INFO - [2023-11-21T08:20:51.622+0000] {dag.py:2693} INFO - Sync 1 DAGs
[2023-11-21T08:20:51.641+0000] {logging_mixin.py:137} INFO - [2023-11-21T08:20:51.641+0000] {dag.py:3444} INFO - Setting next_dagrun for example_sensor_decorator to None, run_after=None
[2023-11-21T08:20:51.662+0000] {processor.py:175} INFO - Processing /home/airflow/.local/lib/python3.7/site-packages/airflow/example_dags/example_sensor_decorator.py took 0.088 seconds
