[2023-11-21T08:05:49.214+0000] {processor.py:153} INFO - Started process (PID=64) to work on /home/airflow/.local/lib/python3.7/site-packages/airflow/example_dags/example_sla_dag.py
[2023-11-21T08:05:49.217+0000] {processor.py:743} INFO - Processing file /home/airflow/.local/lib/python3.7/site-packages/airflow/example_dags/example_sla_dag.py for tasks to queue
[2023-11-21T08:05:49.221+0000] {logging_mixin.py:137} INFO - [2023-11-21T08:05:49.221+0000] {dagbag.py:532} INFO - Filling up the DagBag from /home/airflow/.local/lib/python3.7/site-packages/airflow/example_dags/example_sla_dag.py
[2023-11-21T08:05:49.283+0000] {processor.py:753} INFO - DAG(s) dict_keys(['example_sla_dag']) retrieved from /home/airflow/.local/lib/python3.7/site-packages/airflow/example_dags/example_sla_dag.py
[2023-11-21T08:05:49.303+0000] {logging_mixin.py:137} INFO - [2023-11-21T08:05:49.303+0000] {dag.py:2693} INFO - Sync 1 DAGs
[2023-11-21T08:05:49.335+0000] {logging_mixin.py:137} INFO - [2023-11-21T08:05:49.335+0000] {dag.py:3444} INFO - Setting next_dagrun for example_sla_dag to 2023-11-21T08:02:00+00:00, run_after=2023-11-21T08:04:00+00:00
[2023-11-21T08:05:49.361+0000] {processor.py:175} INFO - Processing /home/airflow/.local/lib/python3.7/site-packages/airflow/example_dags/example_sla_dag.py took 0.154 seconds
[2023-11-21T08:06:19.720+0000] {processor.py:153} INFO - Started process (PID=113) to work on /home/airflow/.local/lib/python3.7/site-packages/airflow/example_dags/example_sla_dag.py
[2023-11-21T08:06:19.720+0000] {processor.py:743} INFO - Processing file /home/airflow/.local/lib/python3.7/site-packages/airflow/example_dags/example_sla_dag.py for tasks to queue
[2023-11-21T08:06:19.721+0000] {logging_mixin.py:137} INFO - [2023-11-21T08:06:19.721+0000] {dagbag.py:532} INFO - Filling up the DagBag from /home/airflow/.local/lib/python3.7/site-packages/airflow/example_dags/example_sla_dag.py
[2023-11-21T08:06:19.736+0000] {processor.py:753} INFO - DAG(s) dict_keys(['example_sla_dag']) retrieved from /home/airflow/.local/lib/python3.7/site-packages/airflow/example_dags/example_sla_dag.py
[2023-11-21T08:06:19.753+0000] {logging_mixin.py:137} INFO - [2023-11-21T08:06:19.753+0000] {dag.py:2693} INFO - Sync 1 DAGs
[2023-11-21T08:06:19.774+0000] {logging_mixin.py:137} INFO - [2023-11-21T08:06:19.774+0000] {dag.py:3444} INFO - Setting next_dagrun for example_sla_dag to 2023-11-21T08:04:00+00:00, run_after=2023-11-21T08:06:00+00:00
[2023-11-21T08:06:19.805+0000] {processor.py:175} INFO - Processing /home/airflow/.local/lib/python3.7/site-packages/airflow/example_dags/example_sla_dag.py took 0.088 seconds
[2023-11-21T08:06:50.758+0000] {processor.py:153} INFO - Started process (PID=162) to work on /home/airflow/.local/lib/python3.7/site-packages/airflow/example_dags/example_sla_dag.py
[2023-11-21T08:06:50.759+0000] {processor.py:743} INFO - Processing file /home/airflow/.local/lib/python3.7/site-packages/airflow/example_dags/example_sla_dag.py for tasks to queue
[2023-11-21T08:06:50.759+0000] {logging_mixin.py:137} INFO - [2023-11-21T08:06:50.759+0000] {dagbag.py:532} INFO - Filling up the DagBag from /home/airflow/.local/lib/python3.7/site-packages/airflow/example_dags/example_sla_dag.py
[2023-11-21T08:06:50.774+0000] {processor.py:753} INFO - DAG(s) dict_keys(['example_sla_dag']) retrieved from /home/airflow/.local/lib/python3.7/site-packages/airflow/example_dags/example_sla_dag.py
[2023-11-21T08:06:50.790+0000] {logging_mixin.py:137} INFO - [2023-11-21T08:06:50.790+0000] {dag.py:2693} INFO - Sync 1 DAGs
[2023-11-21T08:06:50.806+0000] {logging_mixin.py:137} INFO - [2023-11-21T08:06:50.806+0000] {dag.py:3444} INFO - Setting next_dagrun for example_sla_dag to 2023-11-21T08:04:00+00:00, run_after=2023-11-21T08:06:00+00:00
[2023-11-21T08:06:50.816+0000] {processor.py:175} INFO - Processing /home/airflow/.local/lib/python3.7/site-packages/airflow/example_dags/example_sla_dag.py took 0.060 seconds
[2023-11-21T08:07:21.528+0000] {processor.py:153} INFO - Started process (PID=211) to work on /home/airflow/.local/lib/python3.7/site-packages/airflow/example_dags/example_sla_dag.py
[2023-11-21T08:07:21.529+0000] {processor.py:743} INFO - Processing file /home/airflow/.local/lib/python3.7/site-packages/airflow/example_dags/example_sla_dag.py for tasks to queue
[2023-11-21T08:07:21.529+0000] {logging_mixin.py:137} INFO - [2023-11-21T08:07:21.529+0000] {dagbag.py:532} INFO - Filling up the DagBag from /home/airflow/.local/lib/python3.7/site-packages/airflow/example_dags/example_sla_dag.py
[2023-11-21T08:07:21.543+0000] {processor.py:753} INFO - DAG(s) dict_keys(['example_sla_dag']) retrieved from /home/airflow/.local/lib/python3.7/site-packages/airflow/example_dags/example_sla_dag.py
[2023-11-21T08:07:21.559+0000] {logging_mixin.py:137} INFO - [2023-11-21T08:07:21.559+0000] {dag.py:2693} INFO - Sync 1 DAGs
[2023-11-21T08:07:21.575+0000] {logging_mixin.py:137} INFO - [2023-11-21T08:07:21.575+0000] {dag.py:3444} INFO - Setting next_dagrun for example_sla_dag to 2023-11-21T08:04:00+00:00, run_after=2023-11-21T08:06:00+00:00
[2023-11-21T08:07:21.585+0000] {processor.py:175} INFO - Processing /home/airflow/.local/lib/python3.7/site-packages/airflow/example_dags/example_sla_dag.py took 0.060 seconds
[2023-11-21T08:07:52.346+0000] {processor.py:153} INFO - Started process (PID=260) to work on /home/airflow/.local/lib/python3.7/site-packages/airflow/example_dags/example_sla_dag.py
[2023-11-21T08:07:52.347+0000] {processor.py:743} INFO - Processing file /home/airflow/.local/lib/python3.7/site-packages/airflow/example_dags/example_sla_dag.py for tasks to queue
[2023-11-21T08:07:52.348+0000] {logging_mixin.py:137} INFO - [2023-11-21T08:07:52.347+0000] {dagbag.py:532} INFO - Filling up the DagBag from /home/airflow/.local/lib/python3.7/site-packages/airflow/example_dags/example_sla_dag.py
[2023-11-21T08:07:52.362+0000] {processor.py:753} INFO - DAG(s) dict_keys(['example_sla_dag']) retrieved from /home/airflow/.local/lib/python3.7/site-packages/airflow/example_dags/example_sla_dag.py
[2023-11-21T08:07:52.378+0000] {logging_mixin.py:137} INFO - [2023-11-21T08:07:52.378+0000] {dag.py:2693} INFO - Sync 1 DAGs
[2023-11-21T08:07:52.396+0000] {logging_mixin.py:137} INFO - [2023-11-21T08:07:52.396+0000] {dag.py:3444} INFO - Setting next_dagrun for example_sla_dag to 2023-11-21T08:04:00+00:00, run_after=2023-11-21T08:06:00+00:00
[2023-11-21T08:07:52.408+0000] {processor.py:175} INFO - Processing /home/airflow/.local/lib/python3.7/site-packages/airflow/example_dags/example_sla_dag.py took 0.064 seconds
[2023-11-21T08:08:23.144+0000] {processor.py:153} INFO - Started process (PID=309) to work on /home/airflow/.local/lib/python3.7/site-packages/airflow/example_dags/example_sla_dag.py
[2023-11-21T08:08:23.144+0000] {processor.py:743} INFO - Processing file /home/airflow/.local/lib/python3.7/site-packages/airflow/example_dags/example_sla_dag.py for tasks to queue
[2023-11-21T08:08:23.145+0000] {logging_mixin.py:137} INFO - [2023-11-21T08:08:23.145+0000] {dagbag.py:532} INFO - Filling up the DagBag from /home/airflow/.local/lib/python3.7/site-packages/airflow/example_dags/example_sla_dag.py
[2023-11-21T08:08:23.159+0000] {processor.py:753} INFO - DAG(s) dict_keys(['example_sla_dag']) retrieved from /home/airflow/.local/lib/python3.7/site-packages/airflow/example_dags/example_sla_dag.py
[2023-11-21T08:08:23.176+0000] {logging_mixin.py:137} INFO - [2023-11-21T08:08:23.175+0000] {dag.py:2693} INFO - Sync 1 DAGs
[2023-11-21T08:08:23.192+0000] {logging_mixin.py:137} INFO - [2023-11-21T08:08:23.192+0000] {dag.py:3444} INFO - Setting next_dagrun for example_sla_dag to 2023-11-21T08:06:00+00:00, run_after=2023-11-21T08:08:00+00:00
[2023-11-21T08:08:23.202+0000] {processor.py:175} INFO - Processing /home/airflow/.local/lib/python3.7/site-packages/airflow/example_dags/example_sla_dag.py took 0.060 seconds
[2023-11-21T08:08:53.928+0000] {processor.py:153} INFO - Started process (PID=358) to work on /home/airflow/.local/lib/python3.7/site-packages/airflow/example_dags/example_sla_dag.py
[2023-11-21T08:08:53.928+0000] {processor.py:743} INFO - Processing file /home/airflow/.local/lib/python3.7/site-packages/airflow/example_dags/example_sla_dag.py for tasks to queue
[2023-11-21T08:08:53.929+0000] {logging_mixin.py:137} INFO - [2023-11-21T08:08:53.929+0000] {dagbag.py:532} INFO - Filling up the DagBag from /home/airflow/.local/lib/python3.7/site-packages/airflow/example_dags/example_sla_dag.py
[2023-11-21T08:08:53.944+0000] {processor.py:753} INFO - DAG(s) dict_keys(['example_sla_dag']) retrieved from /home/airflow/.local/lib/python3.7/site-packages/airflow/example_dags/example_sla_dag.py
[2023-11-21T08:08:53.960+0000] {logging_mixin.py:137} INFO - [2023-11-21T08:08:53.960+0000] {dag.py:2693} INFO - Sync 1 DAGs
[2023-11-21T08:08:53.976+0000] {logging_mixin.py:137} INFO - [2023-11-21T08:08:53.976+0000] {dag.py:3444} INFO - Setting next_dagrun for example_sla_dag to 2023-11-21T08:06:00+00:00, run_after=2023-11-21T08:08:00+00:00
[2023-11-21T08:08:53.986+0000] {processor.py:175} INFO - Processing /home/airflow/.local/lib/python3.7/site-packages/airflow/example_dags/example_sla_dag.py took 0.061 seconds
[2023-11-21T08:09:24.670+0000] {processor.py:153} INFO - Started process (PID=407) to work on /home/airflow/.local/lib/python3.7/site-packages/airflow/example_dags/example_sla_dag.py
[2023-11-21T08:09:24.671+0000] {processor.py:743} INFO - Processing file /home/airflow/.local/lib/python3.7/site-packages/airflow/example_dags/example_sla_dag.py for tasks to queue
[2023-11-21T08:09:24.672+0000] {logging_mixin.py:137} INFO - [2023-11-21T08:09:24.671+0000] {dagbag.py:532} INFO - Filling up the DagBag from /home/airflow/.local/lib/python3.7/site-packages/airflow/example_dags/example_sla_dag.py
[2023-11-21T08:09:24.685+0000] {processor.py:753} INFO - DAG(s) dict_keys(['example_sla_dag']) retrieved from /home/airflow/.local/lib/python3.7/site-packages/airflow/example_dags/example_sla_dag.py
[2023-11-21T08:09:24.701+0000] {logging_mixin.py:137} INFO - [2023-11-21T08:09:24.701+0000] {dag.py:2693} INFO - Sync 1 DAGs
[2023-11-21T08:09:24.718+0000] {logging_mixin.py:137} INFO - [2023-11-21T08:09:24.718+0000] {dag.py:3444} INFO - Setting next_dagrun for example_sla_dag to 2023-11-21T08:06:00+00:00, run_after=2023-11-21T08:08:00+00:00
[2023-11-21T08:09:24.728+0000] {processor.py:175} INFO - Processing /home/airflow/.local/lib/python3.7/site-packages/airflow/example_dags/example_sla_dag.py took 0.060 seconds
[2023-11-21T08:09:55.459+0000] {processor.py:153} INFO - Started process (PID=456) to work on /home/airflow/.local/lib/python3.7/site-packages/airflow/example_dags/example_sla_dag.py
[2023-11-21T08:09:55.460+0000] {processor.py:743} INFO - Processing file /home/airflow/.local/lib/python3.7/site-packages/airflow/example_dags/example_sla_dag.py for tasks to queue
[2023-11-21T08:09:55.460+0000] {logging_mixin.py:137} INFO - [2023-11-21T08:09:55.460+0000] {dagbag.py:532} INFO - Filling up the DagBag from /home/airflow/.local/lib/python3.7/site-packages/airflow/example_dags/example_sla_dag.py
[2023-11-21T08:09:55.475+0000] {processor.py:753} INFO - DAG(s) dict_keys(['example_sla_dag']) retrieved from /home/airflow/.local/lib/python3.7/site-packages/airflow/example_dags/example_sla_dag.py
[2023-11-21T08:09:55.491+0000] {logging_mixin.py:137} INFO - [2023-11-21T08:09:55.491+0000] {dag.py:2693} INFO - Sync 1 DAGs
[2023-11-21T08:09:55.508+0000] {logging_mixin.py:137} INFO - [2023-11-21T08:09:55.508+0000] {dag.py:3444} INFO - Setting next_dagrun for example_sla_dag to 2023-11-21T08:06:00+00:00, run_after=2023-11-21T08:08:00+00:00
[2023-11-21T08:09:55.518+0000] {processor.py:175} INFO - Processing /home/airflow/.local/lib/python3.7/site-packages/airflow/example_dags/example_sla_dag.py took 0.061 seconds
[2023-11-21T08:10:26.418+0000] {processor.py:153} INFO - Started process (PID=505) to work on /home/airflow/.local/lib/python3.7/site-packages/airflow/example_dags/example_sla_dag.py
[2023-11-21T08:10:26.419+0000] {processor.py:743} INFO - Processing file /home/airflow/.local/lib/python3.7/site-packages/airflow/example_dags/example_sla_dag.py for tasks to queue
[2023-11-21T08:10:26.420+0000] {logging_mixin.py:137} INFO - [2023-11-21T08:10:26.420+0000] {dagbag.py:532} INFO - Filling up the DagBag from /home/airflow/.local/lib/python3.7/site-packages/airflow/example_dags/example_sla_dag.py
[2023-11-21T08:10:26.438+0000] {processor.py:753} INFO - DAG(s) dict_keys(['example_sla_dag']) retrieved from /home/airflow/.local/lib/python3.7/site-packages/airflow/example_dags/example_sla_dag.py
[2023-11-21T08:10:26.455+0000] {logging_mixin.py:137} INFO - [2023-11-21T08:10:26.455+0000] {dag.py:2693} INFO - Sync 1 DAGs
[2023-11-21T08:10:26.472+0000] {logging_mixin.py:137} INFO - [2023-11-21T08:10:26.472+0000] {dag.py:3444} INFO - Setting next_dagrun for example_sla_dag to 2023-11-21T08:08:00+00:00, run_after=2023-11-21T08:10:00+00:00
[2023-11-21T08:10:26.482+0000] {processor.py:175} INFO - Processing /home/airflow/.local/lib/python3.7/site-packages/airflow/example_dags/example_sla_dag.py took 0.067 seconds
[2023-11-21T08:10:56.578+0000] {processor.py:153} INFO - Started process (PID=554) to work on /home/airflow/.local/lib/python3.7/site-packages/airflow/example_dags/example_sla_dag.py
[2023-11-21T08:10:56.579+0000] {processor.py:743} INFO - Processing file /home/airflow/.local/lib/python3.7/site-packages/airflow/example_dags/example_sla_dag.py for tasks to queue
[2023-11-21T08:10:56.579+0000] {logging_mixin.py:137} INFO - [2023-11-21T08:10:56.579+0000] {dagbag.py:532} INFO - Filling up the DagBag from /home/airflow/.local/lib/python3.7/site-packages/airflow/example_dags/example_sla_dag.py
[2023-11-21T08:10:56.593+0000] {processor.py:753} INFO - DAG(s) dict_keys(['example_sla_dag']) retrieved from /home/airflow/.local/lib/python3.7/site-packages/airflow/example_dags/example_sla_dag.py
[2023-11-21T08:10:56.609+0000] {logging_mixin.py:137} INFO - [2023-11-21T08:10:56.609+0000] {dag.py:2693} INFO - Sync 1 DAGs
[2023-11-21T08:10:56.624+0000] {logging_mixin.py:137} INFO - [2023-11-21T08:10:56.624+0000] {dag.py:3444} INFO - Setting next_dagrun for example_sla_dag to 2023-11-21T08:08:00+00:00, run_after=2023-11-21T08:10:00+00:00
[2023-11-21T08:10:56.634+0000] {processor.py:175} INFO - Processing /home/airflow/.local/lib/python3.7/site-packages/airflow/example_dags/example_sla_dag.py took 0.058 seconds
[2023-11-21T08:11:26.743+0000] {processor.py:153} INFO - Started process (PID=603) to work on /home/airflow/.local/lib/python3.7/site-packages/airflow/example_dags/example_sla_dag.py
[2023-11-21T08:11:26.744+0000] {processor.py:743} INFO - Processing file /home/airflow/.local/lib/python3.7/site-packages/airflow/example_dags/example_sla_dag.py for tasks to queue
[2023-11-21T08:11:26.744+0000] {logging_mixin.py:137} INFO - [2023-11-21T08:11:26.744+0000] {dagbag.py:532} INFO - Filling up the DagBag from /home/airflow/.local/lib/python3.7/site-packages/airflow/example_dags/example_sla_dag.py
[2023-11-21T08:11:26.759+0000] {processor.py:753} INFO - DAG(s) dict_keys(['example_sla_dag']) retrieved from /home/airflow/.local/lib/python3.7/site-packages/airflow/example_dags/example_sla_dag.py
[2023-11-21T08:11:26.775+0000] {logging_mixin.py:137} INFO - [2023-11-21T08:11:26.775+0000] {dag.py:2693} INFO - Sync 1 DAGs
[2023-11-21T08:11:26.793+0000] {logging_mixin.py:137} INFO - [2023-11-21T08:11:26.793+0000] {dag.py:3444} INFO - Setting next_dagrun for example_sla_dag to 2023-11-21T08:08:00+00:00, run_after=2023-11-21T08:10:00+00:00
[2023-11-21T08:11:26.805+0000] {processor.py:175} INFO - Processing /home/airflow/.local/lib/python3.7/site-packages/airflow/example_dags/example_sla_dag.py took 0.064 seconds
[2023-11-21T08:11:56.867+0000] {processor.py:153} INFO - Started process (PID=652) to work on /home/airflow/.local/lib/python3.7/site-packages/airflow/example_dags/example_sla_dag.py
[2023-11-21T08:11:56.867+0000] {processor.py:743} INFO - Processing file /home/airflow/.local/lib/python3.7/site-packages/airflow/example_dags/example_sla_dag.py for tasks to queue
[2023-11-21T08:11:56.869+0000] {logging_mixin.py:137} INFO - [2023-11-21T08:11:56.868+0000] {dagbag.py:532} INFO - Filling up the DagBag from /home/airflow/.local/lib/python3.7/site-packages/airflow/example_dags/example_sla_dag.py
[2023-11-21T08:11:56.883+0000] {processor.py:753} INFO - DAG(s) dict_keys(['example_sla_dag']) retrieved from /home/airflow/.local/lib/python3.7/site-packages/airflow/example_dags/example_sla_dag.py
[2023-11-21T08:11:56.899+0000] {logging_mixin.py:137} INFO - [2023-11-21T08:11:56.899+0000] {dag.py:2693} INFO - Sync 1 DAGs
[2023-11-21T08:11:56.917+0000] {logging_mixin.py:137} INFO - [2023-11-21T08:11:56.917+0000] {dag.py:3444} INFO - Setting next_dagrun for example_sla_dag to 2023-11-21T08:08:00+00:00, run_after=2023-11-21T08:10:00+00:00
[2023-11-21T08:11:56.928+0000] {processor.py:175} INFO - Processing /home/airflow/.local/lib/python3.7/site-packages/airflow/example_dags/example_sla_dag.py took 0.063 seconds
[2023-11-21T08:12:26.992+0000] {processor.py:153} INFO - Started process (PID=701) to work on /home/airflow/.local/lib/python3.7/site-packages/airflow/example_dags/example_sla_dag.py
[2023-11-21T08:12:26.992+0000] {processor.py:743} INFO - Processing file /home/airflow/.local/lib/python3.7/site-packages/airflow/example_dags/example_sla_dag.py for tasks to queue
[2023-11-21T08:12:26.993+0000] {logging_mixin.py:137} INFO - [2023-11-21T08:12:26.993+0000] {dagbag.py:532} INFO - Filling up the DagBag from /home/airflow/.local/lib/python3.7/site-packages/airflow/example_dags/example_sla_dag.py
[2023-11-21T08:12:27.007+0000] {processor.py:753} INFO - DAG(s) dict_keys(['example_sla_dag']) retrieved from /home/airflow/.local/lib/python3.7/site-packages/airflow/example_dags/example_sla_dag.py
[2023-11-21T08:12:27.022+0000] {logging_mixin.py:137} INFO - [2023-11-21T08:12:27.022+0000] {dag.py:2693} INFO - Sync 1 DAGs
[2023-11-21T08:12:27.038+0000] {logging_mixin.py:137} INFO - [2023-11-21T08:12:27.038+0000] {dag.py:3444} INFO - Setting next_dagrun for example_sla_dag to 2023-11-21T08:10:00+00:00, run_after=2023-11-21T08:12:00+00:00
[2023-11-21T08:12:27.048+0000] {processor.py:175} INFO - Processing /home/airflow/.local/lib/python3.7/site-packages/airflow/example_dags/example_sla_dag.py took 0.059 seconds
[2023-11-21T08:19:21.381+0000] {processor.py:153} INFO - Started process (PID=64) to work on /home/airflow/.local/lib/python3.7/site-packages/airflow/example_dags/example_sla_dag.py
[2023-11-21T08:19:21.383+0000] {processor.py:743} INFO - Processing file /home/airflow/.local/lib/python3.7/site-packages/airflow/example_dags/example_sla_dag.py for tasks to queue
[2023-11-21T08:19:21.385+0000] {logging_mixin.py:137} INFO - [2023-11-21T08:19:21.385+0000] {dagbag.py:532} INFO - Filling up the DagBag from /home/airflow/.local/lib/python3.7/site-packages/airflow/example_dags/example_sla_dag.py
[2023-11-21T08:19:21.411+0000] {processor.py:753} INFO - DAG(s) dict_keys(['example_sla_dag']) retrieved from /home/airflow/.local/lib/python3.7/site-packages/airflow/example_dags/example_sla_dag.py
[2023-11-21T08:19:21.536+0000] {logging_mixin.py:137} INFO - [2023-11-21T08:19:21.535+0000] {manager.py:504} INFO - Created Permission View: can edit on DAG:example_sla_dag
[2023-11-21T08:19:21.542+0000] {logging_mixin.py:137} INFO - [2023-11-21T08:19:21.542+0000] {manager.py:504} INFO - Created Permission View: can read on DAG:example_sla_dag
[2023-11-21T08:19:21.549+0000] {logging_mixin.py:137} INFO - [2023-11-21T08:19:21.549+0000] {manager.py:504} INFO - Created Permission View: can delete on DAG:example_sla_dag
[2023-11-21T08:19:21.550+0000] {logging_mixin.py:137} INFO - [2023-11-21T08:19:21.550+0000] {dag.py:2693} INFO - Sync 1 DAGs
[2023-11-21T08:19:21.562+0000] {logging_mixin.py:137} INFO - [2023-11-21T08:19:21.562+0000] {dag.py:2714} INFO - Creating ORM DAG for example_sla_dag
[2023-11-21T08:19:21.577+0000] {logging_mixin.py:137} INFO - [2023-11-21T08:19:21.577+0000] {dag.py:3444} INFO - Setting next_dagrun for example_sla_dag to 2023-11-21T08:16:00+00:00, run_after=2023-11-21T08:18:00+00:00
[2023-11-21T08:19:21.596+0000] {processor.py:175} INFO - Processing /home/airflow/.local/lib/python3.7/site-packages/airflow/example_dags/example_sla_dag.py took 0.221 seconds
[2023-11-21T08:19:52.635+0000] {processor.py:153} INFO - Started process (PID=113) to work on /home/airflow/.local/lib/python3.7/site-packages/airflow/example_dags/example_sla_dag.py
[2023-11-21T08:19:52.647+0000] {processor.py:743} INFO - Processing file /home/airflow/.local/lib/python3.7/site-packages/airflow/example_dags/example_sla_dag.py for tasks to queue
[2023-11-21T08:19:52.651+0000] {logging_mixin.py:137} INFO - [2023-11-21T08:19:52.650+0000] {dagbag.py:532} INFO - Filling up the DagBag from /home/airflow/.local/lib/python3.7/site-packages/airflow/example_dags/example_sla_dag.py
[2023-11-21T08:19:52.703+0000] {processor.py:753} INFO - DAG(s) dict_keys(['example_sla_dag']) retrieved from /home/airflow/.local/lib/python3.7/site-packages/airflow/example_dags/example_sla_dag.py
[2023-11-21T08:19:52.764+0000] {logging_mixin.py:137} INFO - [2023-11-21T08:19:52.764+0000] {dag.py:2693} INFO - Sync 1 DAGs
[2023-11-21T08:19:52.827+0000] {logging_mixin.py:137} INFO - [2023-11-21T08:19:52.827+0000] {dag.py:3444} INFO - Setting next_dagrun for example_sla_dag to 2023-11-21T08:16:00+00:00, run_after=2023-11-21T08:18:00+00:00
[2023-11-21T08:19:52.873+0000] {processor.py:175} INFO - Processing /home/airflow/.local/lib/python3.7/site-packages/airflow/example_dags/example_sla_dag.py took 0.284 seconds
[2023-11-21T08:20:23.799+0000] {processor.py:153} INFO - Started process (PID=162) to work on /home/airflow/.local/lib/python3.7/site-packages/airflow/example_dags/example_sla_dag.py
[2023-11-21T08:20:23.800+0000] {processor.py:743} INFO - Processing file /home/airflow/.local/lib/python3.7/site-packages/airflow/example_dags/example_sla_dag.py for tasks to queue
[2023-11-21T08:20:23.801+0000] {logging_mixin.py:137} INFO - [2023-11-21T08:20:23.800+0000] {dagbag.py:532} INFO - Filling up the DagBag from /home/airflow/.local/lib/python3.7/site-packages/airflow/example_dags/example_sla_dag.py
[2023-11-21T08:20:23.821+0000] {processor.py:753} INFO - DAG(s) dict_keys(['example_sla_dag']) retrieved from /home/airflow/.local/lib/python3.7/site-packages/airflow/example_dags/example_sla_dag.py
[2023-11-21T08:20:23.847+0000] {logging_mixin.py:137} INFO - [2023-11-21T08:20:23.847+0000] {dag.py:2693} INFO - Sync 1 DAGs
[2023-11-21T08:20:23.868+0000] {logging_mixin.py:137} INFO - [2023-11-21T08:20:23.868+0000] {dag.py:3444} INFO - Setting next_dagrun for example_sla_dag to 2023-11-21T08:18:00+00:00, run_after=2023-11-21T08:20:00+00:00
[2023-11-21T08:20:23.928+0000] {processor.py:175} INFO - Processing /home/airflow/.local/lib/python3.7/site-packages/airflow/example_dags/example_sla_dag.py took 0.134 seconds
[2023-11-21T08:20:54.061+0000] {processor.py:153} INFO - Started process (PID=212) to work on /home/airflow/.local/lib/python3.7/site-packages/airflow/example_dags/example_sla_dag.py
[2023-11-21T08:20:54.070+0000] {processor.py:743} INFO - Processing file /home/airflow/.local/lib/python3.7/site-packages/airflow/example_dags/example_sla_dag.py for tasks to queue
[2023-11-21T08:20:54.073+0000] {logging_mixin.py:137} INFO - [2023-11-21T08:20:54.073+0000] {dagbag.py:532} INFO - Filling up the DagBag from /home/airflow/.local/lib/python3.7/site-packages/airflow/example_dags/example_sla_dag.py
[2023-11-21T08:20:54.116+0000] {processor.py:753} INFO - DAG(s) dict_keys(['example_sla_dag']) retrieved from /home/airflow/.local/lib/python3.7/site-packages/airflow/example_dags/example_sla_dag.py
[2023-11-21T08:20:54.205+0000] {logging_mixin.py:137} INFO - [2023-11-21T08:20:54.205+0000] {dag.py:2693} INFO - Sync 1 DAGs
[2023-11-21T08:20:54.335+0000] {logging_mixin.py:137} INFO - [2023-11-21T08:20:54.335+0000] {dag.py:3444} INFO - Setting next_dagrun for example_sla_dag to 2023-11-21T08:18:00+00:00, run_after=2023-11-21T08:20:00+00:00
[2023-11-21T08:20:54.483+0000] {processor.py:175} INFO - Processing /home/airflow/.local/lib/python3.7/site-packages/airflow/example_dags/example_sla_dag.py took 0.430 seconds
