[2023-11-21T08:05:48.376+0000] {processor.py:153} INFO - Started process (PID=52) to work on /home/airflow/.local/lib/python3.7/site-packages/airflow/example_dags/example_params_ui_tutorial.py
[2023-11-21T08:05:48.377+0000] {processor.py:743} INFO - Processing file /home/airflow/.local/lib/python3.7/site-packages/airflow/example_dags/example_params_ui_tutorial.py for tasks to queue
[2023-11-21T08:05:48.378+0000] {logging_mixin.py:137} INFO - [2023-11-21T08:05:48.378+0000] {dagbag.py:532} INFO - Filling up the DagBag from /home/airflow/.local/lib/python3.7/site-packages/airflow/example_dags/example_params_ui_tutorial.py
[2023-11-21T08:05:48.440+0000] {processor.py:753} INFO - DAG(s) dict_keys(['example_params_ui_tutorial']) retrieved from /home/airflow/.local/lib/python3.7/site-packages/airflow/example_dags/example_params_ui_tutorial.py
[2023-11-21T08:05:48.452+0000] {logging_mixin.py:137} INFO - [2023-11-21T08:05:48.452+0000] {dag.py:2693} INFO - Sync 1 DAGs
[2023-11-21T08:05:48.477+0000] {logging_mixin.py:137} INFO - [2023-11-21T08:05:48.477+0000] {dag.py:3444} INFO - Setting next_dagrun for example_params_ui_tutorial to None, run_after=None
[2023-11-21T08:05:48.494+0000] {processor.py:175} INFO - Processing /home/airflow/.local/lib/python3.7/site-packages/airflow/example_dags/example_params_ui_tutorial.py took 0.124 seconds
[2023-11-21T08:06:19.199+0000] {processor.py:153} INFO - Started process (PID=101) to work on /home/airflow/.local/lib/python3.7/site-packages/airflow/example_dags/example_params_ui_tutorial.py
[2023-11-21T08:06:19.199+0000] {processor.py:743} INFO - Processing file /home/airflow/.local/lib/python3.7/site-packages/airflow/example_dags/example_params_ui_tutorial.py for tasks to queue
[2023-11-21T08:06:19.200+0000] {logging_mixin.py:137} INFO - [2023-11-21T08:06:19.200+0000] {dagbag.py:532} INFO - Filling up the DagBag from /home/airflow/.local/lib/python3.7/site-packages/airflow/example_dags/example_params_ui_tutorial.py
[2023-11-21T08:06:19.233+0000] {processor.py:753} INFO - DAG(s) dict_keys(['example_params_ui_tutorial']) retrieved from /home/airflow/.local/lib/python3.7/site-packages/airflow/example_dags/example_params_ui_tutorial.py
[2023-11-21T08:06:19.266+0000] {logging_mixin.py:137} INFO - [2023-11-21T08:06:19.266+0000] {dag.py:2693} INFO - Sync 1 DAGs
[2023-11-21T08:06:19.281+0000] {logging_mixin.py:137} INFO - [2023-11-21T08:06:19.281+0000] {dag.py:3444} INFO - Setting next_dagrun for example_params_ui_tutorial to None, run_after=None
[2023-11-21T08:06:19.292+0000] {processor.py:175} INFO - Processing /home/airflow/.local/lib/python3.7/site-packages/airflow/example_dags/example_params_ui_tutorial.py took 0.095 seconds
[2023-11-21T08:06:50.309+0000] {processor.py:153} INFO - Started process (PID=150) to work on /home/airflow/.local/lib/python3.7/site-packages/airflow/example_dags/example_params_ui_tutorial.py
[2023-11-21T08:06:50.311+0000] {processor.py:743} INFO - Processing file /home/airflow/.local/lib/python3.7/site-packages/airflow/example_dags/example_params_ui_tutorial.py for tasks to queue
[2023-11-21T08:06:50.312+0000] {logging_mixin.py:137} INFO - [2023-11-21T08:06:50.312+0000] {dagbag.py:532} INFO - Filling up the DagBag from /home/airflow/.local/lib/python3.7/site-packages/airflow/example_dags/example_params_ui_tutorial.py
[2023-11-21T08:06:50.360+0000] {processor.py:753} INFO - DAG(s) dict_keys(['example_params_ui_tutorial']) retrieved from /home/airflow/.local/lib/python3.7/site-packages/airflow/example_dags/example_params_ui_tutorial.py
[2023-11-21T08:06:50.394+0000] {logging_mixin.py:137} INFO - [2023-11-21T08:06:50.394+0000] {dag.py:2693} INFO - Sync 1 DAGs
[2023-11-21T08:06:50.409+0000] {logging_mixin.py:137} INFO - [2023-11-21T08:06:50.409+0000] {dag.py:3444} INFO - Setting next_dagrun for example_params_ui_tutorial to None, run_after=None
[2023-11-21T08:06:50.420+0000] {processor.py:175} INFO - Processing /home/airflow/.local/lib/python3.7/site-packages/airflow/example_dags/example_params_ui_tutorial.py took 0.116 seconds
[2023-11-21T08:07:21.094+0000] {processor.py:153} INFO - Started process (PID=199) to work on /home/airflow/.local/lib/python3.7/site-packages/airflow/example_dags/example_params_ui_tutorial.py
[2023-11-21T08:07:21.095+0000] {processor.py:743} INFO - Processing file /home/airflow/.local/lib/python3.7/site-packages/airflow/example_dags/example_params_ui_tutorial.py for tasks to queue
[2023-11-21T08:07:21.096+0000] {logging_mixin.py:137} INFO - [2023-11-21T08:07:21.096+0000] {dagbag.py:532} INFO - Filling up the DagBag from /home/airflow/.local/lib/python3.7/site-packages/airflow/example_dags/example_params_ui_tutorial.py
[2023-11-21T08:07:21.139+0000] {processor.py:753} INFO - DAG(s) dict_keys(['example_params_ui_tutorial']) retrieved from /home/airflow/.local/lib/python3.7/site-packages/airflow/example_dags/example_params_ui_tutorial.py
[2023-11-21T08:07:21.173+0000] {logging_mixin.py:137} INFO - [2023-11-21T08:07:21.173+0000] {dag.py:2693} INFO - Sync 1 DAGs
[2023-11-21T08:07:21.189+0000] {logging_mixin.py:137} INFO - [2023-11-21T08:07:21.188+0000] {dag.py:3444} INFO - Setting next_dagrun for example_params_ui_tutorial to None, run_after=None
[2023-11-21T08:07:21.199+0000] {processor.py:175} INFO - Processing /home/airflow/.local/lib/python3.7/site-packages/airflow/example_dags/example_params_ui_tutorial.py took 0.110 seconds
[2023-11-21T08:07:51.865+0000] {processor.py:153} INFO - Started process (PID=248) to work on /home/airflow/.local/lib/python3.7/site-packages/airflow/example_dags/example_params_ui_tutorial.py
[2023-11-21T08:07:51.866+0000] {processor.py:743} INFO - Processing file /home/airflow/.local/lib/python3.7/site-packages/airflow/example_dags/example_params_ui_tutorial.py for tasks to queue
[2023-11-21T08:07:51.866+0000] {logging_mixin.py:137} INFO - [2023-11-21T08:07:51.866+0000] {dagbag.py:532} INFO - Filling up the DagBag from /home/airflow/.local/lib/python3.7/site-packages/airflow/example_dags/example_params_ui_tutorial.py
[2023-11-21T08:07:51.914+0000] {processor.py:753} INFO - DAG(s) dict_keys(['example_params_ui_tutorial']) retrieved from /home/airflow/.local/lib/python3.7/site-packages/airflow/example_dags/example_params_ui_tutorial.py
[2023-11-21T08:07:51.949+0000] {logging_mixin.py:137} INFO - [2023-11-21T08:07:51.949+0000] {dag.py:2693} INFO - Sync 1 DAGs
[2023-11-21T08:07:51.964+0000] {logging_mixin.py:137} INFO - [2023-11-21T08:07:51.964+0000] {dag.py:3444} INFO - Setting next_dagrun for example_params_ui_tutorial to None, run_after=None
[2023-11-21T08:07:51.974+0000] {processor.py:175} INFO - Processing /home/airflow/.local/lib/python3.7/site-packages/airflow/example_dags/example_params_ui_tutorial.py took 0.113 seconds
[2023-11-21T08:08:22.702+0000] {processor.py:153} INFO - Started process (PID=297) to work on /home/airflow/.local/lib/python3.7/site-packages/airflow/example_dags/example_params_ui_tutorial.py
[2023-11-21T08:08:22.704+0000] {processor.py:743} INFO - Processing file /home/airflow/.local/lib/python3.7/site-packages/airflow/example_dags/example_params_ui_tutorial.py for tasks to queue
[2023-11-21T08:08:22.705+0000] {logging_mixin.py:137} INFO - [2023-11-21T08:08:22.705+0000] {dagbag.py:532} INFO - Filling up the DagBag from /home/airflow/.local/lib/python3.7/site-packages/airflow/example_dags/example_params_ui_tutorial.py
[2023-11-21T08:08:22.752+0000] {processor.py:753} INFO - DAG(s) dict_keys(['example_params_ui_tutorial']) retrieved from /home/airflow/.local/lib/python3.7/site-packages/airflow/example_dags/example_params_ui_tutorial.py
[2023-11-21T08:08:22.787+0000] {logging_mixin.py:137} INFO - [2023-11-21T08:08:22.787+0000] {dag.py:2693} INFO - Sync 1 DAGs
[2023-11-21T08:08:22.802+0000] {logging_mixin.py:137} INFO - [2023-11-21T08:08:22.802+0000] {dag.py:3444} INFO - Setting next_dagrun for example_params_ui_tutorial to None, run_after=None
[2023-11-21T08:08:22.813+0000] {processor.py:175} INFO - Processing /home/airflow/.local/lib/python3.7/site-packages/airflow/example_dags/example_params_ui_tutorial.py took 0.117 seconds
[2023-11-21T08:08:53.486+0000] {processor.py:153} INFO - Started process (PID=346) to work on /home/airflow/.local/lib/python3.7/site-packages/airflow/example_dags/example_params_ui_tutorial.py
[2023-11-21T08:08:53.487+0000] {processor.py:743} INFO - Processing file /home/airflow/.local/lib/python3.7/site-packages/airflow/example_dags/example_params_ui_tutorial.py for tasks to queue
[2023-11-21T08:08:53.488+0000] {logging_mixin.py:137} INFO - [2023-11-21T08:08:53.488+0000] {dagbag.py:532} INFO - Filling up the DagBag from /home/airflow/.local/lib/python3.7/site-packages/airflow/example_dags/example_params_ui_tutorial.py
[2023-11-21T08:08:53.534+0000] {processor.py:753} INFO - DAG(s) dict_keys(['example_params_ui_tutorial']) retrieved from /home/airflow/.local/lib/python3.7/site-packages/airflow/example_dags/example_params_ui_tutorial.py
[2023-11-21T08:08:53.568+0000] {logging_mixin.py:137} INFO - [2023-11-21T08:08:53.568+0000] {dag.py:2693} INFO - Sync 1 DAGs
[2023-11-21T08:08:53.584+0000] {logging_mixin.py:137} INFO - [2023-11-21T08:08:53.584+0000] {dag.py:3444} INFO - Setting next_dagrun for example_params_ui_tutorial to None, run_after=None
[2023-11-21T08:08:53.594+0000] {processor.py:175} INFO - Processing /home/airflow/.local/lib/python3.7/site-packages/airflow/example_dags/example_params_ui_tutorial.py took 0.113 seconds
[2023-11-21T08:09:24.228+0000] {processor.py:153} INFO - Started process (PID=395) to work on /home/airflow/.local/lib/python3.7/site-packages/airflow/example_dags/example_params_ui_tutorial.py
[2023-11-21T08:09:24.229+0000] {processor.py:743} INFO - Processing file /home/airflow/.local/lib/python3.7/site-packages/airflow/example_dags/example_params_ui_tutorial.py for tasks to queue
[2023-11-21T08:09:24.230+0000] {logging_mixin.py:137} INFO - [2023-11-21T08:09:24.230+0000] {dagbag.py:532} INFO - Filling up the DagBag from /home/airflow/.local/lib/python3.7/site-packages/airflow/example_dags/example_params_ui_tutorial.py
[2023-11-21T08:09:24.275+0000] {processor.py:753} INFO - DAG(s) dict_keys(['example_params_ui_tutorial']) retrieved from /home/airflow/.local/lib/python3.7/site-packages/airflow/example_dags/example_params_ui_tutorial.py
[2023-11-21T08:09:24.310+0000] {logging_mixin.py:137} INFO - [2023-11-21T08:09:24.310+0000] {dag.py:2693} INFO - Sync 1 DAGs
[2023-11-21T08:09:24.325+0000] {logging_mixin.py:137} INFO - [2023-11-21T08:09:24.325+0000] {dag.py:3444} INFO - Setting next_dagrun for example_params_ui_tutorial to None, run_after=None
[2023-11-21T08:09:24.336+0000] {processor.py:175} INFO - Processing /home/airflow/.local/lib/python3.7/site-packages/airflow/example_dags/example_params_ui_tutorial.py took 0.115 seconds
[2023-11-21T08:09:55.014+0000] {processor.py:153} INFO - Started process (PID=444) to work on /home/airflow/.local/lib/python3.7/site-packages/airflow/example_dags/example_params_ui_tutorial.py
[2023-11-21T08:09:55.015+0000] {processor.py:743} INFO - Processing file /home/airflow/.local/lib/python3.7/site-packages/airflow/example_dags/example_params_ui_tutorial.py for tasks to queue
[2023-11-21T08:09:55.016+0000] {logging_mixin.py:137} INFO - [2023-11-21T08:09:55.016+0000] {dagbag.py:532} INFO - Filling up the DagBag from /home/airflow/.local/lib/python3.7/site-packages/airflow/example_dags/example_params_ui_tutorial.py
[2023-11-21T08:09:55.061+0000] {processor.py:753} INFO - DAG(s) dict_keys(['example_params_ui_tutorial']) retrieved from /home/airflow/.local/lib/python3.7/site-packages/airflow/example_dags/example_params_ui_tutorial.py
[2023-11-21T08:09:55.097+0000] {logging_mixin.py:137} INFO - [2023-11-21T08:09:55.097+0000] {dag.py:2693} INFO - Sync 1 DAGs
[2023-11-21T08:09:55.113+0000] {logging_mixin.py:137} INFO - [2023-11-21T08:09:55.113+0000] {dag.py:3444} INFO - Setting next_dagrun for example_params_ui_tutorial to None, run_after=None
[2023-11-21T08:09:55.123+0000] {processor.py:175} INFO - Processing /home/airflow/.local/lib/python3.7/site-packages/airflow/example_dags/example_params_ui_tutorial.py took 0.115 seconds
[2023-11-21T08:10:25.858+0000] {processor.py:153} INFO - Started process (PID=493) to work on /home/airflow/.local/lib/python3.7/site-packages/airflow/example_dags/example_params_ui_tutorial.py
[2023-11-21T08:10:25.859+0000] {processor.py:743} INFO - Processing file /home/airflow/.local/lib/python3.7/site-packages/airflow/example_dags/example_params_ui_tutorial.py for tasks to queue
[2023-11-21T08:10:25.860+0000] {logging_mixin.py:137} INFO - [2023-11-21T08:10:25.860+0000] {dagbag.py:532} INFO - Filling up the DagBag from /home/airflow/.local/lib/python3.7/site-packages/airflow/example_dags/example_params_ui_tutorial.py
[2023-11-21T08:10:25.907+0000] {processor.py:753} INFO - DAG(s) dict_keys(['example_params_ui_tutorial']) retrieved from /home/airflow/.local/lib/python3.7/site-packages/airflow/example_dags/example_params_ui_tutorial.py
[2023-11-21T08:10:25.944+0000] {logging_mixin.py:137} INFO - [2023-11-21T08:10:25.944+0000] {dag.py:2693} INFO - Sync 1 DAGs
[2023-11-21T08:10:25.961+0000] {logging_mixin.py:137} INFO - [2023-11-21T08:10:25.961+0000] {dag.py:3444} INFO - Setting next_dagrun for example_params_ui_tutorial to None, run_after=None
[2023-11-21T08:10:25.976+0000] {processor.py:175} INFO - Processing /home/airflow/.local/lib/python3.7/site-packages/airflow/example_dags/example_params_ui_tutorial.py took 0.123 seconds
[2023-11-21T08:10:56.042+0000] {processor.py:153} INFO - Started process (PID=543) to work on /home/airflow/.local/lib/python3.7/site-packages/airflow/example_dags/example_params_ui_tutorial.py
[2023-11-21T08:10:56.043+0000] {processor.py:743} INFO - Processing file /home/airflow/.local/lib/python3.7/site-packages/airflow/example_dags/example_params_ui_tutorial.py for tasks to queue
[2023-11-21T08:10:56.043+0000] {logging_mixin.py:137} INFO - [2023-11-21T08:10:56.043+0000] {dagbag.py:532} INFO - Filling up the DagBag from /home/airflow/.local/lib/python3.7/site-packages/airflow/example_dags/example_params_ui_tutorial.py
[2023-11-21T08:10:56.077+0000] {processor.py:753} INFO - DAG(s) dict_keys(['example_params_ui_tutorial']) retrieved from /home/airflow/.local/lib/python3.7/site-packages/airflow/example_dags/example_params_ui_tutorial.py
[2023-11-21T08:10:56.112+0000] {logging_mixin.py:137} INFO - [2023-11-21T08:10:56.111+0000] {dag.py:2693} INFO - Sync 1 DAGs
[2023-11-21T08:10:56.129+0000] {logging_mixin.py:137} INFO - [2023-11-21T08:10:56.129+0000] {dag.py:3444} INFO - Setting next_dagrun for example_params_ui_tutorial to None, run_after=None
[2023-11-21T08:10:56.142+0000] {processor.py:175} INFO - Processing /home/airflow/.local/lib/python3.7/site-packages/airflow/example_dags/example_params_ui_tutorial.py took 0.103 seconds
[2023-11-21T08:11:26.213+0000] {processor.py:153} INFO - Started process (PID=592) to work on /home/airflow/.local/lib/python3.7/site-packages/airflow/example_dags/example_params_ui_tutorial.py
[2023-11-21T08:11:26.213+0000] {processor.py:743} INFO - Processing file /home/airflow/.local/lib/python3.7/site-packages/airflow/example_dags/example_params_ui_tutorial.py for tasks to queue
[2023-11-21T08:11:26.214+0000] {logging_mixin.py:137} INFO - [2023-11-21T08:11:26.214+0000] {dagbag.py:532} INFO - Filling up the DagBag from /home/airflow/.local/lib/python3.7/site-packages/airflow/example_dags/example_params_ui_tutorial.py
[2023-11-21T08:11:26.249+0000] {processor.py:753} INFO - DAG(s) dict_keys(['example_params_ui_tutorial']) retrieved from /home/airflow/.local/lib/python3.7/site-packages/airflow/example_dags/example_params_ui_tutorial.py
[2023-11-21T08:11:26.285+0000] {logging_mixin.py:137} INFO - [2023-11-21T08:11:26.285+0000] {dag.py:2693} INFO - Sync 1 DAGs
[2023-11-21T08:11:26.299+0000] {logging_mixin.py:137} INFO - [2023-11-21T08:11:26.299+0000] {dag.py:3444} INFO - Setting next_dagrun for example_params_ui_tutorial to None, run_after=None
[2023-11-21T08:11:26.309+0000] {processor.py:175} INFO - Processing /home/airflow/.local/lib/python3.7/site-packages/airflow/example_dags/example_params_ui_tutorial.py took 0.099 seconds
[2023-11-21T08:11:56.339+0000] {processor.py:153} INFO - Started process (PID=641) to work on /home/airflow/.local/lib/python3.7/site-packages/airflow/example_dags/example_params_ui_tutorial.py
[2023-11-21T08:11:56.340+0000] {processor.py:743} INFO - Processing file /home/airflow/.local/lib/python3.7/site-packages/airflow/example_dags/example_params_ui_tutorial.py for tasks to queue
[2023-11-21T08:11:56.340+0000] {logging_mixin.py:137} INFO - [2023-11-21T08:11:56.340+0000] {dagbag.py:532} INFO - Filling up the DagBag from /home/airflow/.local/lib/python3.7/site-packages/airflow/example_dags/example_params_ui_tutorial.py
[2023-11-21T08:11:56.373+0000] {processor.py:753} INFO - DAG(s) dict_keys(['example_params_ui_tutorial']) retrieved from /home/airflow/.local/lib/python3.7/site-packages/airflow/example_dags/example_params_ui_tutorial.py
[2023-11-21T08:11:56.407+0000] {logging_mixin.py:137} INFO - [2023-11-21T08:11:56.406+0000] {dag.py:2693} INFO - Sync 1 DAGs
[2023-11-21T08:11:56.421+0000] {logging_mixin.py:137} INFO - [2023-11-21T08:11:56.421+0000] {dag.py:3444} INFO - Setting next_dagrun for example_params_ui_tutorial to None, run_after=None
[2023-11-21T08:11:56.432+0000] {processor.py:175} INFO - Processing /home/airflow/.local/lib/python3.7/site-packages/airflow/example_dags/example_params_ui_tutorial.py took 0.095 seconds
[2023-11-21T08:12:26.501+0000] {processor.py:153} INFO - Started process (PID=690) to work on /home/airflow/.local/lib/python3.7/site-packages/airflow/example_dags/example_params_ui_tutorial.py
[2023-11-21T08:12:26.502+0000] {processor.py:743} INFO - Processing file /home/airflow/.local/lib/python3.7/site-packages/airflow/example_dags/example_params_ui_tutorial.py for tasks to queue
[2023-11-21T08:12:26.502+0000] {logging_mixin.py:137} INFO - [2023-11-21T08:12:26.502+0000] {dagbag.py:532} INFO - Filling up the DagBag from /home/airflow/.local/lib/python3.7/site-packages/airflow/example_dags/example_params_ui_tutorial.py
[2023-11-21T08:12:26.533+0000] {processor.py:753} INFO - DAG(s) dict_keys(['example_params_ui_tutorial']) retrieved from /home/airflow/.local/lib/python3.7/site-packages/airflow/example_dags/example_params_ui_tutorial.py
[2023-11-21T08:12:26.566+0000] {logging_mixin.py:137} INFO - [2023-11-21T08:12:26.566+0000] {dag.py:2693} INFO - Sync 1 DAGs
[2023-11-21T08:12:26.580+0000] {logging_mixin.py:137} INFO - [2023-11-21T08:12:26.580+0000] {dag.py:3444} INFO - Setting next_dagrun for example_params_ui_tutorial to None, run_after=None
[2023-11-21T08:12:26.590+0000] {processor.py:175} INFO - Processing /home/airflow/.local/lib/python3.7/site-packages/airflow/example_dags/example_params_ui_tutorial.py took 0.092 seconds
[2023-11-21T08:19:18.867+0000] {processor.py:153} INFO - Started process (PID=52) to work on /home/airflow/.local/lib/python3.7/site-packages/airflow/example_dags/example_params_ui_tutorial.py
[2023-11-21T08:19:18.878+0000] {processor.py:743} INFO - Processing file /home/airflow/.local/lib/python3.7/site-packages/airflow/example_dags/example_params_ui_tutorial.py for tasks to queue
[2023-11-21T08:19:18.881+0000] {logging_mixin.py:137} INFO - [2023-11-21T08:19:18.880+0000] {dagbag.py:532} INFO - Filling up the DagBag from /home/airflow/.local/lib/python3.7/site-packages/airflow/example_dags/example_params_ui_tutorial.py
[2023-11-21T08:19:18.972+0000] {processor.py:753} INFO - DAG(s) dict_keys(['example_params_ui_tutorial']) retrieved from /home/airflow/.local/lib/python3.7/site-packages/airflow/example_dags/example_params_ui_tutorial.py
[2023-11-21T08:19:19.265+0000] {logging_mixin.py:137} INFO - [2023-11-21T08:19:19.265+0000] {manager.py:504} INFO - Created Permission View: can edit on DAG:example_params_ui_tutorial
[2023-11-21T08:19:19.281+0000] {logging_mixin.py:137} INFO - [2023-11-21T08:19:19.281+0000] {manager.py:504} INFO - Created Permission View: can read on DAG:example_params_ui_tutorial
[2023-11-21T08:19:19.290+0000] {logging_mixin.py:137} INFO - [2023-11-21T08:19:19.290+0000] {manager.py:504} INFO - Created Permission View: can delete on DAG:example_params_ui_tutorial
[2023-11-21T08:19:19.291+0000] {logging_mixin.py:137} INFO - [2023-11-21T08:19:19.291+0000] {dag.py:2693} INFO - Sync 1 DAGs
[2023-11-21T08:19:19.304+0000] {logging_mixin.py:137} INFO - [2023-11-21T08:19:19.304+0000] {dag.py:2714} INFO - Creating ORM DAG for example_params_ui_tutorial
[2023-11-21T08:19:19.317+0000] {logging_mixin.py:137} INFO - [2023-11-21T08:19:19.316+0000] {dag.py:3444} INFO - Setting next_dagrun for example_params_ui_tutorial to None, run_after=None
[2023-11-21T08:19:19.343+0000] {processor.py:175} INFO - Processing /home/airflow/.local/lib/python3.7/site-packages/airflow/example_dags/example_params_ui_tutorial.py took 0.485 seconds
[2023-11-21T08:19:49.932+0000] {processor.py:153} INFO - Started process (PID=101) to work on /home/airflow/.local/lib/python3.7/site-packages/airflow/example_dags/example_params_ui_tutorial.py
[2023-11-21T08:19:49.935+0000] {processor.py:743} INFO - Processing file /home/airflow/.local/lib/python3.7/site-packages/airflow/example_dags/example_params_ui_tutorial.py for tasks to queue
[2023-11-21T08:19:49.936+0000] {logging_mixin.py:137} INFO - [2023-11-21T08:19:49.936+0000] {dagbag.py:532} INFO - Filling up the DagBag from /home/airflow/.local/lib/python3.7/site-packages/airflow/example_dags/example_params_ui_tutorial.py
[2023-11-21T08:19:50.146+0000] {processor.py:753} INFO - DAG(s) dict_keys(['example_params_ui_tutorial']) retrieved from /home/airflow/.local/lib/python3.7/site-packages/airflow/example_dags/example_params_ui_tutorial.py
[2023-11-21T08:19:50.256+0000] {logging_mixin.py:137} INFO - [2023-11-21T08:19:50.256+0000] {dag.py:2693} INFO - Sync 1 DAGs
[2023-11-21T08:19:50.290+0000] {logging_mixin.py:137} INFO - [2023-11-21T08:19:50.290+0000] {dag.py:3444} INFO - Setting next_dagrun for example_params_ui_tutorial to None, run_after=None
[2023-11-21T08:19:50.307+0000] {processor.py:175} INFO - Processing /home/airflow/.local/lib/python3.7/site-packages/airflow/example_dags/example_params_ui_tutorial.py took 0.392 seconds
[2023-11-21T08:20:20.990+0000] {processor.py:153} INFO - Started process (PID=150) to work on /home/airflow/.local/lib/python3.7/site-packages/airflow/example_dags/example_params_ui_tutorial.py
[2023-11-21T08:20:20.992+0000] {processor.py:743} INFO - Processing file /home/airflow/.local/lib/python3.7/site-packages/airflow/example_dags/example_params_ui_tutorial.py for tasks to queue
[2023-11-21T08:20:20.993+0000] {logging_mixin.py:137} INFO - [2023-11-21T08:20:20.993+0000] {dagbag.py:532} INFO - Filling up the DagBag from /home/airflow/.local/lib/python3.7/site-packages/airflow/example_dags/example_params_ui_tutorial.py
[2023-11-21T08:20:21.069+0000] {processor.py:753} INFO - DAG(s) dict_keys(['example_params_ui_tutorial']) retrieved from /home/airflow/.local/lib/python3.7/site-packages/airflow/example_dags/example_params_ui_tutorial.py
[2023-11-21T08:20:21.112+0000] {logging_mixin.py:137} INFO - [2023-11-21T08:20:21.112+0000] {dag.py:2693} INFO - Sync 1 DAGs
[2023-11-21T08:20:21.128+0000] {logging_mixin.py:137} INFO - [2023-11-21T08:20:21.127+0000] {dag.py:3444} INFO - Setting next_dagrun for example_params_ui_tutorial to None, run_after=None
[2023-11-21T08:20:21.143+0000] {processor.py:175} INFO - Processing /home/airflow/.local/lib/python3.7/site-packages/airflow/example_dags/example_params_ui_tutorial.py took 0.164 seconds
[2023-11-21T08:20:51.227+0000] {processor.py:153} INFO - Started process (PID=200) to work on /home/airflow/.local/lib/python3.7/site-packages/airflow/example_dags/example_params_ui_tutorial.py
[2023-11-21T08:20:51.229+0000] {processor.py:743} INFO - Processing file /home/airflow/.local/lib/python3.7/site-packages/airflow/example_dags/example_params_ui_tutorial.py for tasks to queue
[2023-11-21T08:20:51.230+0000] {logging_mixin.py:137} INFO - [2023-11-21T08:20:51.229+0000] {dagbag.py:532} INFO - Filling up the DagBag from /home/airflow/.local/lib/python3.7/site-packages/airflow/example_dags/example_params_ui_tutorial.py
[2023-11-21T08:20:51.283+0000] {processor.py:753} INFO - DAG(s) dict_keys(['example_params_ui_tutorial']) retrieved from /home/airflow/.local/lib/python3.7/site-packages/airflow/example_dags/example_params_ui_tutorial.py
[2023-11-21T08:20:51.338+0000] {logging_mixin.py:137} INFO - [2023-11-21T08:20:51.338+0000] {dag.py:2693} INFO - Sync 1 DAGs
[2023-11-21T08:20:51.376+0000] {logging_mixin.py:137} INFO - [2023-11-21T08:20:51.375+0000] {dag.py:3444} INFO - Setting next_dagrun for example_params_ui_tutorial to None, run_after=None
[2023-11-21T08:20:51.395+0000] {processor.py:175} INFO - Processing /home/airflow/.local/lib/python3.7/site-packages/airflow/example_dags/example_params_ui_tutorial.py took 0.174 seconds
