[2023-11-21T08:05:49.040+0000] {processor.py:153} INFO - Started process (PID=62) to work on /home/airflow/.local/lib/python3.7/site-packages/airflow/example_dags/example_complex.py
[2023-11-21T08:05:49.042+0000] {processor.py:743} INFO - Processing file /home/airflow/.local/lib/python3.7/site-packages/airflow/example_dags/example_complex.py for tasks to queue
[2023-11-21T08:05:49.044+0000] {logging_mixin.py:137} INFO - [2023-11-21T08:05:49.044+0000] {dagbag.py:532} INFO - Filling up the DagBag from /home/airflow/.local/lib/python3.7/site-packages/airflow/example_dags/example_complex.py
[2023-11-21T08:05:49.070+0000] {logging_mixin.py:137} INFO - [2023-11-21T08:05:49.070+0000] {taskmixin.py:211} WARNING - Dependency <Task(BashOperator): create_entry_group>, delete_entry_group already registered for DAG: example_complex
[2023-11-21T08:05:49.070+0000] {logging_mixin.py:137} INFO - [2023-11-21T08:05:49.070+0000] {taskmixin.py:211} WARNING - Dependency <Task(BashOperator): delete_entry_group>, create_entry_group already registered for DAG: example_complex
[2023-11-21T08:05:49.071+0000] {logging_mixin.py:137} INFO - [2023-11-21T08:05:49.071+0000] {taskmixin.py:211} WARNING - Dependency <Task(BashOperator): create_entry_gcs>, delete_entry already registered for DAG: example_complex
[2023-11-21T08:05:49.071+0000] {logging_mixin.py:137} INFO - [2023-11-21T08:05:49.071+0000] {taskmixin.py:211} WARNING - Dependency <Task(BashOperator): delete_entry>, create_entry_gcs already registered for DAG: example_complex
[2023-11-21T08:05:49.071+0000] {logging_mixin.py:137} INFO - [2023-11-21T08:05:49.071+0000] {taskmixin.py:211} WARNING - Dependency <Task(BashOperator): create_tag>, delete_tag already registered for DAG: example_complex
[2023-11-21T08:05:49.071+0000] {logging_mixin.py:137} INFO - [2023-11-21T08:05:49.071+0000] {taskmixin.py:211} WARNING - Dependency <Task(BashOperator): delete_tag>, create_tag already registered for DAG: example_complex
[2023-11-21T08:05:49.081+0000] {processor.py:753} INFO - DAG(s) dict_keys(['example_complex']) retrieved from /home/airflow/.local/lib/python3.7/site-packages/airflow/example_dags/example_complex.py
[2023-11-21T08:05:49.103+0000] {logging_mixin.py:137} INFO - [2023-11-21T08:05:49.103+0000] {dag.py:2693} INFO - Sync 1 DAGs
[2023-11-21T08:05:49.138+0000] {logging_mixin.py:137} INFO - [2023-11-21T08:05:49.138+0000] {dag.py:3444} INFO - Setting next_dagrun for example_complex to None, run_after=None
[2023-11-21T08:05:49.173+0000] {processor.py:175} INFO - Processing /home/airflow/.local/lib/python3.7/site-packages/airflow/example_dags/example_complex.py took 0.137 seconds
[2023-11-21T08:06:19.639+0000] {processor.py:153} INFO - Started process (PID=111) to work on /home/airflow/.local/lib/python3.7/site-packages/airflow/example_dags/example_complex.py
[2023-11-21T08:06:19.640+0000] {processor.py:743} INFO - Processing file /home/airflow/.local/lib/python3.7/site-packages/airflow/example_dags/example_complex.py for tasks to queue
[2023-11-21T08:06:19.640+0000] {logging_mixin.py:137} INFO - [2023-11-21T08:06:19.640+0000] {dagbag.py:532} INFO - Filling up the DagBag from /home/airflow/.local/lib/python3.7/site-packages/airflow/example_dags/example_complex.py
[2023-11-21T08:06:19.648+0000] {logging_mixin.py:137} INFO - [2023-11-21T08:06:19.648+0000] {taskmixin.py:211} WARNING - Dependency <Task(BashOperator): create_entry_group>, delete_entry_group already registered for DAG: example_complex
[2023-11-21T08:06:19.648+0000] {logging_mixin.py:137} INFO - [2023-11-21T08:06:19.648+0000] {taskmixin.py:211} WARNING - Dependency <Task(BashOperator): delete_entry_group>, create_entry_group already registered for DAG: example_complex
[2023-11-21T08:06:19.649+0000] {logging_mixin.py:137} INFO - [2023-11-21T08:06:19.648+0000] {taskmixin.py:211} WARNING - Dependency <Task(BashOperator): create_entry_gcs>, delete_entry already registered for DAG: example_complex
[2023-11-21T08:06:19.649+0000] {logging_mixin.py:137} INFO - [2023-11-21T08:06:19.649+0000] {taskmixin.py:211} WARNING - Dependency <Task(BashOperator): delete_entry>, create_entry_gcs already registered for DAG: example_complex
[2023-11-21T08:06:19.649+0000] {logging_mixin.py:137} INFO - [2023-11-21T08:06:19.649+0000] {taskmixin.py:211} WARNING - Dependency <Task(BashOperator): create_tag>, delete_tag already registered for DAG: example_complex
[2023-11-21T08:06:19.649+0000] {logging_mixin.py:137} INFO - [2023-11-21T08:06:19.649+0000] {taskmixin.py:211} WARNING - Dependency <Task(BashOperator): delete_tag>, create_tag already registered for DAG: example_complex
[2023-11-21T08:06:19.654+0000] {processor.py:753} INFO - DAG(s) dict_keys(['example_complex']) retrieved from /home/airflow/.local/lib/python3.7/site-packages/airflow/example_dags/example_complex.py
[2023-11-21T08:06:19.676+0000] {logging_mixin.py:137} INFO - [2023-11-21T08:06:19.676+0000] {dag.py:2693} INFO - Sync 1 DAGs
[2023-11-21T08:06:19.693+0000] {logging_mixin.py:137} INFO - [2023-11-21T08:06:19.693+0000] {dag.py:3444} INFO - Setting next_dagrun for example_complex to None, run_after=None
[2023-11-21T08:06:19.705+0000] {processor.py:175} INFO - Processing /home/airflow/.local/lib/python3.7/site-packages/airflow/example_dags/example_complex.py took 0.068 seconds
[2023-11-21T08:06:50.684+0000] {processor.py:153} INFO - Started process (PID=160) to work on /home/airflow/.local/lib/python3.7/site-packages/airflow/example_dags/example_complex.py
[2023-11-21T08:06:50.684+0000] {processor.py:743} INFO - Processing file /home/airflow/.local/lib/python3.7/site-packages/airflow/example_dags/example_complex.py for tasks to queue
[2023-11-21T08:06:50.685+0000] {logging_mixin.py:137} INFO - [2023-11-21T08:06:50.685+0000] {dagbag.py:532} INFO - Filling up the DagBag from /home/airflow/.local/lib/python3.7/site-packages/airflow/example_dags/example_complex.py
[2023-11-21T08:06:50.692+0000] {logging_mixin.py:137} INFO - [2023-11-21T08:06:50.692+0000] {taskmixin.py:211} WARNING - Dependency <Task(BashOperator): create_entry_group>, delete_entry_group already registered for DAG: example_complex
[2023-11-21T08:06:50.692+0000] {logging_mixin.py:137} INFO - [2023-11-21T08:06:50.692+0000] {taskmixin.py:211} WARNING - Dependency <Task(BashOperator): delete_entry_group>, create_entry_group already registered for DAG: example_complex
[2023-11-21T08:06:50.693+0000] {logging_mixin.py:137} INFO - [2023-11-21T08:06:50.693+0000] {taskmixin.py:211} WARNING - Dependency <Task(BashOperator): create_entry_gcs>, delete_entry already registered for DAG: example_complex
[2023-11-21T08:06:50.693+0000] {logging_mixin.py:137} INFO - [2023-11-21T08:06:50.693+0000] {taskmixin.py:211} WARNING - Dependency <Task(BashOperator): delete_entry>, create_entry_gcs already registered for DAG: example_complex
[2023-11-21T08:06:50.693+0000] {logging_mixin.py:137} INFO - [2023-11-21T08:06:50.693+0000] {taskmixin.py:211} WARNING - Dependency <Task(BashOperator): create_tag>, delete_tag already registered for DAG: example_complex
[2023-11-21T08:06:50.693+0000] {logging_mixin.py:137} INFO - [2023-11-21T08:06:50.693+0000] {taskmixin.py:211} WARNING - Dependency <Task(BashOperator): delete_tag>, create_tag already registered for DAG: example_complex
[2023-11-21T08:06:50.698+0000] {processor.py:753} INFO - DAG(s) dict_keys(['example_complex']) retrieved from /home/airflow/.local/lib/python3.7/site-packages/airflow/example_dags/example_complex.py
[2023-11-21T08:06:50.719+0000] {logging_mixin.py:137} INFO - [2023-11-21T08:06:50.719+0000] {dag.py:2693} INFO - Sync 1 DAGs
[2023-11-21T08:06:50.734+0000] {logging_mixin.py:137} INFO - [2023-11-21T08:06:50.734+0000] {dag.py:3444} INFO - Setting next_dagrun for example_complex to None, run_after=None
[2023-11-21T08:06:50.744+0000] {processor.py:175} INFO - Processing /home/airflow/.local/lib/python3.7/site-packages/airflow/example_dags/example_complex.py took 0.063 seconds
[2023-11-21T08:07:21.454+0000] {processor.py:153} INFO - Started process (PID=209) to work on /home/airflow/.local/lib/python3.7/site-packages/airflow/example_dags/example_complex.py
[2023-11-21T08:07:21.454+0000] {processor.py:743} INFO - Processing file /home/airflow/.local/lib/python3.7/site-packages/airflow/example_dags/example_complex.py for tasks to queue
[2023-11-21T08:07:21.455+0000] {logging_mixin.py:137} INFO - [2023-11-21T08:07:21.455+0000] {dagbag.py:532} INFO - Filling up the DagBag from /home/airflow/.local/lib/python3.7/site-packages/airflow/example_dags/example_complex.py
[2023-11-21T08:07:21.462+0000] {logging_mixin.py:137} INFO - [2023-11-21T08:07:21.462+0000] {taskmixin.py:211} WARNING - Dependency <Task(BashOperator): create_entry_group>, delete_entry_group already registered for DAG: example_complex
[2023-11-21T08:07:21.462+0000] {logging_mixin.py:137} INFO - [2023-11-21T08:07:21.462+0000] {taskmixin.py:211} WARNING - Dependency <Task(BashOperator): delete_entry_group>, create_entry_group already registered for DAG: example_complex
[2023-11-21T08:07:21.462+0000] {logging_mixin.py:137} INFO - [2023-11-21T08:07:21.462+0000] {taskmixin.py:211} WARNING - Dependency <Task(BashOperator): create_entry_gcs>, delete_entry already registered for DAG: example_complex
[2023-11-21T08:07:21.463+0000] {logging_mixin.py:137} INFO - [2023-11-21T08:07:21.463+0000] {taskmixin.py:211} WARNING - Dependency <Task(BashOperator): delete_entry>, create_entry_gcs already registered for DAG: example_complex
[2023-11-21T08:07:21.463+0000] {logging_mixin.py:137} INFO - [2023-11-21T08:07:21.463+0000] {taskmixin.py:211} WARNING - Dependency <Task(BashOperator): create_tag>, delete_tag already registered for DAG: example_complex
[2023-11-21T08:07:21.463+0000] {logging_mixin.py:137} INFO - [2023-11-21T08:07:21.463+0000] {taskmixin.py:211} WARNING - Dependency <Task(BashOperator): delete_tag>, create_tag already registered for DAG: example_complex
[2023-11-21T08:07:21.467+0000] {processor.py:753} INFO - DAG(s) dict_keys(['example_complex']) retrieved from /home/airflow/.local/lib/python3.7/site-packages/airflow/example_dags/example_complex.py
[2023-11-21T08:07:21.488+0000] {logging_mixin.py:137} INFO - [2023-11-21T08:07:21.488+0000] {dag.py:2693} INFO - Sync 1 DAGs
[2023-11-21T08:07:21.503+0000] {logging_mixin.py:137} INFO - [2023-11-21T08:07:21.503+0000] {dag.py:3444} INFO - Setting next_dagrun for example_complex to None, run_after=None
[2023-11-21T08:07:21.514+0000] {processor.py:175} INFO - Processing /home/airflow/.local/lib/python3.7/site-packages/airflow/example_dags/example_complex.py took 0.062 seconds
[2023-11-21T08:07:52.247+0000] {processor.py:153} INFO - Started process (PID=258) to work on /home/airflow/.local/lib/python3.7/site-packages/airflow/example_dags/example_complex.py
[2023-11-21T08:07:52.247+0000] {processor.py:743} INFO - Processing file /home/airflow/.local/lib/python3.7/site-packages/airflow/example_dags/example_complex.py for tasks to queue
[2023-11-21T08:07:52.248+0000] {logging_mixin.py:137} INFO - [2023-11-21T08:07:52.248+0000] {dagbag.py:532} INFO - Filling up the DagBag from /home/airflow/.local/lib/python3.7/site-packages/airflow/example_dags/example_complex.py
[2023-11-21T08:07:52.255+0000] {logging_mixin.py:137} INFO - [2023-11-21T08:07:52.255+0000] {taskmixin.py:211} WARNING - Dependency <Task(BashOperator): create_entry_group>, delete_entry_group already registered for DAG: example_complex
[2023-11-21T08:07:52.256+0000] {logging_mixin.py:137} INFO - [2023-11-21T08:07:52.256+0000] {taskmixin.py:211} WARNING - Dependency <Task(BashOperator): delete_entry_group>, create_entry_group already registered for DAG: example_complex
[2023-11-21T08:07:52.256+0000] {logging_mixin.py:137} INFO - [2023-11-21T08:07:52.256+0000] {taskmixin.py:211} WARNING - Dependency <Task(BashOperator): create_entry_gcs>, delete_entry already registered for DAG: example_complex
[2023-11-21T08:07:52.256+0000] {logging_mixin.py:137} INFO - [2023-11-21T08:07:52.256+0000] {taskmixin.py:211} WARNING - Dependency <Task(BashOperator): delete_entry>, create_entry_gcs already registered for DAG: example_complex
[2023-11-21T08:07:52.257+0000] {logging_mixin.py:137} INFO - [2023-11-21T08:07:52.257+0000] {taskmixin.py:211} WARNING - Dependency <Task(BashOperator): create_tag>, delete_tag already registered for DAG: example_complex
[2023-11-21T08:07:52.257+0000] {logging_mixin.py:137} INFO - [2023-11-21T08:07:52.257+0000] {taskmixin.py:211} WARNING - Dependency <Task(BashOperator): delete_tag>, create_tag already registered for DAG: example_complex
[2023-11-21T08:07:52.261+0000] {processor.py:753} INFO - DAG(s) dict_keys(['example_complex']) retrieved from /home/airflow/.local/lib/python3.7/site-packages/airflow/example_dags/example_complex.py
[2023-11-21T08:07:52.283+0000] {logging_mixin.py:137} INFO - [2023-11-21T08:07:52.283+0000] {dag.py:2693} INFO - Sync 1 DAGs
[2023-11-21T08:07:52.316+0000] {logging_mixin.py:137} INFO - [2023-11-21T08:07:52.316+0000] {dag.py:3444} INFO - Setting next_dagrun for example_complex to None, run_after=None
[2023-11-21T08:07:52.330+0000] {processor.py:175} INFO - Processing /home/airflow/.local/lib/python3.7/site-packages/airflow/example_dags/example_complex.py took 0.086 seconds
[2023-11-21T08:08:23.068+0000] {processor.py:153} INFO - Started process (PID=307) to work on /home/airflow/.local/lib/python3.7/site-packages/airflow/example_dags/example_complex.py
[2023-11-21T08:08:23.069+0000] {processor.py:743} INFO - Processing file /home/airflow/.local/lib/python3.7/site-packages/airflow/example_dags/example_complex.py for tasks to queue
[2023-11-21T08:08:23.069+0000] {logging_mixin.py:137} INFO - [2023-11-21T08:08:23.069+0000] {dagbag.py:532} INFO - Filling up the DagBag from /home/airflow/.local/lib/python3.7/site-packages/airflow/example_dags/example_complex.py
[2023-11-21T08:08:23.076+0000] {logging_mixin.py:137} INFO - [2023-11-21T08:08:23.076+0000] {taskmixin.py:211} WARNING - Dependency <Task(BashOperator): create_entry_group>, delete_entry_group already registered for DAG: example_complex
[2023-11-21T08:08:23.076+0000] {logging_mixin.py:137} INFO - [2023-11-21T08:08:23.076+0000] {taskmixin.py:211} WARNING - Dependency <Task(BashOperator): delete_entry_group>, create_entry_group already registered for DAG: example_complex
[2023-11-21T08:08:23.077+0000] {logging_mixin.py:137} INFO - [2023-11-21T08:08:23.077+0000] {taskmixin.py:211} WARNING - Dependency <Task(BashOperator): create_entry_gcs>, delete_entry already registered for DAG: example_complex
[2023-11-21T08:08:23.077+0000] {logging_mixin.py:137} INFO - [2023-11-21T08:08:23.077+0000] {taskmixin.py:211} WARNING - Dependency <Task(BashOperator): delete_entry>, create_entry_gcs already registered for DAG: example_complex
[2023-11-21T08:08:23.077+0000] {logging_mixin.py:137} INFO - [2023-11-21T08:08:23.077+0000] {taskmixin.py:211} WARNING - Dependency <Task(BashOperator): create_tag>, delete_tag already registered for DAG: example_complex
[2023-11-21T08:08:23.077+0000] {logging_mixin.py:137} INFO - [2023-11-21T08:08:23.077+0000] {taskmixin.py:211} WARNING - Dependency <Task(BashOperator): delete_tag>, create_tag already registered for DAG: example_complex
[2023-11-21T08:08:23.082+0000] {processor.py:753} INFO - DAG(s) dict_keys(['example_complex']) retrieved from /home/airflow/.local/lib/python3.7/site-packages/airflow/example_dags/example_complex.py
[2023-11-21T08:08:23.103+0000] {logging_mixin.py:137} INFO - [2023-11-21T08:08:23.103+0000] {dag.py:2693} INFO - Sync 1 DAGs
[2023-11-21T08:08:23.118+0000] {logging_mixin.py:137} INFO - [2023-11-21T08:08:23.118+0000] {dag.py:3444} INFO - Setting next_dagrun for example_complex to None, run_after=None
[2023-11-21T08:08:23.129+0000] {processor.py:175} INFO - Processing /home/airflow/.local/lib/python3.7/site-packages/airflow/example_dags/example_complex.py took 0.063 seconds
[2023-11-21T08:08:53.851+0000] {processor.py:153} INFO - Started process (PID=356) to work on /home/airflow/.local/lib/python3.7/site-packages/airflow/example_dags/example_complex.py
[2023-11-21T08:08:53.852+0000] {processor.py:743} INFO - Processing file /home/airflow/.local/lib/python3.7/site-packages/airflow/example_dags/example_complex.py for tasks to queue
[2023-11-21T08:08:53.852+0000] {logging_mixin.py:137} INFO - [2023-11-21T08:08:53.852+0000] {dagbag.py:532} INFO - Filling up the DagBag from /home/airflow/.local/lib/python3.7/site-packages/airflow/example_dags/example_complex.py
[2023-11-21T08:08:53.860+0000] {logging_mixin.py:137} INFO - [2023-11-21T08:08:53.859+0000] {taskmixin.py:211} WARNING - Dependency <Task(BashOperator): create_entry_group>, delete_entry_group already registered for DAG: example_complex
[2023-11-21T08:08:53.860+0000] {logging_mixin.py:137} INFO - [2023-11-21T08:08:53.860+0000] {taskmixin.py:211} WARNING - Dependency <Task(BashOperator): delete_entry_group>, create_entry_group already registered for DAG: example_complex
[2023-11-21T08:08:53.860+0000] {logging_mixin.py:137} INFO - [2023-11-21T08:08:53.860+0000] {taskmixin.py:211} WARNING - Dependency <Task(BashOperator): create_entry_gcs>, delete_entry already registered for DAG: example_complex
[2023-11-21T08:08:53.860+0000] {logging_mixin.py:137} INFO - [2023-11-21T08:08:53.860+0000] {taskmixin.py:211} WARNING - Dependency <Task(BashOperator): delete_entry>, create_entry_gcs already registered for DAG: example_complex
[2023-11-21T08:08:53.861+0000] {logging_mixin.py:137} INFO - [2023-11-21T08:08:53.861+0000] {taskmixin.py:211} WARNING - Dependency <Task(BashOperator): create_tag>, delete_tag already registered for DAG: example_complex
[2023-11-21T08:08:53.861+0000] {logging_mixin.py:137} INFO - [2023-11-21T08:08:53.861+0000] {taskmixin.py:211} WARNING - Dependency <Task(BashOperator): delete_tag>, create_tag already registered for DAG: example_complex
[2023-11-21T08:08:53.865+0000] {processor.py:753} INFO - DAG(s) dict_keys(['example_complex']) retrieved from /home/airflow/.local/lib/python3.7/site-packages/airflow/example_dags/example_complex.py
[2023-11-21T08:08:53.886+0000] {logging_mixin.py:137} INFO - [2023-11-21T08:08:53.886+0000] {dag.py:2693} INFO - Sync 1 DAGs
[2023-11-21T08:08:53.903+0000] {logging_mixin.py:137} INFO - [2023-11-21T08:08:53.903+0000] {dag.py:3444} INFO - Setting next_dagrun for example_complex to None, run_after=None
[2023-11-21T08:08:53.913+0000] {processor.py:175} INFO - Processing /home/airflow/.local/lib/python3.7/site-packages/airflow/example_dags/example_complex.py took 0.064 seconds
[2023-11-21T08:09:24.595+0000] {processor.py:153} INFO - Started process (PID=405) to work on /home/airflow/.local/lib/python3.7/site-packages/airflow/example_dags/example_complex.py
[2023-11-21T08:09:24.596+0000] {processor.py:743} INFO - Processing file /home/airflow/.local/lib/python3.7/site-packages/airflow/example_dags/example_complex.py for tasks to queue
[2023-11-21T08:09:24.597+0000] {logging_mixin.py:137} INFO - [2023-11-21T08:09:24.596+0000] {dagbag.py:532} INFO - Filling up the DagBag from /home/airflow/.local/lib/python3.7/site-packages/airflow/example_dags/example_complex.py
[2023-11-21T08:09:24.604+0000] {logging_mixin.py:137} INFO - [2023-11-21T08:09:24.603+0000] {taskmixin.py:211} WARNING - Dependency <Task(BashOperator): create_entry_group>, delete_entry_group already registered for DAG: example_complex
[2023-11-21T08:09:24.604+0000] {logging_mixin.py:137} INFO - [2023-11-21T08:09:24.604+0000] {taskmixin.py:211} WARNING - Dependency <Task(BashOperator): delete_entry_group>, create_entry_group already registered for DAG: example_complex
[2023-11-21T08:09:24.604+0000] {logging_mixin.py:137} INFO - [2023-11-21T08:09:24.604+0000] {taskmixin.py:211} WARNING - Dependency <Task(BashOperator): create_entry_gcs>, delete_entry already registered for DAG: example_complex
[2023-11-21T08:09:24.604+0000] {logging_mixin.py:137} INFO - [2023-11-21T08:09:24.604+0000] {taskmixin.py:211} WARNING - Dependency <Task(BashOperator): delete_entry>, create_entry_gcs already registered for DAG: example_complex
[2023-11-21T08:09:24.605+0000] {logging_mixin.py:137} INFO - [2023-11-21T08:09:24.605+0000] {taskmixin.py:211} WARNING - Dependency <Task(BashOperator): create_tag>, delete_tag already registered for DAG: example_complex
[2023-11-21T08:09:24.605+0000] {logging_mixin.py:137} INFO - [2023-11-21T08:09:24.605+0000] {taskmixin.py:211} WARNING - Dependency <Task(BashOperator): delete_tag>, create_tag already registered for DAG: example_complex
[2023-11-21T08:09:24.609+0000] {processor.py:753} INFO - DAG(s) dict_keys(['example_complex']) retrieved from /home/airflow/.local/lib/python3.7/site-packages/airflow/example_dags/example_complex.py
[2023-11-21T08:09:24.630+0000] {logging_mixin.py:137} INFO - [2023-11-21T08:09:24.630+0000] {dag.py:2693} INFO - Sync 1 DAGs
[2023-11-21T08:09:24.645+0000] {logging_mixin.py:137} INFO - [2023-11-21T08:09:24.645+0000] {dag.py:3444} INFO - Setting next_dagrun for example_complex to None, run_after=None
[2023-11-21T08:09:24.656+0000] {processor.py:175} INFO - Processing /home/airflow/.local/lib/python3.7/site-packages/airflow/example_dags/example_complex.py took 0.063 seconds
[2023-11-21T08:09:55.383+0000] {processor.py:153} INFO - Started process (PID=454) to work on /home/airflow/.local/lib/python3.7/site-packages/airflow/example_dags/example_complex.py
[2023-11-21T08:09:55.384+0000] {processor.py:743} INFO - Processing file /home/airflow/.local/lib/python3.7/site-packages/airflow/example_dags/example_complex.py for tasks to queue
[2023-11-21T08:09:55.385+0000] {logging_mixin.py:137} INFO - [2023-11-21T08:09:55.385+0000] {dagbag.py:532} INFO - Filling up the DagBag from /home/airflow/.local/lib/python3.7/site-packages/airflow/example_dags/example_complex.py
[2023-11-21T08:09:55.392+0000] {logging_mixin.py:137} INFO - [2023-11-21T08:09:55.392+0000] {taskmixin.py:211} WARNING - Dependency <Task(BashOperator): create_entry_group>, delete_entry_group already registered for DAG: example_complex
[2023-11-21T08:09:55.392+0000] {logging_mixin.py:137} INFO - [2023-11-21T08:09:55.392+0000] {taskmixin.py:211} WARNING - Dependency <Task(BashOperator): delete_entry_group>, create_entry_group already registered for DAG: example_complex
[2023-11-21T08:09:55.393+0000] {logging_mixin.py:137} INFO - [2023-11-21T08:09:55.393+0000] {taskmixin.py:211} WARNING - Dependency <Task(BashOperator): create_entry_gcs>, delete_entry already registered for DAG: example_complex
[2023-11-21T08:09:55.393+0000] {logging_mixin.py:137} INFO - [2023-11-21T08:09:55.393+0000] {taskmixin.py:211} WARNING - Dependency <Task(BashOperator): delete_entry>, create_entry_gcs already registered for DAG: example_complex
[2023-11-21T08:09:55.393+0000] {logging_mixin.py:137} INFO - [2023-11-21T08:09:55.393+0000] {taskmixin.py:211} WARNING - Dependency <Task(BashOperator): create_tag>, delete_tag already registered for DAG: example_complex
[2023-11-21T08:09:55.393+0000] {logging_mixin.py:137} INFO - [2023-11-21T08:09:55.393+0000] {taskmixin.py:211} WARNING - Dependency <Task(BashOperator): delete_tag>, create_tag already registered for DAG: example_complex
[2023-11-21T08:09:55.397+0000] {processor.py:753} INFO - DAG(s) dict_keys(['example_complex']) retrieved from /home/airflow/.local/lib/python3.7/site-packages/airflow/example_dags/example_complex.py
[2023-11-21T08:09:55.418+0000] {logging_mixin.py:137} INFO - [2023-11-21T08:09:55.418+0000] {dag.py:2693} INFO - Sync 1 DAGs
[2023-11-21T08:09:55.434+0000] {logging_mixin.py:137} INFO - [2023-11-21T08:09:55.434+0000] {dag.py:3444} INFO - Setting next_dagrun for example_complex to None, run_after=None
[2023-11-21T08:09:55.445+0000] {processor.py:175} INFO - Processing /home/airflow/.local/lib/python3.7/site-packages/airflow/example_dags/example_complex.py took 0.064 seconds
[2023-11-21T08:10:26.317+0000] {processor.py:153} INFO - Started process (PID=503) to work on /home/airflow/.local/lib/python3.7/site-packages/airflow/example_dags/example_complex.py
[2023-11-21T08:10:26.318+0000] {processor.py:743} INFO - Processing file /home/airflow/.local/lib/python3.7/site-packages/airflow/example_dags/example_complex.py for tasks to queue
[2023-11-21T08:10:26.318+0000] {logging_mixin.py:137} INFO - [2023-11-21T08:10:26.318+0000] {dagbag.py:532} INFO - Filling up the DagBag from /home/airflow/.local/lib/python3.7/site-packages/airflow/example_dags/example_complex.py
[2023-11-21T08:10:26.328+0000] {logging_mixin.py:137} INFO - [2023-11-21T08:10:26.328+0000] {taskmixin.py:211} WARNING - Dependency <Task(BashOperator): create_entry_group>, delete_entry_group already registered for DAG: example_complex
[2023-11-21T08:10:26.328+0000] {logging_mixin.py:137} INFO - [2023-11-21T08:10:26.328+0000] {taskmixin.py:211} WARNING - Dependency <Task(BashOperator): delete_entry_group>, create_entry_group already registered for DAG: example_complex
[2023-11-21T08:10:26.329+0000] {logging_mixin.py:137} INFO - [2023-11-21T08:10:26.329+0000] {taskmixin.py:211} WARNING - Dependency <Task(BashOperator): create_entry_gcs>, delete_entry already registered for DAG: example_complex
[2023-11-21T08:10:26.329+0000] {logging_mixin.py:137} INFO - [2023-11-21T08:10:26.329+0000] {taskmixin.py:211} WARNING - Dependency <Task(BashOperator): delete_entry>, create_entry_gcs already registered for DAG: example_complex
[2023-11-21T08:10:26.329+0000] {logging_mixin.py:137} INFO - [2023-11-21T08:10:26.329+0000] {taskmixin.py:211} WARNING - Dependency <Task(BashOperator): create_tag>, delete_tag already registered for DAG: example_complex
[2023-11-21T08:10:26.330+0000] {logging_mixin.py:137} INFO - [2023-11-21T08:10:26.329+0000] {taskmixin.py:211} WARNING - Dependency <Task(BashOperator): delete_tag>, create_tag already registered for DAG: example_complex
[2023-11-21T08:10:26.335+0000] {processor.py:753} INFO - DAG(s) dict_keys(['example_complex']) retrieved from /home/airflow/.local/lib/python3.7/site-packages/airflow/example_dags/example_complex.py
[2023-11-21T08:10:26.362+0000] {logging_mixin.py:137} INFO - [2023-11-21T08:10:26.362+0000] {dag.py:2693} INFO - Sync 1 DAGs
[2023-11-21T08:10:26.382+0000] {logging_mixin.py:137} INFO - [2023-11-21T08:10:26.382+0000] {dag.py:3444} INFO - Setting next_dagrun for example_complex to None, run_after=None
[2023-11-21T08:10:26.398+0000] {processor.py:175} INFO - Processing /home/airflow/.local/lib/python3.7/site-packages/airflow/example_dags/example_complex.py took 0.084 seconds
[2023-11-21T08:10:56.450+0000] {processor.py:153} INFO - Started process (PID=552) to work on /home/airflow/.local/lib/python3.7/site-packages/airflow/example_dags/example_complex.py
[2023-11-21T08:10:56.451+0000] {processor.py:743} INFO - Processing file /home/airflow/.local/lib/python3.7/site-packages/airflow/example_dags/example_complex.py for tasks to queue
[2023-11-21T08:10:56.451+0000] {logging_mixin.py:137} INFO - [2023-11-21T08:10:56.451+0000] {dagbag.py:532} INFO - Filling up the DagBag from /home/airflow/.local/lib/python3.7/site-packages/airflow/example_dags/example_complex.py
[2023-11-21T08:10:56.458+0000] {logging_mixin.py:137} INFO - [2023-11-21T08:10:56.458+0000] {taskmixin.py:211} WARNING - Dependency <Task(BashOperator): create_entry_group>, delete_entry_group already registered for DAG: example_complex
[2023-11-21T08:10:56.458+0000] {logging_mixin.py:137} INFO - [2023-11-21T08:10:56.458+0000] {taskmixin.py:211} WARNING - Dependency <Task(BashOperator): delete_entry_group>, create_entry_group already registered for DAG: example_complex
[2023-11-21T08:10:56.458+0000] {logging_mixin.py:137} INFO - [2023-11-21T08:10:56.458+0000] {taskmixin.py:211} WARNING - Dependency <Task(BashOperator): create_entry_gcs>, delete_entry already registered for DAG: example_complex
[2023-11-21T08:10:56.459+0000] {logging_mixin.py:137} INFO - [2023-11-21T08:10:56.459+0000] {taskmixin.py:211} WARNING - Dependency <Task(BashOperator): delete_entry>, create_entry_gcs already registered for DAG: example_complex
[2023-11-21T08:10:56.459+0000] {logging_mixin.py:137} INFO - [2023-11-21T08:10:56.459+0000] {taskmixin.py:211} WARNING - Dependency <Task(BashOperator): create_tag>, delete_tag already registered for DAG: example_complex
[2023-11-21T08:10:56.459+0000] {logging_mixin.py:137} INFO - [2023-11-21T08:10:56.459+0000] {taskmixin.py:211} WARNING - Dependency <Task(BashOperator): delete_tag>, create_tag already registered for DAG: example_complex
[2023-11-21T08:10:56.463+0000] {processor.py:753} INFO - DAG(s) dict_keys(['example_complex']) retrieved from /home/airflow/.local/lib/python3.7/site-packages/airflow/example_dags/example_complex.py
[2023-11-21T08:10:56.483+0000] {logging_mixin.py:137} INFO - [2023-11-21T08:10:56.483+0000] {dag.py:2693} INFO - Sync 1 DAGs
[2023-11-21T08:10:56.497+0000] {logging_mixin.py:137} INFO - [2023-11-21T08:10:56.497+0000] {dag.py:3444} INFO - Setting next_dagrun for example_complex to None, run_after=None
[2023-11-21T08:10:56.506+0000] {processor.py:175} INFO - Processing /home/airflow/.local/lib/python3.7/site-packages/airflow/example_dags/example_complex.py took 0.058 seconds
[2023-11-21T08:11:26.674+0000] {processor.py:153} INFO - Started process (PID=601) to work on /home/airflow/.local/lib/python3.7/site-packages/airflow/example_dags/example_complex.py
[2023-11-21T08:11:26.675+0000] {processor.py:743} INFO - Processing file /home/airflow/.local/lib/python3.7/site-packages/airflow/example_dags/example_complex.py for tasks to queue
[2023-11-21T08:11:26.675+0000] {logging_mixin.py:137} INFO - [2023-11-21T08:11:26.675+0000] {dagbag.py:532} INFO - Filling up the DagBag from /home/airflow/.local/lib/python3.7/site-packages/airflow/example_dags/example_complex.py
[2023-11-21T08:11:26.683+0000] {logging_mixin.py:137} INFO - [2023-11-21T08:11:26.683+0000] {taskmixin.py:211} WARNING - Dependency <Task(BashOperator): create_entry_group>, delete_entry_group already registered for DAG: example_complex
[2023-11-21T08:11:26.683+0000] {logging_mixin.py:137} INFO - [2023-11-21T08:11:26.683+0000] {taskmixin.py:211} WARNING - Dependency <Task(BashOperator): delete_entry_group>, create_entry_group already registered for DAG: example_complex
[2023-11-21T08:11:26.683+0000] {logging_mixin.py:137} INFO - [2023-11-21T08:11:26.683+0000] {taskmixin.py:211} WARNING - Dependency <Task(BashOperator): create_entry_gcs>, delete_entry already registered for DAG: example_complex
[2023-11-21T08:11:26.683+0000] {logging_mixin.py:137} INFO - [2023-11-21T08:11:26.683+0000] {taskmixin.py:211} WARNING - Dependency <Task(BashOperator): delete_entry>, create_entry_gcs already registered for DAG: example_complex
[2023-11-21T08:11:26.684+0000] {logging_mixin.py:137} INFO - [2023-11-21T08:11:26.684+0000] {taskmixin.py:211} WARNING - Dependency <Task(BashOperator): create_tag>, delete_tag already registered for DAG: example_complex
[2023-11-21T08:11:26.684+0000] {logging_mixin.py:137} INFO - [2023-11-21T08:11:26.684+0000] {taskmixin.py:211} WARNING - Dependency <Task(BashOperator): delete_tag>, create_tag already registered for DAG: example_complex
[2023-11-21T08:11:26.688+0000] {processor.py:753} INFO - DAG(s) dict_keys(['example_complex']) retrieved from /home/airflow/.local/lib/python3.7/site-packages/airflow/example_dags/example_complex.py
[2023-11-21T08:11:26.709+0000] {logging_mixin.py:137} INFO - [2023-11-21T08:11:26.709+0000] {dag.py:2693} INFO - Sync 1 DAGs
[2023-11-21T08:11:26.725+0000] {logging_mixin.py:137} INFO - [2023-11-21T08:11:26.724+0000] {dag.py:3444} INFO - Setting next_dagrun for example_complex to None, run_after=None
[2023-11-21T08:11:26.735+0000] {processor.py:175} INFO - Processing /home/airflow/.local/lib/python3.7/site-packages/airflow/example_dags/example_complex.py took 0.064 seconds
[2023-11-21T08:11:56.797+0000] {processor.py:153} INFO - Started process (PID=650) to work on /home/airflow/.local/lib/python3.7/site-packages/airflow/example_dags/example_complex.py
[2023-11-21T08:11:56.798+0000] {processor.py:743} INFO - Processing file /home/airflow/.local/lib/python3.7/site-packages/airflow/example_dags/example_complex.py for tasks to queue
[2023-11-21T08:11:56.798+0000] {logging_mixin.py:137} INFO - [2023-11-21T08:11:56.798+0000] {dagbag.py:532} INFO - Filling up the DagBag from /home/airflow/.local/lib/python3.7/site-packages/airflow/example_dags/example_complex.py
[2023-11-21T08:11:56.805+0000] {logging_mixin.py:137} INFO - [2023-11-21T08:11:56.805+0000] {taskmixin.py:211} WARNING - Dependency <Task(BashOperator): create_entry_group>, delete_entry_group already registered for DAG: example_complex
[2023-11-21T08:11:56.806+0000] {logging_mixin.py:137} INFO - [2023-11-21T08:11:56.806+0000] {taskmixin.py:211} WARNING - Dependency <Task(BashOperator): delete_entry_group>, create_entry_group already registered for DAG: example_complex
[2023-11-21T08:11:56.806+0000] {logging_mixin.py:137} INFO - [2023-11-21T08:11:56.806+0000] {taskmixin.py:211} WARNING - Dependency <Task(BashOperator): create_entry_gcs>, delete_entry already registered for DAG: example_complex
[2023-11-21T08:11:56.806+0000] {logging_mixin.py:137} INFO - [2023-11-21T08:11:56.806+0000] {taskmixin.py:211} WARNING - Dependency <Task(BashOperator): delete_entry>, create_entry_gcs already registered for DAG: example_complex
[2023-11-21T08:11:56.806+0000] {logging_mixin.py:137} INFO - [2023-11-21T08:11:56.806+0000] {taskmixin.py:211} WARNING - Dependency <Task(BashOperator): create_tag>, delete_tag already registered for DAG: example_complex
[2023-11-21T08:11:56.807+0000] {logging_mixin.py:137} INFO - [2023-11-21T08:11:56.806+0000] {taskmixin.py:211} WARNING - Dependency <Task(BashOperator): delete_tag>, create_tag already registered for DAG: example_complex
[2023-11-21T08:11:56.811+0000] {processor.py:753} INFO - DAG(s) dict_keys(['example_complex']) retrieved from /home/airflow/.local/lib/python3.7/site-packages/airflow/example_dags/example_complex.py
[2023-11-21T08:11:56.833+0000] {logging_mixin.py:137} INFO - [2023-11-21T08:11:56.833+0000] {dag.py:2693} INFO - Sync 1 DAGs
[2023-11-21T08:11:56.848+0000] {logging_mixin.py:137} INFO - [2023-11-21T08:11:56.847+0000] {dag.py:3444} INFO - Setting next_dagrun for example_complex to None, run_after=None
[2023-11-21T08:11:56.859+0000] {processor.py:175} INFO - Processing /home/airflow/.local/lib/python3.7/site-packages/airflow/example_dags/example_complex.py took 0.065 seconds
[2023-11-21T08:12:26.927+0000] {processor.py:153} INFO - Started process (PID=699) to work on /home/airflow/.local/lib/python3.7/site-packages/airflow/example_dags/example_complex.py
[2023-11-21T08:12:26.928+0000] {processor.py:743} INFO - Processing file /home/airflow/.local/lib/python3.7/site-packages/airflow/example_dags/example_complex.py for tasks to queue
[2023-11-21T08:12:26.928+0000] {logging_mixin.py:137} INFO - [2023-11-21T08:12:26.928+0000] {dagbag.py:532} INFO - Filling up the DagBag from /home/airflow/.local/lib/python3.7/site-packages/airflow/example_dags/example_complex.py
[2023-11-21T08:12:26.935+0000] {logging_mixin.py:137} INFO - [2023-11-21T08:12:26.935+0000] {taskmixin.py:211} WARNING - Dependency <Task(BashOperator): create_entry_group>, delete_entry_group already registered for DAG: example_complex
[2023-11-21T08:12:26.936+0000] {logging_mixin.py:137} INFO - [2023-11-21T08:12:26.936+0000] {taskmixin.py:211} WARNING - Dependency <Task(BashOperator): delete_entry_group>, create_entry_group already registered for DAG: example_complex
[2023-11-21T08:12:26.936+0000] {logging_mixin.py:137} INFO - [2023-11-21T08:12:26.936+0000] {taskmixin.py:211} WARNING - Dependency <Task(BashOperator): create_entry_gcs>, delete_entry already registered for DAG: example_complex
[2023-11-21T08:12:26.936+0000] {logging_mixin.py:137} INFO - [2023-11-21T08:12:26.936+0000] {taskmixin.py:211} WARNING - Dependency <Task(BashOperator): delete_entry>, create_entry_gcs already registered for DAG: example_complex
[2023-11-21T08:12:26.936+0000] {logging_mixin.py:137} INFO - [2023-11-21T08:12:26.936+0000] {taskmixin.py:211} WARNING - Dependency <Task(BashOperator): create_tag>, delete_tag already registered for DAG: example_complex
[2023-11-21T08:12:26.937+0000] {logging_mixin.py:137} INFO - [2023-11-21T08:12:26.937+0000] {taskmixin.py:211} WARNING - Dependency <Task(BashOperator): delete_tag>, create_tag already registered for DAG: example_complex
[2023-11-21T08:12:26.941+0000] {processor.py:753} INFO - DAG(s) dict_keys(['example_complex']) retrieved from /home/airflow/.local/lib/python3.7/site-packages/airflow/example_dags/example_complex.py
[2023-11-21T08:12:26.961+0000] {logging_mixin.py:137} INFO - [2023-11-21T08:12:26.961+0000] {dag.py:2693} INFO - Sync 1 DAGs
[2023-11-21T08:12:26.975+0000] {logging_mixin.py:137} INFO - [2023-11-21T08:12:26.974+0000] {dag.py:3444} INFO - Setting next_dagrun for example_complex to None, run_after=None
[2023-11-21T08:12:26.985+0000] {processor.py:175} INFO - Processing /home/airflow/.local/lib/python3.7/site-packages/airflow/example_dags/example_complex.py took 0.060 seconds
[2023-11-21T08:19:20.813+0000] {processor.py:153} INFO - Started process (PID=62) to work on /home/airflow/.local/lib/python3.7/site-packages/airflow/example_dags/example_complex.py
[2023-11-21T08:19:20.814+0000] {processor.py:743} INFO - Processing file /home/airflow/.local/lib/python3.7/site-packages/airflow/example_dags/example_complex.py for tasks to queue
[2023-11-21T08:19:20.815+0000] {logging_mixin.py:137} INFO - [2023-11-21T08:19:20.815+0000] {dagbag.py:532} INFO - Filling up the DagBag from /home/airflow/.local/lib/python3.7/site-packages/airflow/example_dags/example_complex.py
[2023-11-21T08:19:20.832+0000] {logging_mixin.py:137} INFO - [2023-11-21T08:19:20.831+0000] {taskmixin.py:211} WARNING - Dependency <Task(BashOperator): create_entry_group>, delete_entry_group already registered for DAG: example_complex
[2023-11-21T08:19:20.832+0000] {logging_mixin.py:137} INFO - [2023-11-21T08:19:20.832+0000] {taskmixin.py:211} WARNING - Dependency <Task(BashOperator): delete_entry_group>, create_entry_group already registered for DAG: example_complex
[2023-11-21T08:19:20.833+0000] {logging_mixin.py:137} INFO - [2023-11-21T08:19:20.833+0000] {taskmixin.py:211} WARNING - Dependency <Task(BashOperator): create_entry_gcs>, delete_entry already registered for DAG: example_complex
[2023-11-21T08:19:20.833+0000] {logging_mixin.py:137} INFO - [2023-11-21T08:19:20.833+0000] {taskmixin.py:211} WARNING - Dependency <Task(BashOperator): delete_entry>, create_entry_gcs already registered for DAG: example_complex
[2023-11-21T08:19:20.834+0000] {logging_mixin.py:137} INFO - [2023-11-21T08:19:20.834+0000] {taskmixin.py:211} WARNING - Dependency <Task(BashOperator): create_tag>, delete_tag already registered for DAG: example_complex
[2023-11-21T08:19:20.835+0000] {logging_mixin.py:137} INFO - [2023-11-21T08:19:20.835+0000] {taskmixin.py:211} WARNING - Dependency <Task(BashOperator): delete_tag>, create_tag already registered for DAG: example_complex
[2023-11-21T08:19:20.847+0000] {processor.py:753} INFO - DAG(s) dict_keys(['example_complex']) retrieved from /home/airflow/.local/lib/python3.7/site-packages/airflow/example_dags/example_complex.py
[2023-11-21T08:19:20.960+0000] {logging_mixin.py:137} INFO - [2023-11-21T08:19:20.960+0000] {manager.py:504} INFO - Created Permission View: can edit on DAG:example_complex
[2023-11-21T08:19:20.968+0000] {logging_mixin.py:137} INFO - [2023-11-21T08:19:20.968+0000] {manager.py:504} INFO - Created Permission View: can read on DAG:example_complex
[2023-11-21T08:19:20.976+0000] {logging_mixin.py:137} INFO - [2023-11-21T08:19:20.976+0000] {manager.py:504} INFO - Created Permission View: can delete on DAG:example_complex
[2023-11-21T08:19:20.977+0000] {logging_mixin.py:137} INFO - [2023-11-21T08:19:20.976+0000] {dag.py:2693} INFO - Sync 1 DAGs
[2023-11-21T08:19:20.987+0000] {logging_mixin.py:137} INFO - [2023-11-21T08:19:20.987+0000] {dag.py:2714} INFO - Creating ORM DAG for example_complex
[2023-11-21T08:19:20.996+0000] {logging_mixin.py:137} INFO - [2023-11-21T08:19:20.996+0000] {dag.py:3444} INFO - Setting next_dagrun for example_complex to None, run_after=None
[2023-11-21T08:19:21.015+0000] {processor.py:175} INFO - Processing /home/airflow/.local/lib/python3.7/site-packages/airflow/example_dags/example_complex.py took 0.204 seconds
[2023-11-21T08:19:51.234+0000] {processor.py:153} INFO - Started process (PID=111) to work on /home/airflow/.local/lib/python3.7/site-packages/airflow/example_dags/example_complex.py
[2023-11-21T08:19:51.237+0000] {processor.py:743} INFO - Processing file /home/airflow/.local/lib/python3.7/site-packages/airflow/example_dags/example_complex.py for tasks to queue
[2023-11-21T08:19:51.238+0000] {logging_mixin.py:137} INFO - [2023-11-21T08:19:51.238+0000] {dagbag.py:532} INFO - Filling up the DagBag from /home/airflow/.local/lib/python3.7/site-packages/airflow/example_dags/example_complex.py
[2023-11-21T08:19:51.304+0000] {logging_mixin.py:137} INFO - [2023-11-21T08:19:51.304+0000] {taskmixin.py:211} WARNING - Dependency <Task(BashOperator): create_entry_group>, delete_entry_group already registered for DAG: example_complex
[2023-11-21T08:19:51.305+0000] {logging_mixin.py:137} INFO - [2023-11-21T08:19:51.305+0000] {taskmixin.py:211} WARNING - Dependency <Task(BashOperator): delete_entry_group>, create_entry_group already registered for DAG: example_complex
[2023-11-21T08:19:51.305+0000] {logging_mixin.py:137} INFO - [2023-11-21T08:19:51.305+0000] {taskmixin.py:211} WARNING - Dependency <Task(BashOperator): create_entry_gcs>, delete_entry already registered for DAG: example_complex
[2023-11-21T08:19:51.305+0000] {logging_mixin.py:137} INFO - [2023-11-21T08:19:51.305+0000] {taskmixin.py:211} WARNING - Dependency <Task(BashOperator): delete_entry>, create_entry_gcs already registered for DAG: example_complex
[2023-11-21T08:19:51.305+0000] {logging_mixin.py:137} INFO - [2023-11-21T08:19:51.305+0000] {taskmixin.py:211} WARNING - Dependency <Task(BashOperator): create_tag>, delete_tag already registered for DAG: example_complex
[2023-11-21T08:19:51.306+0000] {logging_mixin.py:137} INFO - [2023-11-21T08:19:51.305+0000] {taskmixin.py:211} WARNING - Dependency <Task(BashOperator): delete_tag>, create_tag already registered for DAG: example_complex
[2023-11-21T08:19:51.334+0000] {processor.py:753} INFO - DAG(s) dict_keys(['example_complex']) retrieved from /home/airflow/.local/lib/python3.7/site-packages/airflow/example_dags/example_complex.py
[2023-11-21T08:19:51.445+0000] {logging_mixin.py:137} INFO - [2023-11-21T08:19:51.444+0000] {dag.py:2693} INFO - Sync 1 DAGs
[2023-11-21T08:19:51.483+0000] {logging_mixin.py:137} INFO - [2023-11-21T08:19:51.483+0000] {dag.py:3444} INFO - Setting next_dagrun for example_complex to None, run_after=None
[2023-11-21T08:19:51.506+0000] {processor.py:175} INFO - Processing /home/airflow/.local/lib/python3.7/site-packages/airflow/example_dags/example_complex.py took 0.287 seconds
[2023-11-21T08:20:21.644+0000] {processor.py:153} INFO - Started process (PID=160) to work on /home/airflow/.local/lib/python3.7/site-packages/airflow/example_dags/example_complex.py
[2023-11-21T08:20:21.645+0000] {processor.py:743} INFO - Processing file /home/airflow/.local/lib/python3.7/site-packages/airflow/example_dags/example_complex.py for tasks to queue
[2023-11-21T08:20:21.645+0000] {logging_mixin.py:137} INFO - [2023-11-21T08:20:21.645+0000] {dagbag.py:532} INFO - Filling up the DagBag from /home/airflow/.local/lib/python3.7/site-packages/airflow/example_dags/example_complex.py
[2023-11-21T08:20:21.653+0000] {logging_mixin.py:137} INFO - [2023-11-21T08:20:21.653+0000] {taskmixin.py:211} WARNING - Dependency <Task(BashOperator): create_entry_group>, delete_entry_group already registered for DAG: example_complex
[2023-11-21T08:20:21.653+0000] {logging_mixin.py:137} INFO - [2023-11-21T08:20:21.653+0000] {taskmixin.py:211} WARNING - Dependency <Task(BashOperator): delete_entry_group>, create_entry_group already registered for DAG: example_complex
[2023-11-21T08:20:21.654+0000] {logging_mixin.py:137} INFO - [2023-11-21T08:20:21.654+0000] {taskmixin.py:211} WARNING - Dependency <Task(BashOperator): create_entry_gcs>, delete_entry already registered for DAG: example_complex
[2023-11-21T08:20:21.654+0000] {logging_mixin.py:137} INFO - [2023-11-21T08:20:21.654+0000] {taskmixin.py:211} WARNING - Dependency <Task(BashOperator): delete_entry>, create_entry_gcs already registered for DAG: example_complex
[2023-11-21T08:20:21.654+0000] {logging_mixin.py:137} INFO - [2023-11-21T08:20:21.654+0000] {taskmixin.py:211} WARNING - Dependency <Task(BashOperator): create_tag>, delete_tag already registered for DAG: example_complex
[2023-11-21T08:20:21.654+0000] {logging_mixin.py:137} INFO - [2023-11-21T08:20:21.654+0000] {taskmixin.py:211} WARNING - Dependency <Task(BashOperator): delete_tag>, create_tag already registered for DAG: example_complex
[2023-11-21T08:20:21.659+0000] {processor.py:753} INFO - DAG(s) dict_keys(['example_complex']) retrieved from /home/airflow/.local/lib/python3.7/site-packages/airflow/example_dags/example_complex.py
[2023-11-21T08:20:21.740+0000] {logging_mixin.py:137} INFO - [2023-11-21T08:20:21.740+0000] {dag.py:2693} INFO - Sync 1 DAGs
[2023-11-21T08:20:21.763+0000] {logging_mixin.py:137} INFO - [2023-11-21T08:20:21.763+0000] {dag.py:3444} INFO - Setting next_dagrun for example_complex to None, run_after=None
[2023-11-21T08:20:21.779+0000] {processor.py:175} INFO - Processing /home/airflow/.local/lib/python3.7/site-packages/airflow/example_dags/example_complex.py took 0.137 seconds
[2023-11-21T08:20:51.929+0000] {processor.py:153} INFO - Started process (PID=210) to work on /home/airflow/.local/lib/python3.7/site-packages/airflow/example_dags/example_complex.py
[2023-11-21T08:20:51.932+0000] {processor.py:743} INFO - Processing file /home/airflow/.local/lib/python3.7/site-packages/airflow/example_dags/example_complex.py for tasks to queue
[2023-11-21T08:20:51.932+0000] {logging_mixin.py:137} INFO - [2023-11-21T08:20:51.932+0000] {dagbag.py:532} INFO - Filling up the DagBag from /home/airflow/.local/lib/python3.7/site-packages/airflow/example_dags/example_complex.py
[2023-11-21T08:20:51.942+0000] {logging_mixin.py:137} INFO - [2023-11-21T08:20:51.942+0000] {taskmixin.py:211} WARNING - Dependency <Task(BashOperator): create_entry_group>, delete_entry_group already registered for DAG: example_complex
[2023-11-21T08:20:51.943+0000] {logging_mixin.py:137} INFO - [2023-11-21T08:20:51.943+0000] {taskmixin.py:211} WARNING - Dependency <Task(BashOperator): delete_entry_group>, create_entry_group already registered for DAG: example_complex
[2023-11-21T08:20:51.944+0000] {logging_mixin.py:137} INFO - [2023-11-21T08:20:51.944+0000] {taskmixin.py:211} WARNING - Dependency <Task(BashOperator): create_entry_gcs>, delete_entry already registered for DAG: example_complex
[2023-11-21T08:20:51.944+0000] {logging_mixin.py:137} INFO - [2023-11-21T08:20:51.944+0000] {taskmixin.py:211} WARNING - Dependency <Task(BashOperator): delete_entry>, create_entry_gcs already registered for DAG: example_complex
[2023-11-21T08:20:51.944+0000] {logging_mixin.py:137} INFO - [2023-11-21T08:20:51.944+0000] {taskmixin.py:211} WARNING - Dependency <Task(BashOperator): create_tag>, delete_tag already registered for DAG: example_complex
[2023-11-21T08:20:51.945+0000] {logging_mixin.py:137} INFO - [2023-11-21T08:20:51.945+0000] {taskmixin.py:211} WARNING - Dependency <Task(BashOperator): delete_tag>, create_tag already registered for DAG: example_complex
[2023-11-21T08:20:51.951+0000] {processor.py:753} INFO - DAG(s) dict_keys(['example_complex']) retrieved from /home/airflow/.local/lib/python3.7/site-packages/airflow/example_dags/example_complex.py
[2023-11-21T08:20:51.981+0000] {logging_mixin.py:137} INFO - [2023-11-21T08:20:51.981+0000] {dag.py:2693} INFO - Sync 1 DAGs
[2023-11-21T08:20:52.000+0000] {logging_mixin.py:137} INFO - [2023-11-21T08:20:52.000+0000] {dag.py:3444} INFO - Setting next_dagrun for example_complex to None, run_after=None
[2023-11-21T08:20:52.015+0000] {processor.py:175} INFO - Processing /home/airflow/.local/lib/python3.7/site-packages/airflow/example_dags/example_complex.py took 0.089 seconds
