[2023-11-21T08:05:48.322+0000] {processor.py:153} INFO - Started process (PID=51) to work on /home/airflow/.local/lib/python3.7/site-packages/airflow/example_dags/example_trigger_target_dag.py
[2023-11-21T08:05:48.324+0000] {processor.py:743} INFO - Processing file /home/airflow/.local/lib/python3.7/site-packages/airflow/example_dags/example_trigger_target_dag.py for tasks to queue
[2023-11-21T08:05:48.325+0000] {logging_mixin.py:137} INFO - [2023-11-21T08:05:48.325+0000] {dagbag.py:532} INFO - Filling up the DagBag from /home/airflow/.local/lib/python3.7/site-packages/airflow/example_dags/example_trigger_target_dag.py
[2023-11-21T08:05:48.356+0000] {processor.py:753} INFO - DAG(s) dict_keys(['example_trigger_target_dag']) retrieved from /home/airflow/.local/lib/python3.7/site-packages/airflow/example_dags/example_trigger_target_dag.py
[2023-11-21T08:05:48.373+0000] {logging_mixin.py:137} INFO - [2023-11-21T08:05:48.373+0000] {dag.py:2693} INFO - Sync 1 DAGs
[2023-11-21T08:05:48.399+0000] {logging_mixin.py:137} INFO - [2023-11-21T08:05:48.399+0000] {dag.py:3444} INFO - Setting next_dagrun for example_trigger_target_dag to None, run_after=None
[2023-11-21T08:05:48.429+0000] {processor.py:175} INFO - Processing /home/airflow/.local/lib/python3.7/site-packages/airflow/example_dags/example_trigger_target_dag.py took 0.111 seconds
[2023-11-21T08:06:19.140+0000] {processor.py:153} INFO - Started process (PID=100) to work on /home/airflow/.local/lib/python3.7/site-packages/airflow/example_dags/example_trigger_target_dag.py
[2023-11-21T08:06:19.140+0000] {processor.py:743} INFO - Processing file /home/airflow/.local/lib/python3.7/site-packages/airflow/example_dags/example_trigger_target_dag.py for tasks to queue
[2023-11-21T08:06:19.141+0000] {logging_mixin.py:137} INFO - [2023-11-21T08:06:19.141+0000] {dagbag.py:532} INFO - Filling up the DagBag from /home/airflow/.local/lib/python3.7/site-packages/airflow/example_dags/example_trigger_target_dag.py
[2023-11-21T08:06:19.154+0000] {processor.py:753} INFO - DAG(s) dict_keys(['example_trigger_target_dag']) retrieved from /home/airflow/.local/lib/python3.7/site-packages/airflow/example_dags/example_trigger_target_dag.py
[2023-11-21T08:06:19.169+0000] {logging_mixin.py:137} INFO - [2023-11-21T08:06:19.169+0000] {dag.py:2693} INFO - Sync 1 DAGs
[2023-11-21T08:06:19.184+0000] {logging_mixin.py:137} INFO - [2023-11-21T08:06:19.184+0000] {dag.py:3444} INFO - Setting next_dagrun for example_trigger_target_dag to None, run_after=None
[2023-11-21T08:06:19.195+0000] {processor.py:175} INFO - Processing /home/airflow/.local/lib/python3.7/site-packages/airflow/example_dags/example_trigger_target_dag.py took 0.057 seconds
[2023-11-21T08:06:49.219+0000] {processor.py:153} INFO - Started process (PID=149) to work on /home/airflow/.local/lib/python3.7/site-packages/airflow/example_dags/example_trigger_target_dag.py
[2023-11-21T08:06:49.220+0000] {processor.py:743} INFO - Processing file /home/airflow/.local/lib/python3.7/site-packages/airflow/example_dags/example_trigger_target_dag.py for tasks to queue
[2023-11-21T08:06:49.220+0000] {logging_mixin.py:137} INFO - [2023-11-21T08:06:49.220+0000] {dagbag.py:532} INFO - Filling up the DagBag from /home/airflow/.local/lib/python3.7/site-packages/airflow/example_dags/example_trigger_target_dag.py
[2023-11-21T08:06:49.233+0000] {processor.py:753} INFO - DAG(s) dict_keys(['example_trigger_target_dag']) retrieved from /home/airflow/.local/lib/python3.7/site-packages/airflow/example_dags/example_trigger_target_dag.py
[2023-11-21T08:06:49.249+0000] {logging_mixin.py:137} INFO - [2023-11-21T08:06:49.249+0000] {dag.py:2693} INFO - Sync 1 DAGs
[2023-11-21T08:06:49.263+0000] {logging_mixin.py:137} INFO - [2023-11-21T08:06:49.263+0000] {dag.py:3444} INFO - Setting next_dagrun for example_trigger_target_dag to None, run_after=None
[2023-11-21T08:06:49.274+0000] {processor.py:175} INFO - Processing /home/airflow/.local/lib/python3.7/site-packages/airflow/example_dags/example_trigger_target_dag.py took 0.057 seconds
[2023-11-21T08:07:20.034+0000] {processor.py:153} INFO - Started process (PID=198) to work on /home/airflow/.local/lib/python3.7/site-packages/airflow/example_dags/example_trigger_target_dag.py
[2023-11-21T08:07:20.034+0000] {processor.py:743} INFO - Processing file /home/airflow/.local/lib/python3.7/site-packages/airflow/example_dags/example_trigger_target_dag.py for tasks to queue
[2023-11-21T08:07:20.035+0000] {logging_mixin.py:137} INFO - [2023-11-21T08:07:20.035+0000] {dagbag.py:532} INFO - Filling up the DagBag from /home/airflow/.local/lib/python3.7/site-packages/airflow/example_dags/example_trigger_target_dag.py
[2023-11-21T08:07:20.048+0000] {processor.py:753} INFO - DAG(s) dict_keys(['example_trigger_target_dag']) retrieved from /home/airflow/.local/lib/python3.7/site-packages/airflow/example_dags/example_trigger_target_dag.py
[2023-11-21T08:07:20.064+0000] {logging_mixin.py:137} INFO - [2023-11-21T08:07:20.064+0000] {dag.py:2693} INFO - Sync 1 DAGs
[2023-11-21T08:07:20.077+0000] {logging_mixin.py:137} INFO - [2023-11-21T08:07:20.077+0000] {dag.py:3444} INFO - Setting next_dagrun for example_trigger_target_dag to None, run_after=None
[2023-11-21T08:07:20.087+0000] {processor.py:175} INFO - Processing /home/airflow/.local/lib/python3.7/site-packages/airflow/example_dags/example_trigger_target_dag.py took 0.055 seconds
[2023-11-21T08:07:50.814+0000] {processor.py:153} INFO - Started process (PID=247) to work on /home/airflow/.local/lib/python3.7/site-packages/airflow/example_dags/example_trigger_target_dag.py
[2023-11-21T08:07:50.814+0000] {processor.py:743} INFO - Processing file /home/airflow/.local/lib/python3.7/site-packages/airflow/example_dags/example_trigger_target_dag.py for tasks to queue
[2023-11-21T08:07:50.815+0000] {logging_mixin.py:137} INFO - [2023-11-21T08:07:50.815+0000] {dagbag.py:532} INFO - Filling up the DagBag from /home/airflow/.local/lib/python3.7/site-packages/airflow/example_dags/example_trigger_target_dag.py
[2023-11-21T08:07:50.828+0000] {processor.py:753} INFO - DAG(s) dict_keys(['example_trigger_target_dag']) retrieved from /home/airflow/.local/lib/python3.7/site-packages/airflow/example_dags/example_trigger_target_dag.py
[2023-11-21T08:07:50.844+0000] {logging_mixin.py:137} INFO - [2023-11-21T08:07:50.844+0000] {dag.py:2693} INFO - Sync 1 DAGs
[2023-11-21T08:07:50.858+0000] {logging_mixin.py:137} INFO - [2023-11-21T08:07:50.858+0000] {dag.py:3444} INFO - Setting next_dagrun for example_trigger_target_dag to None, run_after=None
[2023-11-21T08:07:50.867+0000] {processor.py:175} INFO - Processing /home/airflow/.local/lib/python3.7/site-packages/airflow/example_dags/example_trigger_target_dag.py took 0.055 seconds
[2023-11-21T08:08:21.649+0000] {processor.py:153} INFO - Started process (PID=296) to work on /home/airflow/.local/lib/python3.7/site-packages/airflow/example_dags/example_trigger_target_dag.py
[2023-11-21T08:08:21.650+0000] {processor.py:743} INFO - Processing file /home/airflow/.local/lib/python3.7/site-packages/airflow/example_dags/example_trigger_target_dag.py for tasks to queue
[2023-11-21T08:08:21.650+0000] {logging_mixin.py:137} INFO - [2023-11-21T08:08:21.650+0000] {dagbag.py:532} INFO - Filling up the DagBag from /home/airflow/.local/lib/python3.7/site-packages/airflow/example_dags/example_trigger_target_dag.py
[2023-11-21T08:08:21.664+0000] {processor.py:753} INFO - DAG(s) dict_keys(['example_trigger_target_dag']) retrieved from /home/airflow/.local/lib/python3.7/site-packages/airflow/example_dags/example_trigger_target_dag.py
[2023-11-21T08:08:21.679+0000] {logging_mixin.py:137} INFO - [2023-11-21T08:08:21.679+0000] {dag.py:2693} INFO - Sync 1 DAGs
[2023-11-21T08:08:21.692+0000] {logging_mixin.py:137} INFO - [2023-11-21T08:08:21.692+0000] {dag.py:3444} INFO - Setting next_dagrun for example_trigger_target_dag to None, run_after=None
[2023-11-21T08:08:21.701+0000] {processor.py:175} INFO - Processing /home/airflow/.local/lib/python3.7/site-packages/airflow/example_dags/example_trigger_target_dag.py took 0.054 seconds
[2023-11-21T08:08:52.431+0000] {processor.py:153} INFO - Started process (PID=345) to work on /home/airflow/.local/lib/python3.7/site-packages/airflow/example_dags/example_trigger_target_dag.py
[2023-11-21T08:08:52.432+0000] {processor.py:743} INFO - Processing file /home/airflow/.local/lib/python3.7/site-packages/airflow/example_dags/example_trigger_target_dag.py for tasks to queue
[2023-11-21T08:08:52.432+0000] {logging_mixin.py:137} INFO - [2023-11-21T08:08:52.432+0000] {dagbag.py:532} INFO - Filling up the DagBag from /home/airflow/.local/lib/python3.7/site-packages/airflow/example_dags/example_trigger_target_dag.py
[2023-11-21T08:08:52.445+0000] {processor.py:753} INFO - DAG(s) dict_keys(['example_trigger_target_dag']) retrieved from /home/airflow/.local/lib/python3.7/site-packages/airflow/example_dags/example_trigger_target_dag.py
[2023-11-21T08:08:52.461+0000] {logging_mixin.py:137} INFO - [2023-11-21T08:08:52.461+0000] {dag.py:2693} INFO - Sync 1 DAGs
[2023-11-21T08:08:52.475+0000] {logging_mixin.py:137} INFO - [2023-11-21T08:08:52.475+0000] {dag.py:3444} INFO - Setting next_dagrun for example_trigger_target_dag to None, run_after=None
[2023-11-21T08:08:52.484+0000] {processor.py:175} INFO - Processing /home/airflow/.local/lib/python3.7/site-packages/airflow/example_dags/example_trigger_target_dag.py took 0.055 seconds
[2023-11-21T08:09:23.171+0000] {processor.py:153} INFO - Started process (PID=394) to work on /home/airflow/.local/lib/python3.7/site-packages/airflow/example_dags/example_trigger_target_dag.py
[2023-11-21T08:09:23.171+0000] {processor.py:743} INFO - Processing file /home/airflow/.local/lib/python3.7/site-packages/airflow/example_dags/example_trigger_target_dag.py for tasks to queue
[2023-11-21T08:09:23.172+0000] {logging_mixin.py:137} INFO - [2023-11-21T08:09:23.172+0000] {dagbag.py:532} INFO - Filling up the DagBag from /home/airflow/.local/lib/python3.7/site-packages/airflow/example_dags/example_trigger_target_dag.py
[2023-11-21T08:09:23.185+0000] {processor.py:753} INFO - DAG(s) dict_keys(['example_trigger_target_dag']) retrieved from /home/airflow/.local/lib/python3.7/site-packages/airflow/example_dags/example_trigger_target_dag.py
[2023-11-21T08:09:23.201+0000] {logging_mixin.py:137} INFO - [2023-11-21T08:09:23.201+0000] {dag.py:2693} INFO - Sync 1 DAGs
[2023-11-21T08:09:23.214+0000] {logging_mixin.py:137} INFO - [2023-11-21T08:09:23.214+0000] {dag.py:3444} INFO - Setting next_dagrun for example_trigger_target_dag to None, run_after=None
[2023-11-21T08:09:23.224+0000] {processor.py:175} INFO - Processing /home/airflow/.local/lib/python3.7/site-packages/airflow/example_dags/example_trigger_target_dag.py took 0.056 seconds
[2023-11-21T08:09:53.964+0000] {processor.py:153} INFO - Started process (PID=443) to work on /home/airflow/.local/lib/python3.7/site-packages/airflow/example_dags/example_trigger_target_dag.py
[2023-11-21T08:09:53.965+0000] {processor.py:743} INFO - Processing file /home/airflow/.local/lib/python3.7/site-packages/airflow/example_dags/example_trigger_target_dag.py for tasks to queue
[2023-11-21T08:09:53.965+0000] {logging_mixin.py:137} INFO - [2023-11-21T08:09:53.965+0000] {dagbag.py:532} INFO - Filling up the DagBag from /home/airflow/.local/lib/python3.7/site-packages/airflow/example_dags/example_trigger_target_dag.py
[2023-11-21T08:09:53.979+0000] {processor.py:753} INFO - DAG(s) dict_keys(['example_trigger_target_dag']) retrieved from /home/airflow/.local/lib/python3.7/site-packages/airflow/example_dags/example_trigger_target_dag.py
[2023-11-21T08:09:53.994+0000] {logging_mixin.py:137} INFO - [2023-11-21T08:09:53.994+0000] {dag.py:2693} INFO - Sync 1 DAGs
[2023-11-21T08:09:54.008+0000] {logging_mixin.py:137} INFO - [2023-11-21T08:09:54.008+0000] {dag.py:3444} INFO - Setting next_dagrun for example_trigger_target_dag to None, run_after=None
[2023-11-21T08:09:54.018+0000] {processor.py:175} INFO - Processing /home/airflow/.local/lib/python3.7/site-packages/airflow/example_dags/example_trigger_target_dag.py took 0.056 seconds
[2023-11-21T08:10:24.806+0000] {processor.py:153} INFO - Started process (PID=492) to work on /home/airflow/.local/lib/python3.7/site-packages/airflow/example_dags/example_trigger_target_dag.py
[2023-11-21T08:10:24.807+0000] {processor.py:743} INFO - Processing file /home/airflow/.local/lib/python3.7/site-packages/airflow/example_dags/example_trigger_target_dag.py for tasks to queue
[2023-11-21T08:10:24.808+0000] {logging_mixin.py:137} INFO - [2023-11-21T08:10:24.807+0000] {dagbag.py:532} INFO - Filling up the DagBag from /home/airflow/.local/lib/python3.7/site-packages/airflow/example_dags/example_trigger_target_dag.py
[2023-11-21T08:10:24.822+0000] {processor.py:753} INFO - DAG(s) dict_keys(['example_trigger_target_dag']) retrieved from /home/airflow/.local/lib/python3.7/site-packages/airflow/example_dags/example_trigger_target_dag.py
[2023-11-21T08:10:24.838+0000] {logging_mixin.py:137} INFO - [2023-11-21T08:10:24.838+0000] {dag.py:2693} INFO - Sync 1 DAGs
[2023-11-21T08:10:24.853+0000] {logging_mixin.py:137} INFO - [2023-11-21T08:10:24.852+0000] {dag.py:3444} INFO - Setting next_dagrun for example_trigger_target_dag to None, run_after=None
[2023-11-21T08:10:24.862+0000] {processor.py:175} INFO - Processing /home/airflow/.local/lib/python3.7/site-packages/airflow/example_dags/example_trigger_target_dag.py took 0.058 seconds
[2023-11-21T08:10:55.897+0000] {processor.py:153} INFO - Started process (PID=541) to work on /home/airflow/.local/lib/python3.7/site-packages/airflow/example_dags/example_trigger_target_dag.py
[2023-11-21T08:10:55.898+0000] {processor.py:743} INFO - Processing file /home/airflow/.local/lib/python3.7/site-packages/airflow/example_dags/example_trigger_target_dag.py for tasks to queue
[2023-11-21T08:10:55.899+0000] {logging_mixin.py:137} INFO - [2023-11-21T08:10:55.899+0000] {dagbag.py:532} INFO - Filling up the DagBag from /home/airflow/.local/lib/python3.7/site-packages/airflow/example_dags/example_trigger_target_dag.py
[2023-11-21T08:10:55.912+0000] {processor.py:753} INFO - DAG(s) dict_keys(['example_trigger_target_dag']) retrieved from /home/airflow/.local/lib/python3.7/site-packages/airflow/example_dags/example_trigger_target_dag.py
[2023-11-21T08:10:55.927+0000] {logging_mixin.py:137} INFO - [2023-11-21T08:10:55.927+0000] {dag.py:2693} INFO - Sync 1 DAGs
[2023-11-21T08:10:55.941+0000] {logging_mixin.py:137} INFO - [2023-11-21T08:10:55.941+0000] {dag.py:3444} INFO - Setting next_dagrun for example_trigger_target_dag to None, run_after=None
[2023-11-21T08:10:55.952+0000] {processor.py:175} INFO - Processing /home/airflow/.local/lib/python3.7/site-packages/airflow/example_dags/example_trigger_target_dag.py took 0.057 seconds
[2023-11-21T08:11:26.127+0000] {processor.py:153} INFO - Started process (PID=590) to work on /home/airflow/.local/lib/python3.7/site-packages/airflow/example_dags/example_trigger_target_dag.py
[2023-11-21T08:11:26.127+0000] {processor.py:743} INFO - Processing file /home/airflow/.local/lib/python3.7/site-packages/airflow/example_dags/example_trigger_target_dag.py for tasks to queue
[2023-11-21T08:11:26.128+0000] {logging_mixin.py:137} INFO - [2023-11-21T08:11:26.128+0000] {dagbag.py:532} INFO - Filling up the DagBag from /home/airflow/.local/lib/python3.7/site-packages/airflow/example_dags/example_trigger_target_dag.py
[2023-11-21T08:11:26.144+0000] {processor.py:753} INFO - DAG(s) dict_keys(['example_trigger_target_dag']) retrieved from /home/airflow/.local/lib/python3.7/site-packages/airflow/example_dags/example_trigger_target_dag.py
[2023-11-21T08:11:26.164+0000] {logging_mixin.py:137} INFO - [2023-11-21T08:11:26.164+0000] {dag.py:2693} INFO - Sync 1 DAGs
[2023-11-21T08:11:26.182+0000] {logging_mixin.py:137} INFO - [2023-11-21T08:11:26.182+0000] {dag.py:3444} INFO - Setting next_dagrun for example_trigger_target_dag to None, run_after=None
[2023-11-21T08:11:26.195+0000] {processor.py:175} INFO - Processing /home/airflow/.local/lib/python3.7/site-packages/airflow/example_dags/example_trigger_target_dag.py took 0.072 seconds
[2023-11-21T08:11:56.241+0000] {processor.py:153} INFO - Started process (PID=639) to work on /home/airflow/.local/lib/python3.7/site-packages/airflow/example_dags/example_trigger_target_dag.py
[2023-11-21T08:11:56.242+0000] {processor.py:743} INFO - Processing file /home/airflow/.local/lib/python3.7/site-packages/airflow/example_dags/example_trigger_target_dag.py for tasks to queue
[2023-11-21T08:11:56.243+0000] {logging_mixin.py:137} INFO - [2023-11-21T08:11:56.243+0000] {dagbag.py:532} INFO - Filling up the DagBag from /home/airflow/.local/lib/python3.7/site-packages/airflow/example_dags/example_trigger_target_dag.py
[2023-11-21T08:11:56.256+0000] {processor.py:753} INFO - DAG(s) dict_keys(['example_trigger_target_dag']) retrieved from /home/airflow/.local/lib/python3.7/site-packages/airflow/example_dags/example_trigger_target_dag.py
[2023-11-21T08:11:56.272+0000] {logging_mixin.py:137} INFO - [2023-11-21T08:11:56.272+0000] {dag.py:2693} INFO - Sync 1 DAGs
[2023-11-21T08:11:56.287+0000] {logging_mixin.py:137} INFO - [2023-11-21T08:11:56.287+0000] {dag.py:3444} INFO - Setting next_dagrun for example_trigger_target_dag to None, run_after=None
[2023-11-21T08:11:56.298+0000] {processor.py:175} INFO - Processing /home/airflow/.local/lib/python3.7/site-packages/airflow/example_dags/example_trigger_target_dag.py took 0.059 seconds
[2023-11-21T08:12:26.430+0000] {processor.py:153} INFO - Started process (PID=688) to work on /home/airflow/.local/lib/python3.7/site-packages/airflow/example_dags/example_trigger_target_dag.py
[2023-11-21T08:12:26.430+0000] {processor.py:743} INFO - Processing file /home/airflow/.local/lib/python3.7/site-packages/airflow/example_dags/example_trigger_target_dag.py for tasks to queue
[2023-11-21T08:12:26.431+0000] {logging_mixin.py:137} INFO - [2023-11-21T08:12:26.431+0000] {dagbag.py:532} INFO - Filling up the DagBag from /home/airflow/.local/lib/python3.7/site-packages/airflow/example_dags/example_trigger_target_dag.py
[2023-11-21T08:12:26.444+0000] {processor.py:753} INFO - DAG(s) dict_keys(['example_trigger_target_dag']) retrieved from /home/airflow/.local/lib/python3.7/site-packages/airflow/example_dags/example_trigger_target_dag.py
[2023-11-21T08:12:26.460+0000] {logging_mixin.py:137} INFO - [2023-11-21T08:12:26.460+0000] {dag.py:2693} INFO - Sync 1 DAGs
[2023-11-21T08:12:26.475+0000] {logging_mixin.py:137} INFO - [2023-11-21T08:12:26.475+0000] {dag.py:3444} INFO - Setting next_dagrun for example_trigger_target_dag to None, run_after=None
[2023-11-21T08:12:26.485+0000] {processor.py:175} INFO - Processing /home/airflow/.local/lib/python3.7/site-packages/airflow/example_dags/example_trigger_target_dag.py took 0.058 seconds
[2023-11-21T08:19:18.696+0000] {processor.py:153} INFO - Started process (PID=51) to work on /home/airflow/.local/lib/python3.7/site-packages/airflow/example_dags/example_trigger_target_dag.py
[2023-11-21T08:19:18.704+0000] {processor.py:743} INFO - Processing file /home/airflow/.local/lib/python3.7/site-packages/airflow/example_dags/example_trigger_target_dag.py for tasks to queue
[2023-11-21T08:19:18.708+0000] {logging_mixin.py:137} INFO - [2023-11-21T08:19:18.708+0000] {dagbag.py:532} INFO - Filling up the DagBag from /home/airflow/.local/lib/python3.7/site-packages/airflow/example_dags/example_trigger_target_dag.py
[2023-11-21T08:19:18.765+0000] {processor.py:753} INFO - DAG(s) dict_keys(['example_trigger_target_dag']) retrieved from /home/airflow/.local/lib/python3.7/site-packages/airflow/example_dags/example_trigger_target_dag.py
[2023-11-21T08:19:19.193+0000] {logging_mixin.py:137} INFO - [2023-11-21T08:19:19.193+0000] {manager.py:504} INFO - Created Permission View: can edit on DAG:example_trigger_target_dag
[2023-11-21T08:19:19.219+0000] {logging_mixin.py:137} INFO - [2023-11-21T08:19:19.218+0000] {manager.py:504} INFO - Created Permission View: can read on DAG:example_trigger_target_dag
[2023-11-21T08:19:19.229+0000] {logging_mixin.py:137} INFO - [2023-11-21T08:19:19.229+0000] {manager.py:504} INFO - Created Permission View: can delete on DAG:example_trigger_target_dag
[2023-11-21T08:19:19.230+0000] {logging_mixin.py:137} INFO - [2023-11-21T08:19:19.230+0000] {dag.py:2693} INFO - Sync 1 DAGs
[2023-11-21T08:19:19.250+0000] {logging_mixin.py:137} INFO - [2023-11-21T08:19:19.250+0000] {dag.py:2714} INFO - Creating ORM DAG for example_trigger_target_dag
[2023-11-21T08:19:19.266+0000] {logging_mixin.py:137} INFO - [2023-11-21T08:19:19.266+0000] {dag.py:3444} INFO - Setting next_dagrun for example_trigger_target_dag to None, run_after=None
[2023-11-21T08:19:19.287+0000] {processor.py:175} INFO - Processing /home/airflow/.local/lib/python3.7/site-packages/airflow/example_dags/example_trigger_target_dag.py took 0.611 seconds
[2023-11-21T08:19:49.931+0000] {processor.py:153} INFO - Started process (PID=100) to work on /home/airflow/.local/lib/python3.7/site-packages/airflow/example_dags/example_trigger_target_dag.py
[2023-11-21T08:19:49.934+0000] {processor.py:743} INFO - Processing file /home/airflow/.local/lib/python3.7/site-packages/airflow/example_dags/example_trigger_target_dag.py for tasks to queue
[2023-11-21T08:19:49.936+0000] {logging_mixin.py:137} INFO - [2023-11-21T08:19:49.936+0000] {dagbag.py:532} INFO - Filling up the DagBag from /home/airflow/.local/lib/python3.7/site-packages/airflow/example_dags/example_trigger_target_dag.py
[2023-11-21T08:19:50.017+0000] {processor.py:753} INFO - DAG(s) dict_keys(['example_trigger_target_dag']) retrieved from /home/airflow/.local/lib/python3.7/site-packages/airflow/example_dags/example_trigger_target_dag.py
[2023-11-21T08:19:50.120+0000] {logging_mixin.py:137} INFO - [2023-11-21T08:19:50.120+0000] {dag.py:2693} INFO - Sync 1 DAGs
[2023-11-21T08:19:50.189+0000] {logging_mixin.py:137} INFO - [2023-11-21T08:19:50.189+0000] {dag.py:3444} INFO - Setting next_dagrun for example_trigger_target_dag to None, run_after=None
[2023-11-21T08:19:50.252+0000] {processor.py:175} INFO - Processing /home/airflow/.local/lib/python3.7/site-packages/airflow/example_dags/example_trigger_target_dag.py took 0.352 seconds
[2023-11-21T08:20:20.977+0000] {processor.py:153} INFO - Started process (PID=149) to work on /home/airflow/.local/lib/python3.7/site-packages/airflow/example_dags/example_trigger_target_dag.py
[2023-11-21T08:20:20.979+0000] {processor.py:743} INFO - Processing file /home/airflow/.local/lib/python3.7/site-packages/airflow/example_dags/example_trigger_target_dag.py for tasks to queue
[2023-11-21T08:20:20.982+0000] {logging_mixin.py:137} INFO - [2023-11-21T08:20:20.982+0000] {dagbag.py:532} INFO - Filling up the DagBag from /home/airflow/.local/lib/python3.7/site-packages/airflow/example_dags/example_trigger_target_dag.py
[2023-11-21T08:20:21.018+0000] {processor.py:753} INFO - DAG(s) dict_keys(['example_trigger_target_dag']) retrieved from /home/airflow/.local/lib/python3.7/site-packages/airflow/example_dags/example_trigger_target_dag.py
[2023-11-21T08:20:21.068+0000] {logging_mixin.py:137} INFO - [2023-11-21T08:20:21.067+0000] {dag.py:2693} INFO - Sync 1 DAGs
[2023-11-21T08:20:21.087+0000] {logging_mixin.py:137} INFO - [2023-11-21T08:20:21.087+0000] {dag.py:3444} INFO - Setting next_dagrun for example_trigger_target_dag to None, run_after=None
[2023-11-21T08:20:21.101+0000] {processor.py:175} INFO - Processing /home/airflow/.local/lib/python3.7/site-packages/airflow/example_dags/example_trigger_target_dag.py took 0.141 seconds
[2023-11-21T08:20:51.200+0000] {processor.py:153} INFO - Started process (PID=199) to work on /home/airflow/.local/lib/python3.7/site-packages/airflow/example_dags/example_trigger_target_dag.py
[2023-11-21T08:20:51.202+0000] {processor.py:743} INFO - Processing file /home/airflow/.local/lib/python3.7/site-packages/airflow/example_dags/example_trigger_target_dag.py for tasks to queue
[2023-11-21T08:20:51.203+0000] {logging_mixin.py:137} INFO - [2023-11-21T08:20:51.203+0000] {dagbag.py:532} INFO - Filling up the DagBag from /home/airflow/.local/lib/python3.7/site-packages/airflow/example_dags/example_trigger_target_dag.py
[2023-11-21T08:20:51.231+0000] {processor.py:753} INFO - DAG(s) dict_keys(['example_trigger_target_dag']) retrieved from /home/airflow/.local/lib/python3.7/site-packages/airflow/example_dags/example_trigger_target_dag.py
[2023-11-21T08:20:51.261+0000] {logging_mixin.py:137} INFO - [2023-11-21T08:20:51.261+0000] {dag.py:2693} INFO - Sync 1 DAGs
[2023-11-21T08:20:51.284+0000] {logging_mixin.py:137} INFO - [2023-11-21T08:20:51.284+0000] {dag.py:3444} INFO - Setting next_dagrun for example_trigger_target_dag to None, run_after=None
[2023-11-21T08:20:51.307+0000] {processor.py:175} INFO - Processing /home/airflow/.local/lib/python3.7/site-packages/airflow/example_dags/example_trigger_target_dag.py took 0.118 seconds
