[2023-11-21T08:05:47.551+0000] {processor.py:153} INFO - Started process (PID=40) to work on /home/airflow/.local/lib/python3.7/site-packages/airflow/example_dags/example_dag_decorator.py
[2023-11-21T08:05:47.553+0000] {processor.py:743} INFO - Processing file /home/airflow/.local/lib/python3.7/site-packages/airflow/example_dags/example_dag_decorator.py for tasks to queue
[2023-11-21T08:05:47.555+0000] {logging_mixin.py:137} INFO - [2023-11-21T08:05:47.555+0000] {dagbag.py:532} INFO - Filling up the DagBag from /home/airflow/.local/lib/python3.7/site-packages/airflow/example_dags/example_dag_decorator.py
[2023-11-21T08:05:47.586+0000] {logging_mixin.py:137} INFO - [2023-11-21T08:05:47.586+0000] {taskmixin.py:211} WARNING - Dependency <Task(_PythonDecoratedOperator): prepare_email>, send_email already registered for DAG: example_dag_decorator
[2023-11-21T08:05:47.586+0000] {logging_mixin.py:137} INFO - [2023-11-21T08:05:47.586+0000] {taskmixin.py:211} WARNING - Dependency <Task(EmailOperator): send_email>, prepare_email already registered for DAG: example_dag_decorator
[2023-11-21T08:05:47.601+0000] {processor.py:753} INFO - DAG(s) dict_keys(['example_dag_decorator']) retrieved from /home/airflow/.local/lib/python3.7/site-packages/airflow/example_dags/example_dag_decorator.py
[2023-11-21T08:05:47.619+0000] {logging_mixin.py:137} INFO - [2023-11-21T08:05:47.618+0000] {dag.py:2693} INFO - Sync 1 DAGs
[2023-11-21T08:05:47.636+0000] {logging_mixin.py:137} INFO - [2023-11-21T08:05:47.636+0000] {dag.py:3444} INFO - Setting next_dagrun for example_dag_decorator to None, run_after=None
[2023-11-21T08:05:47.651+0000] {processor.py:175} INFO - Processing /home/airflow/.local/lib/python3.7/site-packages/airflow/example_dags/example_dag_decorator.py took 0.103 seconds
[2023-11-21T08:06:17.700+0000] {processor.py:153} INFO - Started process (PID=89) to work on /home/airflow/.local/lib/python3.7/site-packages/airflow/example_dags/example_dag_decorator.py
[2023-11-21T08:06:17.701+0000] {processor.py:743} INFO - Processing file /home/airflow/.local/lib/python3.7/site-packages/airflow/example_dags/example_dag_decorator.py for tasks to queue
[2023-11-21T08:06:17.702+0000] {logging_mixin.py:137} INFO - [2023-11-21T08:06:17.702+0000] {dagbag.py:532} INFO - Filling up the DagBag from /home/airflow/.local/lib/python3.7/site-packages/airflow/example_dags/example_dag_decorator.py
[2023-11-21T08:06:17.715+0000] {logging_mixin.py:137} INFO - [2023-11-21T08:06:17.715+0000] {taskmixin.py:211} WARNING - Dependency <Task(_PythonDecoratedOperator): prepare_email>, send_email already registered for DAG: example_dag_decorator
[2023-11-21T08:06:17.716+0000] {logging_mixin.py:137} INFO - [2023-11-21T08:06:17.715+0000] {taskmixin.py:211} WARNING - Dependency <Task(EmailOperator): send_email>, prepare_email already registered for DAG: example_dag_decorator
[2023-11-21T08:06:17.723+0000] {processor.py:753} INFO - DAG(s) dict_keys(['example_dag_decorator']) retrieved from /home/airflow/.local/lib/python3.7/site-packages/airflow/example_dags/example_dag_decorator.py
[2023-11-21T08:06:17.762+0000] {logging_mixin.py:137} INFO - [2023-11-21T08:06:17.762+0000] {dag.py:2693} INFO - Sync 1 DAGs
[2023-11-21T08:06:17.776+0000] {logging_mixin.py:137} INFO - [2023-11-21T08:06:17.776+0000] {dag.py:3444} INFO - Setting next_dagrun for example_dag_decorator to None, run_after=None
[2023-11-21T08:06:17.787+0000] {processor.py:175} INFO - Processing /home/airflow/.local/lib/python3.7/site-packages/airflow/example_dags/example_dag_decorator.py took 0.090 seconds
[2023-11-21T08:06:48.781+0000] {processor.py:153} INFO - Started process (PID=138) to work on /home/airflow/.local/lib/python3.7/site-packages/airflow/example_dags/example_dag_decorator.py
[2023-11-21T08:06:48.782+0000] {processor.py:743} INFO - Processing file /home/airflow/.local/lib/python3.7/site-packages/airflow/example_dags/example_dag_decorator.py for tasks to queue
[2023-11-21T08:06:48.783+0000] {logging_mixin.py:137} INFO - [2023-11-21T08:06:48.783+0000] {dagbag.py:532} INFO - Filling up the DagBag from /home/airflow/.local/lib/python3.7/site-packages/airflow/example_dags/example_dag_decorator.py
[2023-11-21T08:06:48.799+0000] {logging_mixin.py:137} INFO - [2023-11-21T08:06:48.799+0000] {taskmixin.py:211} WARNING - Dependency <Task(_PythonDecoratedOperator): prepare_email>, send_email already registered for DAG: example_dag_decorator
[2023-11-21T08:06:48.799+0000] {logging_mixin.py:137} INFO - [2023-11-21T08:06:48.799+0000] {taskmixin.py:211} WARNING - Dependency <Task(EmailOperator): send_email>, prepare_email already registered for DAG: example_dag_decorator
[2023-11-21T08:06:48.809+0000] {processor.py:753} INFO - DAG(s) dict_keys(['example_dag_decorator']) retrieved from /home/airflow/.local/lib/python3.7/site-packages/airflow/example_dags/example_dag_decorator.py
[2023-11-21T08:06:48.852+0000] {logging_mixin.py:137} INFO - [2023-11-21T08:06:48.852+0000] {dag.py:2693} INFO - Sync 1 DAGs
[2023-11-21T08:06:48.867+0000] {logging_mixin.py:137} INFO - [2023-11-21T08:06:48.867+0000] {dag.py:3444} INFO - Setting next_dagrun for example_dag_decorator to None, run_after=None
[2023-11-21T08:06:48.879+0000] {processor.py:175} INFO - Processing /home/airflow/.local/lib/python3.7/site-packages/airflow/example_dags/example_dag_decorator.py took 0.101 seconds
[2023-11-21T08:07:19.603+0000] {processor.py:153} INFO - Started process (PID=187) to work on /home/airflow/.local/lib/python3.7/site-packages/airflow/example_dags/example_dag_decorator.py
[2023-11-21T08:07:19.604+0000] {processor.py:743} INFO - Processing file /home/airflow/.local/lib/python3.7/site-packages/airflow/example_dags/example_dag_decorator.py for tasks to queue
[2023-11-21T08:07:19.605+0000] {logging_mixin.py:137} INFO - [2023-11-21T08:07:19.605+0000] {dagbag.py:532} INFO - Filling up the DagBag from /home/airflow/.local/lib/python3.7/site-packages/airflow/example_dags/example_dag_decorator.py
[2023-11-21T08:07:19.622+0000] {logging_mixin.py:137} INFO - [2023-11-21T08:07:19.622+0000] {taskmixin.py:211} WARNING - Dependency <Task(_PythonDecoratedOperator): prepare_email>, send_email already registered for DAG: example_dag_decorator
[2023-11-21T08:07:19.622+0000] {logging_mixin.py:137} INFO - [2023-11-21T08:07:19.622+0000] {taskmixin.py:211} WARNING - Dependency <Task(EmailOperator): send_email>, prepare_email already registered for DAG: example_dag_decorator
[2023-11-21T08:07:19.632+0000] {processor.py:753} INFO - DAG(s) dict_keys(['example_dag_decorator']) retrieved from /home/airflow/.local/lib/python3.7/site-packages/airflow/example_dags/example_dag_decorator.py
[2023-11-21T08:07:19.673+0000] {logging_mixin.py:137} INFO - [2023-11-21T08:07:19.673+0000] {dag.py:2693} INFO - Sync 1 DAGs
[2023-11-21T08:07:19.687+0000] {logging_mixin.py:137} INFO - [2023-11-21T08:07:19.687+0000] {dag.py:3444} INFO - Setting next_dagrun for example_dag_decorator to None, run_after=None
[2023-11-21T08:07:19.698+0000] {processor.py:175} INFO - Processing /home/airflow/.local/lib/python3.7/site-packages/airflow/example_dags/example_dag_decorator.py took 0.099 seconds
[2023-11-21T08:07:50.380+0000] {processor.py:153} INFO - Started process (PID=236) to work on /home/airflow/.local/lib/python3.7/site-packages/airflow/example_dags/example_dag_decorator.py
[2023-11-21T08:07:50.381+0000] {processor.py:743} INFO - Processing file /home/airflow/.local/lib/python3.7/site-packages/airflow/example_dags/example_dag_decorator.py for tasks to queue
[2023-11-21T08:07:50.382+0000] {logging_mixin.py:137} INFO - [2023-11-21T08:07:50.382+0000] {dagbag.py:532} INFO - Filling up the DagBag from /home/airflow/.local/lib/python3.7/site-packages/airflow/example_dags/example_dag_decorator.py
[2023-11-21T08:07:50.398+0000] {logging_mixin.py:137} INFO - [2023-11-21T08:07:50.398+0000] {taskmixin.py:211} WARNING - Dependency <Task(_PythonDecoratedOperator): prepare_email>, send_email already registered for DAG: example_dag_decorator
[2023-11-21T08:07:50.398+0000] {logging_mixin.py:137} INFO - [2023-11-21T08:07:50.398+0000] {taskmixin.py:211} WARNING - Dependency <Task(EmailOperator): send_email>, prepare_email already registered for DAG: example_dag_decorator
[2023-11-21T08:07:50.408+0000] {processor.py:753} INFO - DAG(s) dict_keys(['example_dag_decorator']) retrieved from /home/airflow/.local/lib/python3.7/site-packages/airflow/example_dags/example_dag_decorator.py
[2023-11-21T08:07:50.448+0000] {logging_mixin.py:137} INFO - [2023-11-21T08:07:50.448+0000] {dag.py:2693} INFO - Sync 1 DAGs
[2023-11-21T08:07:50.462+0000] {logging_mixin.py:137} INFO - [2023-11-21T08:07:50.462+0000] {dag.py:3444} INFO - Setting next_dagrun for example_dag_decorator to None, run_after=None
[2023-11-21T08:07:50.473+0000] {processor.py:175} INFO - Processing /home/airflow/.local/lib/python3.7/site-packages/airflow/example_dags/example_dag_decorator.py took 0.096 seconds
[2023-11-21T08:08:21.202+0000] {processor.py:153} INFO - Started process (PID=285) to work on /home/airflow/.local/lib/python3.7/site-packages/airflow/example_dags/example_dag_decorator.py
[2023-11-21T08:08:21.202+0000] {processor.py:743} INFO - Processing file /home/airflow/.local/lib/python3.7/site-packages/airflow/example_dags/example_dag_decorator.py for tasks to queue
[2023-11-21T08:08:21.203+0000] {logging_mixin.py:137} INFO - [2023-11-21T08:08:21.203+0000] {dagbag.py:532} INFO - Filling up the DagBag from /home/airflow/.local/lib/python3.7/site-packages/airflow/example_dags/example_dag_decorator.py
[2023-11-21T08:08:21.223+0000] {logging_mixin.py:137} INFO - [2023-11-21T08:08:21.222+0000] {taskmixin.py:211} WARNING - Dependency <Task(_PythonDecoratedOperator): prepare_email>, send_email already registered for DAG: example_dag_decorator
[2023-11-21T08:08:21.223+0000] {logging_mixin.py:137} INFO - [2023-11-21T08:08:21.223+0000] {taskmixin.py:211} WARNING - Dependency <Task(EmailOperator): send_email>, prepare_email already registered for DAG: example_dag_decorator
[2023-11-21T08:08:21.234+0000] {processor.py:753} INFO - DAG(s) dict_keys(['example_dag_decorator']) retrieved from /home/airflow/.local/lib/python3.7/site-packages/airflow/example_dags/example_dag_decorator.py
[2023-11-21T08:08:21.278+0000] {logging_mixin.py:137} INFO - [2023-11-21T08:08:21.278+0000] {dag.py:2693} INFO - Sync 1 DAGs
[2023-11-21T08:08:21.291+0000] {logging_mixin.py:137} INFO - [2023-11-21T08:08:21.291+0000] {dag.py:3444} INFO - Setting next_dagrun for example_dag_decorator to None, run_after=None
[2023-11-21T08:08:21.304+0000] {processor.py:175} INFO - Processing /home/airflow/.local/lib/python3.7/site-packages/airflow/example_dags/example_dag_decorator.py took 0.105 seconds
[2023-11-21T08:08:51.995+0000] {processor.py:153} INFO - Started process (PID=334) to work on /home/airflow/.local/lib/python3.7/site-packages/airflow/example_dags/example_dag_decorator.py
[2023-11-21T08:08:51.996+0000] {processor.py:743} INFO - Processing file /home/airflow/.local/lib/python3.7/site-packages/airflow/example_dags/example_dag_decorator.py for tasks to queue
[2023-11-21T08:08:51.996+0000] {logging_mixin.py:137} INFO - [2023-11-21T08:08:51.996+0000] {dagbag.py:532} INFO - Filling up the DagBag from /home/airflow/.local/lib/python3.7/site-packages/airflow/example_dags/example_dag_decorator.py
[2023-11-21T08:08:52.012+0000] {logging_mixin.py:137} INFO - [2023-11-21T08:08:52.012+0000] {taskmixin.py:211} WARNING - Dependency <Task(_PythonDecoratedOperator): prepare_email>, send_email already registered for DAG: example_dag_decorator
[2023-11-21T08:08:52.013+0000] {logging_mixin.py:137} INFO - [2023-11-21T08:08:52.013+0000] {taskmixin.py:211} WARNING - Dependency <Task(EmailOperator): send_email>, prepare_email already registered for DAG: example_dag_decorator
[2023-11-21T08:08:52.024+0000] {processor.py:753} INFO - DAG(s) dict_keys(['example_dag_decorator']) retrieved from /home/airflow/.local/lib/python3.7/site-packages/airflow/example_dags/example_dag_decorator.py
[2023-11-21T08:08:52.067+0000] {logging_mixin.py:137} INFO - [2023-11-21T08:08:52.067+0000] {dag.py:2693} INFO - Sync 1 DAGs
[2023-11-21T08:08:52.081+0000] {logging_mixin.py:137} INFO - [2023-11-21T08:08:52.081+0000] {dag.py:3444} INFO - Setting next_dagrun for example_dag_decorator to None, run_after=None
[2023-11-21T08:08:52.092+0000] {processor.py:175} INFO - Processing /home/airflow/.local/lib/python3.7/site-packages/airflow/example_dags/example_dag_decorator.py took 0.100 seconds
[2023-11-21T08:09:22.733+0000] {processor.py:153} INFO - Started process (PID=383) to work on /home/airflow/.local/lib/python3.7/site-packages/airflow/example_dags/example_dag_decorator.py
[2023-11-21T08:09:22.733+0000] {processor.py:743} INFO - Processing file /home/airflow/.local/lib/python3.7/site-packages/airflow/example_dags/example_dag_decorator.py for tasks to queue
[2023-11-21T08:09:22.734+0000] {logging_mixin.py:137} INFO - [2023-11-21T08:09:22.734+0000] {dagbag.py:532} INFO - Filling up the DagBag from /home/airflow/.local/lib/python3.7/site-packages/airflow/example_dags/example_dag_decorator.py
[2023-11-21T08:09:22.748+0000] {logging_mixin.py:137} INFO - [2023-11-21T08:09:22.748+0000] {taskmixin.py:211} WARNING - Dependency <Task(_PythonDecoratedOperator): prepare_email>, send_email already registered for DAG: example_dag_decorator
[2023-11-21T08:09:22.749+0000] {logging_mixin.py:137} INFO - [2023-11-21T08:09:22.749+0000] {taskmixin.py:211} WARNING - Dependency <Task(EmailOperator): send_email>, prepare_email already registered for DAG: example_dag_decorator
[2023-11-21T08:09:22.759+0000] {processor.py:753} INFO - DAG(s) dict_keys(['example_dag_decorator']) retrieved from /home/airflow/.local/lib/python3.7/site-packages/airflow/example_dags/example_dag_decorator.py
[2023-11-21T08:09:22.804+0000] {logging_mixin.py:137} INFO - [2023-11-21T08:09:22.804+0000] {dag.py:2693} INFO - Sync 1 DAGs
[2023-11-21T08:09:22.817+0000] {logging_mixin.py:137} INFO - [2023-11-21T08:09:22.817+0000] {dag.py:3444} INFO - Setting next_dagrun for example_dag_decorator to None, run_after=None
[2023-11-21T08:09:22.828+0000] {processor.py:175} INFO - Processing /home/airflow/.local/lib/python3.7/site-packages/airflow/example_dags/example_dag_decorator.py took 0.098 seconds
[2023-11-21T08:09:53.515+0000] {processor.py:153} INFO - Started process (PID=432) to work on /home/airflow/.local/lib/python3.7/site-packages/airflow/example_dags/example_dag_decorator.py
[2023-11-21T08:09:53.516+0000] {processor.py:743} INFO - Processing file /home/airflow/.local/lib/python3.7/site-packages/airflow/example_dags/example_dag_decorator.py for tasks to queue
[2023-11-21T08:09:53.517+0000] {logging_mixin.py:137} INFO - [2023-11-21T08:09:53.517+0000] {dagbag.py:532} INFO - Filling up the DagBag from /home/airflow/.local/lib/python3.7/site-packages/airflow/example_dags/example_dag_decorator.py
[2023-11-21T08:09:53.535+0000] {logging_mixin.py:137} INFO - [2023-11-21T08:09:53.535+0000] {taskmixin.py:211} WARNING - Dependency <Task(_PythonDecoratedOperator): prepare_email>, send_email already registered for DAG: example_dag_decorator
[2023-11-21T08:09:53.535+0000] {logging_mixin.py:137} INFO - [2023-11-21T08:09:53.535+0000] {taskmixin.py:211} WARNING - Dependency <Task(EmailOperator): send_email>, prepare_email already registered for DAG: example_dag_decorator
[2023-11-21T08:09:53.547+0000] {processor.py:753} INFO - DAG(s) dict_keys(['example_dag_decorator']) retrieved from /home/airflow/.local/lib/python3.7/site-packages/airflow/example_dags/example_dag_decorator.py
[2023-11-21T08:09:53.594+0000] {logging_mixin.py:137} INFO - [2023-11-21T08:09:53.593+0000] {dag.py:2693} INFO - Sync 1 DAGs
[2023-11-21T08:09:53.609+0000] {logging_mixin.py:137} INFO - [2023-11-21T08:09:53.609+0000] {dag.py:3444} INFO - Setting next_dagrun for example_dag_decorator to None, run_after=None
[2023-11-21T08:09:53.620+0000] {processor.py:175} INFO - Processing /home/airflow/.local/lib/python3.7/site-packages/airflow/example_dags/example_dag_decorator.py took 0.108 seconds
[2023-11-21T08:10:24.280+0000] {processor.py:153} INFO - Started process (PID=481) to work on /home/airflow/.local/lib/python3.7/site-packages/airflow/example_dags/example_dag_decorator.py
[2023-11-21T08:10:24.281+0000] {processor.py:743} INFO - Processing file /home/airflow/.local/lib/python3.7/site-packages/airflow/example_dags/example_dag_decorator.py for tasks to queue
[2023-11-21T08:10:24.281+0000] {logging_mixin.py:137} INFO - [2023-11-21T08:10:24.281+0000] {dagbag.py:532} INFO - Filling up the DagBag from /home/airflow/.local/lib/python3.7/site-packages/airflow/example_dags/example_dag_decorator.py
[2023-11-21T08:10:24.291+0000] {logging_mixin.py:137} INFO - [2023-11-21T08:10:24.291+0000] {taskmixin.py:211} WARNING - Dependency <Task(_PythonDecoratedOperator): prepare_email>, send_email already registered for DAG: example_dag_decorator
[2023-11-21T08:10:24.292+0000] {logging_mixin.py:137} INFO - [2023-11-21T08:10:24.292+0000] {taskmixin.py:211} WARNING - Dependency <Task(EmailOperator): send_email>, prepare_email already registered for DAG: example_dag_decorator
[2023-11-21T08:10:24.301+0000] {processor.py:753} INFO - DAG(s) dict_keys(['example_dag_decorator']) retrieved from /home/airflow/.local/lib/python3.7/site-packages/airflow/example_dags/example_dag_decorator.py
[2023-11-21T08:10:24.344+0000] {logging_mixin.py:137} INFO - [2023-11-21T08:10:24.344+0000] {dag.py:2693} INFO - Sync 1 DAGs
[2023-11-21T08:10:24.359+0000] {logging_mixin.py:137} INFO - [2023-11-21T08:10:24.359+0000] {dag.py:3444} INFO - Setting next_dagrun for example_dag_decorator to None, run_after=None
[2023-11-21T08:10:24.371+0000] {processor.py:175} INFO - Processing /home/airflow/.local/lib/python3.7/site-packages/airflow/example_dags/example_dag_decorator.py took 0.093 seconds
[2023-11-21T08:10:55.361+0000] {processor.py:153} INFO - Started process (PID=530) to work on /home/airflow/.local/lib/python3.7/site-packages/airflow/example_dags/example_dag_decorator.py
[2023-11-21T08:10:55.362+0000] {processor.py:743} INFO - Processing file /home/airflow/.local/lib/python3.7/site-packages/airflow/example_dags/example_dag_decorator.py for tasks to queue
[2023-11-21T08:10:55.363+0000] {logging_mixin.py:137} INFO - [2023-11-21T08:10:55.363+0000] {dagbag.py:532} INFO - Filling up the DagBag from /home/airflow/.local/lib/python3.7/site-packages/airflow/example_dags/example_dag_decorator.py
[2023-11-21T08:10:55.374+0000] {logging_mixin.py:137} INFO - [2023-11-21T08:10:55.374+0000] {taskmixin.py:211} WARNING - Dependency <Task(_PythonDecoratedOperator): prepare_email>, send_email already registered for DAG: example_dag_decorator
[2023-11-21T08:10:55.374+0000] {logging_mixin.py:137} INFO - [2023-11-21T08:10:55.374+0000] {taskmixin.py:211} WARNING - Dependency <Task(EmailOperator): send_email>, prepare_email already registered for DAG: example_dag_decorator
[2023-11-21T08:10:55.382+0000] {processor.py:753} INFO - DAG(s) dict_keys(['example_dag_decorator']) retrieved from /home/airflow/.local/lib/python3.7/site-packages/airflow/example_dags/example_dag_decorator.py
[2023-11-21T08:10:55.422+0000] {logging_mixin.py:137} INFO - [2023-11-21T08:10:55.422+0000] {dag.py:2693} INFO - Sync 1 DAGs
[2023-11-21T08:10:55.438+0000] {logging_mixin.py:137} INFO - [2023-11-21T08:10:55.438+0000] {dag.py:3444} INFO - Setting next_dagrun for example_dag_decorator to None, run_after=None
[2023-11-21T08:10:55.451+0000] {processor.py:175} INFO - Processing /home/airflow/.local/lib/python3.7/site-packages/airflow/example_dags/example_dag_decorator.py took 0.092 seconds
[2023-11-21T08:11:25.493+0000] {processor.py:153} INFO - Started process (PID=579) to work on /home/airflow/.local/lib/python3.7/site-packages/airflow/example_dags/example_dag_decorator.py
[2023-11-21T08:11:25.493+0000] {processor.py:743} INFO - Processing file /home/airflow/.local/lib/python3.7/site-packages/airflow/example_dags/example_dag_decorator.py for tasks to queue
[2023-11-21T08:11:25.494+0000] {logging_mixin.py:137} INFO - [2023-11-21T08:11:25.494+0000] {dagbag.py:532} INFO - Filling up the DagBag from /home/airflow/.local/lib/python3.7/site-packages/airflow/example_dags/example_dag_decorator.py
[2023-11-21T08:11:25.504+0000] {logging_mixin.py:137} INFO - [2023-11-21T08:11:25.504+0000] {taskmixin.py:211} WARNING - Dependency <Task(_PythonDecoratedOperator): prepare_email>, send_email already registered for DAG: example_dag_decorator
[2023-11-21T08:11:25.505+0000] {logging_mixin.py:137} INFO - [2023-11-21T08:11:25.505+0000] {taskmixin.py:211} WARNING - Dependency <Task(EmailOperator): send_email>, prepare_email already registered for DAG: example_dag_decorator
[2023-11-21T08:11:25.512+0000] {processor.py:753} INFO - DAG(s) dict_keys(['example_dag_decorator']) retrieved from /home/airflow/.local/lib/python3.7/site-packages/airflow/example_dags/example_dag_decorator.py
[2023-11-21T08:11:25.553+0000] {logging_mixin.py:137} INFO - [2023-11-21T08:11:25.553+0000] {dag.py:2693} INFO - Sync 1 DAGs
[2023-11-21T08:11:25.567+0000] {logging_mixin.py:137} INFO - [2023-11-21T08:11:25.567+0000] {dag.py:3444} INFO - Setting next_dagrun for example_dag_decorator to None, run_after=None
[2023-11-21T08:11:25.578+0000] {processor.py:175} INFO - Processing /home/airflow/.local/lib/python3.7/site-packages/airflow/example_dags/example_dag_decorator.py took 0.088 seconds
[2023-11-21T08:11:55.699+0000] {processor.py:153} INFO - Started process (PID=628) to work on /home/airflow/.local/lib/python3.7/site-packages/airflow/example_dags/example_dag_decorator.py
[2023-11-21T08:11:55.700+0000] {processor.py:743} INFO - Processing file /home/airflow/.local/lib/python3.7/site-packages/airflow/example_dags/example_dag_decorator.py for tasks to queue
[2023-11-21T08:11:55.700+0000] {logging_mixin.py:137} INFO - [2023-11-21T08:11:55.700+0000] {dagbag.py:532} INFO - Filling up the DagBag from /home/airflow/.local/lib/python3.7/site-packages/airflow/example_dags/example_dag_decorator.py
[2023-11-21T08:11:55.716+0000] {logging_mixin.py:137} INFO - [2023-11-21T08:11:55.716+0000] {taskmixin.py:211} WARNING - Dependency <Task(_PythonDecoratedOperator): prepare_email>, send_email already registered for DAG: example_dag_decorator
[2023-11-21T08:11:55.716+0000] {logging_mixin.py:137} INFO - [2023-11-21T08:11:55.716+0000] {taskmixin.py:211} WARNING - Dependency <Task(EmailOperator): send_email>, prepare_email already registered for DAG: example_dag_decorator
[2023-11-21T08:11:55.727+0000] {processor.py:753} INFO - DAG(s) dict_keys(['example_dag_decorator']) retrieved from /home/airflow/.local/lib/python3.7/site-packages/airflow/example_dags/example_dag_decorator.py
[2023-11-21T08:11:55.770+0000] {logging_mixin.py:137} INFO - [2023-11-21T08:11:55.770+0000] {dag.py:2693} INFO - Sync 1 DAGs
[2023-11-21T08:11:55.786+0000] {logging_mixin.py:137} INFO - [2023-11-21T08:11:55.786+0000] {dag.py:3444} INFO - Setting next_dagrun for example_dag_decorator to None, run_after=None
[2023-11-21T08:11:55.807+0000] {processor.py:175} INFO - Processing /home/airflow/.local/lib/python3.7/site-packages/airflow/example_dags/example_dag_decorator.py took 0.112 seconds
[2023-11-21T08:12:25.994+0000] {processor.py:153} INFO - Started process (PID=677) to work on /home/airflow/.local/lib/python3.7/site-packages/airflow/example_dags/example_dag_decorator.py
[2023-11-21T08:12:25.995+0000] {processor.py:743} INFO - Processing file /home/airflow/.local/lib/python3.7/site-packages/airflow/example_dags/example_dag_decorator.py for tasks to queue
[2023-11-21T08:12:25.996+0000] {logging_mixin.py:137} INFO - [2023-11-21T08:12:25.996+0000] {dagbag.py:532} INFO - Filling up the DagBag from /home/airflow/.local/lib/python3.7/site-packages/airflow/example_dags/example_dag_decorator.py
[2023-11-21T08:12:26.013+0000] {logging_mixin.py:137} INFO - [2023-11-21T08:12:26.013+0000] {taskmixin.py:211} WARNING - Dependency <Task(_PythonDecoratedOperator): prepare_email>, send_email already registered for DAG: example_dag_decorator
[2023-11-21T08:12:26.013+0000] {logging_mixin.py:137} INFO - [2023-11-21T08:12:26.013+0000] {taskmixin.py:211} WARNING - Dependency <Task(EmailOperator): send_email>, prepare_email already registered for DAG: example_dag_decorator
[2023-11-21T08:12:26.023+0000] {processor.py:753} INFO - DAG(s) dict_keys(['example_dag_decorator']) retrieved from /home/airflow/.local/lib/python3.7/site-packages/airflow/example_dags/example_dag_decorator.py
[2023-11-21T08:12:26.065+0000] {logging_mixin.py:137} INFO - [2023-11-21T08:12:26.065+0000] {dag.py:2693} INFO - Sync 1 DAGs
[2023-11-21T08:12:26.080+0000] {logging_mixin.py:137} INFO - [2023-11-21T08:12:26.080+0000] {dag.py:3444} INFO - Setting next_dagrun for example_dag_decorator to None, run_after=None
[2023-11-21T08:12:26.091+0000] {processor.py:175} INFO - Processing /home/airflow/.local/lib/python3.7/site-packages/airflow/example_dags/example_dag_decorator.py took 0.101 seconds
[2023-11-21T08:19:16.694+0000] {processor.py:153} INFO - Started process (PID=40) to work on /home/airflow/.local/lib/python3.7/site-packages/airflow/example_dags/example_dag_decorator.py
[2023-11-21T08:19:16.697+0000] {processor.py:743} INFO - Processing file /home/airflow/.local/lib/python3.7/site-packages/airflow/example_dags/example_dag_decorator.py for tasks to queue
[2023-11-21T08:19:16.698+0000] {logging_mixin.py:137} INFO - [2023-11-21T08:19:16.698+0000] {dagbag.py:532} INFO - Filling up the DagBag from /home/airflow/.local/lib/python3.7/site-packages/airflow/example_dags/example_dag_decorator.py
[2023-11-21T08:19:16.740+0000] {logging_mixin.py:137} INFO - [2023-11-21T08:19:16.739+0000] {taskmixin.py:211} WARNING - Dependency <Task(_PythonDecoratedOperator): prepare_email>, send_email already registered for DAG: example_dag_decorator
[2023-11-21T08:19:16.740+0000] {logging_mixin.py:137} INFO - [2023-11-21T08:19:16.740+0000] {taskmixin.py:211} WARNING - Dependency <Task(EmailOperator): send_email>, prepare_email already registered for DAG: example_dag_decorator
[2023-11-21T08:19:16.759+0000] {processor.py:753} INFO - DAG(s) dict_keys(['example_dag_decorator']) retrieved from /home/airflow/.local/lib/python3.7/site-packages/airflow/example_dags/example_dag_decorator.py
[2023-11-21T08:19:16.962+0000] {logging_mixin.py:137} INFO - [2023-11-21T08:19:16.962+0000] {manager.py:504} INFO - Created Permission View: can edit on DAG:example_dag_decorator
[2023-11-21T08:19:16.980+0000] {logging_mixin.py:137} INFO - [2023-11-21T08:19:16.980+0000] {manager.py:504} INFO - Created Permission View: can read on DAG:example_dag_decorator
[2023-11-21T08:19:16.998+0000] {logging_mixin.py:137} INFO - [2023-11-21T08:19:16.998+0000] {manager.py:504} INFO - Created Permission View: can delete on DAG:example_dag_decorator
[2023-11-21T08:19:16.999+0000] {logging_mixin.py:137} INFO - [2023-11-21T08:19:16.999+0000] {dag.py:2693} INFO - Sync 1 DAGs
[2023-11-21T08:19:17.014+0000] {logging_mixin.py:137} INFO - [2023-11-21T08:19:17.014+0000] {dag.py:2714} INFO - Creating ORM DAG for example_dag_decorator
[2023-11-21T08:19:17.038+0000] {logging_mixin.py:137} INFO - [2023-11-21T08:19:17.038+0000] {dag.py:3444} INFO - Setting next_dagrun for example_dag_decorator to None, run_after=None
[2023-11-21T08:19:17.074+0000] {processor.py:175} INFO - Processing /home/airflow/.local/lib/python3.7/site-packages/airflow/example_dags/example_dag_decorator.py took 0.387 seconds
[2023-11-21T08:19:47.490+0000] {processor.py:153} INFO - Started process (PID=89) to work on /home/airflow/.local/lib/python3.7/site-packages/airflow/example_dags/example_dag_decorator.py
[2023-11-21T08:19:47.506+0000] {processor.py:743} INFO - Processing file /home/airflow/.local/lib/python3.7/site-packages/airflow/example_dags/example_dag_decorator.py for tasks to queue
[2023-11-21T08:19:47.521+0000] {logging_mixin.py:137} INFO - [2023-11-21T08:19:47.519+0000] {dagbag.py:532} INFO - Filling up the DagBag from /home/airflow/.local/lib/python3.7/site-packages/airflow/example_dags/example_dag_decorator.py
[2023-11-21T08:19:47.708+0000] {logging_mixin.py:137} INFO - [2023-11-21T08:19:47.708+0000] {taskmixin.py:211} WARNING - Dependency <Task(_PythonDecoratedOperator): prepare_email>, send_email already registered for DAG: example_dag_decorator
[2023-11-21T08:19:47.710+0000] {logging_mixin.py:137} INFO - [2023-11-21T08:19:47.710+0000] {taskmixin.py:211} WARNING - Dependency <Task(EmailOperator): send_email>, prepare_email already registered for DAG: example_dag_decorator
[2023-11-21T08:19:47.774+0000] {processor.py:753} INFO - DAG(s) dict_keys(['example_dag_decorator']) retrieved from /home/airflow/.local/lib/python3.7/site-packages/airflow/example_dags/example_dag_decorator.py
[2023-11-21T08:19:47.961+0000] {logging_mixin.py:137} INFO - [2023-11-21T08:19:47.960+0000] {dag.py:2693} INFO - Sync 1 DAGs
[2023-11-21T08:19:48.026+0000] {logging_mixin.py:137} INFO - [2023-11-21T08:19:48.026+0000] {dag.py:3444} INFO - Setting next_dagrun for example_dag_decorator to None, run_after=None
[2023-11-21T08:19:48.069+0000] {processor.py:175} INFO - Processing /home/airflow/.local/lib/python3.7/site-packages/airflow/example_dags/example_dag_decorator.py took 0.637 seconds
[2023-11-21T08:20:18.224+0000] {processor.py:153} INFO - Started process (PID=138) to work on /home/airflow/.local/lib/python3.7/site-packages/airflow/example_dags/example_dag_decorator.py
[2023-11-21T08:20:18.227+0000] {processor.py:743} INFO - Processing file /home/airflow/.local/lib/python3.7/site-packages/airflow/example_dags/example_dag_decorator.py for tasks to queue
[2023-11-21T08:20:18.229+0000] {logging_mixin.py:137} INFO - [2023-11-21T08:20:18.228+0000] {dagbag.py:532} INFO - Filling up the DagBag from /home/airflow/.local/lib/python3.7/site-packages/airflow/example_dags/example_dag_decorator.py
[2023-11-21T08:20:18.273+0000] {logging_mixin.py:137} INFO - [2023-11-21T08:20:18.273+0000] {taskmixin.py:211} WARNING - Dependency <Task(_PythonDecoratedOperator): prepare_email>, send_email already registered for DAG: example_dag_decorator
[2023-11-21T08:20:18.275+0000] {logging_mixin.py:137} INFO - [2023-11-21T08:20:18.275+0000] {taskmixin.py:211} WARNING - Dependency <Task(EmailOperator): send_email>, prepare_email already registered for DAG: example_dag_decorator
[2023-11-21T08:20:18.304+0000] {processor.py:753} INFO - DAG(s) dict_keys(['example_dag_decorator']) retrieved from /home/airflow/.local/lib/python3.7/site-packages/airflow/example_dags/example_dag_decorator.py
[2023-11-21T08:20:18.444+0000] {logging_mixin.py:137} INFO - [2023-11-21T08:20:18.444+0000] {dag.py:2693} INFO - Sync 1 DAGs
[2023-11-21T08:20:18.479+0000] {logging_mixin.py:137} INFO - [2023-11-21T08:20:18.479+0000] {dag.py:3444} INFO - Setting next_dagrun for example_dag_decorator to None, run_after=None
[2023-11-21T08:20:18.493+0000] {processor.py:175} INFO - Processing /home/airflow/.local/lib/python3.7/site-packages/airflow/example_dags/example_dag_decorator.py took 0.281 seconds
[2023-11-21T08:20:48.935+0000] {processor.py:153} INFO - Started process (PID=188) to work on /home/airflow/.local/lib/python3.7/site-packages/airflow/example_dags/example_dag_decorator.py
[2023-11-21T08:20:48.937+0000] {processor.py:743} INFO - Processing file /home/airflow/.local/lib/python3.7/site-packages/airflow/example_dags/example_dag_decorator.py for tasks to queue
[2023-11-21T08:20:48.938+0000] {logging_mixin.py:137} INFO - [2023-11-21T08:20:48.938+0000] {dagbag.py:532} INFO - Filling up the DagBag from /home/airflow/.local/lib/python3.7/site-packages/airflow/example_dags/example_dag_decorator.py
[2023-11-21T08:20:48.963+0000] {logging_mixin.py:137} INFO - [2023-11-21T08:20:48.963+0000] {taskmixin.py:211} WARNING - Dependency <Task(_PythonDecoratedOperator): prepare_email>, send_email already registered for DAG: example_dag_decorator
[2023-11-21T08:20:48.964+0000] {logging_mixin.py:137} INFO - [2023-11-21T08:20:48.964+0000] {taskmixin.py:211} WARNING - Dependency <Task(EmailOperator): send_email>, prepare_email already registered for DAG: example_dag_decorator
[2023-11-21T08:20:48.986+0000] {processor.py:753} INFO - DAG(s) dict_keys(['example_dag_decorator']) retrieved from /home/airflow/.local/lib/python3.7/site-packages/airflow/example_dags/example_dag_decorator.py
[2023-11-21T08:20:49.079+0000] {logging_mixin.py:137} INFO - [2023-11-21T08:20:49.079+0000] {dag.py:2693} INFO - Sync 1 DAGs
[2023-11-21T08:20:49.100+0000] {logging_mixin.py:137} INFO - [2023-11-21T08:20:49.100+0000] {dag.py:3444} INFO - Setting next_dagrun for example_dag_decorator to None, run_after=None
[2023-11-21T08:20:49.238+0000] {processor.py:175} INFO - Processing /home/airflow/.local/lib/python3.7/site-packages/airflow/example_dags/example_dag_decorator.py took 0.309 seconds
