[2023-11-21T08:05:49.395+0000] {processor.py:153} INFO - Started process (PID=66) to work on /home/airflow/.local/lib/python3.7/site-packages/airflow/example_dags/example_latest_only_with_trigger.py
[2023-11-21T08:05:49.397+0000] {processor.py:743} INFO - Processing file /home/airflow/.local/lib/python3.7/site-packages/airflow/example_dags/example_latest_only_with_trigger.py for tasks to queue
[2023-11-21T08:05:49.398+0000] {logging_mixin.py:137} INFO - [2023-11-21T08:05:49.398+0000] {dagbag.py:532} INFO - Filling up the DagBag from /home/airflow/.local/lib/python3.7/site-packages/airflow/example_dags/example_latest_only_with_trigger.py
[2023-11-21T08:05:49.424+0000] {processor.py:753} INFO - DAG(s) dict_keys(['latest_only_with_trigger']) retrieved from /home/airflow/.local/lib/python3.7/site-packages/airflow/example_dags/example_latest_only_with_trigger.py
[2023-11-21T08:05:49.444+0000] {logging_mixin.py:137} INFO - [2023-11-21T08:05:49.444+0000] {dag.py:2693} INFO - Sync 1 DAGs
[2023-11-21T08:05:49.470+0000] {logging_mixin.py:137} INFO - [2023-11-21T08:05:49.470+0000] {dag.py:3444} INFO - Setting next_dagrun for latest_only_with_trigger to 2023-11-21T04:05:49.469787+00:00, run_after=2023-11-21T08:05:49.469787+00:00
[2023-11-21T08:05:49.495+0000] {processor.py:175} INFO - Processing /home/airflow/.local/lib/python3.7/site-packages/airflow/example_dags/example_latest_only_with_trigger.py took 0.108 seconds
[2023-11-21T08:06:19.842+0000] {processor.py:153} INFO - Started process (PID=115) to work on /home/airflow/.local/lib/python3.7/site-packages/airflow/example_dags/example_latest_only_with_trigger.py
[2023-11-21T08:06:19.843+0000] {processor.py:743} INFO - Processing file /home/airflow/.local/lib/python3.7/site-packages/airflow/example_dags/example_latest_only_with_trigger.py for tasks to queue
[2023-11-21T08:06:19.843+0000] {logging_mixin.py:137} INFO - [2023-11-21T08:06:19.843+0000] {dagbag.py:532} INFO - Filling up the DagBag from /home/airflow/.local/lib/python3.7/site-packages/airflow/example_dags/example_latest_only_with_trigger.py
[2023-11-21T08:06:19.853+0000] {processor.py:753} INFO - DAG(s) dict_keys(['latest_only_with_trigger']) retrieved from /home/airflow/.local/lib/python3.7/site-packages/airflow/example_dags/example_latest_only_with_trigger.py
[2023-11-21T08:06:19.884+0000] {logging_mixin.py:137} INFO - [2023-11-21T08:06:19.884+0000] {dag.py:2693} INFO - Sync 1 DAGs
[2023-11-21T08:06:19.904+0000] {logging_mixin.py:137} INFO - [2023-11-21T08:06:19.903+0000] {dag.py:3444} INFO - Setting next_dagrun for latest_only_with_trigger to 2023-11-21T04:06:19.903749+00:00, run_after=2023-11-21T08:06:19.903749+00:00
[2023-11-21T08:06:19.921+0000] {processor.py:175} INFO - Processing /home/airflow/.local/lib/python3.7/site-packages/airflow/example_dags/example_latest_only_with_trigger.py took 0.082 seconds
[2023-11-21T08:06:50.831+0000] {processor.py:153} INFO - Started process (PID=164) to work on /home/airflow/.local/lib/python3.7/site-packages/airflow/example_dags/example_latest_only_with_trigger.py
[2023-11-21T08:06:50.831+0000] {processor.py:743} INFO - Processing file /home/airflow/.local/lib/python3.7/site-packages/airflow/example_dags/example_latest_only_with_trigger.py for tasks to queue
[2023-11-21T08:06:50.832+0000] {logging_mixin.py:137} INFO - [2023-11-21T08:06:50.832+0000] {dagbag.py:532} INFO - Filling up the DagBag from /home/airflow/.local/lib/python3.7/site-packages/airflow/example_dags/example_latest_only_with_trigger.py
[2023-11-21T08:06:50.841+0000] {processor.py:753} INFO - DAG(s) dict_keys(['latest_only_with_trigger']) retrieved from /home/airflow/.local/lib/python3.7/site-packages/airflow/example_dags/example_latest_only_with_trigger.py
[2023-11-21T08:06:50.857+0000] {logging_mixin.py:137} INFO - [2023-11-21T08:06:50.857+0000] {dag.py:2693} INFO - Sync 1 DAGs
[2023-11-21T08:06:50.873+0000] {logging_mixin.py:137} INFO - [2023-11-21T08:06:50.872+0000] {dag.py:3444} INFO - Setting next_dagrun for latest_only_with_trigger to 2023-11-21T04:06:50.872787+00:00, run_after=2023-11-21T08:06:50.872787+00:00
[2023-11-21T08:06:50.883+0000] {processor.py:175} INFO - Processing /home/airflow/.local/lib/python3.7/site-packages/airflow/example_dags/example_latest_only_with_trigger.py took 0.055 seconds
[2023-11-21T08:07:21.600+0000] {processor.py:153} INFO - Started process (PID=213) to work on /home/airflow/.local/lib/python3.7/site-packages/airflow/example_dags/example_latest_only_with_trigger.py
[2023-11-21T08:07:21.601+0000] {processor.py:743} INFO - Processing file /home/airflow/.local/lib/python3.7/site-packages/airflow/example_dags/example_latest_only_with_trigger.py for tasks to queue
[2023-11-21T08:07:21.601+0000] {logging_mixin.py:137} INFO - [2023-11-21T08:07:21.601+0000] {dagbag.py:532} INFO - Filling up the DagBag from /home/airflow/.local/lib/python3.7/site-packages/airflow/example_dags/example_latest_only_with_trigger.py
[2023-11-21T08:07:21.610+0000] {processor.py:753} INFO - DAG(s) dict_keys(['latest_only_with_trigger']) retrieved from /home/airflow/.local/lib/python3.7/site-packages/airflow/example_dags/example_latest_only_with_trigger.py
[2023-11-21T08:07:21.626+0000] {logging_mixin.py:137} INFO - [2023-11-21T08:07:21.626+0000] {dag.py:2693} INFO - Sync 1 DAGs
[2023-11-21T08:07:21.641+0000] {logging_mixin.py:137} INFO - [2023-11-21T08:07:21.641+0000] {dag.py:3444} INFO - Setting next_dagrun for latest_only_with_trigger to 2023-11-21T04:07:21.641382+00:00, run_after=2023-11-21T08:07:21.641382+00:00
[2023-11-21T08:07:21.651+0000] {processor.py:175} INFO - Processing /home/airflow/.local/lib/python3.7/site-packages/airflow/example_dags/example_latest_only_with_trigger.py took 0.054 seconds
[2023-11-21T08:07:52.423+0000] {processor.py:153} INFO - Started process (PID=262) to work on /home/airflow/.local/lib/python3.7/site-packages/airflow/example_dags/example_latest_only_with_trigger.py
[2023-11-21T08:07:52.424+0000] {processor.py:743} INFO - Processing file /home/airflow/.local/lib/python3.7/site-packages/airflow/example_dags/example_latest_only_with_trigger.py for tasks to queue
[2023-11-21T08:07:52.425+0000] {logging_mixin.py:137} INFO - [2023-11-21T08:07:52.425+0000] {dagbag.py:532} INFO - Filling up the DagBag from /home/airflow/.local/lib/python3.7/site-packages/airflow/example_dags/example_latest_only_with_trigger.py
[2023-11-21T08:07:52.433+0000] {processor.py:753} INFO - DAG(s) dict_keys(['latest_only_with_trigger']) retrieved from /home/airflow/.local/lib/python3.7/site-packages/airflow/example_dags/example_latest_only_with_trigger.py
[2023-11-21T08:07:52.450+0000] {logging_mixin.py:137} INFO - [2023-11-21T08:07:52.450+0000] {dag.py:2693} INFO - Sync 1 DAGs
[2023-11-21T08:07:52.466+0000] {logging_mixin.py:137} INFO - [2023-11-21T08:07:52.465+0000] {dag.py:3444} INFO - Setting next_dagrun for latest_only_with_trigger to 2023-11-21T04:07:52.465780+00:00, run_after=2023-11-21T08:07:52.465780+00:00
[2023-11-21T08:07:52.476+0000] {processor.py:175} INFO - Processing /home/airflow/.local/lib/python3.7/site-packages/airflow/example_dags/example_latest_only_with_trigger.py took 0.055 seconds
[2023-11-21T08:08:23.216+0000] {processor.py:153} INFO - Started process (PID=311) to work on /home/airflow/.local/lib/python3.7/site-packages/airflow/example_dags/example_latest_only_with_trigger.py
[2023-11-21T08:08:23.216+0000] {processor.py:743} INFO - Processing file /home/airflow/.local/lib/python3.7/site-packages/airflow/example_dags/example_latest_only_with_trigger.py for tasks to queue
[2023-11-21T08:08:23.217+0000] {logging_mixin.py:137} INFO - [2023-11-21T08:08:23.217+0000] {dagbag.py:532} INFO - Filling up the DagBag from /home/airflow/.local/lib/python3.7/site-packages/airflow/example_dags/example_latest_only_with_trigger.py
[2023-11-21T08:08:23.226+0000] {processor.py:753} INFO - DAG(s) dict_keys(['latest_only_with_trigger']) retrieved from /home/airflow/.local/lib/python3.7/site-packages/airflow/example_dags/example_latest_only_with_trigger.py
[2023-11-21T08:08:23.241+0000] {logging_mixin.py:137} INFO - [2023-11-21T08:08:23.241+0000] {dag.py:2693} INFO - Sync 1 DAGs
[2023-11-21T08:08:23.257+0000] {logging_mixin.py:137} INFO - [2023-11-21T08:08:23.257+0000] {dag.py:3444} INFO - Setting next_dagrun for latest_only_with_trigger to 2023-11-21T04:08:23.256877+00:00, run_after=2023-11-21T08:08:23.256877+00:00
[2023-11-21T08:08:23.267+0000] {processor.py:175} INFO - Processing /home/airflow/.local/lib/python3.7/site-packages/airflow/example_dags/example_latest_only_with_trigger.py took 0.053 seconds
[2023-11-21T08:08:54.001+0000] {processor.py:153} INFO - Started process (PID=360) to work on /home/airflow/.local/lib/python3.7/site-packages/airflow/example_dags/example_latest_only_with_trigger.py
[2023-11-21T08:08:54.001+0000] {processor.py:743} INFO - Processing file /home/airflow/.local/lib/python3.7/site-packages/airflow/example_dags/example_latest_only_with_trigger.py for tasks to queue
[2023-11-21T08:08:54.002+0000] {logging_mixin.py:137} INFO - [2023-11-21T08:08:54.002+0000] {dagbag.py:532} INFO - Filling up the DagBag from /home/airflow/.local/lib/python3.7/site-packages/airflow/example_dags/example_latest_only_with_trigger.py
[2023-11-21T08:08:54.011+0000] {processor.py:753} INFO - DAG(s) dict_keys(['latest_only_with_trigger']) retrieved from /home/airflow/.local/lib/python3.7/site-packages/airflow/example_dags/example_latest_only_with_trigger.py
[2023-11-21T08:08:54.027+0000] {logging_mixin.py:137} INFO - [2023-11-21T08:08:54.027+0000] {dag.py:2693} INFO - Sync 1 DAGs
[2023-11-21T08:08:54.042+0000] {logging_mixin.py:137} INFO - [2023-11-21T08:08:54.042+0000] {dag.py:3444} INFO - Setting next_dagrun for latest_only_with_trigger to 2023-11-21T04:08:54.042423+00:00, run_after=2023-11-21T08:08:54.042423+00:00
[2023-11-21T08:08:54.052+0000] {processor.py:175} INFO - Processing /home/airflow/.local/lib/python3.7/site-packages/airflow/example_dags/example_latest_only_with_trigger.py took 0.054 seconds
[2023-11-21T08:09:24.742+0000] {processor.py:153} INFO - Started process (PID=409) to work on /home/airflow/.local/lib/python3.7/site-packages/airflow/example_dags/example_latest_only_with_trigger.py
[2023-11-21T08:09:24.743+0000] {processor.py:743} INFO - Processing file /home/airflow/.local/lib/python3.7/site-packages/airflow/example_dags/example_latest_only_with_trigger.py for tasks to queue
[2023-11-21T08:09:24.743+0000] {logging_mixin.py:137} INFO - [2023-11-21T08:09:24.743+0000] {dagbag.py:532} INFO - Filling up the DagBag from /home/airflow/.local/lib/python3.7/site-packages/airflow/example_dags/example_latest_only_with_trigger.py
[2023-11-21T08:09:24.752+0000] {processor.py:753} INFO - DAG(s) dict_keys(['latest_only_with_trigger']) retrieved from /home/airflow/.local/lib/python3.7/site-packages/airflow/example_dags/example_latest_only_with_trigger.py
[2023-11-21T08:09:24.768+0000] {logging_mixin.py:137} INFO - [2023-11-21T08:09:24.768+0000] {dag.py:2693} INFO - Sync 1 DAGs
[2023-11-21T08:09:24.783+0000] {logging_mixin.py:137} INFO - [2023-11-21T08:09:24.783+0000] {dag.py:3444} INFO - Setting next_dagrun for latest_only_with_trigger to 2023-11-21T04:09:24.783350+00:00, run_after=2023-11-21T08:09:24.783350+00:00
[2023-11-21T08:09:24.794+0000] {processor.py:175} INFO - Processing /home/airflow/.local/lib/python3.7/site-packages/airflow/example_dags/example_latest_only_with_trigger.py took 0.054 seconds
[2023-11-21T08:09:55.534+0000] {processor.py:153} INFO - Started process (PID=458) to work on /home/airflow/.local/lib/python3.7/site-packages/airflow/example_dags/example_latest_only_with_trigger.py
[2023-11-21T08:09:55.535+0000] {processor.py:743} INFO - Processing file /home/airflow/.local/lib/python3.7/site-packages/airflow/example_dags/example_latest_only_with_trigger.py for tasks to queue
[2023-11-21T08:09:55.535+0000] {logging_mixin.py:137} INFO - [2023-11-21T08:09:55.535+0000] {dagbag.py:532} INFO - Filling up the DagBag from /home/airflow/.local/lib/python3.7/site-packages/airflow/example_dags/example_latest_only_with_trigger.py
[2023-11-21T08:09:55.544+0000] {processor.py:753} INFO - DAG(s) dict_keys(['latest_only_with_trigger']) retrieved from /home/airflow/.local/lib/python3.7/site-packages/airflow/example_dags/example_latest_only_with_trigger.py
[2023-11-21T08:09:55.561+0000] {logging_mixin.py:137} INFO - [2023-11-21T08:09:55.561+0000] {dag.py:2693} INFO - Sync 1 DAGs
[2023-11-21T08:09:55.577+0000] {logging_mixin.py:137} INFO - [2023-11-21T08:09:55.577+0000] {dag.py:3444} INFO - Setting next_dagrun for latest_only_with_trigger to 2023-11-21T04:09:55.576871+00:00, run_after=2023-11-21T08:09:55.576871+00:00
[2023-11-21T08:09:55.587+0000] {processor.py:175} INFO - Processing /home/airflow/.local/lib/python3.7/site-packages/airflow/example_dags/example_latest_only_with_trigger.py took 0.056 seconds
[2023-11-21T08:10:26.497+0000] {processor.py:153} INFO - Started process (PID=507) to work on /home/airflow/.local/lib/python3.7/site-packages/airflow/example_dags/example_latest_only_with_trigger.py
[2023-11-21T08:10:26.498+0000] {processor.py:743} INFO - Processing file /home/airflow/.local/lib/python3.7/site-packages/airflow/example_dags/example_latest_only_with_trigger.py for tasks to queue
[2023-11-21T08:10:26.498+0000] {logging_mixin.py:137} INFO - [2023-11-21T08:10:26.498+0000] {dagbag.py:532} INFO - Filling up the DagBag from /home/airflow/.local/lib/python3.7/site-packages/airflow/example_dags/example_latest_only_with_trigger.py
[2023-11-21T08:10:26.507+0000] {processor.py:753} INFO - DAG(s) dict_keys(['latest_only_with_trigger']) retrieved from /home/airflow/.local/lib/python3.7/site-packages/airflow/example_dags/example_latest_only_with_trigger.py
[2023-11-21T08:10:26.524+0000] {logging_mixin.py:137} INFO - [2023-11-21T08:10:26.524+0000] {dag.py:2693} INFO - Sync 1 DAGs
[2023-11-21T08:10:26.539+0000] {logging_mixin.py:137} INFO - [2023-11-21T08:10:26.539+0000] {dag.py:3444} INFO - Setting next_dagrun for latest_only_with_trigger to 2023-11-21T04:10:26.538959+00:00, run_after=2023-11-21T08:10:26.538959+00:00
[2023-11-21T08:10:26.550+0000] {processor.py:175} INFO - Processing /home/airflow/.local/lib/python3.7/site-packages/airflow/example_dags/example_latest_only_with_trigger.py took 0.055 seconds
[2023-11-21T08:10:56.647+0000] {processor.py:153} INFO - Started process (PID=556) to work on /home/airflow/.local/lib/python3.7/site-packages/airflow/example_dags/example_latest_only_with_trigger.py
[2023-11-21T08:10:56.647+0000] {processor.py:743} INFO - Processing file /home/airflow/.local/lib/python3.7/site-packages/airflow/example_dags/example_latest_only_with_trigger.py for tasks to queue
[2023-11-21T08:10:56.648+0000] {logging_mixin.py:137} INFO - [2023-11-21T08:10:56.648+0000] {dagbag.py:532} INFO - Filling up the DagBag from /home/airflow/.local/lib/python3.7/site-packages/airflow/example_dags/example_latest_only_with_trigger.py
[2023-11-21T08:10:56.657+0000] {processor.py:753} INFO - DAG(s) dict_keys(['latest_only_with_trigger']) retrieved from /home/airflow/.local/lib/python3.7/site-packages/airflow/example_dags/example_latest_only_with_trigger.py
[2023-11-21T08:10:56.672+0000] {logging_mixin.py:137} INFO - [2023-11-21T08:10:56.671+0000] {dag.py:2693} INFO - Sync 1 DAGs
[2023-11-21T08:10:56.685+0000] {logging_mixin.py:137} INFO - [2023-11-21T08:10:56.685+0000] {dag.py:3444} INFO - Setting next_dagrun for latest_only_with_trigger to 2023-11-21T04:10:56.685114+00:00, run_after=2023-11-21T08:10:56.685114+00:00
[2023-11-21T08:10:56.694+0000] {processor.py:175} INFO - Processing /home/airflow/.local/lib/python3.7/site-packages/airflow/example_dags/example_latest_only_with_trigger.py took 0.049 seconds
[2023-11-21T08:11:26.820+0000] {processor.py:153} INFO - Started process (PID=605) to work on /home/airflow/.local/lib/python3.7/site-packages/airflow/example_dags/example_latest_only_with_trigger.py
[2023-11-21T08:11:26.820+0000] {processor.py:743} INFO - Processing file /home/airflow/.local/lib/python3.7/site-packages/airflow/example_dags/example_latest_only_with_trigger.py for tasks to queue
[2023-11-21T08:11:26.821+0000] {logging_mixin.py:137} INFO - [2023-11-21T08:11:26.821+0000] {dagbag.py:532} INFO - Filling up the DagBag from /home/airflow/.local/lib/python3.7/site-packages/airflow/example_dags/example_latest_only_with_trigger.py
[2023-11-21T08:11:26.831+0000] {processor.py:753} INFO - DAG(s) dict_keys(['latest_only_with_trigger']) retrieved from /home/airflow/.local/lib/python3.7/site-packages/airflow/example_dags/example_latest_only_with_trigger.py
[2023-11-21T08:11:26.847+0000] {logging_mixin.py:137} INFO - [2023-11-21T08:11:26.847+0000] {dag.py:2693} INFO - Sync 1 DAGs
[2023-11-21T08:11:26.863+0000] {logging_mixin.py:137} INFO - [2023-11-21T08:11:26.863+0000] {dag.py:3444} INFO - Setting next_dagrun for latest_only_with_trigger to 2023-11-21T04:11:26.862868+00:00, run_after=2023-11-21T08:11:26.862868+00:00
[2023-11-21T08:11:26.873+0000] {processor.py:175} INFO - Processing /home/airflow/.local/lib/python3.7/site-packages/airflow/example_dags/example_latest_only_with_trigger.py took 0.055 seconds
[2023-11-21T08:11:56.942+0000] {processor.py:153} INFO - Started process (PID=654) to work on /home/airflow/.local/lib/python3.7/site-packages/airflow/example_dags/example_latest_only_with_trigger.py
[2023-11-21T08:11:56.943+0000] {processor.py:743} INFO - Processing file /home/airflow/.local/lib/python3.7/site-packages/airflow/example_dags/example_latest_only_with_trigger.py for tasks to queue
[2023-11-21T08:11:56.943+0000] {logging_mixin.py:137} INFO - [2023-11-21T08:11:56.943+0000] {dagbag.py:532} INFO - Filling up the DagBag from /home/airflow/.local/lib/python3.7/site-packages/airflow/example_dags/example_latest_only_with_trigger.py
[2023-11-21T08:11:56.952+0000] {processor.py:753} INFO - DAG(s) dict_keys(['latest_only_with_trigger']) retrieved from /home/airflow/.local/lib/python3.7/site-packages/airflow/example_dags/example_latest_only_with_trigger.py
[2023-11-21T08:11:56.969+0000] {logging_mixin.py:137} INFO - [2023-11-21T08:11:56.969+0000] {dag.py:2693} INFO - Sync 1 DAGs
[2023-11-21T08:11:56.984+0000] {logging_mixin.py:137} INFO - [2023-11-21T08:11:56.984+0000] {dag.py:3444} INFO - Setting next_dagrun for latest_only_with_trigger to 2023-11-21T04:11:56.984668+00:00, run_after=2023-11-21T08:11:56.984668+00:00
[2023-11-21T08:11:56.995+0000] {processor.py:175} INFO - Processing /home/airflow/.local/lib/python3.7/site-packages/airflow/example_dags/example_latest_only_with_trigger.py took 0.055 seconds
[2023-11-21T08:12:27.062+0000] {processor.py:153} INFO - Started process (PID=703) to work on /home/airflow/.local/lib/python3.7/site-packages/airflow/example_dags/example_latest_only_with_trigger.py
[2023-11-21T08:12:27.063+0000] {processor.py:743} INFO - Processing file /home/airflow/.local/lib/python3.7/site-packages/airflow/example_dags/example_latest_only_with_trigger.py for tasks to queue
[2023-11-21T08:12:27.064+0000] {logging_mixin.py:137} INFO - [2023-11-21T08:12:27.063+0000] {dagbag.py:532} INFO - Filling up the DagBag from /home/airflow/.local/lib/python3.7/site-packages/airflow/example_dags/example_latest_only_with_trigger.py
[2023-11-21T08:12:27.073+0000] {processor.py:753} INFO - DAG(s) dict_keys(['latest_only_with_trigger']) retrieved from /home/airflow/.local/lib/python3.7/site-packages/airflow/example_dags/example_latest_only_with_trigger.py
[2023-11-21T08:12:27.097+0000] {logging_mixin.py:137} INFO - [2023-11-21T08:12:27.097+0000] {dag.py:2693} INFO - Sync 1 DAGs
[2023-11-21T08:12:27.111+0000] {logging_mixin.py:137} INFO - [2023-11-21T08:12:27.111+0000] {dag.py:3444} INFO - Setting next_dagrun for latest_only_with_trigger to 2023-11-21T04:12:27.111575+00:00, run_after=2023-11-21T08:12:27.111575+00:00
[2023-11-21T08:12:27.126+0000] {processor.py:175} INFO - Processing /home/airflow/.local/lib/python3.7/site-packages/airflow/example_dags/example_latest_only_with_trigger.py took 0.065 seconds
[2023-11-21T08:19:21.619+0000] {processor.py:153} INFO - Started process (PID=66) to work on /home/airflow/.local/lib/python3.7/site-packages/airflow/example_dags/example_latest_only_with_trigger.py
[2023-11-21T08:19:21.621+0000] {processor.py:743} INFO - Processing file /home/airflow/.local/lib/python3.7/site-packages/airflow/example_dags/example_latest_only_with_trigger.py for tasks to queue
[2023-11-21T08:19:21.621+0000] {logging_mixin.py:137} INFO - [2023-11-21T08:19:21.621+0000] {dagbag.py:532} INFO - Filling up the DagBag from /home/airflow/.local/lib/python3.7/site-packages/airflow/example_dags/example_latest_only_with_trigger.py
[2023-11-21T08:19:21.636+0000] {processor.py:753} INFO - DAG(s) dict_keys(['latest_only_with_trigger']) retrieved from /home/airflow/.local/lib/python3.7/site-packages/airflow/example_dags/example_latest_only_with_trigger.py
[2023-11-21T08:19:22.056+0000] {logging_mixin.py:137} INFO - [2023-11-21T08:19:22.056+0000] {manager.py:504} INFO - Created Permission View: can edit on DAG:latest_only_with_trigger
[2023-11-21T08:19:22.065+0000] {logging_mixin.py:137} INFO - [2023-11-21T08:19:22.065+0000] {manager.py:504} INFO - Created Permission View: can read on DAG:latest_only_with_trigger
[2023-11-21T08:19:22.073+0000] {logging_mixin.py:137} INFO - [2023-11-21T08:19:22.073+0000] {manager.py:504} INFO - Created Permission View: can delete on DAG:latest_only_with_trigger
[2023-11-21T08:19:22.074+0000] {logging_mixin.py:137} INFO - [2023-11-21T08:19:22.074+0000] {dag.py:2693} INFO - Sync 1 DAGs
[2023-11-21T08:19:22.089+0000] {logging_mixin.py:137} INFO - [2023-11-21T08:19:22.088+0000] {dag.py:2714} INFO - Creating ORM DAG for latest_only_with_trigger
[2023-11-21T08:19:22.100+0000] {logging_mixin.py:137} INFO - [2023-11-21T08:19:22.100+0000] {dag.py:3444} INFO - Setting next_dagrun for latest_only_with_trigger to 2023-11-21T04:19:22.100229+00:00, run_after=2023-11-21T08:19:22.100229+00:00
[2023-11-21T08:19:22.119+0000] {processor.py:175} INFO - Processing /home/airflow/.local/lib/python3.7/site-packages/airflow/example_dags/example_latest_only_with_trigger.py took 0.502 seconds
[2023-11-21T08:19:52.912+0000] {processor.py:153} INFO - Started process (PID=115) to work on /home/airflow/.local/lib/python3.7/site-packages/airflow/example_dags/example_latest_only_with_trigger.py
[2023-11-21T08:19:52.914+0000] {processor.py:743} INFO - Processing file /home/airflow/.local/lib/python3.7/site-packages/airflow/example_dags/example_latest_only_with_trigger.py for tasks to queue
[2023-11-21T08:19:52.915+0000] {logging_mixin.py:137} INFO - [2023-11-21T08:19:52.915+0000] {dagbag.py:532} INFO - Filling up the DagBag from /home/airflow/.local/lib/python3.7/site-packages/airflow/example_dags/example_latest_only_with_trigger.py
[2023-11-21T08:19:52.930+0000] {processor.py:753} INFO - DAG(s) dict_keys(['latest_only_with_trigger']) retrieved from /home/airflow/.local/lib/python3.7/site-packages/airflow/example_dags/example_latest_only_with_trigger.py
[2023-11-21T08:19:52.962+0000] {logging_mixin.py:137} INFO - [2023-11-21T08:19:52.962+0000] {dag.py:2693} INFO - Sync 1 DAGs
[2023-11-21T08:19:52.993+0000] {logging_mixin.py:137} INFO - [2023-11-21T08:19:52.992+0000] {dag.py:3444} INFO - Setting next_dagrun for latest_only_with_trigger to 2023-11-21T04:19:52.992603+00:00, run_after=2023-11-21T08:19:52.992603+00:00
[2023-11-21T08:19:53.018+0000] {processor.py:175} INFO - Processing /home/airflow/.local/lib/python3.7/site-packages/airflow/example_dags/example_latest_only_with_trigger.py took 0.114 seconds
[2023-11-21T08:20:23.942+0000] {processor.py:153} INFO - Started process (PID=164) to work on /home/airflow/.local/lib/python3.7/site-packages/airflow/example_dags/example_latest_only_with_trigger.py
[2023-11-21T08:20:23.944+0000] {processor.py:743} INFO - Processing file /home/airflow/.local/lib/python3.7/site-packages/airflow/example_dags/example_latest_only_with_trigger.py for tasks to queue
[2023-11-21T08:20:23.945+0000] {logging_mixin.py:137} INFO - [2023-11-21T08:20:23.945+0000] {dagbag.py:532} INFO - Filling up the DagBag from /home/airflow/.local/lib/python3.7/site-packages/airflow/example_dags/example_latest_only_with_trigger.py
[2023-11-21T08:20:23.955+0000] {processor.py:753} INFO - DAG(s) dict_keys(['latest_only_with_trigger']) retrieved from /home/airflow/.local/lib/python3.7/site-packages/airflow/example_dags/example_latest_only_with_trigger.py
[2023-11-21T08:20:23.973+0000] {logging_mixin.py:137} INFO - [2023-11-21T08:20:23.972+0000] {dag.py:2693} INFO - Sync 1 DAGs
[2023-11-21T08:20:23.988+0000] {logging_mixin.py:137} INFO - [2023-11-21T08:20:23.988+0000] {dag.py:3444} INFO - Setting next_dagrun for latest_only_with_trigger to 2023-11-21T04:20:23.988024+00:00, run_after=2023-11-21T08:20:23.988024+00:00
[2023-11-21T08:20:24.000+0000] {processor.py:175} INFO - Processing /home/airflow/.local/lib/python3.7/site-packages/airflow/example_dags/example_latest_only_with_trigger.py took 0.060 seconds
[2023-11-21T08:20:54.610+0000] {processor.py:153} INFO - Started process (PID=214) to work on /home/airflow/.local/lib/python3.7/site-packages/airflow/example_dags/example_latest_only_with_trigger.py
[2023-11-21T08:20:54.612+0000] {processor.py:743} INFO - Processing file /home/airflow/.local/lib/python3.7/site-packages/airflow/example_dags/example_latest_only_with_trigger.py for tasks to queue
[2023-11-21T08:20:54.613+0000] {logging_mixin.py:137} INFO - [2023-11-21T08:20:54.613+0000] {dagbag.py:532} INFO - Filling up the DagBag from /home/airflow/.local/lib/python3.7/site-packages/airflow/example_dags/example_latest_only_with_trigger.py
[2023-11-21T08:20:54.663+0000] {processor.py:753} INFO - DAG(s) dict_keys(['latest_only_with_trigger']) retrieved from /home/airflow/.local/lib/python3.7/site-packages/airflow/example_dags/example_latest_only_with_trigger.py
[2023-11-21T08:20:54.700+0000] {logging_mixin.py:137} INFO - [2023-11-21T08:20:54.699+0000] {dag.py:2693} INFO - Sync 1 DAGs
[2023-11-21T08:20:54.739+0000] {logging_mixin.py:137} INFO - [2023-11-21T08:20:54.739+0000] {dag.py:3444} INFO - Setting next_dagrun for latest_only_with_trigger to 2023-11-21T04:20:54.738977+00:00, run_after=2023-11-21T08:20:54.738977+00:00
[2023-11-21T08:20:54.765+0000] {processor.py:175} INFO - Processing /home/airflow/.local/lib/python3.7/site-packages/airflow/example_dags/example_latest_only_with_trigger.py took 0.161 seconds
