[2023-11-21T08:05:47.744+0000] {processor.py:153} INFO - Started process (PID=44) to work on /home/airflow/.local/lib/python3.7/site-packages/airflow/example_dags/example_branch_python_dop_operator_3.py
[2023-11-21T08:05:47.745+0000] {processor.py:743} INFO - Processing file /home/airflow/.local/lib/python3.7/site-packages/airflow/example_dags/example_branch_python_dop_operator_3.py for tasks to queue
[2023-11-21T08:05:47.746+0000] {logging_mixin.py:137} INFO - [2023-11-21T08:05:47.746+0000] {dagbag.py:532} INFO - Filling up the DagBag from /home/airflow/.local/lib/python3.7/site-packages/airflow/example_dags/example_branch_python_dop_operator_3.py
[2023-11-21T08:05:47.764+0000] {processor.py:753} INFO - DAG(s) dict_keys(['example_branch_dop_operator_v3']) retrieved from /home/airflow/.local/lib/python3.7/site-packages/airflow/example_dags/example_branch_python_dop_operator_3.py
[2023-11-21T08:05:47.774+0000] {logging_mixin.py:137} INFO - [2023-11-21T08:05:47.774+0000] {dag.py:2693} INFO - Sync 1 DAGs
[2023-11-21T08:05:47.799+0000] {logging_mixin.py:137} INFO - [2023-11-21T08:05:47.799+0000] {dag.py:3444} INFO - Setting next_dagrun for example_branch_dop_operator_v3 to 2023-11-21T08:04:00+00:00, run_after=2023-11-21T08:05:00+00:00
[2023-11-21T08:05:47.815+0000] {processor.py:175} INFO - Processing /home/airflow/.local/lib/python3.7/site-packages/airflow/example_dags/example_branch_python_dop_operator_3.py took 0.073 seconds
[2023-11-21T08:06:17.869+0000] {processor.py:153} INFO - Started process (PID=93) to work on /home/airflow/.local/lib/python3.7/site-packages/airflow/example_dags/example_branch_python_dop_operator_3.py
[2023-11-21T08:06:17.870+0000] {processor.py:743} INFO - Processing file /home/airflow/.local/lib/python3.7/site-packages/airflow/example_dags/example_branch_python_dop_operator_3.py for tasks to queue
[2023-11-21T08:06:17.870+0000] {logging_mixin.py:137} INFO - [2023-11-21T08:06:17.870+0000] {dagbag.py:532} INFO - Filling up the DagBag from /home/airflow/.local/lib/python3.7/site-packages/airflow/example_dags/example_branch_python_dop_operator_3.py
[2023-11-21T08:06:17.885+0000] {processor.py:753} INFO - DAG(s) dict_keys(['example_branch_dop_operator_v3']) retrieved from /home/airflow/.local/lib/python3.7/site-packages/airflow/example_dags/example_branch_python_dop_operator_3.py
[2023-11-21T08:06:17.900+0000] {logging_mixin.py:137} INFO - [2023-11-21T08:06:17.900+0000] {dag.py:2693} INFO - Sync 1 DAGs
[2023-11-21T08:06:17.915+0000] {logging_mixin.py:137} INFO - [2023-11-21T08:06:17.915+0000] {dag.py:3444} INFO - Setting next_dagrun for example_branch_dop_operator_v3 to 2023-11-21T08:05:00+00:00, run_after=2023-11-21T08:06:00+00:00
[2023-11-21T08:06:17.925+0000] {processor.py:175} INFO - Processing /home/airflow/.local/lib/python3.7/site-packages/airflow/example_dags/example_branch_python_dop_operator_3.py took 0.058 seconds
[2023-11-21T08:06:48.961+0000] {processor.py:153} INFO - Started process (PID=142) to work on /home/airflow/.local/lib/python3.7/site-packages/airflow/example_dags/example_branch_python_dop_operator_3.py
[2023-11-21T08:06:48.962+0000] {processor.py:743} INFO - Processing file /home/airflow/.local/lib/python3.7/site-packages/airflow/example_dags/example_branch_python_dop_operator_3.py for tasks to queue
[2023-11-21T08:06:48.962+0000] {logging_mixin.py:137} INFO - [2023-11-21T08:06:48.962+0000] {dagbag.py:532} INFO - Filling up the DagBag from /home/airflow/.local/lib/python3.7/site-packages/airflow/example_dags/example_branch_python_dop_operator_3.py
[2023-11-21T08:06:48.976+0000] {processor.py:753} INFO - DAG(s) dict_keys(['example_branch_dop_operator_v3']) retrieved from /home/airflow/.local/lib/python3.7/site-packages/airflow/example_dags/example_branch_python_dop_operator_3.py
[2023-11-21T08:06:48.992+0000] {logging_mixin.py:137} INFO - [2023-11-21T08:06:48.992+0000] {dag.py:2693} INFO - Sync 1 DAGs
[2023-11-21T08:06:49.011+0000] {logging_mixin.py:137} INFO - [2023-11-21T08:06:49.010+0000] {dag.py:3444} INFO - Setting next_dagrun for example_branch_dop_operator_v3 to 2023-11-21T08:05:00+00:00, run_after=2023-11-21T08:06:00+00:00
[2023-11-21T08:06:49.021+0000] {processor.py:175} INFO - Processing /home/airflow/.local/lib/python3.7/site-packages/airflow/example_dags/example_branch_python_dop_operator_3.py took 0.062 seconds
[2023-11-21T08:07:19.779+0000] {processor.py:153} INFO - Started process (PID=191) to work on /home/airflow/.local/lib/python3.7/site-packages/airflow/example_dags/example_branch_python_dop_operator_3.py
[2023-11-21T08:07:19.779+0000] {processor.py:743} INFO - Processing file /home/airflow/.local/lib/python3.7/site-packages/airflow/example_dags/example_branch_python_dop_operator_3.py for tasks to queue
[2023-11-21T08:07:19.780+0000] {logging_mixin.py:137} INFO - [2023-11-21T08:07:19.780+0000] {dagbag.py:532} INFO - Filling up the DagBag from /home/airflow/.local/lib/python3.7/site-packages/airflow/example_dags/example_branch_python_dop_operator_3.py
[2023-11-21T08:07:19.794+0000] {processor.py:753} INFO - DAG(s) dict_keys(['example_branch_dop_operator_v3']) retrieved from /home/airflow/.local/lib/python3.7/site-packages/airflow/example_dags/example_branch_python_dop_operator_3.py
[2023-11-21T08:07:19.809+0000] {logging_mixin.py:137} INFO - [2023-11-21T08:07:19.809+0000] {dag.py:2693} INFO - Sync 1 DAGs
[2023-11-21T08:07:19.826+0000] {logging_mixin.py:137} INFO - [2023-11-21T08:07:19.826+0000] {dag.py:3444} INFO - Setting next_dagrun for example_branch_dop_operator_v3 to 2023-11-21T08:06:00+00:00, run_after=2023-11-21T08:07:00+00:00
[2023-11-21T08:07:19.837+0000] {processor.py:175} INFO - Processing /home/airflow/.local/lib/python3.7/site-packages/airflow/example_dags/example_branch_python_dop_operator_3.py took 0.060 seconds
[2023-11-21T08:07:50.554+0000] {processor.py:153} INFO - Started process (PID=240) to work on /home/airflow/.local/lib/python3.7/site-packages/airflow/example_dags/example_branch_python_dop_operator_3.py
[2023-11-21T08:07:50.554+0000] {processor.py:743} INFO - Processing file /home/airflow/.local/lib/python3.7/site-packages/airflow/example_dags/example_branch_python_dop_operator_3.py for tasks to queue
[2023-11-21T08:07:50.555+0000] {logging_mixin.py:137} INFO - [2023-11-21T08:07:50.555+0000] {dagbag.py:532} INFO - Filling up the DagBag from /home/airflow/.local/lib/python3.7/site-packages/airflow/example_dags/example_branch_python_dop_operator_3.py
[2023-11-21T08:07:50.569+0000] {processor.py:753} INFO - DAG(s) dict_keys(['example_branch_dop_operator_v3']) retrieved from /home/airflow/.local/lib/python3.7/site-packages/airflow/example_dags/example_branch_python_dop_operator_3.py
[2023-11-21T08:07:50.584+0000] {logging_mixin.py:137} INFO - [2023-11-21T08:07:50.584+0000] {dag.py:2693} INFO - Sync 1 DAGs
[2023-11-21T08:07:50.603+0000] {logging_mixin.py:137} INFO - [2023-11-21T08:07:50.602+0000] {dag.py:3444} INFO - Setting next_dagrun for example_branch_dop_operator_v3 to 2023-11-21T08:06:00+00:00, run_after=2023-11-21T08:07:00+00:00
[2023-11-21T08:07:50.613+0000] {processor.py:175} INFO - Processing /home/airflow/.local/lib/python3.7/site-packages/airflow/example_dags/example_branch_python_dop_operator_3.py took 0.062 seconds
[2023-11-21T08:08:21.385+0000] {processor.py:153} INFO - Started process (PID=289) to work on /home/airflow/.local/lib/python3.7/site-packages/airflow/example_dags/example_branch_python_dop_operator_3.py
[2023-11-21T08:08:21.386+0000] {processor.py:743} INFO - Processing file /home/airflow/.local/lib/python3.7/site-packages/airflow/example_dags/example_branch_python_dop_operator_3.py for tasks to queue
[2023-11-21T08:08:21.386+0000] {logging_mixin.py:137} INFO - [2023-11-21T08:08:21.386+0000] {dagbag.py:532} INFO - Filling up the DagBag from /home/airflow/.local/lib/python3.7/site-packages/airflow/example_dags/example_branch_python_dop_operator_3.py
[2023-11-21T08:08:21.400+0000] {processor.py:753} INFO - DAG(s) dict_keys(['example_branch_dop_operator_v3']) retrieved from /home/airflow/.local/lib/python3.7/site-packages/airflow/example_dags/example_branch_python_dop_operator_3.py
[2023-11-21T08:08:21.416+0000] {logging_mixin.py:137} INFO - [2023-11-21T08:08:21.416+0000] {dag.py:2693} INFO - Sync 1 DAGs
[2023-11-21T08:08:21.434+0000] {logging_mixin.py:137} INFO - [2023-11-21T08:08:21.434+0000] {dag.py:3444} INFO - Setting next_dagrun for example_branch_dop_operator_v3 to 2023-11-21T08:07:00+00:00, run_after=2023-11-21T08:08:00+00:00
[2023-11-21T08:08:21.445+0000] {processor.py:175} INFO - Processing /home/airflow/.local/lib/python3.7/site-packages/airflow/example_dags/example_branch_python_dop_operator_3.py took 0.062 seconds
[2023-11-21T08:08:52.174+0000] {processor.py:153} INFO - Started process (PID=338) to work on /home/airflow/.local/lib/python3.7/site-packages/airflow/example_dags/example_branch_python_dop_operator_3.py
[2023-11-21T08:08:52.175+0000] {processor.py:743} INFO - Processing file /home/airflow/.local/lib/python3.7/site-packages/airflow/example_dags/example_branch_python_dop_operator_3.py for tasks to queue
[2023-11-21T08:08:52.175+0000] {logging_mixin.py:137} INFO - [2023-11-21T08:08:52.175+0000] {dagbag.py:532} INFO - Filling up the DagBag from /home/airflow/.local/lib/python3.7/site-packages/airflow/example_dags/example_branch_python_dop_operator_3.py
[2023-11-21T08:08:52.189+0000] {processor.py:753} INFO - DAG(s) dict_keys(['example_branch_dop_operator_v3']) retrieved from /home/airflow/.local/lib/python3.7/site-packages/airflow/example_dags/example_branch_python_dop_operator_3.py
[2023-11-21T08:08:52.205+0000] {logging_mixin.py:137} INFO - [2023-11-21T08:08:52.205+0000] {dag.py:2693} INFO - Sync 1 DAGs
[2023-11-21T08:08:52.223+0000] {logging_mixin.py:137} INFO - [2023-11-21T08:08:52.223+0000] {dag.py:3444} INFO - Setting next_dagrun for example_branch_dop_operator_v3 to 2023-11-21T08:07:00+00:00, run_after=2023-11-21T08:08:00+00:00
[2023-11-21T08:08:52.233+0000] {processor.py:175} INFO - Processing /home/airflow/.local/lib/python3.7/site-packages/airflow/example_dags/example_branch_python_dop_operator_3.py took 0.062 seconds
[2023-11-21T08:09:22.908+0000] {processor.py:153} INFO - Started process (PID=387) to work on /home/airflow/.local/lib/python3.7/site-packages/airflow/example_dags/example_branch_python_dop_operator_3.py
[2023-11-21T08:09:22.908+0000] {processor.py:743} INFO - Processing file /home/airflow/.local/lib/python3.7/site-packages/airflow/example_dags/example_branch_python_dop_operator_3.py for tasks to queue
[2023-11-21T08:09:22.909+0000] {logging_mixin.py:137} INFO - [2023-11-21T08:09:22.909+0000] {dagbag.py:532} INFO - Filling up the DagBag from /home/airflow/.local/lib/python3.7/site-packages/airflow/example_dags/example_branch_python_dop_operator_3.py
[2023-11-21T08:09:22.923+0000] {processor.py:753} INFO - DAG(s) dict_keys(['example_branch_dop_operator_v3']) retrieved from /home/airflow/.local/lib/python3.7/site-packages/airflow/example_dags/example_branch_python_dop_operator_3.py
[2023-11-21T08:09:22.943+0000] {logging_mixin.py:137} INFO - [2023-11-21T08:09:22.943+0000] {dag.py:2693} INFO - Sync 1 DAGs
[2023-11-21T08:09:22.961+0000] {logging_mixin.py:137} INFO - [2023-11-21T08:09:22.960+0000] {dag.py:3444} INFO - Setting next_dagrun for example_branch_dop_operator_v3 to 2023-11-21T08:08:00+00:00, run_after=2023-11-21T08:09:00+00:00
[2023-11-21T08:09:22.972+0000] {processor.py:175} INFO - Processing /home/airflow/.local/lib/python3.7/site-packages/airflow/example_dags/example_branch_python_dop_operator_3.py took 0.066 seconds
[2023-11-21T08:09:53.703+0000] {processor.py:153} INFO - Started process (PID=436) to work on /home/airflow/.local/lib/python3.7/site-packages/airflow/example_dags/example_branch_python_dop_operator_3.py
[2023-11-21T08:09:53.704+0000] {processor.py:743} INFO - Processing file /home/airflow/.local/lib/python3.7/site-packages/airflow/example_dags/example_branch_python_dop_operator_3.py for tasks to queue
[2023-11-21T08:09:53.704+0000] {logging_mixin.py:137} INFO - [2023-11-21T08:09:53.704+0000] {dagbag.py:532} INFO - Filling up the DagBag from /home/airflow/.local/lib/python3.7/site-packages/airflow/example_dags/example_branch_python_dop_operator_3.py
[2023-11-21T08:09:53.718+0000] {processor.py:753} INFO - DAG(s) dict_keys(['example_branch_dop_operator_v3']) retrieved from /home/airflow/.local/lib/python3.7/site-packages/airflow/example_dags/example_branch_python_dop_operator_3.py
[2023-11-21T08:09:53.734+0000] {logging_mixin.py:137} INFO - [2023-11-21T08:09:53.734+0000] {dag.py:2693} INFO - Sync 1 DAGs
[2023-11-21T08:09:53.752+0000] {logging_mixin.py:137} INFO - [2023-11-21T08:09:53.752+0000] {dag.py:3444} INFO - Setting next_dagrun for example_branch_dop_operator_v3 to 2023-11-21T08:08:00+00:00, run_after=2023-11-21T08:09:00+00:00
[2023-11-21T08:09:53.762+0000] {processor.py:175} INFO - Processing /home/airflow/.local/lib/python3.7/site-packages/airflow/example_dags/example_branch_python_dop_operator_3.py took 0.061 seconds
[2023-11-21T08:10:24.456+0000] {processor.py:153} INFO - Started process (PID=485) to work on /home/airflow/.local/lib/python3.7/site-packages/airflow/example_dags/example_branch_python_dop_operator_3.py
[2023-11-21T08:10:24.457+0000] {processor.py:743} INFO - Processing file /home/airflow/.local/lib/python3.7/site-packages/airflow/example_dags/example_branch_python_dop_operator_3.py for tasks to queue
[2023-11-21T08:10:24.458+0000] {logging_mixin.py:137} INFO - [2023-11-21T08:10:24.457+0000] {dagbag.py:532} INFO - Filling up the DagBag from /home/airflow/.local/lib/python3.7/site-packages/airflow/example_dags/example_branch_python_dop_operator_3.py
[2023-11-21T08:10:24.472+0000] {processor.py:753} INFO - DAG(s) dict_keys(['example_branch_dop_operator_v3']) retrieved from /home/airflow/.local/lib/python3.7/site-packages/airflow/example_dags/example_branch_python_dop_operator_3.py
[2023-11-21T08:10:24.492+0000] {logging_mixin.py:137} INFO - [2023-11-21T08:10:24.492+0000] {dag.py:2693} INFO - Sync 1 DAGs
[2023-11-21T08:10:24.516+0000] {logging_mixin.py:137} INFO - [2023-11-21T08:10:24.516+0000] {dag.py:3444} INFO - Setting next_dagrun for example_branch_dop_operator_v3 to 2023-11-21T08:09:00+00:00, run_after=2023-11-21T08:10:00+00:00
[2023-11-21T08:10:24.536+0000] {processor.py:175} INFO - Processing /home/airflow/.local/lib/python3.7/site-packages/airflow/example_dags/example_branch_python_dop_operator_3.py took 0.082 seconds
[2023-11-21T08:10:55.602+0000] {processor.py:153} INFO - Started process (PID=534) to work on /home/airflow/.local/lib/python3.7/site-packages/airflow/example_dags/example_branch_python_dop_operator_3.py
[2023-11-21T08:10:55.603+0000] {processor.py:743} INFO - Processing file /home/airflow/.local/lib/python3.7/site-packages/airflow/example_dags/example_branch_python_dop_operator_3.py for tasks to queue
[2023-11-21T08:10:55.604+0000] {logging_mixin.py:137} INFO - [2023-11-21T08:10:55.604+0000] {dagbag.py:532} INFO - Filling up the DagBag from /home/airflow/.local/lib/python3.7/site-packages/airflow/example_dags/example_branch_python_dop_operator_3.py
[2023-11-21T08:10:55.619+0000] {processor.py:753} INFO - DAG(s) dict_keys(['example_branch_dop_operator_v3']) retrieved from /home/airflow/.local/lib/python3.7/site-packages/airflow/example_dags/example_branch_python_dop_operator_3.py
[2023-11-21T08:10:55.636+0000] {logging_mixin.py:137} INFO - [2023-11-21T08:10:55.636+0000] {dag.py:2693} INFO - Sync 1 DAGs
[2023-11-21T08:10:55.654+0000] {logging_mixin.py:137} INFO - [2023-11-21T08:10:55.654+0000] {dag.py:3444} INFO - Setting next_dagrun for example_branch_dop_operator_v3 to 2023-11-21T08:09:00+00:00, run_after=2023-11-21T08:10:00+00:00
[2023-11-21T08:10:55.667+0000] {processor.py:175} INFO - Processing /home/airflow/.local/lib/python3.7/site-packages/airflow/example_dags/example_branch_python_dop_operator_3.py took 0.068 seconds
[2023-11-21T08:11:25.702+0000] {processor.py:153} INFO - Started process (PID=583) to work on /home/airflow/.local/lib/python3.7/site-packages/airflow/example_dags/example_branch_python_dop_operator_3.py
[2023-11-21T08:11:25.703+0000] {processor.py:743} INFO - Processing file /home/airflow/.local/lib/python3.7/site-packages/airflow/example_dags/example_branch_python_dop_operator_3.py for tasks to queue
[2023-11-21T08:11:25.704+0000] {logging_mixin.py:137} INFO - [2023-11-21T08:11:25.704+0000] {dagbag.py:532} INFO - Filling up the DagBag from /home/airflow/.local/lib/python3.7/site-packages/airflow/example_dags/example_branch_python_dop_operator_3.py
[2023-11-21T08:11:25.720+0000] {processor.py:753} INFO - DAG(s) dict_keys(['example_branch_dop_operator_v3']) retrieved from /home/airflow/.local/lib/python3.7/site-packages/airflow/example_dags/example_branch_python_dop_operator_3.py
[2023-11-21T08:11:25.737+0000] {logging_mixin.py:137} INFO - [2023-11-21T08:11:25.737+0000] {dag.py:2693} INFO - Sync 1 DAGs
[2023-11-21T08:11:25.756+0000] {logging_mixin.py:137} INFO - [2023-11-21T08:11:25.756+0000] {dag.py:3444} INFO - Setting next_dagrun for example_branch_dop_operator_v3 to 2023-11-21T08:10:00+00:00, run_after=2023-11-21T08:11:00+00:00
[2023-11-21T08:11:25.768+0000] {processor.py:175} INFO - Processing /home/airflow/.local/lib/python3.7/site-packages/airflow/example_dags/example_branch_python_dop_operator_3.py took 0.069 seconds
[2023-11-21T08:11:55.960+0000] {processor.py:153} INFO - Started process (PID=632) to work on /home/airflow/.local/lib/python3.7/site-packages/airflow/example_dags/example_branch_python_dop_operator_3.py
[2023-11-21T08:11:55.961+0000] {processor.py:743} INFO - Processing file /home/airflow/.local/lib/python3.7/site-packages/airflow/example_dags/example_branch_python_dop_operator_3.py for tasks to queue
[2023-11-21T08:11:55.961+0000] {logging_mixin.py:137} INFO - [2023-11-21T08:11:55.961+0000] {dagbag.py:532} INFO - Filling up the DagBag from /home/airflow/.local/lib/python3.7/site-packages/airflow/example_dags/example_branch_python_dop_operator_3.py
[2023-11-21T08:11:55.977+0000] {processor.py:753} INFO - DAG(s) dict_keys(['example_branch_dop_operator_v3']) retrieved from /home/airflow/.local/lib/python3.7/site-packages/airflow/example_dags/example_branch_python_dop_operator_3.py
[2023-11-21T08:11:55.998+0000] {logging_mixin.py:137} INFO - [2023-11-21T08:11:55.998+0000] {dag.py:2693} INFO - Sync 1 DAGs
[2023-11-21T08:11:56.021+0000] {logging_mixin.py:137} INFO - [2023-11-21T08:11:56.021+0000] {dag.py:3444} INFO - Setting next_dagrun for example_branch_dop_operator_v3 to 2023-11-21T08:10:00+00:00, run_after=2023-11-21T08:11:00+00:00
[2023-11-21T08:11:56.033+0000] {processor.py:175} INFO - Processing /home/airflow/.local/lib/python3.7/site-packages/airflow/example_dags/example_branch_python_dop_operator_3.py took 0.076 seconds
[2023-11-21T08:12:26.171+0000] {processor.py:153} INFO - Started process (PID=681) to work on /home/airflow/.local/lib/python3.7/site-packages/airflow/example_dags/example_branch_python_dop_operator_3.py
[2023-11-21T08:12:26.171+0000] {processor.py:743} INFO - Processing file /home/airflow/.local/lib/python3.7/site-packages/airflow/example_dags/example_branch_python_dop_operator_3.py for tasks to queue
[2023-11-21T08:12:26.172+0000] {logging_mixin.py:137} INFO - [2023-11-21T08:12:26.172+0000] {dagbag.py:532} INFO - Filling up the DagBag from /home/airflow/.local/lib/python3.7/site-packages/airflow/example_dags/example_branch_python_dop_operator_3.py
[2023-11-21T08:12:26.186+0000] {processor.py:753} INFO - DAG(s) dict_keys(['example_branch_dop_operator_v3']) retrieved from /home/airflow/.local/lib/python3.7/site-packages/airflow/example_dags/example_branch_python_dop_operator_3.py
[2023-11-21T08:12:26.202+0000] {logging_mixin.py:137} INFO - [2023-11-21T08:12:26.202+0000] {dag.py:2693} INFO - Sync 1 DAGs
[2023-11-21T08:12:26.219+0000] {logging_mixin.py:137} INFO - [2023-11-21T08:12:26.219+0000] {dag.py:3444} INFO - Setting next_dagrun for example_branch_dop_operator_v3 to 2023-11-21T08:11:00+00:00, run_after=2023-11-21T08:12:00+00:00
[2023-11-21T08:12:26.230+0000] {processor.py:175} INFO - Processing /home/airflow/.local/lib/python3.7/site-packages/airflow/example_dags/example_branch_python_dop_operator_3.py took 0.061 seconds
[2023-11-21T08:19:17.352+0000] {processor.py:153} INFO - Started process (PID=44) to work on /home/airflow/.local/lib/python3.7/site-packages/airflow/example_dags/example_branch_python_dop_operator_3.py
[2023-11-21T08:19:17.354+0000] {processor.py:743} INFO - Processing file /home/airflow/.local/lib/python3.7/site-packages/airflow/example_dags/example_branch_python_dop_operator_3.py for tasks to queue
[2023-11-21T08:19:17.356+0000] {logging_mixin.py:137} INFO - [2023-11-21T08:19:17.356+0000] {dagbag.py:532} INFO - Filling up the DagBag from /home/airflow/.local/lib/python3.7/site-packages/airflow/example_dags/example_branch_python_dop_operator_3.py
[2023-11-21T08:19:17.383+0000] {processor.py:753} INFO - DAG(s) dict_keys(['example_branch_dop_operator_v3']) retrieved from /home/airflow/.local/lib/python3.7/site-packages/airflow/example_dags/example_branch_python_dop_operator_3.py
[2023-11-21T08:19:17.536+0000] {logging_mixin.py:137} INFO - [2023-11-21T08:19:17.536+0000] {manager.py:504} INFO - Created Permission View: can edit on DAG:example_branch_dop_operator_v3
[2023-11-21T08:19:17.562+0000] {logging_mixin.py:137} INFO - [2023-11-21T08:19:17.561+0000] {manager.py:504} INFO - Created Permission View: can read on DAG:example_branch_dop_operator_v3
[2023-11-21T08:19:17.587+0000] {logging_mixin.py:137} INFO - [2023-11-21T08:19:17.586+0000] {manager.py:504} INFO - Created Permission View: can delete on DAG:example_branch_dop_operator_v3
[2023-11-21T08:19:17.588+0000] {logging_mixin.py:137} INFO - [2023-11-21T08:19:17.587+0000] {dag.py:2693} INFO - Sync 1 DAGs
[2023-11-21T08:19:17.605+0000] {logging_mixin.py:137} INFO - [2023-11-21T08:19:17.605+0000] {dag.py:2714} INFO - Creating ORM DAG for example_branch_dop_operator_v3
[2023-11-21T08:19:17.633+0000] {logging_mixin.py:137} INFO - [2023-11-21T08:19:17.632+0000] {dag.py:3444} INFO - Setting next_dagrun for example_branch_dop_operator_v3 to 2023-11-21T08:18:00+00:00, run_after=2023-11-21T08:19:00+00:00
[2023-11-21T08:19:17.826+0000] {processor.py:175} INFO - Processing /home/airflow/.local/lib/python3.7/site-packages/airflow/example_dags/example_branch_python_dop_operator_3.py took 0.481 seconds
[2023-11-21T08:19:48.268+0000] {processor.py:153} INFO - Started process (PID=93) to work on /home/airflow/.local/lib/python3.7/site-packages/airflow/example_dags/example_branch_python_dop_operator_3.py
[2023-11-21T08:19:48.272+0000] {processor.py:743} INFO - Processing file /home/airflow/.local/lib/python3.7/site-packages/airflow/example_dags/example_branch_python_dop_operator_3.py for tasks to queue
[2023-11-21T08:19:48.273+0000] {logging_mixin.py:137} INFO - [2023-11-21T08:19:48.273+0000] {dagbag.py:532} INFO - Filling up the DagBag from /home/airflow/.local/lib/python3.7/site-packages/airflow/example_dags/example_branch_python_dop_operator_3.py
[2023-11-21T08:19:48.309+0000] {processor.py:753} INFO - DAG(s) dict_keys(['example_branch_dop_operator_v3']) retrieved from /home/airflow/.local/lib/python3.7/site-packages/airflow/example_dags/example_branch_python_dop_operator_3.py
[2023-11-21T08:19:48.357+0000] {logging_mixin.py:137} INFO - [2023-11-21T08:19:48.356+0000] {dag.py:2693} INFO - Sync 1 DAGs
[2023-11-21T08:19:48.383+0000] {logging_mixin.py:137} INFO - [2023-11-21T08:19:48.383+0000] {dag.py:3444} INFO - Setting next_dagrun for example_branch_dop_operator_v3 to 2023-11-21T08:18:00+00:00, run_after=2023-11-21T08:19:00+00:00
[2023-11-21T08:19:48.400+0000] {processor.py:175} INFO - Processing /home/airflow/.local/lib/python3.7/site-packages/airflow/example_dags/example_branch_python_dop_operator_3.py took 0.135 seconds
[2023-11-21T08:20:18.624+0000] {processor.py:153} INFO - Started process (PID=142) to work on /home/airflow/.local/lib/python3.7/site-packages/airflow/example_dags/example_branch_python_dop_operator_3.py
[2023-11-21T08:20:18.625+0000] {processor.py:743} INFO - Processing file /home/airflow/.local/lib/python3.7/site-packages/airflow/example_dags/example_branch_python_dop_operator_3.py for tasks to queue
[2023-11-21T08:20:18.626+0000] {logging_mixin.py:137} INFO - [2023-11-21T08:20:18.626+0000] {dagbag.py:532} INFO - Filling up the DagBag from /home/airflow/.local/lib/python3.7/site-packages/airflow/example_dags/example_branch_python_dop_operator_3.py
[2023-11-21T08:20:18.648+0000] {processor.py:753} INFO - DAG(s) dict_keys(['example_branch_dop_operator_v3']) retrieved from /home/airflow/.local/lib/python3.7/site-packages/airflow/example_dags/example_branch_python_dop_operator_3.py
[2023-11-21T08:20:18.667+0000] {logging_mixin.py:137} INFO - [2023-11-21T08:20:18.667+0000] {dag.py:2693} INFO - Sync 1 DAGs
[2023-11-21T08:20:18.688+0000] {logging_mixin.py:137} INFO - [2023-11-21T08:20:18.688+0000] {dag.py:3444} INFO - Setting next_dagrun for example_branch_dop_operator_v3 to 2023-11-21T08:19:00+00:00, run_after=2023-11-21T08:20:00+00:00
[2023-11-21T08:20:18.700+0000] {processor.py:175} INFO - Processing /home/airflow/.local/lib/python3.7/site-packages/airflow/example_dags/example_branch_python_dop_operator_3.py took 0.078 seconds
[2023-11-21T08:20:49.550+0000] {processor.py:153} INFO - Started process (PID=192) to work on /home/airflow/.local/lib/python3.7/site-packages/airflow/example_dags/example_branch_python_dop_operator_3.py
[2023-11-21T08:20:49.552+0000] {processor.py:743} INFO - Processing file /home/airflow/.local/lib/python3.7/site-packages/airflow/example_dags/example_branch_python_dop_operator_3.py for tasks to queue
[2023-11-21T08:20:49.552+0000] {logging_mixin.py:137} INFO - [2023-11-21T08:20:49.552+0000] {dagbag.py:532} INFO - Filling up the DagBag from /home/airflow/.local/lib/python3.7/site-packages/airflow/example_dags/example_branch_python_dop_operator_3.py
[2023-11-21T08:20:49.569+0000] {processor.py:753} INFO - DAG(s) dict_keys(['example_branch_dop_operator_v3']) retrieved from /home/airflow/.local/lib/python3.7/site-packages/airflow/example_dags/example_branch_python_dop_operator_3.py
[2023-11-21T08:20:49.589+0000] {logging_mixin.py:137} INFO - [2023-11-21T08:20:49.589+0000] {dag.py:2693} INFO - Sync 1 DAGs
[2023-11-21T08:20:49.615+0000] {logging_mixin.py:137} INFO - [2023-11-21T08:20:49.615+0000] {dag.py:3444} INFO - Setting next_dagrun for example_branch_dop_operator_v3 to 2023-11-21T08:19:00+00:00, run_after=2023-11-21T08:20:00+00:00
[2023-11-21T08:20:49.629+0000] {processor.py:175} INFO - Processing /home/airflow/.local/lib/python3.7/site-packages/airflow/example_dags/example_branch_python_dop_operator_3.py took 0.081 seconds
