[2023-11-21T08:05:48.622+0000] {processor.py:153} INFO - Started process (PID=56) to work on /home/airflow/.local/lib/python3.7/site-packages/airflow/example_dags/example_task_group.py
[2023-11-21T08:05:48.624+0000] {processor.py:743} INFO - Processing file /home/airflow/.local/lib/python3.7/site-packages/airflow/example_dags/example_task_group.py for tasks to queue
[2023-11-21T08:05:48.625+0000] {logging_mixin.py:137} INFO - [2023-11-21T08:05:48.625+0000] {dagbag.py:532} INFO - Filling up the DagBag from /home/airflow/.local/lib/python3.7/site-packages/airflow/example_dags/example_task_group.py
[2023-11-21T08:05:48.646+0000] {processor.py:753} INFO - DAG(s) dict_keys(['example_task_group']) retrieved from /home/airflow/.local/lib/python3.7/site-packages/airflow/example_dags/example_task_group.py
[2023-11-21T08:05:48.661+0000] {logging_mixin.py:137} INFO - [2023-11-21T08:05:48.661+0000] {dag.py:2693} INFO - Sync 1 DAGs
[2023-11-21T08:05:48.694+0000] {logging_mixin.py:137} INFO - [2023-11-21T08:05:48.694+0000] {dag.py:3444} INFO - Setting next_dagrun for example_task_group to 2023-11-20T08:05:48.694317+00:00, run_after=2023-11-21T08:05:48.694317+00:00
[2023-11-21T08:05:48.713+0000] {processor.py:175} INFO - Processing /home/airflow/.local/lib/python3.7/site-packages/airflow/example_dags/example_task_group.py took 0.093 seconds
[2023-11-21T08:06:19.375+0000] {processor.py:153} INFO - Started process (PID=105) to work on /home/airflow/.local/lib/python3.7/site-packages/airflow/example_dags/example_task_group.py
[2023-11-21T08:06:19.376+0000] {processor.py:743} INFO - Processing file /home/airflow/.local/lib/python3.7/site-packages/airflow/example_dags/example_task_group.py for tasks to queue
[2023-11-21T08:06:19.376+0000] {logging_mixin.py:137} INFO - [2023-11-21T08:06:19.376+0000] {dagbag.py:532} INFO - Filling up the DagBag from /home/airflow/.local/lib/python3.7/site-packages/airflow/example_dags/example_task_group.py
[2023-11-21T08:06:19.385+0000] {processor.py:753} INFO - DAG(s) dict_keys(['example_task_group']) retrieved from /home/airflow/.local/lib/python3.7/site-packages/airflow/example_dags/example_task_group.py
[2023-11-21T08:06:19.400+0000] {logging_mixin.py:137} INFO - [2023-11-21T08:06:19.400+0000] {dag.py:2693} INFO - Sync 1 DAGs
[2023-11-21T08:06:19.414+0000] {logging_mixin.py:137} INFO - [2023-11-21T08:06:19.414+0000] {dag.py:3444} INFO - Setting next_dagrun for example_task_group to 2023-11-20T08:06:19.413996+00:00, run_after=2023-11-21T08:06:19.413996+00:00
[2023-11-21T08:06:19.424+0000] {processor.py:175} INFO - Processing /home/airflow/.local/lib/python3.7/site-packages/airflow/example_dags/example_task_group.py took 0.052 seconds
[2023-11-21T08:06:50.476+0000] {processor.py:153} INFO - Started process (PID=154) to work on /home/airflow/.local/lib/python3.7/site-packages/airflow/example_dags/example_task_group.py
[2023-11-21T08:06:50.476+0000] {processor.py:743} INFO - Processing file /home/airflow/.local/lib/python3.7/site-packages/airflow/example_dags/example_task_group.py for tasks to queue
[2023-11-21T08:06:50.477+0000] {logging_mixin.py:137} INFO - [2023-11-21T08:06:50.477+0000] {dagbag.py:532} INFO - Filling up the DagBag from /home/airflow/.local/lib/python3.7/site-packages/airflow/example_dags/example_task_group.py
[2023-11-21T08:06:50.487+0000] {processor.py:753} INFO - DAG(s) dict_keys(['example_task_group']) retrieved from /home/airflow/.local/lib/python3.7/site-packages/airflow/example_dags/example_task_group.py
[2023-11-21T08:06:50.504+0000] {logging_mixin.py:137} INFO - [2023-11-21T08:06:50.504+0000] {dag.py:2693} INFO - Sync 1 DAGs
[2023-11-21T08:06:50.519+0000] {logging_mixin.py:137} INFO - [2023-11-21T08:06:50.519+0000] {dag.py:3444} INFO - Setting next_dagrun for example_task_group to 2023-11-20T08:06:50.519569+00:00, run_after=2023-11-21T08:06:50.519569+00:00
[2023-11-21T08:06:50.530+0000] {processor.py:175} INFO - Processing /home/airflow/.local/lib/python3.7/site-packages/airflow/example_dags/example_task_group.py took 0.056 seconds
[2023-11-21T08:07:21.255+0000] {processor.py:153} INFO - Started process (PID=203) to work on /home/airflow/.local/lib/python3.7/site-packages/airflow/example_dags/example_task_group.py
[2023-11-21T08:07:21.256+0000] {processor.py:743} INFO - Processing file /home/airflow/.local/lib/python3.7/site-packages/airflow/example_dags/example_task_group.py for tasks to queue
[2023-11-21T08:07:21.256+0000] {logging_mixin.py:137} INFO - [2023-11-21T08:07:21.256+0000] {dagbag.py:532} INFO - Filling up the DagBag from /home/airflow/.local/lib/python3.7/site-packages/airflow/example_dags/example_task_group.py
[2023-11-21T08:07:21.266+0000] {processor.py:753} INFO - DAG(s) dict_keys(['example_task_group']) retrieved from /home/airflow/.local/lib/python3.7/site-packages/airflow/example_dags/example_task_group.py
[2023-11-21T08:07:21.282+0000] {logging_mixin.py:137} INFO - [2023-11-21T08:07:21.282+0000] {dag.py:2693} INFO - Sync 1 DAGs
[2023-11-21T08:07:21.297+0000] {logging_mixin.py:137} INFO - [2023-11-21T08:07:21.297+0000] {dag.py:3444} INFO - Setting next_dagrun for example_task_group to 2023-11-20T08:07:21.296887+00:00, run_after=2023-11-21T08:07:21.296887+00:00
[2023-11-21T08:07:21.307+0000] {processor.py:175} INFO - Processing /home/airflow/.local/lib/python3.7/site-packages/airflow/example_dags/example_task_group.py took 0.054 seconds
[2023-11-21T08:07:52.031+0000] {processor.py:153} INFO - Started process (PID=252) to work on /home/airflow/.local/lib/python3.7/site-packages/airflow/example_dags/example_task_group.py
[2023-11-21T08:07:52.031+0000] {processor.py:743} INFO - Processing file /home/airflow/.local/lib/python3.7/site-packages/airflow/example_dags/example_task_group.py for tasks to queue
[2023-11-21T08:07:52.032+0000] {logging_mixin.py:137} INFO - [2023-11-21T08:07:52.032+0000] {dagbag.py:532} INFO - Filling up the DagBag from /home/airflow/.local/lib/python3.7/site-packages/airflow/example_dags/example_task_group.py
[2023-11-21T08:07:52.043+0000] {processor.py:753} INFO - DAG(s) dict_keys(['example_task_group']) retrieved from /home/airflow/.local/lib/python3.7/site-packages/airflow/example_dags/example_task_group.py
[2023-11-21T08:07:52.060+0000] {logging_mixin.py:137} INFO - [2023-11-21T08:07:52.060+0000] {dag.py:2693} INFO - Sync 1 DAGs
[2023-11-21T08:07:52.077+0000] {logging_mixin.py:137} INFO - [2023-11-21T08:07:52.077+0000] {dag.py:3444} INFO - Setting next_dagrun for example_task_group to 2023-11-20T08:07:52.076894+00:00, run_after=2023-11-21T08:07:52.076894+00:00
[2023-11-21T08:07:52.088+0000] {processor.py:175} INFO - Processing /home/airflow/.local/lib/python3.7/site-packages/airflow/example_dags/example_task_group.py took 0.060 seconds
[2023-11-21T08:08:22.867+0000] {processor.py:153} INFO - Started process (PID=301) to work on /home/airflow/.local/lib/python3.7/site-packages/airflow/example_dags/example_task_group.py
[2023-11-21T08:08:22.867+0000] {processor.py:743} INFO - Processing file /home/airflow/.local/lib/python3.7/site-packages/airflow/example_dags/example_task_group.py for tasks to queue
[2023-11-21T08:08:22.868+0000] {logging_mixin.py:137} INFO - [2023-11-21T08:08:22.868+0000] {dagbag.py:532} INFO - Filling up the DagBag from /home/airflow/.local/lib/python3.7/site-packages/airflow/example_dags/example_task_group.py
[2023-11-21T08:08:22.877+0000] {processor.py:753} INFO - DAG(s) dict_keys(['example_task_group']) retrieved from /home/airflow/.local/lib/python3.7/site-packages/airflow/example_dags/example_task_group.py
[2023-11-21T08:08:22.893+0000] {logging_mixin.py:137} INFO - [2023-11-21T08:08:22.893+0000] {dag.py:2693} INFO - Sync 1 DAGs
[2023-11-21T08:08:22.909+0000] {logging_mixin.py:137} INFO - [2023-11-21T08:08:22.909+0000] {dag.py:3444} INFO - Setting next_dagrun for example_task_group to 2023-11-20T08:08:22.909067+00:00, run_after=2023-11-21T08:08:22.909067+00:00
[2023-11-21T08:08:22.919+0000] {processor.py:175} INFO - Processing /home/airflow/.local/lib/python3.7/site-packages/airflow/example_dags/example_task_group.py took 0.055 seconds
[2023-11-21T08:08:53.648+0000] {processor.py:153} INFO - Started process (PID=350) to work on /home/airflow/.local/lib/python3.7/site-packages/airflow/example_dags/example_task_group.py
[2023-11-21T08:08:53.648+0000] {processor.py:743} INFO - Processing file /home/airflow/.local/lib/python3.7/site-packages/airflow/example_dags/example_task_group.py for tasks to queue
[2023-11-21T08:08:53.649+0000] {logging_mixin.py:137} INFO - [2023-11-21T08:08:53.649+0000] {dagbag.py:532} INFO - Filling up the DagBag from /home/airflow/.local/lib/python3.7/site-packages/airflow/example_dags/example_task_group.py
[2023-11-21T08:08:53.659+0000] {processor.py:753} INFO - DAG(s) dict_keys(['example_task_group']) retrieved from /home/airflow/.local/lib/python3.7/site-packages/airflow/example_dags/example_task_group.py
[2023-11-21T08:08:53.675+0000] {logging_mixin.py:137} INFO - [2023-11-21T08:08:53.675+0000] {dag.py:2693} INFO - Sync 1 DAGs
[2023-11-21T08:08:53.691+0000] {logging_mixin.py:137} INFO - [2023-11-21T08:08:53.690+0000] {dag.py:3444} INFO - Setting next_dagrun for example_task_group to 2023-11-20T08:08:53.690784+00:00, run_after=2023-11-21T08:08:53.690784+00:00
[2023-11-21T08:08:53.702+0000] {processor.py:175} INFO - Processing /home/airflow/.local/lib/python3.7/site-packages/airflow/example_dags/example_task_group.py took 0.057 seconds
[2023-11-21T08:09:24.394+0000] {processor.py:153} INFO - Started process (PID=399) to work on /home/airflow/.local/lib/python3.7/site-packages/airflow/example_dags/example_task_group.py
[2023-11-21T08:09:24.394+0000] {processor.py:743} INFO - Processing file /home/airflow/.local/lib/python3.7/site-packages/airflow/example_dags/example_task_group.py for tasks to queue
[2023-11-21T08:09:24.395+0000] {logging_mixin.py:137} INFO - [2023-11-21T08:09:24.395+0000] {dagbag.py:532} INFO - Filling up the DagBag from /home/airflow/.local/lib/python3.7/site-packages/airflow/example_dags/example_task_group.py
[2023-11-21T08:09:24.405+0000] {processor.py:753} INFO - DAG(s) dict_keys(['example_task_group']) retrieved from /home/airflow/.local/lib/python3.7/site-packages/airflow/example_dags/example_task_group.py
[2023-11-21T08:09:24.421+0000] {logging_mixin.py:137} INFO - [2023-11-21T08:09:24.421+0000] {dag.py:2693} INFO - Sync 1 DAGs
[2023-11-21T08:09:24.436+0000] {logging_mixin.py:137} INFO - [2023-11-21T08:09:24.436+0000] {dag.py:3444} INFO - Setting next_dagrun for example_task_group to 2023-11-20T08:09:24.436004+00:00, run_after=2023-11-21T08:09:24.436004+00:00
[2023-11-21T08:09:24.447+0000] {processor.py:175} INFO - Processing /home/airflow/.local/lib/python3.7/site-packages/airflow/example_dags/example_task_group.py took 0.056 seconds
[2023-11-21T08:09:55.179+0000] {processor.py:153} INFO - Started process (PID=448) to work on /home/airflow/.local/lib/python3.7/site-packages/airflow/example_dags/example_task_group.py
[2023-11-21T08:09:55.179+0000] {processor.py:743} INFO - Processing file /home/airflow/.local/lib/python3.7/site-packages/airflow/example_dags/example_task_group.py for tasks to queue
[2023-11-21T08:09:55.180+0000] {logging_mixin.py:137} INFO - [2023-11-21T08:09:55.180+0000] {dagbag.py:532} INFO - Filling up the DagBag from /home/airflow/.local/lib/python3.7/site-packages/airflow/example_dags/example_task_group.py
[2023-11-21T08:09:55.190+0000] {processor.py:753} INFO - DAG(s) dict_keys(['example_task_group']) retrieved from /home/airflow/.local/lib/python3.7/site-packages/airflow/example_dags/example_task_group.py
[2023-11-21T08:09:55.206+0000] {logging_mixin.py:137} INFO - [2023-11-21T08:09:55.206+0000] {dag.py:2693} INFO - Sync 1 DAGs
[2023-11-21T08:09:55.221+0000] {logging_mixin.py:137} INFO - [2023-11-21T08:09:55.221+0000] {dag.py:3444} INFO - Setting next_dagrun for example_task_group to 2023-11-20T08:09:55.221710+00:00, run_after=2023-11-21T08:09:55.221710+00:00
[2023-11-21T08:09:55.232+0000] {processor.py:175} INFO - Processing /home/airflow/.local/lib/python3.7/site-packages/airflow/example_dags/example_task_group.py took 0.055 seconds
[2023-11-21T08:10:26.050+0000] {processor.py:153} INFO - Started process (PID=497) to work on /home/airflow/.local/lib/python3.7/site-packages/airflow/example_dags/example_task_group.py
[2023-11-21T08:10:26.051+0000] {processor.py:743} INFO - Processing file /home/airflow/.local/lib/python3.7/site-packages/airflow/example_dags/example_task_group.py for tasks to queue
[2023-11-21T08:10:26.052+0000] {logging_mixin.py:137} INFO - [2023-11-21T08:10:26.052+0000] {dagbag.py:532} INFO - Filling up the DagBag from /home/airflow/.local/lib/python3.7/site-packages/airflow/example_dags/example_task_group.py
[2023-11-21T08:10:26.064+0000] {processor.py:753} INFO - DAG(s) dict_keys(['example_task_group']) retrieved from /home/airflow/.local/lib/python3.7/site-packages/airflow/example_dags/example_task_group.py
[2023-11-21T08:10:26.087+0000] {logging_mixin.py:137} INFO - [2023-11-21T08:10:26.087+0000] {dag.py:2693} INFO - Sync 1 DAGs
[2023-11-21T08:10:26.106+0000] {logging_mixin.py:137} INFO - [2023-11-21T08:10:26.106+0000] {dag.py:3444} INFO - Setting next_dagrun for example_task_group to 2023-11-20T08:10:26.106558+00:00, run_after=2023-11-21T08:10:26.106558+00:00
[2023-11-21T08:10:26.121+0000] {processor.py:175} INFO - Processing /home/airflow/.local/lib/python3.7/site-packages/airflow/example_dags/example_task_group.py took 0.075 seconds
[2023-11-21T08:10:56.253+0000] {processor.py:153} INFO - Started process (PID=546) to work on /home/airflow/.local/lib/python3.7/site-packages/airflow/example_dags/example_task_group.py
[2023-11-21T08:10:56.254+0000] {processor.py:743} INFO - Processing file /home/airflow/.local/lib/python3.7/site-packages/airflow/example_dags/example_task_group.py for tasks to queue
[2023-11-21T08:10:56.254+0000] {logging_mixin.py:137} INFO - [2023-11-21T08:10:56.254+0000] {dagbag.py:532} INFO - Filling up the DagBag from /home/airflow/.local/lib/python3.7/site-packages/airflow/example_dags/example_task_group.py
[2023-11-21T08:10:56.264+0000] {processor.py:753} INFO - DAG(s) dict_keys(['example_task_group']) retrieved from /home/airflow/.local/lib/python3.7/site-packages/airflow/example_dags/example_task_group.py
[2023-11-21T08:10:56.279+0000] {logging_mixin.py:137} INFO - [2023-11-21T08:10:56.279+0000] {dag.py:2693} INFO - Sync 1 DAGs
[2023-11-21T08:10:56.293+0000] {logging_mixin.py:137} INFO - [2023-11-21T08:10:56.292+0000] {dag.py:3444} INFO - Setting next_dagrun for example_task_group to 2023-11-20T08:10:56.292826+00:00, run_after=2023-11-21T08:10:56.292826+00:00
[2023-11-21T08:10:56.302+0000] {processor.py:175} INFO - Processing /home/airflow/.local/lib/python3.7/site-packages/airflow/example_dags/example_task_group.py took 0.051 seconds
[2023-11-21T08:11:26.393+0000] {processor.py:153} INFO - Started process (PID=595) to work on /home/airflow/.local/lib/python3.7/site-packages/airflow/example_dags/example_task_group.py
[2023-11-21T08:11:26.394+0000] {processor.py:743} INFO - Processing file /home/airflow/.local/lib/python3.7/site-packages/airflow/example_dags/example_task_group.py for tasks to queue
[2023-11-21T08:11:26.394+0000] {logging_mixin.py:137} INFO - [2023-11-21T08:11:26.394+0000] {dagbag.py:532} INFO - Filling up the DagBag from /home/airflow/.local/lib/python3.7/site-packages/airflow/example_dags/example_task_group.py
[2023-11-21T08:11:26.404+0000] {processor.py:753} INFO - DAG(s) dict_keys(['example_task_group']) retrieved from /home/airflow/.local/lib/python3.7/site-packages/airflow/example_dags/example_task_group.py
[2023-11-21T08:11:26.420+0000] {logging_mixin.py:137} INFO - [2023-11-21T08:11:26.420+0000] {dag.py:2693} INFO - Sync 1 DAGs
[2023-11-21T08:11:26.435+0000] {logging_mixin.py:137} INFO - [2023-11-21T08:11:26.435+0000] {dag.py:3444} INFO - Setting next_dagrun for example_task_group to 2023-11-20T08:11:26.435250+00:00, run_after=2023-11-21T08:11:26.435250+00:00
[2023-11-21T08:11:26.445+0000] {processor.py:175} INFO - Processing /home/airflow/.local/lib/python3.7/site-packages/airflow/example_dags/example_task_group.py took 0.054 seconds
[2023-11-21T08:11:56.518+0000] {processor.py:153} INFO - Started process (PID=644) to work on /home/airflow/.local/lib/python3.7/site-packages/airflow/example_dags/example_task_group.py
[2023-11-21T08:11:56.518+0000] {processor.py:743} INFO - Processing file /home/airflow/.local/lib/python3.7/site-packages/airflow/example_dags/example_task_group.py for tasks to queue
[2023-11-21T08:11:56.519+0000] {logging_mixin.py:137} INFO - [2023-11-21T08:11:56.519+0000] {dagbag.py:532} INFO - Filling up the DagBag from /home/airflow/.local/lib/python3.7/site-packages/airflow/example_dags/example_task_group.py
[2023-11-21T08:11:56.529+0000] {processor.py:753} INFO - DAG(s) dict_keys(['example_task_group']) retrieved from /home/airflow/.local/lib/python3.7/site-packages/airflow/example_dags/example_task_group.py
[2023-11-21T08:11:56.545+0000] {logging_mixin.py:137} INFO - [2023-11-21T08:11:56.545+0000] {dag.py:2693} INFO - Sync 1 DAGs
[2023-11-21T08:11:56.559+0000] {logging_mixin.py:137} INFO - [2023-11-21T08:11:56.559+0000] {dag.py:3444} INFO - Setting next_dagrun for example_task_group to 2023-11-20T08:11:56.558973+00:00, run_after=2023-11-21T08:11:56.558973+00:00
[2023-11-21T08:11:56.568+0000] {processor.py:175} INFO - Processing /home/airflow/.local/lib/python3.7/site-packages/airflow/example_dags/example_task_group.py took 0.053 seconds
[2023-11-21T08:12:26.607+0000] {processor.py:153} INFO - Started process (PID=693) to work on /home/airflow/.local/lib/python3.7/site-packages/airflow/example_dags/example_task_group.py
[2023-11-21T08:12:26.607+0000] {processor.py:743} INFO - Processing file /home/airflow/.local/lib/python3.7/site-packages/airflow/example_dags/example_task_group.py for tasks to queue
[2023-11-21T08:12:26.608+0000] {logging_mixin.py:137} INFO - [2023-11-21T08:12:26.608+0000] {dagbag.py:532} INFO - Filling up the DagBag from /home/airflow/.local/lib/python3.7/site-packages/airflow/example_dags/example_task_group.py
[2023-11-21T08:12:26.618+0000] {processor.py:753} INFO - DAG(s) dict_keys(['example_task_group']) retrieved from /home/airflow/.local/lib/python3.7/site-packages/airflow/example_dags/example_task_group.py
[2023-11-21T08:12:26.634+0000] {logging_mixin.py:137} INFO - [2023-11-21T08:12:26.633+0000] {dag.py:2693} INFO - Sync 1 DAGs
[2023-11-21T08:12:26.647+0000] {logging_mixin.py:137} INFO - [2023-11-21T08:12:26.647+0000] {dag.py:3444} INFO - Setting next_dagrun for example_task_group to 2023-11-20T08:12:26.647726+00:00, run_after=2023-11-21T08:12:26.647726+00:00
[2023-11-21T08:12:26.658+0000] {processor.py:175} INFO - Processing /home/airflow/.local/lib/python3.7/site-packages/airflow/example_dags/example_task_group.py took 0.053 seconds
[2023-11-21T08:19:19.650+0000] {processor.py:153} INFO - Started process (PID=56) to work on /home/airflow/.local/lib/python3.7/site-packages/airflow/example_dags/example_task_group.py
[2023-11-21T08:19:19.652+0000] {processor.py:743} INFO - Processing file /home/airflow/.local/lib/python3.7/site-packages/airflow/example_dags/example_task_group.py for tasks to queue
[2023-11-21T08:19:19.653+0000] {logging_mixin.py:137} INFO - [2023-11-21T08:19:19.653+0000] {dagbag.py:532} INFO - Filling up the DagBag from /home/airflow/.local/lib/python3.7/site-packages/airflow/example_dags/example_task_group.py
[2023-11-21T08:19:19.670+0000] {processor.py:753} INFO - DAG(s) dict_keys(['example_task_group']) retrieved from /home/airflow/.local/lib/python3.7/site-packages/airflow/example_dags/example_task_group.py
[2023-11-21T08:19:19.802+0000] {logging_mixin.py:137} INFO - [2023-11-21T08:19:19.801+0000] {manager.py:504} INFO - Created Permission View: can edit on DAG:example_task_group
[2023-11-21T08:19:19.816+0000] {logging_mixin.py:137} INFO - [2023-11-21T08:19:19.816+0000] {manager.py:504} INFO - Created Permission View: can read on DAG:example_task_group
[2023-11-21T08:19:19.824+0000] {logging_mixin.py:137} INFO - [2023-11-21T08:19:19.824+0000] {manager.py:504} INFO - Created Permission View: can delete on DAG:example_task_group
[2023-11-21T08:19:19.825+0000] {logging_mixin.py:137} INFO - [2023-11-21T08:19:19.825+0000] {dag.py:2693} INFO - Sync 1 DAGs
[2023-11-21T08:19:19.850+0000] {logging_mixin.py:137} INFO - [2023-11-21T08:19:19.850+0000] {dag.py:2714} INFO - Creating ORM DAG for example_task_group
[2023-11-21T08:19:19.873+0000] {logging_mixin.py:137} INFO - [2023-11-21T08:19:19.873+0000] {dag.py:3444} INFO - Setting next_dagrun for example_task_group to 2023-11-20T08:19:19.872991+00:00, run_after=2023-11-21T08:19:19.872991+00:00
[2023-11-21T08:19:19.913+0000] {processor.py:175} INFO - Processing /home/airflow/.local/lib/python3.7/site-packages/airflow/example_dags/example_task_group.py took 0.268 seconds
[2023-11-21T08:19:50.565+0000] {processor.py:153} INFO - Started process (PID=105) to work on /home/airflow/.local/lib/python3.7/site-packages/airflow/example_dags/example_task_group.py
[2023-11-21T08:19:50.567+0000] {processor.py:743} INFO - Processing file /home/airflow/.local/lib/python3.7/site-packages/airflow/example_dags/example_task_group.py for tasks to queue
[2023-11-21T08:19:50.567+0000] {logging_mixin.py:137} INFO - [2023-11-21T08:19:50.567+0000] {dagbag.py:532} INFO - Filling up the DagBag from /home/airflow/.local/lib/python3.7/site-packages/airflow/example_dags/example_task_group.py
[2023-11-21T08:19:50.585+0000] {processor.py:753} INFO - DAG(s) dict_keys(['example_task_group']) retrieved from /home/airflow/.local/lib/python3.7/site-packages/airflow/example_dags/example_task_group.py
[2023-11-21T08:19:50.628+0000] {logging_mixin.py:137} INFO - [2023-11-21T08:19:50.628+0000] {dag.py:2693} INFO - Sync 1 DAGs
[2023-11-21T08:19:50.662+0000] {logging_mixin.py:137} INFO - [2023-11-21T08:19:50.662+0000] {dag.py:3444} INFO - Setting next_dagrun for example_task_group to 2023-11-20T08:19:50.661900+00:00, run_after=2023-11-21T08:19:50.661900+00:00
[2023-11-21T08:19:50.681+0000] {processor.py:175} INFO - Processing /home/airflow/.local/lib/python3.7/site-packages/airflow/example_dags/example_task_group.py took 0.120 seconds
[2023-11-21T08:20:21.257+0000] {processor.py:153} INFO - Started process (PID=154) to work on /home/airflow/.local/lib/python3.7/site-packages/airflow/example_dags/example_task_group.py
[2023-11-21T08:20:21.259+0000] {processor.py:743} INFO - Processing file /home/airflow/.local/lib/python3.7/site-packages/airflow/example_dags/example_task_group.py for tasks to queue
[2023-11-21T08:20:21.259+0000] {logging_mixin.py:137} INFO - [2023-11-21T08:20:21.259+0000] {dagbag.py:532} INFO - Filling up the DagBag from /home/airflow/.local/lib/python3.7/site-packages/airflow/example_dags/example_task_group.py
[2023-11-21T08:20:21.274+0000] {processor.py:753} INFO - DAG(s) dict_keys(['example_task_group']) retrieved from /home/airflow/.local/lib/python3.7/site-packages/airflow/example_dags/example_task_group.py
[2023-11-21T08:20:21.300+0000] {logging_mixin.py:137} INFO - [2023-11-21T08:20:21.300+0000] {dag.py:2693} INFO - Sync 1 DAGs
[2023-11-21T08:20:21.316+0000] {logging_mixin.py:137} INFO - [2023-11-21T08:20:21.316+0000] {dag.py:3444} INFO - Setting next_dagrun for example_task_group to 2023-11-20T08:20:21.316128+00:00, run_after=2023-11-21T08:20:21.316128+00:00
[2023-11-21T08:20:21.329+0000] {processor.py:175} INFO - Processing /home/airflow/.local/lib/python3.7/site-packages/airflow/example_dags/example_task_group.py took 0.074 seconds
[2023-11-21T08:20:51.513+0000] {processor.py:153} INFO - Started process (PID=204) to work on /home/airflow/.local/lib/python3.7/site-packages/airflow/example_dags/example_task_group.py
[2023-11-21T08:20:51.515+0000] {processor.py:743} INFO - Processing file /home/airflow/.local/lib/python3.7/site-packages/airflow/example_dags/example_task_group.py for tasks to queue
[2023-11-21T08:20:51.516+0000] {logging_mixin.py:137} INFO - [2023-11-21T08:20:51.516+0000] {dagbag.py:532} INFO - Filling up the DagBag from /home/airflow/.local/lib/python3.7/site-packages/airflow/example_dags/example_task_group.py
[2023-11-21T08:20:51.532+0000] {processor.py:753} INFO - DAG(s) dict_keys(['example_task_group']) retrieved from /home/airflow/.local/lib/python3.7/site-packages/airflow/example_dags/example_task_group.py
[2023-11-21T08:20:51.570+0000] {logging_mixin.py:137} INFO - [2023-11-21T08:20:51.570+0000] {dag.py:2693} INFO - Sync 1 DAGs
[2023-11-21T08:20:51.591+0000] {logging_mixin.py:137} INFO - [2023-11-21T08:20:51.591+0000] {dag.py:3444} INFO - Setting next_dagrun for example_task_group to 2023-11-20T08:20:51.591527+00:00, run_after=2023-11-21T08:20:51.591527+00:00
[2023-11-21T08:20:51.608+0000] {processor.py:175} INFO - Processing /home/airflow/.local/lib/python3.7/site-packages/airflow/example_dags/example_task_group.py took 0.098 seconds
