[2023-11-21T08:05:48.736+0000] {processor.py:153} INFO - Started process (PID=58) to work on /home/airflow/.local/lib/python3.7/site-packages/airflow/example_dags/example_skip_dag.py
[2023-11-21T08:05:48.737+0000] {processor.py:743} INFO - Processing file /home/airflow/.local/lib/python3.7/site-packages/airflow/example_dags/example_skip_dag.py for tasks to queue
[2023-11-21T08:05:48.738+0000] {logging_mixin.py:137} INFO - [2023-11-21T08:05:48.737+0000] {dagbag.py:532} INFO - Filling up the DagBag from /home/airflow/.local/lib/python3.7/site-packages/airflow/example_dags/example_skip_dag.py
[2023-11-21T08:05:48.752+0000] {processor.py:753} INFO - DAG(s) dict_keys(['example_skip_dag']) retrieved from /home/airflow/.local/lib/python3.7/site-packages/airflow/example_dags/example_skip_dag.py
[2023-11-21T08:05:48.763+0000] {logging_mixin.py:137} INFO - [2023-11-21T08:05:48.763+0000] {dag.py:2693} INFO - Sync 1 DAGs
[2023-11-21T08:05:48.792+0000] {logging_mixin.py:137} INFO - [2023-11-21T08:05:48.792+0000] {dag.py:3444} INFO - Setting next_dagrun for example_skip_dag to 2023-11-20T08:05:48.792244+00:00, run_after=2023-11-21T08:05:48.792244+00:00
[2023-11-21T08:05:48.832+0000] {processor.py:175} INFO - Processing /home/airflow/.local/lib/python3.7/site-packages/airflow/example_dags/example_skip_dag.py took 0.099 seconds
[2023-11-21T08:06:19.441+0000] {processor.py:153} INFO - Started process (PID=107) to work on /home/airflow/.local/lib/python3.7/site-packages/airflow/example_dags/example_skip_dag.py
[2023-11-21T08:06:19.442+0000] {processor.py:743} INFO - Processing file /home/airflow/.local/lib/python3.7/site-packages/airflow/example_dags/example_skip_dag.py for tasks to queue
[2023-11-21T08:06:19.443+0000] {logging_mixin.py:137} INFO - [2023-11-21T08:06:19.443+0000] {dagbag.py:532} INFO - Filling up the DagBag from /home/airflow/.local/lib/python3.7/site-packages/airflow/example_dags/example_skip_dag.py
[2023-11-21T08:06:19.451+0000] {processor.py:753} INFO - DAG(s) dict_keys(['example_skip_dag']) retrieved from /home/airflow/.local/lib/python3.7/site-packages/airflow/example_dags/example_skip_dag.py
[2023-11-21T08:06:19.467+0000] {logging_mixin.py:137} INFO - [2023-11-21T08:06:19.467+0000] {dag.py:2693} INFO - Sync 1 DAGs
[2023-11-21T08:06:19.481+0000] {logging_mixin.py:137} INFO - [2023-11-21T08:06:19.481+0000] {dag.py:3444} INFO - Setting next_dagrun for example_skip_dag to 2023-11-20T08:06:19.481264+00:00, run_after=2023-11-21T08:06:19.481264+00:00
[2023-11-21T08:06:19.491+0000] {processor.py:175} INFO - Processing /home/airflow/.local/lib/python3.7/site-packages/airflow/example_dags/example_skip_dag.py took 0.052 seconds
[2023-11-21T08:06:50.545+0000] {processor.py:153} INFO - Started process (PID=156) to work on /home/airflow/.local/lib/python3.7/site-packages/airflow/example_dags/example_skip_dag.py
[2023-11-21T08:06:50.546+0000] {processor.py:743} INFO - Processing file /home/airflow/.local/lib/python3.7/site-packages/airflow/example_dags/example_skip_dag.py for tasks to queue
[2023-11-21T08:06:50.546+0000] {logging_mixin.py:137} INFO - [2023-11-21T08:06:50.546+0000] {dagbag.py:532} INFO - Filling up the DagBag from /home/airflow/.local/lib/python3.7/site-packages/airflow/example_dags/example_skip_dag.py
[2023-11-21T08:06:50.556+0000] {processor.py:753} INFO - DAG(s) dict_keys(['example_skip_dag']) retrieved from /home/airflow/.local/lib/python3.7/site-packages/airflow/example_dags/example_skip_dag.py
[2023-11-21T08:06:50.573+0000] {logging_mixin.py:137} INFO - [2023-11-21T08:06:50.573+0000] {dag.py:2693} INFO - Sync 1 DAGs
[2023-11-21T08:06:50.588+0000] {logging_mixin.py:137} INFO - [2023-11-21T08:06:50.588+0000] {dag.py:3444} INFO - Setting next_dagrun for example_skip_dag to 2023-11-20T08:06:50.588124+00:00, run_after=2023-11-21T08:06:50.588124+00:00
[2023-11-21T08:06:50.599+0000] {processor.py:175} INFO - Processing /home/airflow/.local/lib/python3.7/site-packages/airflow/example_dags/example_skip_dag.py took 0.056 seconds
[2023-11-21T08:07:21.321+0000] {processor.py:153} INFO - Started process (PID=205) to work on /home/airflow/.local/lib/python3.7/site-packages/airflow/example_dags/example_skip_dag.py
[2023-11-21T08:07:21.322+0000] {processor.py:743} INFO - Processing file /home/airflow/.local/lib/python3.7/site-packages/airflow/example_dags/example_skip_dag.py for tasks to queue
[2023-11-21T08:07:21.322+0000] {logging_mixin.py:137} INFO - [2023-11-21T08:07:21.322+0000] {dagbag.py:532} INFO - Filling up the DagBag from /home/airflow/.local/lib/python3.7/site-packages/airflow/example_dags/example_skip_dag.py
[2023-11-21T08:07:21.331+0000] {processor.py:753} INFO - DAG(s) dict_keys(['example_skip_dag']) retrieved from /home/airflow/.local/lib/python3.7/site-packages/airflow/example_dags/example_skip_dag.py
[2023-11-21T08:07:21.347+0000] {logging_mixin.py:137} INFO - [2023-11-21T08:07:21.347+0000] {dag.py:2693} INFO - Sync 1 DAGs
[2023-11-21T08:07:21.362+0000] {logging_mixin.py:137} INFO - [2023-11-21T08:07:21.362+0000] {dag.py:3444} INFO - Setting next_dagrun for example_skip_dag to 2023-11-20T08:07:21.362366+00:00, run_after=2023-11-21T08:07:21.362366+00:00
[2023-11-21T08:07:21.372+0000] {processor.py:175} INFO - Processing /home/airflow/.local/lib/python3.7/site-packages/airflow/example_dags/example_skip_dag.py took 0.053 seconds
[2023-11-21T08:07:52.103+0000] {processor.py:153} INFO - Started process (PID=254) to work on /home/airflow/.local/lib/python3.7/site-packages/airflow/example_dags/example_skip_dag.py
[2023-11-21T08:07:52.104+0000] {processor.py:743} INFO - Processing file /home/airflow/.local/lib/python3.7/site-packages/airflow/example_dags/example_skip_dag.py for tasks to queue
[2023-11-21T08:07:52.105+0000] {logging_mixin.py:137} INFO - [2023-11-21T08:07:52.105+0000] {dagbag.py:532} INFO - Filling up the DagBag from /home/airflow/.local/lib/python3.7/site-packages/airflow/example_dags/example_skip_dag.py
[2023-11-21T08:07:52.114+0000] {processor.py:753} INFO - DAG(s) dict_keys(['example_skip_dag']) retrieved from /home/airflow/.local/lib/python3.7/site-packages/airflow/example_dags/example_skip_dag.py
[2023-11-21T08:07:52.132+0000] {logging_mixin.py:137} INFO - [2023-11-21T08:07:52.131+0000] {dag.py:2693} INFO - Sync 1 DAGs
[2023-11-21T08:07:52.148+0000] {logging_mixin.py:137} INFO - [2023-11-21T08:07:52.148+0000] {dag.py:3444} INFO - Setting next_dagrun for example_skip_dag to 2023-11-20T08:07:52.147973+00:00, run_after=2023-11-21T08:07:52.147973+00:00
[2023-11-21T08:07:52.160+0000] {processor.py:175} INFO - Processing /home/airflow/.local/lib/python3.7/site-packages/airflow/example_dags/example_skip_dag.py took 0.059 seconds
[2023-11-21T08:08:22.934+0000] {processor.py:153} INFO - Started process (PID=303) to work on /home/airflow/.local/lib/python3.7/site-packages/airflow/example_dags/example_skip_dag.py
[2023-11-21T08:08:22.934+0000] {processor.py:743} INFO - Processing file /home/airflow/.local/lib/python3.7/site-packages/airflow/example_dags/example_skip_dag.py for tasks to queue
[2023-11-21T08:08:22.935+0000] {logging_mixin.py:137} INFO - [2023-11-21T08:08:22.935+0000] {dagbag.py:532} INFO - Filling up the DagBag from /home/airflow/.local/lib/python3.7/site-packages/airflow/example_dags/example_skip_dag.py
[2023-11-21T08:08:22.944+0000] {processor.py:753} INFO - DAG(s) dict_keys(['example_skip_dag']) retrieved from /home/airflow/.local/lib/python3.7/site-packages/airflow/example_dags/example_skip_dag.py
[2023-11-21T08:08:22.959+0000] {logging_mixin.py:137} INFO - [2023-11-21T08:08:22.959+0000] {dag.py:2693} INFO - Sync 1 DAGs
[2023-11-21T08:08:22.975+0000] {logging_mixin.py:137} INFO - [2023-11-21T08:08:22.975+0000] {dag.py:3444} INFO - Setting next_dagrun for example_skip_dag to 2023-11-20T08:08:22.975177+00:00, run_after=2023-11-21T08:08:22.975177+00:00
[2023-11-21T08:08:22.985+0000] {processor.py:175} INFO - Processing /home/airflow/.local/lib/python3.7/site-packages/airflow/example_dags/example_skip_dag.py took 0.054 seconds
[2023-11-21T08:08:53.717+0000] {processor.py:153} INFO - Started process (PID=352) to work on /home/airflow/.local/lib/python3.7/site-packages/airflow/example_dags/example_skip_dag.py
[2023-11-21T08:08:53.718+0000] {processor.py:743} INFO - Processing file /home/airflow/.local/lib/python3.7/site-packages/airflow/example_dags/example_skip_dag.py for tasks to queue
[2023-11-21T08:08:53.718+0000] {logging_mixin.py:137} INFO - [2023-11-21T08:08:53.718+0000] {dagbag.py:532} INFO - Filling up the DagBag from /home/airflow/.local/lib/python3.7/site-packages/airflow/example_dags/example_skip_dag.py
[2023-11-21T08:08:53.728+0000] {processor.py:753} INFO - DAG(s) dict_keys(['example_skip_dag']) retrieved from /home/airflow/.local/lib/python3.7/site-packages/airflow/example_dags/example_skip_dag.py
[2023-11-21T08:08:53.744+0000] {logging_mixin.py:137} INFO - [2023-11-21T08:08:53.744+0000] {dag.py:2693} INFO - Sync 1 DAGs
[2023-11-21T08:08:53.759+0000] {logging_mixin.py:137} INFO - [2023-11-21T08:08:53.759+0000] {dag.py:3444} INFO - Setting next_dagrun for example_skip_dag to 2023-11-20T08:08:53.759422+00:00, run_after=2023-11-21T08:08:53.759422+00:00
[2023-11-21T08:08:53.769+0000] {processor.py:175} INFO - Processing /home/airflow/.local/lib/python3.7/site-packages/airflow/example_dags/example_skip_dag.py took 0.055 seconds
[2023-11-21T08:09:24.461+0000] {processor.py:153} INFO - Started process (PID=401) to work on /home/airflow/.local/lib/python3.7/site-packages/airflow/example_dags/example_skip_dag.py
[2023-11-21T08:09:24.462+0000] {processor.py:743} INFO - Processing file /home/airflow/.local/lib/python3.7/site-packages/airflow/example_dags/example_skip_dag.py for tasks to queue
[2023-11-21T08:09:24.462+0000] {logging_mixin.py:137} INFO - [2023-11-21T08:09:24.462+0000] {dagbag.py:532} INFO - Filling up the DagBag from /home/airflow/.local/lib/python3.7/site-packages/airflow/example_dags/example_skip_dag.py
[2023-11-21T08:09:24.471+0000] {processor.py:753} INFO - DAG(s) dict_keys(['example_skip_dag']) retrieved from /home/airflow/.local/lib/python3.7/site-packages/airflow/example_dags/example_skip_dag.py
[2023-11-21T08:09:24.487+0000] {logging_mixin.py:137} INFO - [2023-11-21T08:09:24.487+0000] {dag.py:2693} INFO - Sync 1 DAGs
[2023-11-21T08:09:24.502+0000] {logging_mixin.py:137} INFO - [2023-11-21T08:09:24.502+0000] {dag.py:3444} INFO - Setting next_dagrun for example_skip_dag to 2023-11-20T08:09:24.502428+00:00, run_after=2023-11-21T08:09:24.502428+00:00
[2023-11-21T08:09:24.513+0000] {processor.py:175} INFO - Processing /home/airflow/.local/lib/python3.7/site-packages/airflow/example_dags/example_skip_dag.py took 0.054 seconds
[2023-11-21T08:09:55.246+0000] {processor.py:153} INFO - Started process (PID=450) to work on /home/airflow/.local/lib/python3.7/site-packages/airflow/example_dags/example_skip_dag.py
[2023-11-21T08:09:55.247+0000] {processor.py:743} INFO - Processing file /home/airflow/.local/lib/python3.7/site-packages/airflow/example_dags/example_skip_dag.py for tasks to queue
[2023-11-21T08:09:55.247+0000] {logging_mixin.py:137} INFO - [2023-11-21T08:09:55.247+0000] {dagbag.py:532} INFO - Filling up the DagBag from /home/airflow/.local/lib/python3.7/site-packages/airflow/example_dags/example_skip_dag.py
[2023-11-21T08:09:55.256+0000] {processor.py:753} INFO - DAG(s) dict_keys(['example_skip_dag']) retrieved from /home/airflow/.local/lib/python3.7/site-packages/airflow/example_dags/example_skip_dag.py
[2023-11-21T08:09:55.272+0000] {logging_mixin.py:137} INFO - [2023-11-21T08:09:55.272+0000] {dag.py:2693} INFO - Sync 1 DAGs
[2023-11-21T08:09:55.288+0000] {logging_mixin.py:137} INFO - [2023-11-21T08:09:55.288+0000] {dag.py:3444} INFO - Setting next_dagrun for example_skip_dag to 2023-11-20T08:09:55.288509+00:00, run_after=2023-11-21T08:09:55.288509+00:00
[2023-11-21T08:09:55.300+0000] {processor.py:175} INFO - Processing /home/airflow/.local/lib/python3.7/site-packages/airflow/example_dags/example_skip_dag.py took 0.056 seconds
[2023-11-21T08:10:26.141+0000] {processor.py:153} INFO - Started process (PID=499) to work on /home/airflow/.local/lib/python3.7/site-packages/airflow/example_dags/example_skip_dag.py
[2023-11-21T08:10:26.142+0000] {processor.py:743} INFO - Processing file /home/airflow/.local/lib/python3.7/site-packages/airflow/example_dags/example_skip_dag.py for tasks to queue
[2023-11-21T08:10:26.143+0000] {logging_mixin.py:137} INFO - [2023-11-21T08:10:26.143+0000] {dagbag.py:532} INFO - Filling up the DagBag from /home/airflow/.local/lib/python3.7/site-packages/airflow/example_dags/example_skip_dag.py
[2023-11-21T08:10:26.154+0000] {processor.py:753} INFO - DAG(s) dict_keys(['example_skip_dag']) retrieved from /home/airflow/.local/lib/python3.7/site-packages/airflow/example_dags/example_skip_dag.py
[2023-11-21T08:10:26.173+0000] {logging_mixin.py:137} INFO - [2023-11-21T08:10:26.172+0000] {dag.py:2693} INFO - Sync 1 DAGs
[2023-11-21T08:10:26.189+0000] {logging_mixin.py:137} INFO - [2023-11-21T08:10:26.189+0000] {dag.py:3444} INFO - Setting next_dagrun for example_skip_dag to 2023-11-20T08:10:26.188989+00:00, run_after=2023-11-21T08:10:26.188989+00:00
[2023-11-21T08:10:26.203+0000] {processor.py:175} INFO - Processing /home/airflow/.local/lib/python3.7/site-packages/airflow/example_dags/example_skip_dag.py took 0.065 seconds
[2023-11-21T08:10:56.318+0000] {processor.py:153} INFO - Started process (PID=548) to work on /home/airflow/.local/lib/python3.7/site-packages/airflow/example_dags/example_skip_dag.py
[2023-11-21T08:10:56.319+0000] {processor.py:743} INFO - Processing file /home/airflow/.local/lib/python3.7/site-packages/airflow/example_dags/example_skip_dag.py for tasks to queue
[2023-11-21T08:10:56.319+0000] {logging_mixin.py:137} INFO - [2023-11-21T08:10:56.319+0000] {dagbag.py:532} INFO - Filling up the DagBag from /home/airflow/.local/lib/python3.7/site-packages/airflow/example_dags/example_skip_dag.py
[2023-11-21T08:10:56.328+0000] {processor.py:753} INFO - DAG(s) dict_keys(['example_skip_dag']) retrieved from /home/airflow/.local/lib/python3.7/site-packages/airflow/example_dags/example_skip_dag.py
[2023-11-21T08:10:56.343+0000] {logging_mixin.py:137} INFO - [2023-11-21T08:10:56.343+0000] {dag.py:2693} INFO - Sync 1 DAGs
[2023-11-21T08:10:56.358+0000] {logging_mixin.py:137} INFO - [2023-11-21T08:10:56.357+0000] {dag.py:3444} INFO - Setting next_dagrun for example_skip_dag to 2023-11-20T08:10:56.357822+00:00, run_after=2023-11-21T08:10:56.357822+00:00
[2023-11-21T08:10:56.367+0000] {processor.py:175} INFO - Processing /home/airflow/.local/lib/python3.7/site-packages/airflow/example_dags/example_skip_dag.py took 0.052 seconds
[2023-11-21T08:11:26.463+0000] {processor.py:153} INFO - Started process (PID=597) to work on /home/airflow/.local/lib/python3.7/site-packages/airflow/example_dags/example_skip_dag.py
[2023-11-21T08:11:26.464+0000] {processor.py:743} INFO - Processing file /home/airflow/.local/lib/python3.7/site-packages/airflow/example_dags/example_skip_dag.py for tasks to queue
[2023-11-21T08:11:26.464+0000] {logging_mixin.py:137} INFO - [2023-11-21T08:11:26.464+0000] {dagbag.py:532} INFO - Filling up the DagBag from /home/airflow/.local/lib/python3.7/site-packages/airflow/example_dags/example_skip_dag.py
[2023-11-21T08:11:26.473+0000] {processor.py:753} INFO - DAG(s) dict_keys(['example_skip_dag']) retrieved from /home/airflow/.local/lib/python3.7/site-packages/airflow/example_dags/example_skip_dag.py
[2023-11-21T08:11:26.489+0000] {logging_mixin.py:137} INFO - [2023-11-21T08:11:26.489+0000] {dag.py:2693} INFO - Sync 1 DAGs
[2023-11-21T08:11:26.505+0000] {logging_mixin.py:137} INFO - [2023-11-21T08:11:26.505+0000] {dag.py:3444} INFO - Setting next_dagrun for example_skip_dag to 2023-11-20T08:11:26.505162+00:00, run_after=2023-11-21T08:11:26.505162+00:00
[2023-11-21T08:11:26.516+0000] {processor.py:175} INFO - Processing /home/airflow/.local/lib/python3.7/site-packages/airflow/example_dags/example_skip_dag.py took 0.055 seconds
[2023-11-21T08:11:56.586+0000] {processor.py:153} INFO - Started process (PID=646) to work on /home/airflow/.local/lib/python3.7/site-packages/airflow/example_dags/example_skip_dag.py
[2023-11-21T08:11:56.586+0000] {processor.py:743} INFO - Processing file /home/airflow/.local/lib/python3.7/site-packages/airflow/example_dags/example_skip_dag.py for tasks to queue
[2023-11-21T08:11:56.587+0000] {logging_mixin.py:137} INFO - [2023-11-21T08:11:56.587+0000] {dagbag.py:532} INFO - Filling up the DagBag from /home/airflow/.local/lib/python3.7/site-packages/airflow/example_dags/example_skip_dag.py
[2023-11-21T08:11:56.596+0000] {processor.py:753} INFO - DAG(s) dict_keys(['example_skip_dag']) retrieved from /home/airflow/.local/lib/python3.7/site-packages/airflow/example_dags/example_skip_dag.py
[2023-11-21T08:11:56.612+0000] {logging_mixin.py:137} INFO - [2023-11-21T08:11:56.612+0000] {dag.py:2693} INFO - Sync 1 DAGs
[2023-11-21T08:11:56.627+0000] {logging_mixin.py:137} INFO - [2023-11-21T08:11:56.627+0000] {dag.py:3444} INFO - Setting next_dagrun for example_skip_dag to 2023-11-20T08:11:56.627118+00:00, run_after=2023-11-21T08:11:56.627118+00:00
[2023-11-21T08:11:56.637+0000] {processor.py:175} INFO - Processing /home/airflow/.local/lib/python3.7/site-packages/airflow/example_dags/example_skip_dag.py took 0.054 seconds
[2023-11-21T08:12:26.673+0000] {processor.py:153} INFO - Started process (PID=695) to work on /home/airflow/.local/lib/python3.7/site-packages/airflow/example_dags/example_skip_dag.py
[2023-11-21T08:12:26.673+0000] {processor.py:743} INFO - Processing file /home/airflow/.local/lib/python3.7/site-packages/airflow/example_dags/example_skip_dag.py for tasks to queue
[2023-11-21T08:12:26.674+0000] {logging_mixin.py:137} INFO - [2023-11-21T08:12:26.674+0000] {dagbag.py:532} INFO - Filling up the DagBag from /home/airflow/.local/lib/python3.7/site-packages/airflow/example_dags/example_skip_dag.py
[2023-11-21T08:12:26.682+0000] {processor.py:753} INFO - DAG(s) dict_keys(['example_skip_dag']) retrieved from /home/airflow/.local/lib/python3.7/site-packages/airflow/example_dags/example_skip_dag.py
[2023-11-21T08:12:26.697+0000] {logging_mixin.py:137} INFO - [2023-11-21T08:12:26.697+0000] {dag.py:2693} INFO - Sync 1 DAGs
[2023-11-21T08:12:26.711+0000] {logging_mixin.py:137} INFO - [2023-11-21T08:12:26.711+0000] {dag.py:3444} INFO - Setting next_dagrun for example_skip_dag to 2023-11-20T08:12:26.710981+00:00, run_after=2023-11-21T08:12:26.710981+00:00
[2023-11-21T08:12:26.721+0000] {processor.py:175} INFO - Processing /home/airflow/.local/lib/python3.7/site-packages/airflow/example_dags/example_skip_dag.py took 0.050 seconds
[2023-11-21T08:19:19.972+0000] {processor.py:153} INFO - Started process (PID=58) to work on /home/airflow/.local/lib/python3.7/site-packages/airflow/example_dags/example_skip_dag.py
[2023-11-21T08:19:19.976+0000] {processor.py:743} INFO - Processing file /home/airflow/.local/lib/python3.7/site-packages/airflow/example_dags/example_skip_dag.py for tasks to queue
[2023-11-21T08:19:19.978+0000] {logging_mixin.py:137} INFO - [2023-11-21T08:19:19.978+0000] {dagbag.py:532} INFO - Filling up the DagBag from /home/airflow/.local/lib/python3.7/site-packages/airflow/example_dags/example_skip_dag.py
[2023-11-21T08:19:20.012+0000] {processor.py:753} INFO - DAG(s) dict_keys(['example_skip_dag']) retrieved from /home/airflow/.local/lib/python3.7/site-packages/airflow/example_dags/example_skip_dag.py
[2023-11-21T08:19:20.139+0000] {logging_mixin.py:137} INFO - [2023-11-21T08:19:20.138+0000] {manager.py:504} INFO - Created Permission View: can edit on DAG:example_skip_dag
[2023-11-21T08:19:20.146+0000] {logging_mixin.py:137} INFO - [2023-11-21T08:19:20.146+0000] {manager.py:504} INFO - Created Permission View: can read on DAG:example_skip_dag
[2023-11-21T08:19:20.152+0000] {logging_mixin.py:137} INFO - [2023-11-21T08:19:20.151+0000] {manager.py:504} INFO - Created Permission View: can delete on DAG:example_skip_dag
[2023-11-21T08:19:20.153+0000] {logging_mixin.py:137} INFO - [2023-11-21T08:19:20.153+0000] {dag.py:2693} INFO - Sync 1 DAGs
[2023-11-21T08:19:20.165+0000] {logging_mixin.py:137} INFO - [2023-11-21T08:19:20.165+0000] {dag.py:2714} INFO - Creating ORM DAG for example_skip_dag
[2023-11-21T08:19:20.189+0000] {logging_mixin.py:137} INFO - [2023-11-21T08:19:20.189+0000] {dag.py:3444} INFO - Setting next_dagrun for example_skip_dag to 2023-11-20T08:19:20.189142+00:00, run_after=2023-11-21T08:19:20.189142+00:00
[2023-11-21T08:19:20.354+0000] {processor.py:175} INFO - Processing /home/airflow/.local/lib/python3.7/site-packages/airflow/example_dags/example_skip_dag.py took 0.389 seconds
[2023-11-21T08:19:50.713+0000] {processor.py:153} INFO - Started process (PID=107) to work on /home/airflow/.local/lib/python3.7/site-packages/airflow/example_dags/example_skip_dag.py
[2023-11-21T08:19:50.715+0000] {processor.py:743} INFO - Processing file /home/airflow/.local/lib/python3.7/site-packages/airflow/example_dags/example_skip_dag.py for tasks to queue
[2023-11-21T08:19:50.716+0000] {logging_mixin.py:137} INFO - [2023-11-21T08:19:50.715+0000] {dagbag.py:532} INFO - Filling up the DagBag from /home/airflow/.local/lib/python3.7/site-packages/airflow/example_dags/example_skip_dag.py
[2023-11-21T08:19:50.739+0000] {processor.py:753} INFO - DAG(s) dict_keys(['example_skip_dag']) retrieved from /home/airflow/.local/lib/python3.7/site-packages/airflow/example_dags/example_skip_dag.py
[2023-11-21T08:19:50.809+0000] {logging_mixin.py:137} INFO - [2023-11-21T08:19:50.809+0000] {dag.py:2693} INFO - Sync 1 DAGs
[2023-11-21T08:19:50.839+0000] {logging_mixin.py:137} INFO - [2023-11-21T08:19:50.839+0000] {dag.py:3444} INFO - Setting next_dagrun for example_skip_dag to 2023-11-20T08:19:50.838442+00:00, run_after=2023-11-21T08:19:50.838442+00:00
[2023-11-21T08:19:50.866+0000] {processor.py:175} INFO - Processing /home/airflow/.local/lib/python3.7/site-packages/airflow/example_dags/example_skip_dag.py took 0.156 seconds
[2023-11-21T08:20:21.344+0000] {processor.py:153} INFO - Started process (PID=156) to work on /home/airflow/.local/lib/python3.7/site-packages/airflow/example_dags/example_skip_dag.py
[2023-11-21T08:20:21.345+0000] {processor.py:743} INFO - Processing file /home/airflow/.local/lib/python3.7/site-packages/airflow/example_dags/example_skip_dag.py for tasks to queue
[2023-11-21T08:20:21.346+0000] {logging_mixin.py:137} INFO - [2023-11-21T08:20:21.346+0000] {dagbag.py:532} INFO - Filling up the DagBag from /home/airflow/.local/lib/python3.7/site-packages/airflow/example_dags/example_skip_dag.py
[2023-11-21T08:20:21.357+0000] {processor.py:753} INFO - DAG(s) dict_keys(['example_skip_dag']) retrieved from /home/airflow/.local/lib/python3.7/site-packages/airflow/example_dags/example_skip_dag.py
[2023-11-21T08:20:21.380+0000] {logging_mixin.py:137} INFO - [2023-11-21T08:20:21.380+0000] {dag.py:2693} INFO - Sync 1 DAGs
[2023-11-21T08:20:21.397+0000] {logging_mixin.py:137} INFO - [2023-11-21T08:20:21.397+0000] {dag.py:3444} INFO - Setting next_dagrun for example_skip_dag to 2023-11-20T08:20:21.397462+00:00, run_after=2023-11-21T08:20:21.397462+00:00
[2023-11-21T08:20:21.411+0000] {processor.py:175} INFO - Processing /home/airflow/.local/lib/python3.7/site-packages/airflow/example_dags/example_skip_dag.py took 0.070 seconds
[2023-11-21T08:20:51.626+0000] {processor.py:153} INFO - Started process (PID=206) to work on /home/airflow/.local/lib/python3.7/site-packages/airflow/example_dags/example_skip_dag.py
[2023-11-21T08:20:51.627+0000] {processor.py:743} INFO - Processing file /home/airflow/.local/lib/python3.7/site-packages/airflow/example_dags/example_skip_dag.py for tasks to queue
[2023-11-21T08:20:51.628+0000] {logging_mixin.py:137} INFO - [2023-11-21T08:20:51.628+0000] {dagbag.py:532} INFO - Filling up the DagBag from /home/airflow/.local/lib/python3.7/site-packages/airflow/example_dags/example_skip_dag.py
[2023-11-21T08:20:51.640+0000] {processor.py:753} INFO - DAG(s) dict_keys(['example_skip_dag']) retrieved from /home/airflow/.local/lib/python3.7/site-packages/airflow/example_dags/example_skip_dag.py
[2023-11-21T08:20:51.668+0000] {logging_mixin.py:137} INFO - [2023-11-21T08:20:51.667+0000] {dag.py:2693} INFO - Sync 1 DAGs
[2023-11-21T08:20:51.687+0000] {logging_mixin.py:137} INFO - [2023-11-21T08:20:51.687+0000] {dag.py:3444} INFO - Setting next_dagrun for example_skip_dag to 2023-11-20T08:20:51.687074+00:00, run_after=2023-11-21T08:20:51.687074+00:00
[2023-11-21T08:20:51.702+0000] {processor.py:175} INFO - Processing /home/airflow/.local/lib/python3.7/site-packages/airflow/example_dags/example_skip_dag.py took 0.079 seconds
