[2023-11-21T08:05:48.085+0000] {processor.py:153} INFO - Started process (PID=48) to work on /home/airflow/.local/lib/python3.7/site-packages/airflow/example_dags/tutorial_dag.py
[2023-11-21T08:05:48.087+0000] {processor.py:743} INFO - Processing file /home/airflow/.local/lib/python3.7/site-packages/airflow/example_dags/tutorial_dag.py for tasks to queue
[2023-11-21T08:05:48.088+0000] {logging_mixin.py:137} INFO - [2023-11-21T08:05:48.088+0000] {dagbag.py:532} INFO - Filling up the DagBag from /home/airflow/.local/lib/python3.7/site-packages/airflow/example_dags/tutorial_dag.py
[2023-11-21T08:05:48.116+0000] {processor.py:753} INFO - DAG(s) dict_keys(['tutorial_dag']) retrieved from /home/airflow/.local/lib/python3.7/site-packages/airflow/example_dags/tutorial_dag.py
[2023-11-21T08:05:48.138+0000] {logging_mixin.py:137} INFO - [2023-11-21T08:05:48.138+0000] {dag.py:2693} INFO - Sync 1 DAGs
[2023-11-21T08:05:48.168+0000] {logging_mixin.py:137} INFO - [2023-11-21T08:05:48.167+0000] {dag.py:3444} INFO - Setting next_dagrun for tutorial_dag to None, run_after=None
[2023-11-21T08:05:48.197+0000] {processor.py:175} INFO - Processing /home/airflow/.local/lib/python3.7/site-packages/airflow/example_dags/tutorial_dag.py took 0.116 seconds
[2023-11-21T08:06:19.056+0000] {processor.py:153} INFO - Started process (PID=97) to work on /home/airflow/.local/lib/python3.7/site-packages/airflow/example_dags/tutorial_dag.py
[2023-11-21T08:06:19.056+0000] {processor.py:743} INFO - Processing file /home/airflow/.local/lib/python3.7/site-packages/airflow/example_dags/tutorial_dag.py for tasks to queue
[2023-11-21T08:06:19.057+0000] {logging_mixin.py:137} INFO - [2023-11-21T08:06:19.057+0000] {dagbag.py:532} INFO - Filling up the DagBag from /home/airflow/.local/lib/python3.7/site-packages/airflow/example_dags/tutorial_dag.py
[2023-11-21T08:06:19.066+0000] {processor.py:753} INFO - DAG(s) dict_keys(['tutorial_dag']) retrieved from /home/airflow/.local/lib/python3.7/site-packages/airflow/example_dags/tutorial_dag.py
[2023-11-21T08:06:19.083+0000] {logging_mixin.py:137} INFO - [2023-11-21T08:06:19.083+0000] {dag.py:2693} INFO - Sync 1 DAGs
[2023-11-21T08:06:19.098+0000] {logging_mixin.py:137} INFO - [2023-11-21T08:06:19.098+0000] {dag.py:3444} INFO - Setting next_dagrun for tutorial_dag to None, run_after=None
[2023-11-21T08:06:19.108+0000] {processor.py:175} INFO - Processing /home/airflow/.local/lib/python3.7/site-packages/airflow/example_dags/tutorial_dag.py took 0.054 seconds
[2023-11-21T08:06:49.141+0000] {processor.py:153} INFO - Started process (PID=146) to work on /home/airflow/.local/lib/python3.7/site-packages/airflow/example_dags/tutorial_dag.py
[2023-11-21T08:06:49.142+0000] {processor.py:743} INFO - Processing file /home/airflow/.local/lib/python3.7/site-packages/airflow/example_dags/tutorial_dag.py for tasks to queue
[2023-11-21T08:06:49.142+0000] {logging_mixin.py:137} INFO - [2023-11-21T08:06:49.142+0000] {dagbag.py:532} INFO - Filling up the DagBag from /home/airflow/.local/lib/python3.7/site-packages/airflow/example_dags/tutorial_dag.py
[2023-11-21T08:06:49.151+0000] {processor.py:753} INFO - DAG(s) dict_keys(['tutorial_dag']) retrieved from /home/airflow/.local/lib/python3.7/site-packages/airflow/example_dags/tutorial_dag.py
[2023-11-21T08:06:49.167+0000] {logging_mixin.py:137} INFO - [2023-11-21T08:06:49.167+0000] {dag.py:2693} INFO - Sync 1 DAGs
[2023-11-21T08:06:49.181+0000] {logging_mixin.py:137} INFO - [2023-11-21T08:06:49.181+0000] {dag.py:3444} INFO - Setting next_dagrun for tutorial_dag to None, run_after=None
[2023-11-21T08:06:49.191+0000] {processor.py:175} INFO - Processing /home/airflow/.local/lib/python3.7/site-packages/airflow/example_dags/tutorial_dag.py took 0.052 seconds
[2023-11-21T08:07:19.921+0000] {processor.py:153} INFO - Started process (PID=195) to work on /home/airflow/.local/lib/python3.7/site-packages/airflow/example_dags/tutorial_dag.py
[2023-11-21T08:07:19.922+0000] {processor.py:743} INFO - Processing file /home/airflow/.local/lib/python3.7/site-packages/airflow/example_dags/tutorial_dag.py for tasks to queue
[2023-11-21T08:07:19.922+0000] {logging_mixin.py:137} INFO - [2023-11-21T08:07:19.922+0000] {dagbag.py:532} INFO - Filling up the DagBag from /home/airflow/.local/lib/python3.7/site-packages/airflow/example_dags/tutorial_dag.py
[2023-11-21T08:07:19.931+0000] {processor.py:753} INFO - DAG(s) dict_keys(['tutorial_dag']) retrieved from /home/airflow/.local/lib/python3.7/site-packages/airflow/example_dags/tutorial_dag.py
[2023-11-21T08:07:19.946+0000] {logging_mixin.py:137} INFO - [2023-11-21T08:07:19.946+0000] {dag.py:2693} INFO - Sync 1 DAGs
[2023-11-21T08:07:19.960+0000] {logging_mixin.py:137} INFO - [2023-11-21T08:07:19.960+0000] {dag.py:3444} INFO - Setting next_dagrun for tutorial_dag to None, run_after=None
[2023-11-21T08:07:19.971+0000] {processor.py:175} INFO - Processing /home/airflow/.local/lib/python3.7/site-packages/airflow/example_dags/tutorial_dag.py took 0.052 seconds
[2023-11-21T08:07:50.697+0000] {processor.py:153} INFO - Started process (PID=244) to work on /home/airflow/.local/lib/python3.7/site-packages/airflow/example_dags/tutorial_dag.py
[2023-11-21T08:07:50.698+0000] {processor.py:743} INFO - Processing file /home/airflow/.local/lib/python3.7/site-packages/airflow/example_dags/tutorial_dag.py for tasks to queue
[2023-11-21T08:07:50.699+0000] {logging_mixin.py:137} INFO - [2023-11-21T08:07:50.699+0000] {dagbag.py:532} INFO - Filling up the DagBag from /home/airflow/.local/lib/python3.7/site-packages/airflow/example_dags/tutorial_dag.py
[2023-11-21T08:07:50.707+0000] {processor.py:753} INFO - DAG(s) dict_keys(['tutorial_dag']) retrieved from /home/airflow/.local/lib/python3.7/site-packages/airflow/example_dags/tutorial_dag.py
[2023-11-21T08:07:50.723+0000] {logging_mixin.py:137} INFO - [2023-11-21T08:07:50.723+0000] {dag.py:2693} INFO - Sync 1 DAGs
[2023-11-21T08:07:50.738+0000] {logging_mixin.py:137} INFO - [2023-11-21T08:07:50.738+0000] {dag.py:3444} INFO - Setting next_dagrun for tutorial_dag to None, run_after=None
[2023-11-21T08:07:50.749+0000] {processor.py:175} INFO - Processing /home/airflow/.local/lib/python3.7/site-packages/airflow/example_dags/tutorial_dag.py took 0.054 seconds
[2023-11-21T08:08:21.531+0000] {processor.py:153} INFO - Started process (PID=293) to work on /home/airflow/.local/lib/python3.7/site-packages/airflow/example_dags/tutorial_dag.py
[2023-11-21T08:08:21.532+0000] {processor.py:743} INFO - Processing file /home/airflow/.local/lib/python3.7/site-packages/airflow/example_dags/tutorial_dag.py for tasks to queue
[2023-11-21T08:08:21.532+0000] {logging_mixin.py:137} INFO - [2023-11-21T08:08:21.532+0000] {dagbag.py:532} INFO - Filling up the DagBag from /home/airflow/.local/lib/python3.7/site-packages/airflow/example_dags/tutorial_dag.py
[2023-11-21T08:08:21.541+0000] {processor.py:753} INFO - DAG(s) dict_keys(['tutorial_dag']) retrieved from /home/airflow/.local/lib/python3.7/site-packages/airflow/example_dags/tutorial_dag.py
[2023-11-21T08:08:21.556+0000] {logging_mixin.py:137} INFO - [2023-11-21T08:08:21.556+0000] {dag.py:2693} INFO - Sync 1 DAGs
[2023-11-21T08:08:21.571+0000] {logging_mixin.py:137} INFO - [2023-11-21T08:08:21.571+0000] {dag.py:3444} INFO - Setting next_dagrun for tutorial_dag to None, run_after=None
[2023-11-21T08:08:21.582+0000] {processor.py:175} INFO - Processing /home/airflow/.local/lib/python3.7/site-packages/airflow/example_dags/tutorial_dag.py took 0.053 seconds
[2023-11-21T08:08:52.317+0000] {processor.py:153} INFO - Started process (PID=342) to work on /home/airflow/.local/lib/python3.7/site-packages/airflow/example_dags/tutorial_dag.py
[2023-11-21T08:08:52.318+0000] {processor.py:743} INFO - Processing file /home/airflow/.local/lib/python3.7/site-packages/airflow/example_dags/tutorial_dag.py for tasks to queue
[2023-11-21T08:08:52.318+0000] {logging_mixin.py:137} INFO - [2023-11-21T08:08:52.318+0000] {dagbag.py:532} INFO - Filling up the DagBag from /home/airflow/.local/lib/python3.7/site-packages/airflow/example_dags/tutorial_dag.py
[2023-11-21T08:08:52.327+0000] {processor.py:753} INFO - DAG(s) dict_keys(['tutorial_dag']) retrieved from /home/airflow/.local/lib/python3.7/site-packages/airflow/example_dags/tutorial_dag.py
[2023-11-21T08:08:52.343+0000] {logging_mixin.py:137} INFO - [2023-11-21T08:08:52.343+0000] {dag.py:2693} INFO - Sync 1 DAGs
[2023-11-21T08:08:52.358+0000] {logging_mixin.py:137} INFO - [2023-11-21T08:08:52.358+0000] {dag.py:3444} INFO - Setting next_dagrun for tutorial_dag to None, run_after=None
[2023-11-21T08:08:52.368+0000] {processor.py:175} INFO - Processing /home/airflow/.local/lib/python3.7/site-packages/airflow/example_dags/tutorial_dag.py took 0.053 seconds
[2023-11-21T08:09:23.057+0000] {processor.py:153} INFO - Started process (PID=391) to work on /home/airflow/.local/lib/python3.7/site-packages/airflow/example_dags/tutorial_dag.py
[2023-11-21T08:09:23.058+0000] {processor.py:743} INFO - Processing file /home/airflow/.local/lib/python3.7/site-packages/airflow/example_dags/tutorial_dag.py for tasks to queue
[2023-11-21T08:09:23.058+0000] {logging_mixin.py:137} INFO - [2023-11-21T08:09:23.058+0000] {dagbag.py:532} INFO - Filling up the DagBag from /home/airflow/.local/lib/python3.7/site-packages/airflow/example_dags/tutorial_dag.py
[2023-11-21T08:09:23.066+0000] {processor.py:753} INFO - DAG(s) dict_keys(['tutorial_dag']) retrieved from /home/airflow/.local/lib/python3.7/site-packages/airflow/example_dags/tutorial_dag.py
[2023-11-21T08:09:23.082+0000] {logging_mixin.py:137} INFO - [2023-11-21T08:09:23.082+0000] {dag.py:2693} INFO - Sync 1 DAGs
[2023-11-21T08:09:23.097+0000] {logging_mixin.py:137} INFO - [2023-11-21T08:09:23.097+0000] {dag.py:3444} INFO - Setting next_dagrun for tutorial_dag to None, run_after=None
[2023-11-21T08:09:23.107+0000] {processor.py:175} INFO - Processing /home/airflow/.local/lib/python3.7/site-packages/airflow/example_dags/tutorial_dag.py took 0.053 seconds
[2023-11-21T08:09:53.846+0000] {processor.py:153} INFO - Started process (PID=440) to work on /home/airflow/.local/lib/python3.7/site-packages/airflow/example_dags/tutorial_dag.py
[2023-11-21T08:09:53.847+0000] {processor.py:743} INFO - Processing file /home/airflow/.local/lib/python3.7/site-packages/airflow/example_dags/tutorial_dag.py for tasks to queue
[2023-11-21T08:09:53.847+0000] {logging_mixin.py:137} INFO - [2023-11-21T08:09:53.847+0000] {dagbag.py:532} INFO - Filling up the DagBag from /home/airflow/.local/lib/python3.7/site-packages/airflow/example_dags/tutorial_dag.py
[2023-11-21T08:09:53.855+0000] {processor.py:753} INFO - DAG(s) dict_keys(['tutorial_dag']) retrieved from /home/airflow/.local/lib/python3.7/site-packages/airflow/example_dags/tutorial_dag.py
[2023-11-21T08:09:53.871+0000] {logging_mixin.py:137} INFO - [2023-11-21T08:09:53.871+0000] {dag.py:2693} INFO - Sync 1 DAGs
[2023-11-21T08:09:53.886+0000] {logging_mixin.py:137} INFO - [2023-11-21T08:09:53.886+0000] {dag.py:3444} INFO - Setting next_dagrun for tutorial_dag to None, run_after=None
[2023-11-21T08:09:53.896+0000] {processor.py:175} INFO - Processing /home/airflow/.local/lib/python3.7/site-packages/airflow/example_dags/tutorial_dag.py took 0.052 seconds
[2023-11-21T08:10:24.666+0000] {processor.py:153} INFO - Started process (PID=489) to work on /home/airflow/.local/lib/python3.7/site-packages/airflow/example_dags/tutorial_dag.py
[2023-11-21T08:10:24.668+0000] {processor.py:743} INFO - Processing file /home/airflow/.local/lib/python3.7/site-packages/airflow/example_dags/tutorial_dag.py for tasks to queue
[2023-11-21T08:10:24.669+0000] {logging_mixin.py:137} INFO - [2023-11-21T08:10:24.669+0000] {dagbag.py:532} INFO - Filling up the DagBag from /home/airflow/.local/lib/python3.7/site-packages/airflow/example_dags/tutorial_dag.py
[2023-11-21T08:10:24.679+0000] {processor.py:753} INFO - DAG(s) dict_keys(['tutorial_dag']) retrieved from /home/airflow/.local/lib/python3.7/site-packages/airflow/example_dags/tutorial_dag.py
[2023-11-21T08:10:24.703+0000] {logging_mixin.py:137} INFO - [2023-11-21T08:10:24.703+0000] {dag.py:2693} INFO - Sync 1 DAGs
[2023-11-21T08:10:24.722+0000] {logging_mixin.py:137} INFO - [2023-11-21T08:10:24.722+0000] {dag.py:3444} INFO - Setting next_dagrun for tutorial_dag to None, run_after=None
[2023-11-21T08:10:24.737+0000] {processor.py:175} INFO - Processing /home/airflow/.local/lib/python3.7/site-packages/airflow/example_dags/tutorial_dag.py took 0.074 seconds
[2023-11-21T08:10:55.760+0000] {processor.py:153} INFO - Started process (PID=538) to work on /home/airflow/.local/lib/python3.7/site-packages/airflow/example_dags/tutorial_dag.py
[2023-11-21T08:10:55.761+0000] {processor.py:743} INFO - Processing file /home/airflow/.local/lib/python3.7/site-packages/airflow/example_dags/tutorial_dag.py for tasks to queue
[2023-11-21T08:10:55.762+0000] {logging_mixin.py:137} INFO - [2023-11-21T08:10:55.762+0000] {dagbag.py:532} INFO - Filling up the DagBag from /home/airflow/.local/lib/python3.7/site-packages/airflow/example_dags/tutorial_dag.py
[2023-11-21T08:10:55.770+0000] {processor.py:753} INFO - DAG(s) dict_keys(['tutorial_dag']) retrieved from /home/airflow/.local/lib/python3.7/site-packages/airflow/example_dags/tutorial_dag.py
[2023-11-21T08:10:55.787+0000] {logging_mixin.py:137} INFO - [2023-11-21T08:10:55.787+0000] {dag.py:2693} INFO - Sync 1 DAGs
[2023-11-21T08:10:55.802+0000] {logging_mixin.py:137} INFO - [2023-11-21T08:10:55.802+0000] {dag.py:3444} INFO - Setting next_dagrun for tutorial_dag to None, run_after=None
[2023-11-21T08:10:55.813+0000] {processor.py:175} INFO - Processing /home/airflow/.local/lib/python3.7/site-packages/airflow/example_dags/tutorial_dag.py took 0.055 seconds
[2023-11-21T08:11:25.860+0000] {processor.py:153} INFO - Started process (PID=587) to work on /home/airflow/.local/lib/python3.7/site-packages/airflow/example_dags/tutorial_dag.py
[2023-11-21T08:11:25.860+0000] {processor.py:743} INFO - Processing file /home/airflow/.local/lib/python3.7/site-packages/airflow/example_dags/tutorial_dag.py for tasks to queue
[2023-11-21T08:11:25.861+0000] {logging_mixin.py:137} INFO - [2023-11-21T08:11:25.861+0000] {dagbag.py:532} INFO - Filling up the DagBag from /home/airflow/.local/lib/python3.7/site-packages/airflow/example_dags/tutorial_dag.py
[2023-11-21T08:11:25.869+0000] {processor.py:753} INFO - DAG(s) dict_keys(['tutorial_dag']) retrieved from /home/airflow/.local/lib/python3.7/site-packages/airflow/example_dags/tutorial_dag.py
[2023-11-21T08:11:25.885+0000] {logging_mixin.py:137} INFO - [2023-11-21T08:11:25.885+0000] {dag.py:2693} INFO - Sync 1 DAGs
[2023-11-21T08:11:25.900+0000] {logging_mixin.py:137} INFO - [2023-11-21T08:11:25.900+0000] {dag.py:3444} INFO - Setting next_dagrun for tutorial_dag to None, run_after=None
[2023-11-21T08:11:25.911+0000] {processor.py:175} INFO - Processing /home/airflow/.local/lib/python3.7/site-packages/airflow/example_dags/tutorial_dag.py took 0.054 seconds
[2023-11-21T08:11:56.121+0000] {processor.py:153} INFO - Started process (PID=636) to work on /home/airflow/.local/lib/python3.7/site-packages/airflow/example_dags/tutorial_dag.py
[2023-11-21T08:11:56.121+0000] {processor.py:743} INFO - Processing file /home/airflow/.local/lib/python3.7/site-packages/airflow/example_dags/tutorial_dag.py for tasks to queue
[2023-11-21T08:11:56.122+0000] {logging_mixin.py:137} INFO - [2023-11-21T08:11:56.122+0000] {dagbag.py:532} INFO - Filling up the DagBag from /home/airflow/.local/lib/python3.7/site-packages/airflow/example_dags/tutorial_dag.py
[2023-11-21T08:11:56.130+0000] {processor.py:753} INFO - DAG(s) dict_keys(['tutorial_dag']) retrieved from /home/airflow/.local/lib/python3.7/site-packages/airflow/example_dags/tutorial_dag.py
[2023-11-21T08:11:56.146+0000] {logging_mixin.py:137} INFO - [2023-11-21T08:11:56.146+0000] {dag.py:2693} INFO - Sync 1 DAGs
[2023-11-21T08:11:56.161+0000] {logging_mixin.py:137} INFO - [2023-11-21T08:11:56.161+0000] {dag.py:3444} INFO - Setting next_dagrun for tutorial_dag to None, run_after=None
[2023-11-21T08:11:56.171+0000] {processor.py:175} INFO - Processing /home/airflow/.local/lib/python3.7/site-packages/airflow/example_dags/tutorial_dag.py took 0.052 seconds
[2023-11-21T08:12:26.315+0000] {processor.py:153} INFO - Started process (PID=685) to work on /home/airflow/.local/lib/python3.7/site-packages/airflow/example_dags/tutorial_dag.py
[2023-11-21T08:12:26.316+0000] {processor.py:743} INFO - Processing file /home/airflow/.local/lib/python3.7/site-packages/airflow/example_dags/tutorial_dag.py for tasks to queue
[2023-11-21T08:12:26.316+0000] {logging_mixin.py:137} INFO - [2023-11-21T08:12:26.316+0000] {dagbag.py:532} INFO - Filling up the DagBag from /home/airflow/.local/lib/python3.7/site-packages/airflow/example_dags/tutorial_dag.py
[2023-11-21T08:12:26.324+0000] {processor.py:753} INFO - DAG(s) dict_keys(['tutorial_dag']) retrieved from /home/airflow/.local/lib/python3.7/site-packages/airflow/example_dags/tutorial_dag.py
[2023-11-21T08:12:26.340+0000] {logging_mixin.py:137} INFO - [2023-11-21T08:12:26.340+0000] {dag.py:2693} INFO - Sync 1 DAGs
[2023-11-21T08:12:26.354+0000] {logging_mixin.py:137} INFO - [2023-11-21T08:12:26.354+0000] {dag.py:3444} INFO - Setting next_dagrun for tutorial_dag to None, run_after=None
[2023-11-21T08:12:26.365+0000] {processor.py:175} INFO - Processing /home/airflow/.local/lib/python3.7/site-packages/airflow/example_dags/tutorial_dag.py took 0.052 seconds
[2023-11-21T08:19:18.195+0000] {processor.py:153} INFO - Started process (PID=48) to work on /home/airflow/.local/lib/python3.7/site-packages/airflow/example_dags/tutorial_dag.py
[2023-11-21T08:19:18.197+0000] {processor.py:743} INFO - Processing file /home/airflow/.local/lib/python3.7/site-packages/airflow/example_dags/tutorial_dag.py for tasks to queue
[2023-11-21T08:19:18.199+0000] {logging_mixin.py:137} INFO - [2023-11-21T08:19:18.199+0000] {dagbag.py:532} INFO - Filling up the DagBag from /home/airflow/.local/lib/python3.7/site-packages/airflow/example_dags/tutorial_dag.py
[2023-11-21T08:19:18.224+0000] {processor.py:753} INFO - DAG(s) dict_keys(['tutorial_dag']) retrieved from /home/airflow/.local/lib/python3.7/site-packages/airflow/example_dags/tutorial_dag.py
[2023-11-21T08:19:18.330+0000] {logging_mixin.py:137} INFO - [2023-11-21T08:19:18.329+0000] {manager.py:504} INFO - Created Permission View: can edit on DAG:tutorial_dag
[2023-11-21T08:19:18.339+0000] {logging_mixin.py:137} INFO - [2023-11-21T08:19:18.339+0000] {manager.py:504} INFO - Created Permission View: can read on DAG:tutorial_dag
[2023-11-21T08:19:18.352+0000] {logging_mixin.py:137} INFO - [2023-11-21T08:19:18.352+0000] {manager.py:504} INFO - Created Permission View: can delete on DAG:tutorial_dag
[2023-11-21T08:19:18.354+0000] {logging_mixin.py:137} INFO - [2023-11-21T08:19:18.354+0000] {dag.py:2693} INFO - Sync 1 DAGs
[2023-11-21T08:19:18.372+0000] {logging_mixin.py:137} INFO - [2023-11-21T08:19:18.372+0000] {dag.py:2714} INFO - Creating ORM DAG for tutorial_dag
[2023-11-21T08:19:18.383+0000] {logging_mixin.py:137} INFO - [2023-11-21T08:19:18.382+0000] {dag.py:3444} INFO - Setting next_dagrun for tutorial_dag to None, run_after=None
[2023-11-21T08:19:18.414+0000] {processor.py:175} INFO - Processing /home/airflow/.local/lib/python3.7/site-packages/airflow/example_dags/tutorial_dag.py took 0.225 seconds
[2023-11-21T08:19:48.590+0000] {processor.py:153} INFO - Started process (PID=97) to work on /home/airflow/.local/lib/python3.7/site-packages/airflow/example_dags/tutorial_dag.py
[2023-11-21T08:19:48.592+0000] {processor.py:743} INFO - Processing file /home/airflow/.local/lib/python3.7/site-packages/airflow/example_dags/tutorial_dag.py for tasks to queue
[2023-11-21T08:19:48.592+0000] {logging_mixin.py:137} INFO - [2023-11-21T08:19:48.592+0000] {dagbag.py:532} INFO - Filling up the DagBag from /home/airflow/.local/lib/python3.7/site-packages/airflow/example_dags/tutorial_dag.py
[2023-11-21T08:19:48.606+0000] {processor.py:753} INFO - DAG(s) dict_keys(['tutorial_dag']) retrieved from /home/airflow/.local/lib/python3.7/site-packages/airflow/example_dags/tutorial_dag.py
[2023-11-21T08:19:48.647+0000] {logging_mixin.py:137} INFO - [2023-11-21T08:19:48.647+0000] {dag.py:2693} INFO - Sync 1 DAGs
[2023-11-21T08:19:48.689+0000] {logging_mixin.py:137} INFO - [2023-11-21T08:19:48.689+0000] {dag.py:3444} INFO - Setting next_dagrun for tutorial_dag to None, run_after=None
[2023-11-21T08:19:48.710+0000] {processor.py:175} INFO - Processing /home/airflow/.local/lib/python3.7/site-packages/airflow/example_dags/tutorial_dag.py took 0.124 seconds
[2023-11-21T08:20:18.801+0000] {processor.py:153} INFO - Started process (PID=146) to work on /home/airflow/.local/lib/python3.7/site-packages/airflow/example_dags/tutorial_dag.py
[2023-11-21T08:20:18.802+0000] {processor.py:743} INFO - Processing file /home/airflow/.local/lib/python3.7/site-packages/airflow/example_dags/tutorial_dag.py for tasks to queue
[2023-11-21T08:20:18.802+0000] {logging_mixin.py:137} INFO - [2023-11-21T08:20:18.802+0000] {dagbag.py:532} INFO - Filling up the DagBag from /home/airflow/.local/lib/python3.7/site-packages/airflow/example_dags/tutorial_dag.py
[2023-11-21T08:20:18.812+0000] {processor.py:753} INFO - DAG(s) dict_keys(['tutorial_dag']) retrieved from /home/airflow/.local/lib/python3.7/site-packages/airflow/example_dags/tutorial_dag.py
[2023-11-21T08:20:18.840+0000] {logging_mixin.py:137} INFO - [2023-11-21T08:20:18.840+0000] {dag.py:2693} INFO - Sync 1 DAGs
[2023-11-21T08:20:18.858+0000] {logging_mixin.py:137} INFO - [2023-11-21T08:20:18.858+0000] {dag.py:3444} INFO - Setting next_dagrun for tutorial_dag to None, run_after=None
[2023-11-21T08:20:18.872+0000] {processor.py:175} INFO - Processing /home/airflow/.local/lib/python3.7/site-packages/airflow/example_dags/tutorial_dag.py took 0.074 seconds
[2023-11-21T08:20:49.873+0000] {processor.py:153} INFO - Started process (PID=196) to work on /home/airflow/.local/lib/python3.7/site-packages/airflow/example_dags/tutorial_dag.py
[2023-11-21T08:20:49.874+0000] {processor.py:743} INFO - Processing file /home/airflow/.local/lib/python3.7/site-packages/airflow/example_dags/tutorial_dag.py for tasks to queue
[2023-11-21T08:20:49.875+0000] {logging_mixin.py:137} INFO - [2023-11-21T08:20:49.875+0000] {dagbag.py:532} INFO - Filling up the DagBag from /home/airflow/.local/lib/python3.7/site-packages/airflow/example_dags/tutorial_dag.py
[2023-11-21T08:20:49.889+0000] {processor.py:753} INFO - DAG(s) dict_keys(['tutorial_dag']) retrieved from /home/airflow/.local/lib/python3.7/site-packages/airflow/example_dags/tutorial_dag.py
[2023-11-21T08:20:49.912+0000] {logging_mixin.py:137} INFO - [2023-11-21T08:20:49.912+0000] {dag.py:2693} INFO - Sync 1 DAGs
[2023-11-21T08:20:49.932+0000] {logging_mixin.py:137} INFO - [2023-11-21T08:20:49.932+0000] {dag.py:3444} INFO - Setting next_dagrun for tutorial_dag to None, run_after=None
[2023-11-21T08:20:49.947+0000] {processor.py:175} INFO - Processing /home/airflow/.local/lib/python3.7/site-packages/airflow/example_dags/tutorial_dag.py took 0.077 seconds
