[2023-11-21T08:05:49.909+0000] {processor.py:153} INFO - Started process (PID=72) to work on /home/airflow/.local/lib/python3.7/site-packages/airflow/example_dags/tutorial_taskflow_api.py
[2023-11-21T08:05:49.910+0000] {processor.py:743} INFO - Processing file /home/airflow/.local/lib/python3.7/site-packages/airflow/example_dags/tutorial_taskflow_api.py for tasks to queue
[2023-11-21T08:05:49.912+0000] {logging_mixin.py:137} INFO - [2023-11-21T08:05:49.912+0000] {dagbag.py:532} INFO - Filling up the DagBag from /home/airflow/.local/lib/python3.7/site-packages/airflow/example_dags/tutorial_taskflow_api.py
[2023-11-21T08:05:49.939+0000] {processor.py:753} INFO - DAG(s) dict_keys(['tutorial_taskflow_api']) retrieved from /home/airflow/.local/lib/python3.7/site-packages/airflow/example_dags/tutorial_taskflow_api.py
[2023-11-21T08:05:49.983+0000] {logging_mixin.py:137} INFO - [2023-11-21T08:05:49.982+0000] {dag.py:2693} INFO - Sync 1 DAGs
[2023-11-21T08:05:50.023+0000] {logging_mixin.py:137} INFO - [2023-11-21T08:05:50.023+0000] {dag.py:3444} INFO - Setting next_dagrun for tutorial_taskflow_api to None, run_after=None
[2023-11-21T08:05:50.049+0000] {processor.py:175} INFO - Processing /home/airflow/.local/lib/python3.7/site-packages/airflow/example_dags/tutorial_taskflow_api.py took 0.151 seconds
[2023-11-21T08:06:20.208+0000] {processor.py:153} INFO - Started process (PID=121) to work on /home/airflow/.local/lib/python3.7/site-packages/airflow/example_dags/tutorial_taskflow_api.py
[2023-11-21T08:06:20.209+0000] {processor.py:743} INFO - Processing file /home/airflow/.local/lib/python3.7/site-packages/airflow/example_dags/tutorial_taskflow_api.py for tasks to queue
[2023-11-21T08:06:20.210+0000] {logging_mixin.py:137} INFO - [2023-11-21T08:06:20.210+0000] {dagbag.py:532} INFO - Filling up the DagBag from /home/airflow/.local/lib/python3.7/site-packages/airflow/example_dags/tutorial_taskflow_api.py
[2023-11-21T08:06:20.224+0000] {processor.py:753} INFO - DAG(s) dict_keys(['tutorial_taskflow_api']) retrieved from /home/airflow/.local/lib/python3.7/site-packages/airflow/example_dags/tutorial_taskflow_api.py
[2023-11-21T08:06:20.242+0000] {logging_mixin.py:137} INFO - [2023-11-21T08:06:20.242+0000] {dag.py:2693} INFO - Sync 1 DAGs
[2023-11-21T08:06:20.259+0000] {logging_mixin.py:137} INFO - [2023-11-21T08:06:20.259+0000] {dag.py:3444} INFO - Setting next_dagrun for tutorial_taskflow_api to None, run_after=None
[2023-11-21T08:06:20.273+0000] {processor.py:175} INFO - Processing /home/airflow/.local/lib/python3.7/site-packages/airflow/example_dags/tutorial_taskflow_api.py took 0.068 seconds
[2023-11-21T08:06:51.061+0000] {processor.py:153} INFO - Started process (PID=170) to work on /home/airflow/.local/lib/python3.7/site-packages/airflow/example_dags/tutorial_taskflow_api.py
[2023-11-21T08:06:51.062+0000] {processor.py:743} INFO - Processing file /home/airflow/.local/lib/python3.7/site-packages/airflow/example_dags/tutorial_taskflow_api.py for tasks to queue
[2023-11-21T08:06:51.062+0000] {logging_mixin.py:137} INFO - [2023-11-21T08:06:51.062+0000] {dagbag.py:532} INFO - Filling up the DagBag from /home/airflow/.local/lib/python3.7/site-packages/airflow/example_dags/tutorial_taskflow_api.py
[2023-11-21T08:06:51.075+0000] {processor.py:753} INFO - DAG(s) dict_keys(['tutorial_taskflow_api']) retrieved from /home/airflow/.local/lib/python3.7/site-packages/airflow/example_dags/tutorial_taskflow_api.py
[2023-11-21T08:06:51.092+0000] {logging_mixin.py:137} INFO - [2023-11-21T08:06:51.092+0000] {dag.py:2693} INFO - Sync 1 DAGs
[2023-11-21T08:06:51.107+0000] {logging_mixin.py:137} INFO - [2023-11-21T08:06:51.107+0000] {dag.py:3444} INFO - Setting next_dagrun for tutorial_taskflow_api to None, run_after=None
[2023-11-21T08:06:51.118+0000] {processor.py:175} INFO - Processing /home/airflow/.local/lib/python3.7/site-packages/airflow/example_dags/tutorial_taskflow_api.py took 0.059 seconds
[2023-11-21T08:07:21.828+0000] {processor.py:153} INFO - Started process (PID=219) to work on /home/airflow/.local/lib/python3.7/site-packages/airflow/example_dags/tutorial_taskflow_api.py
[2023-11-21T08:07:21.829+0000] {processor.py:743} INFO - Processing file /home/airflow/.local/lib/python3.7/site-packages/airflow/example_dags/tutorial_taskflow_api.py for tasks to queue
[2023-11-21T08:07:21.829+0000] {logging_mixin.py:137} INFO - [2023-11-21T08:07:21.829+0000] {dagbag.py:532} INFO - Filling up the DagBag from /home/airflow/.local/lib/python3.7/site-packages/airflow/example_dags/tutorial_taskflow_api.py
[2023-11-21T08:07:21.842+0000] {processor.py:753} INFO - DAG(s) dict_keys(['tutorial_taskflow_api']) retrieved from /home/airflow/.local/lib/python3.7/site-packages/airflow/example_dags/tutorial_taskflow_api.py
[2023-11-21T08:07:21.858+0000] {logging_mixin.py:137} INFO - [2023-11-21T08:07:21.858+0000] {dag.py:2693} INFO - Sync 1 DAGs
[2023-11-21T08:07:21.873+0000] {logging_mixin.py:137} INFO - [2023-11-21T08:07:21.873+0000] {dag.py:3444} INFO - Setting next_dagrun for tutorial_taskflow_api to None, run_after=None
[2023-11-21T08:07:21.884+0000] {processor.py:175} INFO - Processing /home/airflow/.local/lib/python3.7/site-packages/airflow/example_dags/tutorial_taskflow_api.py took 0.058 seconds
[2023-11-21T08:07:52.651+0000] {processor.py:153} INFO - Started process (PID=268) to work on /home/airflow/.local/lib/python3.7/site-packages/airflow/example_dags/tutorial_taskflow_api.py
[2023-11-21T08:07:52.652+0000] {processor.py:743} INFO - Processing file /home/airflow/.local/lib/python3.7/site-packages/airflow/example_dags/tutorial_taskflow_api.py for tasks to queue
[2023-11-21T08:07:52.653+0000] {logging_mixin.py:137} INFO - [2023-11-21T08:07:52.652+0000] {dagbag.py:532} INFO - Filling up the DagBag from /home/airflow/.local/lib/python3.7/site-packages/airflow/example_dags/tutorial_taskflow_api.py
[2023-11-21T08:07:52.666+0000] {processor.py:753} INFO - DAG(s) dict_keys(['tutorial_taskflow_api']) retrieved from /home/airflow/.local/lib/python3.7/site-packages/airflow/example_dags/tutorial_taskflow_api.py
[2023-11-21T08:07:52.681+0000] {logging_mixin.py:137} INFO - [2023-11-21T08:07:52.681+0000] {dag.py:2693} INFO - Sync 1 DAGs
[2023-11-21T08:07:52.696+0000] {logging_mixin.py:137} INFO - [2023-11-21T08:07:52.696+0000] {dag.py:3444} INFO - Setting next_dagrun for tutorial_taskflow_api to None, run_after=None
[2023-11-21T08:07:52.706+0000] {processor.py:175} INFO - Processing /home/airflow/.local/lib/python3.7/site-packages/airflow/example_dags/tutorial_taskflow_api.py took 0.057 seconds
[2023-11-21T08:08:23.443+0000] {processor.py:153} INFO - Started process (PID=317) to work on /home/airflow/.local/lib/python3.7/site-packages/airflow/example_dags/tutorial_taskflow_api.py
[2023-11-21T08:08:23.443+0000] {processor.py:743} INFO - Processing file /home/airflow/.local/lib/python3.7/site-packages/airflow/example_dags/tutorial_taskflow_api.py for tasks to queue
[2023-11-21T08:08:23.444+0000] {logging_mixin.py:137} INFO - [2023-11-21T08:08:23.444+0000] {dagbag.py:532} INFO - Filling up the DagBag from /home/airflow/.local/lib/python3.7/site-packages/airflow/example_dags/tutorial_taskflow_api.py
[2023-11-21T08:08:23.457+0000] {processor.py:753} INFO - DAG(s) dict_keys(['tutorial_taskflow_api']) retrieved from /home/airflow/.local/lib/python3.7/site-packages/airflow/example_dags/tutorial_taskflow_api.py
[2023-11-21T08:08:23.474+0000] {logging_mixin.py:137} INFO - [2023-11-21T08:08:23.474+0000] {dag.py:2693} INFO - Sync 1 DAGs
[2023-11-21T08:08:23.489+0000] {logging_mixin.py:137} INFO - [2023-11-21T08:08:23.489+0000] {dag.py:3444} INFO - Setting next_dagrun for tutorial_taskflow_api to None, run_after=None
[2023-11-21T08:08:23.499+0000] {processor.py:175} INFO - Processing /home/airflow/.local/lib/python3.7/site-packages/airflow/example_dags/tutorial_taskflow_api.py took 0.058 seconds
[2023-11-21T08:08:54.228+0000] {processor.py:153} INFO - Started process (PID=366) to work on /home/airflow/.local/lib/python3.7/site-packages/airflow/example_dags/tutorial_taskflow_api.py
[2023-11-21T08:08:54.229+0000] {processor.py:743} INFO - Processing file /home/airflow/.local/lib/python3.7/site-packages/airflow/example_dags/tutorial_taskflow_api.py for tasks to queue
[2023-11-21T08:08:54.229+0000] {logging_mixin.py:137} INFO - [2023-11-21T08:08:54.229+0000] {dagbag.py:532} INFO - Filling up the DagBag from /home/airflow/.local/lib/python3.7/site-packages/airflow/example_dags/tutorial_taskflow_api.py
[2023-11-21T08:08:54.244+0000] {processor.py:753} INFO - DAG(s) dict_keys(['tutorial_taskflow_api']) retrieved from /home/airflow/.local/lib/python3.7/site-packages/airflow/example_dags/tutorial_taskflow_api.py
[2023-11-21T08:08:54.260+0000] {logging_mixin.py:137} INFO - [2023-11-21T08:08:54.260+0000] {dag.py:2693} INFO - Sync 1 DAGs
[2023-11-21T08:08:54.274+0000] {logging_mixin.py:137} INFO - [2023-11-21T08:08:54.274+0000] {dag.py:3444} INFO - Setting next_dagrun for tutorial_taskflow_api to None, run_after=None
[2023-11-21T08:08:54.285+0000] {processor.py:175} INFO - Processing /home/airflow/.local/lib/python3.7/site-packages/airflow/example_dags/tutorial_taskflow_api.py took 0.059 seconds
[2023-11-21T08:09:24.970+0000] {processor.py:153} INFO - Started process (PID=415) to work on /home/airflow/.local/lib/python3.7/site-packages/airflow/example_dags/tutorial_taskflow_api.py
[2023-11-21T08:09:24.971+0000] {processor.py:743} INFO - Processing file /home/airflow/.local/lib/python3.7/site-packages/airflow/example_dags/tutorial_taskflow_api.py for tasks to queue
[2023-11-21T08:09:24.972+0000] {logging_mixin.py:137} INFO - [2023-11-21T08:09:24.971+0000] {dagbag.py:532} INFO - Filling up the DagBag from /home/airflow/.local/lib/python3.7/site-packages/airflow/example_dags/tutorial_taskflow_api.py
[2023-11-21T08:09:24.985+0000] {processor.py:753} INFO - DAG(s) dict_keys(['tutorial_taskflow_api']) retrieved from /home/airflow/.local/lib/python3.7/site-packages/airflow/example_dags/tutorial_taskflow_api.py
[2023-11-21T08:09:25.001+0000] {logging_mixin.py:137} INFO - [2023-11-21T08:09:25.000+0000] {dag.py:2693} INFO - Sync 1 DAGs
[2023-11-21T08:09:25.016+0000] {logging_mixin.py:137} INFO - [2023-11-21T08:09:25.016+0000] {dag.py:3444} INFO - Setting next_dagrun for tutorial_taskflow_api to None, run_after=None
[2023-11-21T08:09:25.026+0000] {processor.py:175} INFO - Processing /home/airflow/.local/lib/python3.7/site-packages/airflow/example_dags/tutorial_taskflow_api.py took 0.058 seconds
[2023-11-21T08:09:55.766+0000] {processor.py:153} INFO - Started process (PID=464) to work on /home/airflow/.local/lib/python3.7/site-packages/airflow/example_dags/tutorial_taskflow_api.py
[2023-11-21T08:09:55.767+0000] {processor.py:743} INFO - Processing file /home/airflow/.local/lib/python3.7/site-packages/airflow/example_dags/tutorial_taskflow_api.py for tasks to queue
[2023-11-21T08:09:55.768+0000] {logging_mixin.py:137} INFO - [2023-11-21T08:09:55.767+0000] {dagbag.py:532} INFO - Filling up the DagBag from /home/airflow/.local/lib/python3.7/site-packages/airflow/example_dags/tutorial_taskflow_api.py
[2023-11-21T08:09:55.780+0000] {processor.py:753} INFO - DAG(s) dict_keys(['tutorial_taskflow_api']) retrieved from /home/airflow/.local/lib/python3.7/site-packages/airflow/example_dags/tutorial_taskflow_api.py
[2023-11-21T08:09:55.796+0000] {logging_mixin.py:137} INFO - [2023-11-21T08:09:55.796+0000] {dag.py:2693} INFO - Sync 1 DAGs
[2023-11-21T08:09:55.811+0000] {logging_mixin.py:137} INFO - [2023-11-21T08:09:55.811+0000] {dag.py:3444} INFO - Setting next_dagrun for tutorial_taskflow_api to None, run_after=None
[2023-11-21T08:09:55.822+0000] {processor.py:175} INFO - Processing /home/airflow/.local/lib/python3.7/site-packages/airflow/example_dags/tutorial_taskflow_api.py took 0.058 seconds
[2023-11-21T08:10:26.769+0000] {processor.py:153} INFO - Started process (PID=513) to work on /home/airflow/.local/lib/python3.7/site-packages/airflow/example_dags/tutorial_taskflow_api.py
[2023-11-21T08:10:26.770+0000] {processor.py:743} INFO - Processing file /home/airflow/.local/lib/python3.7/site-packages/airflow/example_dags/tutorial_taskflow_api.py for tasks to queue
[2023-11-21T08:10:26.770+0000] {logging_mixin.py:137} INFO - [2023-11-21T08:10:26.770+0000] {dagbag.py:532} INFO - Filling up the DagBag from /home/airflow/.local/lib/python3.7/site-packages/airflow/example_dags/tutorial_taskflow_api.py
[2023-11-21T08:10:26.790+0000] {processor.py:753} INFO - DAG(s) dict_keys(['tutorial_taskflow_api']) retrieved from /home/airflow/.local/lib/python3.7/site-packages/airflow/example_dags/tutorial_taskflow_api.py
[2023-11-21T08:10:26.815+0000] {logging_mixin.py:137} INFO - [2023-11-21T08:10:26.814+0000] {dag.py:2693} INFO - Sync 1 DAGs
[2023-11-21T08:10:26.837+0000] {logging_mixin.py:137} INFO - [2023-11-21T08:10:26.837+0000] {dag.py:3444} INFO - Setting next_dagrun for tutorial_taskflow_api to None, run_after=None
[2023-11-21T08:10:26.853+0000] {processor.py:175} INFO - Processing /home/airflow/.local/lib/python3.7/site-packages/airflow/example_dags/tutorial_taskflow_api.py took 0.089 seconds
[2023-11-21T08:10:56.951+0000] {processor.py:153} INFO - Started process (PID=562) to work on /home/airflow/.local/lib/python3.7/site-packages/airflow/example_dags/tutorial_taskflow_api.py
[2023-11-21T08:10:56.952+0000] {processor.py:743} INFO - Processing file /home/airflow/.local/lib/python3.7/site-packages/airflow/example_dags/tutorial_taskflow_api.py for tasks to queue
[2023-11-21T08:10:56.952+0000] {logging_mixin.py:137} INFO - [2023-11-21T08:10:56.952+0000] {dagbag.py:532} INFO - Filling up the DagBag from /home/airflow/.local/lib/python3.7/site-packages/airflow/example_dags/tutorial_taskflow_api.py
[2023-11-21T08:10:56.967+0000] {processor.py:753} INFO - DAG(s) dict_keys(['tutorial_taskflow_api']) retrieved from /home/airflow/.local/lib/python3.7/site-packages/airflow/example_dags/tutorial_taskflow_api.py
[2023-11-21T08:10:56.983+0000] {logging_mixin.py:137} INFO - [2023-11-21T08:10:56.983+0000] {dag.py:2693} INFO - Sync 1 DAGs
[2023-11-21T08:10:56.997+0000] {logging_mixin.py:137} INFO - [2023-11-21T08:10:56.997+0000] {dag.py:3444} INFO - Setting next_dagrun for tutorial_taskflow_api to None, run_after=None
[2023-11-21T08:10:57.008+0000] {processor.py:175} INFO - Processing /home/airflow/.local/lib/python3.7/site-packages/airflow/example_dags/tutorial_taskflow_api.py took 0.059 seconds
[2023-11-21T08:11:27.109+0000] {processor.py:153} INFO - Started process (PID=611) to work on /home/airflow/.local/lib/python3.7/site-packages/airflow/example_dags/tutorial_taskflow_api.py
[2023-11-21T08:11:27.110+0000] {processor.py:743} INFO - Processing file /home/airflow/.local/lib/python3.7/site-packages/airflow/example_dags/tutorial_taskflow_api.py for tasks to queue
[2023-11-21T08:11:27.111+0000] {logging_mixin.py:137} INFO - [2023-11-21T08:11:27.111+0000] {dagbag.py:532} INFO - Filling up the DagBag from /home/airflow/.local/lib/python3.7/site-packages/airflow/example_dags/tutorial_taskflow_api.py
[2023-11-21T08:11:27.127+0000] {processor.py:753} INFO - DAG(s) dict_keys(['tutorial_taskflow_api']) retrieved from /home/airflow/.local/lib/python3.7/site-packages/airflow/example_dags/tutorial_taskflow_api.py
[2023-11-21T08:11:27.143+0000] {logging_mixin.py:137} INFO - [2023-11-21T08:11:27.143+0000] {dag.py:2693} INFO - Sync 1 DAGs
[2023-11-21T08:11:27.160+0000] {logging_mixin.py:137} INFO - [2023-11-21T08:11:27.159+0000] {dag.py:3444} INFO - Setting next_dagrun for tutorial_taskflow_api to None, run_after=None
[2023-11-21T08:11:27.170+0000] {processor.py:175} INFO - Processing /home/airflow/.local/lib/python3.7/site-packages/airflow/example_dags/tutorial_taskflow_api.py took 0.065 seconds
[2023-11-21T08:11:57.252+0000] {processor.py:153} INFO - Started process (PID=660) to work on /home/airflow/.local/lib/python3.7/site-packages/airflow/example_dags/tutorial_taskflow_api.py
[2023-11-21T08:11:57.252+0000] {processor.py:743} INFO - Processing file /home/airflow/.local/lib/python3.7/site-packages/airflow/example_dags/tutorial_taskflow_api.py for tasks to queue
[2023-11-21T08:11:57.253+0000] {logging_mixin.py:137} INFO - [2023-11-21T08:11:57.253+0000] {dagbag.py:532} INFO - Filling up the DagBag from /home/airflow/.local/lib/python3.7/site-packages/airflow/example_dags/tutorial_taskflow_api.py
[2023-11-21T08:11:57.268+0000] {processor.py:753} INFO - DAG(s) dict_keys(['tutorial_taskflow_api']) retrieved from /home/airflow/.local/lib/python3.7/site-packages/airflow/example_dags/tutorial_taskflow_api.py
[2023-11-21T08:11:57.288+0000] {logging_mixin.py:137} INFO - [2023-11-21T08:11:57.288+0000] {dag.py:2693} INFO - Sync 1 DAGs
[2023-11-21T08:11:57.307+0000] {logging_mixin.py:137} INFO - [2023-11-21T08:11:57.307+0000] {dag.py:3444} INFO - Setting next_dagrun for tutorial_taskflow_api to None, run_after=None
[2023-11-21T08:11:57.319+0000] {processor.py:175} INFO - Processing /home/airflow/.local/lib/python3.7/site-packages/airflow/example_dags/tutorial_taskflow_api.py took 0.070 seconds
[2023-11-21T08:12:28.297+0000] {processor.py:153} INFO - Started process (PID=709) to work on /home/airflow/.local/lib/python3.7/site-packages/airflow/example_dags/tutorial_taskflow_api.py
[2023-11-21T08:12:28.298+0000] {processor.py:743} INFO - Processing file /home/airflow/.local/lib/python3.7/site-packages/airflow/example_dags/tutorial_taskflow_api.py for tasks to queue
[2023-11-21T08:12:28.298+0000] {logging_mixin.py:137} INFO - [2023-11-21T08:12:28.298+0000] {dagbag.py:532} INFO - Filling up the DagBag from /home/airflow/.local/lib/python3.7/site-packages/airflow/example_dags/tutorial_taskflow_api.py
[2023-11-21T08:12:28.312+0000] {processor.py:753} INFO - DAG(s) dict_keys(['tutorial_taskflow_api']) retrieved from /home/airflow/.local/lib/python3.7/site-packages/airflow/example_dags/tutorial_taskflow_api.py
[2023-11-21T08:12:28.332+0000] {logging_mixin.py:137} INFO - [2023-11-21T08:12:28.331+0000] {dag.py:2693} INFO - Sync 1 DAGs
[2023-11-21T08:12:28.346+0000] {logging_mixin.py:137} INFO - [2023-11-21T08:12:28.346+0000] {dag.py:3444} INFO - Setting next_dagrun for tutorial_taskflow_api to None, run_after=None
[2023-11-21T08:12:28.357+0000] {processor.py:175} INFO - Processing /home/airflow/.local/lib/python3.7/site-packages/airflow/example_dags/tutorial_taskflow_api.py took 0.062 seconds
[2023-11-21T08:19:22.892+0000] {processor.py:153} INFO - Started process (PID=72) to work on /home/airflow/.local/lib/python3.7/site-packages/airflow/example_dags/tutorial_taskflow_api.py
[2023-11-21T08:19:22.894+0000] {processor.py:743} INFO - Processing file /home/airflow/.local/lib/python3.7/site-packages/airflow/example_dags/tutorial_taskflow_api.py for tasks to queue
[2023-11-21T08:19:22.894+0000] {logging_mixin.py:137} INFO - [2023-11-21T08:19:22.894+0000] {dagbag.py:532} INFO - Filling up the DagBag from /home/airflow/.local/lib/python3.7/site-packages/airflow/example_dags/tutorial_taskflow_api.py
[2023-11-21T08:19:22.912+0000] {processor.py:753} INFO - DAG(s) dict_keys(['tutorial_taskflow_api']) retrieved from /home/airflow/.local/lib/python3.7/site-packages/airflow/example_dags/tutorial_taskflow_api.py
[2023-11-21T08:19:23.011+0000] {logging_mixin.py:137} INFO - [2023-11-21T08:19:23.011+0000] {manager.py:504} INFO - Created Permission View: can edit on DAG:tutorial_taskflow_api
[2023-11-21T08:19:23.020+0000] {logging_mixin.py:137} INFO - [2023-11-21T08:19:23.020+0000] {manager.py:504} INFO - Created Permission View: can read on DAG:tutorial_taskflow_api
[2023-11-21T08:19:23.027+0000] {logging_mixin.py:137} INFO - [2023-11-21T08:19:23.027+0000] {manager.py:504} INFO - Created Permission View: can delete on DAG:tutorial_taskflow_api
[2023-11-21T08:19:23.028+0000] {logging_mixin.py:137} INFO - [2023-11-21T08:19:23.028+0000] {dag.py:2693} INFO - Sync 1 DAGs
[2023-11-21T08:19:23.040+0000] {logging_mixin.py:137} INFO - [2023-11-21T08:19:23.040+0000] {dag.py:2714} INFO - Creating ORM DAG for tutorial_taskflow_api
[2023-11-21T08:19:23.049+0000] {logging_mixin.py:137} INFO - [2023-11-21T08:19:23.049+0000] {dag.py:3444} INFO - Setting next_dagrun for tutorial_taskflow_api to None, run_after=None
[2023-11-21T08:19:23.069+0000] {processor.py:175} INFO - Processing /home/airflow/.local/lib/python3.7/site-packages/airflow/example_dags/tutorial_taskflow_api.py took 0.179 seconds
[2023-11-21T08:19:53.438+0000] {processor.py:153} INFO - Started process (PID=121) to work on /home/airflow/.local/lib/python3.7/site-packages/airflow/example_dags/tutorial_taskflow_api.py
[2023-11-21T08:19:53.439+0000] {processor.py:743} INFO - Processing file /home/airflow/.local/lib/python3.7/site-packages/airflow/example_dags/tutorial_taskflow_api.py for tasks to queue
[2023-11-21T08:19:53.439+0000] {logging_mixin.py:137} INFO - [2023-11-21T08:19:53.439+0000] {dagbag.py:532} INFO - Filling up the DagBag from /home/airflow/.local/lib/python3.7/site-packages/airflow/example_dags/tutorial_taskflow_api.py
[2023-11-21T08:19:53.455+0000] {processor.py:753} INFO - DAG(s) dict_keys(['tutorial_taskflow_api']) retrieved from /home/airflow/.local/lib/python3.7/site-packages/airflow/example_dags/tutorial_taskflow_api.py
[2023-11-21T08:19:53.480+0000] {logging_mixin.py:137} INFO - [2023-11-21T08:19:53.480+0000] {dag.py:2693} INFO - Sync 1 DAGs
[2023-11-21T08:19:53.516+0000] {logging_mixin.py:137} INFO - [2023-11-21T08:19:53.515+0000] {dag.py:3444} INFO - Setting next_dagrun for tutorial_taskflow_api to None, run_after=None
[2023-11-21T08:19:53.540+0000] {processor.py:175} INFO - Processing /home/airflow/.local/lib/python3.7/site-packages/airflow/example_dags/tutorial_taskflow_api.py took 0.107 seconds
[2023-11-21T08:20:24.239+0000] {processor.py:153} INFO - Started process (PID=170) to work on /home/airflow/.local/lib/python3.7/site-packages/airflow/example_dags/tutorial_taskflow_api.py
[2023-11-21T08:20:24.240+0000] {processor.py:743} INFO - Processing file /home/airflow/.local/lib/python3.7/site-packages/airflow/example_dags/tutorial_taskflow_api.py for tasks to queue
[2023-11-21T08:20:24.241+0000] {logging_mixin.py:137} INFO - [2023-11-21T08:20:24.240+0000] {dagbag.py:532} INFO - Filling up the DagBag from /home/airflow/.local/lib/python3.7/site-packages/airflow/example_dags/tutorial_taskflow_api.py
[2023-11-21T08:20:24.255+0000] {processor.py:753} INFO - DAG(s) dict_keys(['tutorial_taskflow_api']) retrieved from /home/airflow/.local/lib/python3.7/site-packages/airflow/example_dags/tutorial_taskflow_api.py
[2023-11-21T08:20:24.273+0000] {logging_mixin.py:137} INFO - [2023-11-21T08:20:24.273+0000] {dag.py:2693} INFO - Sync 1 DAGs
[2023-11-21T08:20:24.309+0000] {logging_mixin.py:137} INFO - [2023-11-21T08:20:24.309+0000] {dag.py:3444} INFO - Setting next_dagrun for tutorial_taskflow_api to None, run_after=None
[2023-11-21T08:20:24.333+0000] {processor.py:175} INFO - Processing /home/airflow/.local/lib/python3.7/site-packages/airflow/example_dags/tutorial_taskflow_api.py took 0.097 seconds
[2023-11-21T08:20:55.201+0000] {processor.py:153} INFO - Started process (PID=220) to work on /home/airflow/.local/lib/python3.7/site-packages/airflow/example_dags/tutorial_taskflow_api.py
[2023-11-21T08:20:55.202+0000] {processor.py:743} INFO - Processing file /home/airflow/.local/lib/python3.7/site-packages/airflow/example_dags/tutorial_taskflow_api.py for tasks to queue
[2023-11-21T08:20:55.205+0000] {logging_mixin.py:137} INFO - [2023-11-21T08:20:55.204+0000] {dagbag.py:532} INFO - Filling up the DagBag from /home/airflow/.local/lib/python3.7/site-packages/airflow/example_dags/tutorial_taskflow_api.py
[2023-11-21T08:20:55.305+0000] {processor.py:753} INFO - DAG(s) dict_keys(['tutorial_taskflow_api']) retrieved from /home/airflow/.local/lib/python3.7/site-packages/airflow/example_dags/tutorial_taskflow_api.py
[2023-11-21T08:20:55.348+0000] {logging_mixin.py:137} INFO - [2023-11-21T08:20:55.348+0000] {dag.py:2693} INFO - Sync 1 DAGs
[2023-11-21T08:20:55.396+0000] {logging_mixin.py:137} INFO - [2023-11-21T08:20:55.396+0000] {dag.py:3444} INFO - Setting next_dagrun for tutorial_taskflow_api to None, run_after=None
[2023-11-21T08:20:55.424+0000] {processor.py:175} INFO - Processing /home/airflow/.local/lib/python3.7/site-packages/airflow/example_dags/tutorial_taskflow_api.py took 0.227 seconds
